mode: set
github.com/rcarmo/rdp-html5/internal/transport/udp/connection.go:39.32,40.11 1 1
github.com/rcarmo/rdp-html5/internal/transport/udp/connection.go:41.19,42.18 1 1
github.com/rcarmo/rdp-html5/internal/transport/udp/connection.go:43.19,44.18 1 1
github.com/rcarmo/rdp-html5/internal/transport/udp/connection.go:45.20,46.20 1 1
github.com/rcarmo/rdp-html5/internal/transport/udp/connection.go:47.24,48.24 1 1
github.com/rcarmo/rdp-html5/internal/transport/udp/connection.go:49.24,50.23 1 1
github.com/rcarmo/rdp-html5/internal/transport/udp/connection.go:51.10,52.39 1 1
github.com/rcarmo/rdp-html5/internal/transport/udp/connection.go:150.30,157.2 1 1
github.com/rcarmo/rdp-html5/internal/transport/udp/connection.go:243.57,244.19 1 1
github.com/rcarmo/rdp-html5/internal/transport/udp/connection.go:244.19,246.3 1 1
github.com/rcarmo/rdp-html5/internal/transport/udp/connection.go:249.2,249.48 1 1
github.com/rcarmo/rdp-html5/internal/transport/udp/connection.go:249.48,251.3 1 1
github.com/rcarmo/rdp-html5/internal/transport/udp/connection.go:253.2,269.15 4 1
github.com/rcarmo/rdp-html5/internal/transport/udp/connection.go:275.45,278.16 3 1
github.com/rcarmo/rdp-html5/internal/transport/udp/connection.go:278.16,281.3 1 0
github.com/rcarmo/rdp-html5/internal/transport/udp/connection.go:282.2,282.27 1 1
github.com/rcarmo/rdp-html5/internal/transport/udp/connection.go:286.36,290.2 3 1
github.com/rcarmo/rdp-html5/internal/transport/udp/connection.go:293.46,297.2 3 1
github.com/rcarmo/rdp-html5/internal/transport/udp/connection.go:301.57,303.28 2 1
github.com/rcarmo/rdp-html5/internal/transport/udp/connection.go:303.28,306.3 2 1
github.com/rcarmo/rdp-html5/internal/transport/udp/connection.go:308.2,308.32 1 1
github.com/rcarmo/rdp-html5/internal/transport/udp/connection.go:308.32,311.3 2 1
github.com/rcarmo/rdp-html5/internal/transport/udp/connection.go:314.2,316.16 3 0
github.com/rcarmo/rdp-html5/internal/transport/udp/connection.go:316.16,319.3 2 0
github.com/rcarmo/rdp-html5/internal/transport/udp/connection.go:321.2,328.39 4 0
github.com/rcarmo/rdp-html5/internal/transport/udp/connection.go:328.39,331.3 2 0
github.com/rcarmo/rdp-html5/internal/transport/udp/connection.go:334.2,334.9 1 0
github.com/rcarmo/rdp-html5/internal/transport/udp/connection.go:335.23,336.13 1 0
github.com/rcarmo/rdp-html5/internal/transport/udp/connection.go:337.20,339.20 2 0
github.com/rcarmo/rdp-html5/internal/transport/udp/connection.go:340.21,341.19 1 0
github.com/rcarmo/rdp-html5/internal/transport/udp/connection.go:347.57,353.43 3 0
github.com/rcarmo/rdp-html5/internal/transport/udp/connection.go:353.43,355.30 2 0
github.com/rcarmo/rdp-html5/internal/transport/udp/connection.go:355.30,358.4 2 0
github.com/rcarmo/rdp-html5/internal/transport/udp/connection.go:359.3,362.49 2 0
github.com/rcarmo/rdp-html5/internal/transport/udp/connection.go:362.49,364.4 1 0
github.com/rcarmo/rdp-html5/internal/transport/udp/connection.go:366.3,374.10 7 0
github.com/rcarmo/rdp-html5/internal/transport/udp/connection.go:375.24,377.14 2 0
github.com/rcarmo/rdp-html5/internal/transport/udp/connection.go:378.18,380.12 1 0
github.com/rcarmo/rdp-html5/internal/transport/udp/connection.go:381.21,383.21 2 0
github.com/rcarmo/rdp-html5/internal/transport/udp/connection.go:384.22,386.20 2 0
github.com/rcarmo/rdp-html5/internal/transport/udp/connection.go:390.2,390.28 1 0
github.com/rcarmo/rdp-html5/internal/transport/udp/connection.go:395.59,402.41 6 1
github.com/rcarmo/rdp-html5/internal/transport/udp/connection.go:402.41,404.3 1 1
github.com/rcarmo/rdp-html5/internal/transport/udp/connection.go:404.8,406.3 1 1
github.com/rcarmo/rdp-html5/internal/transport/udp/connection.go:409.2,410.29 2 1
github.com/rcarmo/rdp-html5/internal/transport/udp/connection.go:410.29,412.3 1 1
github.com/rcarmo/rdp-html5/internal/transport/udp/connection.go:413.2,413.19 1 0
github.com/rcarmo/rdp-html5/internal/transport/udp/connection.go:417.55,426.24 2 1
github.com/rcarmo/rdp-html5/internal/transport/udp/connection.go:426.24,428.3 1 1
github.com/rcarmo/rdp-html5/internal/transport/udp/connection.go:431.2,431.58 1 1
github.com/rcarmo/rdp-html5/internal/transport/udp/connection.go:431.58,439.59 3 1
github.com/rcarmo/rdp-html5/internal/transport/udp/connection.go:439.59,441.4 1 0
github.com/rcarmo/rdp-html5/internal/transport/udp/connection.go:444.2,444.15 1 1
github.com/rcarmo/rdp-html5/internal/transport/udp/connection.go:448.56,450.49 2 1
github.com/rcarmo/rdp-html5/internal/transport/udp/connection.go:450.49,453.3 1 0
github.com/rcarmo/rdp-html5/internal/transport/udp/connection.go:455.2,465.17 7 1
github.com/rcarmo/rdp-html5/internal/transport/udp/connection.go:466.20,467.31 1 0
github.com/rcarmo/rdp-html5/internal/transport/udp/connection.go:468.24,469.35 1 1
github.com/rcarmo/rdp-html5/internal/transport/udp/connection.go:475.65,477.88 1 0
github.com/rcarmo/rdp-html5/internal/transport/udp/connection.go:477.88,479.3 1 0
github.com/rcarmo/rdp-html5/internal/transport/udp/connection.go:483.2,483.48 1 0
github.com/rcarmo/rdp-html5/internal/transport/udp/connection.go:483.48,485.3 1 0
github.com/rcarmo/rdp-html5/internal/transport/udp/connection.go:488.2,488.30 1 0
github.com/rcarmo/rdp-html5/internal/transport/udp/connection.go:488.30,491.3 2 0
github.com/rcarmo/rdp-html5/internal/transport/udp/connection.go:494.2,494.27 1 0
github.com/rcarmo/rdp-html5/internal/transport/udp/connection.go:494.27,502.3 5 0
github.com/rcarmo/rdp-html5/internal/transport/udp/connection.go:505.2,505.94 1 0
github.com/rcarmo/rdp-html5/internal/transport/udp/connection.go:505.94,507.3 1 0
github.com/rcarmo/rdp-html5/internal/transport/udp/connection.go:507.8,509.3 1 0
github.com/rcarmo/rdp-html5/internal/transport/udp/connection.go:512.2,522.16 5 0
github.com/rcarmo/rdp-html5/internal/transport/udp/connection.go:526.69,528.43 1 1
github.com/rcarmo/rdp-html5/internal/transport/udp/connection.go:528.43,531.3 1 0
github.com/rcarmo/rdp-html5/internal/transport/udp/connection.go:534.2,534.44 1 1
github.com/rcarmo/rdp-html5/internal/transport/udp/connection.go:534.44,537.3 1 0
github.com/rcarmo/rdp-html5/internal/transport/udp/connection.go:540.2,540.44 1 1
github.com/rcarmo/rdp-html5/internal/transport/udp/connection.go:540.44,542.3 1 1
github.com/rcarmo/rdp-html5/internal/transport/udp/connection.go:545.2,545.75 1 1
github.com/rcarmo/rdp-html5/internal/transport/udp/connection.go:545.75,547.3 1 0
github.com/rcarmo/rdp-html5/internal/transport/udp/connection.go:550.2,550.44 1 1
github.com/rcarmo/rdp-html5/internal/transport/udp/connection.go:550.44,552.26 2 0
github.com/rcarmo/rdp-html5/internal/transport/udp/connection.go:552.26,552.48 1 0
github.com/rcarmo/rdp-html5/internal/transport/udp/connection.go:558.53,561.28 2 1
github.com/rcarmo/rdp-html5/internal/transport/udp/connection.go:561.28,563.3 1 1
github.com/rcarmo/rdp-html5/internal/transport/udp/connection.go:564.2,564.28 1 1
github.com/rcarmo/rdp-html5/internal/transport/udp/connection.go:568.57,570.29 2 1
github.com/rcarmo/rdp-html5/internal/transport/udp/connection.go:570.29,574.33 2 0
github.com/rcarmo/rdp-html5/internal/transport/udp/connection.go:574.33,575.21 1 0
github.com/rcarmo/rdp-html5/internal/transport/udp/connection.go:575.21,577.5 1 0
github.com/rcarmo/rdp-html5/internal/transport/udp/connection.go:582.2,582.29 1 1
github.com/rcarmo/rdp-html5/internal/transport/udp/connection.go:582.29,584.3 1 0
github.com/rcarmo/rdp-html5/internal/transport/udp/connection.go:589.69,590.63 1 1
github.com/rcarmo/rdp-html5/internal/transport/udp/connection.go:590.63,592.3 1 0
github.com/rcarmo/rdp-html5/internal/transport/udp/connection.go:596.2,599.54 3 1
github.com/rcarmo/rdp-html5/internal/transport/udp/connection.go:599.54,604.32 3 1
github.com/rcarmo/rdp-html5/internal/transport/udp/connection.go:604.32,605.17 1 1
github.com/rcarmo/rdp-html5/internal/transport/udp/connection.go:606.26,608.37 1 1
github.com/rcarmo/rdp-html5/internal/transport/udp/connection.go:609.29,611.48 1 0
github.com/rcarmo/rdp-html5/internal/transport/udp/connection.go:611.48,613.6 1 0
github.com/rcarmo/rdp-html5/internal/transport/udp/connection.go:615.4,615.16 1 1
github.com/rcarmo/rdp-html5/internal/transport/udp/connection.go:620.2,620.37 1 1
github.com/rcarmo/rdp-html5/internal/transport/udp/connection.go:620.37,622.3 1 0
github.com/rcarmo/rdp-html5/internal/transport/udp/connection.go:626.54,628.9 2 0
github.com/rcarmo/rdp-html5/internal/transport/udp/connection.go:628.9,630.3 1 0
github.com/rcarmo/rdp-html5/internal/transport/udp/connection.go:633.2,633.46 1 0
github.com/rcarmo/rdp-html5/internal/transport/udp/connection.go:633.46,636.26 2 0
github.com/rcarmo/rdp-html5/internal/transport/udp/connection.go:636.26,636.48 1 0
github.com/rcarmo/rdp-html5/internal/transport/udp/connection.go:637.3,637.9 1 0
github.com/rcarmo/rdp-html5/internal/transport/udp/connection.go:640.2,646.40 5 0
github.com/rcarmo/rdp-html5/internal/transport/udp/connection.go:646.40,648.3 1 0
github.com/rcarmo/rdp-html5/internal/transport/udp/connection.go:652.58,653.33 1 0
github.com/rcarmo/rdp-html5/internal/transport/udp/connection.go:653.33,655.3 1 0
github.com/rcarmo/rdp-html5/internal/transport/udp/connection.go:657.2,660.31 2 0
github.com/rcarmo/rdp-html5/internal/transport/udp/connection.go:660.31,662.34 1 0
github.com/rcarmo/rdp-html5/internal/transport/udp/connection.go:662.34,665.4 1 0
github.com/rcarmo/rdp-html5/internal/transport/udp/connection.go:666.3,666.28 1 0
github.com/rcarmo/rdp-html5/internal/transport/udp/connection.go:670.2,673.31 2 0
github.com/rcarmo/rdp-html5/internal/transport/udp/connection.go:673.31,675.10 1 0
github.com/rcarmo/rdp-html5/internal/transport/udp/connection.go:676.34,676.34 0 0
github.com/rcarmo/rdp-html5/internal/transport/udp/connection.go:677.11,679.25 1 0
github.com/rcarmo/rdp-html5/internal/transport/udp/connection.go:681.3,684.7 2 0
github.com/rcarmo/rdp-html5/internal/transport/udp/connection.go:684.7,685.53 1 0
github.com/rcarmo/rdp-html5/internal/transport/udp/connection.go:685.53,686.12 1 0
github.com/rcarmo/rdp-html5/internal/transport/udp/connection.go:687.29,687.29 0 0
github.com/rcarmo/rdp-html5/internal/transport/udp/connection.go:688.13,689.27 1 0
github.com/rcarmo/rdp-html5/internal/transport/udp/connection.go:691.5,692.22 2 0
github.com/rcarmo/rdp-html5/internal/transport/udp/connection.go:693.10,694.10 1 0
github.com/rcarmo/rdp-html5/internal/transport/udp/connection.go:697.8,697.37 1 0
github.com/rcarmo/rdp-html5/internal/transport/udp/connection.go:697.37,700.3 1 0
github.com/rcarmo/rdp-html5/internal/transport/udp/connection.go:704.2,704.26 1 0
github.com/rcarmo/rdp-html5/internal/transport/udp/connection.go:709.38,716.2 5 0
github.com/rcarmo/rdp-html5/internal/transport/udp/connection.go:719.55,727.24 2 0
github.com/rcarmo/rdp-html5/internal/transport/udp/connection.go:727.24,729.3 1 0
github.com/rcarmo/rdp-html5/internal/transport/udp/connection.go:732.2,734.15 2 0
github.com/rcarmo/rdp-html5/internal/transport/udp/connection.go:739.58,740.51 1 1
github.com/rcarmo/rdp-html5/internal/transport/udp/connection.go:740.51,742.3 1 1
github.com/rcarmo/rdp-html5/internal/transport/udp/connection.go:746.2,746.40 1 1
github.com/rcarmo/rdp-html5/internal/transport/udp/connection.go:746.40,748.3 1 0
github.com/rcarmo/rdp-html5/internal/transport/udp/connection.go:750.2,755.85 4 1
github.com/rcarmo/rdp-html5/internal/transport/udp/connection.go:755.85,757.28 2 1
github.com/rcarmo/rdp-html5/internal/transport/udp/connection.go:757.28,760.4 1 0
github.com/rcarmo/rdp-html5/internal/transport/udp/connection.go:760.9,760.44 1 1
github.com/rcarmo/rdp-html5/internal/transport/udp/connection.go:760.44,763.4 1 1
github.com/rcarmo/rdp-html5/internal/transport/udp/connection.go:763.9,763.62 1 1
github.com/rcarmo/rdp-html5/internal/transport/udp/connection.go:763.62,765.4 1 1
github.com/rcarmo/rdp-html5/internal/transport/udp/connection.go:765.9,768.4 1 1
github.com/rcarmo/rdp-html5/internal/transport/udp/connection.go:770.3,770.46 1 1
github.com/rcarmo/rdp-html5/internal/transport/udp/connection.go:770.46,772.4 1 1
github.com/rcarmo/rdp-html5/internal/transport/udp/connection.go:772.9,774.21 1 1
github.com/rcarmo/rdp-html5/internal/transport/udp/connection.go:774.21,777.5 2 1
github.com/rcarmo/rdp-html5/internal/transport/udp/connection.go:778.4,779.17 2 1
github.com/rcarmo/rdp-html5/internal/transport/udp/connection.go:783.3,783.15 1 1
github.com/rcarmo/rdp-html5/internal/transport/udp/connection.go:783.15,784.9 1 0
github.com/rcarmo/rdp-html5/internal/transport/udp/connection.go:789.2,789.19 1 1
github.com/rcarmo/rdp-html5/internal/transport/udp/connection.go:789.19,792.3 2 1
github.com/rcarmo/rdp-html5/internal/transport/udp/connection.go:794.2,794.24 1 1
github.com/rcarmo/rdp-html5/internal/transport/udp/connection.go:794.24,796.3 1 0
github.com/rcarmo/rdp-html5/internal/transport/udp/connection.go:798.2,801.3 1 1
github.com/rcarmo/rdp-html5/internal/transport/udp/connection.go:805.63,807.16 2 0
github.com/rcarmo/rdp-html5/internal/transport/udp/connection.go:807.16,809.3 1 0
github.com/rcarmo/rdp-html5/internal/transport/udp/connection.go:812.2,812.44 1 0
github.com/rcarmo/rdp-html5/internal/transport/udp/connection.go:812.44,816.22 4 0
github.com/rcarmo/rdp-html5/internal/transport/udp/connection.go:816.22,819.4 2 0
github.com/rcarmo/rdp-html5/internal/transport/udp/connection.go:822.2,828.12 6 0
github.com/rcarmo/rdp-html5/internal/transport/udp/connection.go:832.36,834.6 2 0
github.com/rcarmo/rdp-html5/internal/transport/udp/connection.go:834.6,835.10 1 0
github.com/rcarmo/rdp-html5/internal/transport/udp/connection.go:836.22,837.10 1 0
github.com/rcarmo/rdp-html5/internal/transport/udp/connection.go:838.11,838.11 0 0
github.com/rcarmo/rdp-html5/internal/transport/udp/connection.go:841.3,843.17 3 0
github.com/rcarmo/rdp-html5/internal/transport/udp/connection.go:843.17,844.61 1 0
github.com/rcarmo/rdp-html5/internal/transport/udp/connection.go:844.61,845.13 1 0
github.com/rcarmo/rdp-html5/internal/transport/udp/connection.go:848.4,849.30 2 0
github.com/rcarmo/rdp-html5/internal/transport/udp/connection.go:849.30,851.28 2 0
github.com/rcarmo/rdp-html5/internal/transport/udp/connection.go:851.28,851.50 1 0
github.com/rcarmo/rdp-html5/internal/transport/udp/connection.go:853.4,854.10 2 0
github.com/rcarmo/rdp-html5/internal/transport/udp/connection.go:857.3,857.12 1 0
github.com/rcarmo/rdp-html5/internal/transport/udp/connection.go:857.12,862.4 3 0
github.com/rcarmo/rdp-html5/internal/transport/udp/connection.go:867.50,868.9 1 0
github.com/rcarmo/rdp-html5/internal/transport/udp/connection.go:869.28,871.16 2 0
github.com/rcarmo/rdp-html5/internal/transport/udp/connection.go:872.21,873.22 1 0
github.com/rcarmo/rdp-html5/internal/transport/udp/connection.go:878.51,880.33 2 1
github.com/rcarmo/rdp-html5/internal/transport/udp/connection.go:880.33,883.3 2 1
github.com/rcarmo/rdp-html5/internal/transport/udp/connection.go:885.2,893.16 6 0
github.com/rcarmo/rdp-html5/internal/transport/udp/connection.go:893.16,895.3 1 0
github.com/rcarmo/rdp-html5/internal/transport/udp/connection.go:898.2,910.45 6 0
github.com/rcarmo/rdp-html5/internal/transport/udp/connection.go:910.45,912.3 1 0
github.com/rcarmo/rdp-html5/internal/transport/udp/connection.go:914.2,914.20 1 0
github.com/rcarmo/rdp-html5/internal/transport/udp/connection.go:918.36,922.28 3 1
github.com/rcarmo/rdp-html5/internal/transport/udp/connection.go:922.28,924.3 1 1
github.com/rcarmo/rdp-html5/internal/transport/udp/connection.go:927.2,930.33 2 0
github.com/rcarmo/rdp-html5/internal/transport/udp/connection.go:930.33,933.3 2 0
github.com/rcarmo/rdp-html5/internal/transport/udp/connection.go:935.2,936.25 2 0
github.com/rcarmo/rdp-html5/internal/transport/udp/connection.go:936.25,936.47 1 0
github.com/rcarmo/rdp-html5/internal/transport/udp/connection.go:938.2,938.19 1 0
github.com/rcarmo/rdp-html5/internal/transport/udp/connection.go:938.19,940.3 1 0
github.com/rcarmo/rdp-html5/internal/transport/udp/connection.go:941.2,941.12 1 0
github.com/rcarmo/rdp-html5/internal/transport/udp/connection.go:945.43,946.19 1 1
github.com/rcarmo/rdp-html5/internal/transport/udp/connection.go:946.19,948.3 1 0
github.com/rcarmo/rdp-html5/internal/transport/udp/connection.go:949.2,949.12 1 1
github.com/rcarmo/rdp-html5/internal/transport/udp/connection.go:953.44,954.19 1 1
github.com/rcarmo/rdp-html5/internal/transport/udp/connection.go:954.19,956.3 1 0
github.com/rcarmo/rdp-html5/internal/transport/udp/connection.go:957.2,957.12 1 1
github.com/rcarmo/rdp-html5/internal/transport/udp/connection.go:962.36,963.11 1 1
github.com/rcarmo/rdp-html5/internal/transport/udp/connection.go:963.11,965.3 1 1
github.com/rcarmo/rdp-html5/internal/transport/udp/connection.go:966.2,966.10 1 1
github.com/rcarmo/rdp-html5/internal/transport/udp/connection.go:970.36,972.2 1 0
github.com/rcarmo/rdp-html5/internal/transport/udp/connection.go:978.44,979.29 1 0
github.com/rcarmo/rdp-html5/internal/transport/udp/connection.go:979.29,981.3 1 0
github.com/rcarmo/rdp-html5/internal/transport/udp/connection.go:982.2,982.62 1 0
github.com/rcarmo/rdp-html5/internal/transport/udp/connection.go:982.62,984.3 1 0
github.com/rcarmo/rdp-html5/internal/transport/udp/connection.go:988.44,989.29 1 1
github.com/rcarmo/rdp-html5/internal/transport/udp/connection.go:989.29,992.3 2 0
github.com/rcarmo/rdp-html5/internal/transport/udp/connection.go:997.41,1003.31 5 0
github.com/rcarmo/rdp-html5/internal/transport/udp/connection.go:1003.31,1005.3 1 0
github.com/rcarmo/rdp-html5/internal/transport/udp/connection.go:1008.2,1008.67 1 0
github.com/rcarmo/rdp-html5/internal/transport/udp/connection.go:1008.67,1012.3 2 0
github.com/rcarmo/rdp-html5/internal/transport/udp/connection.go:1015.2,1020.15 4 0
github.com/rcarmo/rdp-html5/internal/transport/udp/connection.go:1025.45,1026.30 1 0
github.com/rcarmo/rdp-html5/internal/transport/udp/connection.go:1026.30,1028.3 1 0
github.com/rcarmo/rdp-html5/internal/transport/udp/connection.go:1029.2,1029.63 1 0
github.com/rcarmo/rdp-html5/internal/transport/udp/connection.go:1029.63,1031.3 1 0
github.com/rcarmo/rdp-html5/internal/transport/udp/connection.go:1035.42,1041.16 5 0
github.com/rcarmo/rdp-html5/internal/transport/udp/connection.go:1041.16,1043.3 1 0
github.com/rcarmo/rdp-html5/internal/transport/udp/connection.go:1047.45,1048.30 1 0
github.com/rcarmo/rdp-html5/internal/transport/udp/connection.go:1048.30,1050.3 1 0
github.com/rcarmo/rdp-html5/internal/transport/udp/connection.go:1051.2,1052.53 2 0
github.com/rcarmo/rdp-html5/internal/transport/udp/connection.go:1052.53,1054.3 1 0
github.com/rcarmo/rdp-html5/internal/transport/udp/connection.go:1059.42,1064.33 4 0
github.com/rcarmo/rdp-html5/internal/transport/udp/connection.go:1064.33,1066.3 1 0
github.com/rcarmo/rdp-html5/internal/transport/udp/connection.go:1068.2,1072.40 3 0
github.com/rcarmo/rdp-html5/internal/transport/udp/connection.go:1072.40,1073.31 1 0
github.com/rcarmo/rdp-html5/internal/transport/udp/connection.go:1073.31,1074.48 1 0
github.com/rcarmo/rdp-html5/internal/transport/udp/connection.go:1074.48,1077.28 2 0
github.com/rcarmo/rdp-html5/internal/transport/udp/connection.go:1077.28,1077.50 1 0
github.com/rcarmo/rdp-html5/internal/transport/udp/connection.go:1078.5,1078.11 1 0
github.com/rcarmo/rdp-html5/internal/transport/udp/connection.go:1082.4,1087.42 5 0
github.com/rcarmo/rdp-html5/internal/transport/udp/connection.go:1087.42,1089.5 1 0
github.com/rcarmo/rdp-html5/internal/transport/udp/connection.go:1092.3,1092.34 1 0
github.com/rcarmo/rdp-html5/internal/transport/udp/connection.go:1092.34,1094.4 1 0
github.com/rcarmo/rdp-html5/internal/transport/udp/connection.go:1095.3,1095.13 1 0
github.com/rcarmo/rdp-html5/internal/transport/udp/connection.go:1099.2,1099.20 1 0
github.com/rcarmo/rdp-html5/internal/transport/udp/connection.go:1099.20,1101.3 1 0
github.com/rcarmo/rdp-html5/internal/transport/udp/connection.go:1105.35,1106.29 1 0
github.com/rcarmo/rdp-html5/internal/transport/udp/connection.go:1106.29,1109.3 2 0
github.com/rcarmo/rdp-html5/internal/transport/udp/connection.go:1110.2,1110.30 1 0
github.com/rcarmo/rdp-html5/internal/transport/udp/connection.go:1110.30,1113.3 2 0
github.com/rcarmo/rdp-html5/internal/transport/udp/connection.go:1114.2,1114.30 1 0
github.com/rcarmo/rdp-html5/internal/transport/udp/connection.go:1114.30,1117.3 2 0
