mode: set
github.com/rcarmo/rdp-html5/internal/protocol/drdynvc/drdynvc.go:51.35,53.2 1 1
github.com/rcarmo/rdp-html5/internal/protocol/drdynvc/drdynvc.go:56.38,60.2 3 1
github.com/rcarmo/rdp-html5/internal/protocol/drdynvc/drdynvc.go:63.38,64.18 1 1
github.com/rcarmo/rdp-html5/internal/protocol/drdynvc/drdynvc.go:65.9,66.11 1 1
github.com/rcarmo/rdp-html5/internal/protocol/drdynvc/drdynvc.go:67.9,68.11 1 1
github.com/rcarmo/rdp-html5/internal/protocol/drdynvc/drdynvc.go:69.9,70.11 1 1
github.com/rcarmo/rdp-html5/internal/protocol/drdynvc/drdynvc.go:71.10,72.11 1 1
github.com/rcarmo/rdp-html5/internal/protocol/drdynvc/drdynvc.go:87.38,97.31 6 1
github.com/rcarmo/rdp-html5/internal/protocol/drdynvc/drdynvc.go:97.31,102.3 4 1
github.com/rcarmo/rdp-html5/internal/protocol/drdynvc/drdynvc.go:104.2,104.20 1 1
github.com/rcarmo/rdp-html5/internal/protocol/drdynvc/drdynvc.go:108.50,110.73 2 1
github.com/rcarmo/rdp-html5/internal/protocol/drdynvc/drdynvc.go:110.73,112.3 1 0
github.com/rcarmo/rdp-html5/internal/protocol/drdynvc/drdynvc.go:113.2,113.66 1 1
github.com/rcarmo/rdp-html5/internal/protocol/drdynvc/drdynvc.go:113.66,115.3 1 0
github.com/rcarmo/rdp-html5/internal/protocol/drdynvc/drdynvc.go:116.2,116.72 1 1
github.com/rcarmo/rdp-html5/internal/protocol/drdynvc/drdynvc.go:116.72,118.3 1 0
github.com/rcarmo/rdp-html5/internal/protocol/drdynvc/drdynvc.go:121.2,121.31 1 1
github.com/rcarmo/rdp-html5/internal/protocol/drdynvc/drdynvc.go:121.31,126.3 4 1
github.com/rcarmo/rdp-html5/internal/protocol/drdynvc/drdynvc.go:128.2,128.12 1 1
github.com/rcarmo/rdp-html5/internal/protocol/drdynvc/drdynvc.go:138.47,143.9 3 1
github.com/rcarmo/rdp-html5/internal/protocol/drdynvc/drdynvc.go:144.27,145.13 1 1
github.com/rcarmo/rdp-html5/internal/protocol/drdynvc/drdynvc.go:146.29,147.13 1 1
github.com/rcarmo/rdp-html5/internal/protocol/drdynvc/drdynvc.go:148.10,149.13 1 1
github.com/rcarmo/rdp-html5/internal/protocol/drdynvc/drdynvc.go:153.2,157.16 3 1
github.com/rcarmo/rdp-html5/internal/protocol/drdynvc/drdynvc.go:158.9,159.35 1 1
github.com/rcarmo/rdp-html5/internal/protocol/drdynvc/drdynvc.go:160.9,161.66 1 1
github.com/rcarmo/rdp-html5/internal/protocol/drdynvc/drdynvc.go:162.9,163.58 1 1
github.com/rcarmo/rdp-html5/internal/protocol/drdynvc/drdynvc.go:167.2,170.20 3 1
github.com/rcarmo/rdp-html5/internal/protocol/drdynvc/drdynvc.go:180.74,182.16 1 1
github.com/rcarmo/rdp-html5/internal/protocol/drdynvc/drdynvc.go:183.9,185.66 2 1
github.com/rcarmo/rdp-html5/internal/protocol/drdynvc/drdynvc.go:185.66,187.4 1 0
github.com/rcarmo/rdp-html5/internal/protocol/drdynvc/drdynvc.go:188.3,188.27 1 1
github.com/rcarmo/rdp-html5/internal/protocol/drdynvc/drdynvc.go:189.9,191.66 2 1
github.com/rcarmo/rdp-html5/internal/protocol/drdynvc/drdynvc.go:191.66,193.4 1 0
github.com/rcarmo/rdp-html5/internal/protocol/drdynvc/drdynvc.go:194.3,194.27 1 1
github.com/rcarmo/rdp-html5/internal/protocol/drdynvc/drdynvc.go:195.9,196.75 1 0
github.com/rcarmo/rdp-html5/internal/protocol/drdynvc/drdynvc.go:196.75,198.4 1 0
github.com/rcarmo/rdp-html5/internal/protocol/drdynvc/drdynvc.go:202.2,202.61 1 1
github.com/rcarmo/rdp-html5/internal/protocol/drdynvc/drdynvc.go:206.46,208.2 1 1
github.com/rcarmo/rdp-html5/internal/protocol/drdynvc/drdynvc.go:218.43,223.9 3 1
github.com/rcarmo/rdp-html5/internal/protocol/drdynvc/drdynvc.go:224.27,225.13 1 1
github.com/rcarmo/rdp-html5/internal/protocol/drdynvc/drdynvc.go:226.29,227.13 1 0
github.com/rcarmo/rdp-html5/internal/protocol/drdynvc/drdynvc.go:228.10,229.13 1 0
github.com/rcarmo/rdp-html5/internal/protocol/drdynvc/drdynvc.go:233.2,234.9 2 1
github.com/rcarmo/rdp-html5/internal/protocol/drdynvc/drdynvc.go:235.24,236.14 1 1
github.com/rcarmo/rdp-html5/internal/protocol/drdynvc/drdynvc.go:237.26,238.14 1 0
github.com/rcarmo/rdp-html5/internal/protocol/drdynvc/drdynvc.go:239.10,240.14 1 0
github.com/rcarmo/rdp-html5/internal/protocol/drdynvc/drdynvc.go:244.2,248.16 3 1
github.com/rcarmo/rdp-html5/internal/protocol/drdynvc/drdynvc.go:249.9,250.35 1 1
github.com/rcarmo/rdp-html5/internal/protocol/drdynvc/drdynvc.go:251.9,252.66 1 0
github.com/rcarmo/rdp-html5/internal/protocol/drdynvc/drdynvc.go:253.9,254.58 1 0
github.com/rcarmo/rdp-html5/internal/protocol/drdynvc/drdynvc.go:258.2,258.17 1 1
github.com/rcarmo/rdp-html5/internal/protocol/drdynvc/drdynvc.go:259.9,260.32 1 1
github.com/rcarmo/rdp-html5/internal/protocol/drdynvc/drdynvc.go:261.9,262.63 1 0
github.com/rcarmo/rdp-html5/internal/protocol/drdynvc/drdynvc.go:263.9,264.55 1 0
github.com/rcarmo/rdp-html5/internal/protocol/drdynvc/drdynvc.go:268.2,270.20 2 1
github.com/rcarmo/rdp-html5/internal/protocol/drdynvc/drdynvc.go:280.38,285.9 3 1
github.com/rcarmo/rdp-html5/internal/protocol/drdynvc/drdynvc.go:286.27,287.13 1 1
github.com/rcarmo/rdp-html5/internal/protocol/drdynvc/drdynvc.go:288.29,289.13 1 0
github.com/rcarmo/rdp-html5/internal/protocol/drdynvc/drdynvc.go:290.10,291.13 1 1
github.com/rcarmo/rdp-html5/internal/protocol/drdynvc/drdynvc.go:295.2,299.16 3 1
github.com/rcarmo/rdp-html5/internal/protocol/drdynvc/drdynvc.go:300.9,301.35 1 1
github.com/rcarmo/rdp-html5/internal/protocol/drdynvc/drdynvc.go:302.9,303.66 1 0
github.com/rcarmo/rdp-html5/internal/protocol/drdynvc/drdynvc.go:304.9,305.58 1 1
github.com/rcarmo/rdp-html5/internal/protocol/drdynvc/drdynvc.go:309.2,311.20 2 1
github.com/rcarmo/rdp-html5/internal/protocol/drdynvc/drdynvc.go:320.39,325.9 3 1
github.com/rcarmo/rdp-html5/internal/protocol/drdynvc/drdynvc.go:326.27,327.13 1 1
github.com/rcarmo/rdp-html5/internal/protocol/drdynvc/drdynvc.go:328.29,329.13 1 1
github.com/rcarmo/rdp-html5/internal/protocol/drdynvc/drdynvc.go:330.10,331.13 1 1
github.com/rcarmo/rdp-html5/internal/protocol/drdynvc/drdynvc.go:335.2,339.16 3 1
github.com/rcarmo/rdp-html5/internal/protocol/drdynvc/drdynvc.go:340.9,341.35 1 1
github.com/rcarmo/rdp-html5/internal/protocol/drdynvc/drdynvc.go:342.9,343.66 1 1
github.com/rcarmo/rdp-html5/internal/protocol/drdynvc/drdynvc.go:344.9,345.58 1 1
github.com/rcarmo/rdp-html5/internal/protocol/drdynvc/drdynvc.go:348.2,348.20 1 1
github.com/rcarmo/rdp-html5/internal/protocol/drdynvc/drdynvc.go:352.83,353.19 1 1
github.com/rcarmo/rdp-html5/internal/protocol/drdynvc/drdynvc.go:353.19,355.3 1 1
github.com/rcarmo/rdp-html5/internal/protocol/drdynvc/drdynvc.go:357.2,360.49 3 1
github.com/rcarmo/rdp-html5/internal/protocol/drdynvc/drdynvc.go:364.95,366.16 2 1
github.com/rcarmo/rdp-html5/internal/protocol/drdynvc/drdynvc.go:367.9,368.11 1 1
github.com/rcarmo/rdp-html5/internal/protocol/drdynvc/drdynvc.go:369.9,370.11 1 1
github.com/rcarmo/rdp-html5/internal/protocol/drdynvc/drdynvc.go:371.9,372.11 1 1
github.com/rcarmo/rdp-html5/internal/protocol/drdynvc/drdynvc.go:375.2,375.22 1 1
github.com/rcarmo/rdp-html5/internal/protocol/drdynvc/drdynvc.go:375.22,377.3 1 1
github.com/rcarmo/rdp-html5/internal/protocol/drdynvc/drdynvc.go:379.2,379.16 1 1
github.com/rcarmo/rdp-html5/internal/protocol/drdynvc/drdynvc.go:380.9,381.30 1 1
github.com/rcarmo/rdp-html5/internal/protocol/drdynvc/drdynvc.go:382.9,383.59 1 1
github.com/rcarmo/rdp-html5/internal/protocol/drdynvc/drdynvc.go:384.9,385.51 1 1
github.com/rcarmo/rdp-html5/internal/protocol/drdynvc/drdynvc.go:388.2,388.36 1 1
github.com/rcarmo/rdp-html5/internal/protocol/drdynvc/drdynvc.go:419.61,420.68 1 1
github.com/rcarmo/rdp-html5/internal/protocol/drdynvc/drdynvc.go:420.68,422.3 1 0
github.com/rcarmo/rdp-html5/internal/protocol/drdynvc/drdynvc.go:423.2,423.70 1 1
github.com/rcarmo/rdp-html5/internal/protocol/drdynvc/drdynvc.go:423.70,425.3 1 0
github.com/rcarmo/rdp-html5/internal/protocol/drdynvc/drdynvc.go:426.2,426.80 1 1
github.com/rcarmo/rdp-html5/internal/protocol/drdynvc/drdynvc.go:426.80,428.3 1 0
github.com/rcarmo/rdp-html5/internal/protocol/drdynvc/drdynvc.go:431.2,431.45 1 1
github.com/rcarmo/rdp-html5/internal/protocol/drdynvc/drdynvc.go:431.45,433.76 2 1
github.com/rcarmo/rdp-html5/internal/protocol/drdynvc/drdynvc.go:433.76,435.4 1 0
github.com/rcarmo/rdp-html5/internal/protocol/drdynvc/drdynvc.go:437.3,437.26 1 1
github.com/rcarmo/rdp-html5/internal/protocol/drdynvc/drdynvc.go:437.26,439.4 1 0
github.com/rcarmo/rdp-html5/internal/protocol/drdynvc/drdynvc.go:441.3,442.45 2 1
github.com/rcarmo/rdp-html5/internal/protocol/drdynvc/drdynvc.go:442.45,444.74 2 1
github.com/rcarmo/rdp-html5/internal/protocol/drdynvc/drdynvc.go:444.74,446.5 1 0
github.com/rcarmo/rdp-html5/internal/protocol/drdynvc/drdynvc.go:447.4,447.75 1 1
github.com/rcarmo/rdp-html5/internal/protocol/drdynvc/drdynvc.go:447.75,449.5 1 0
github.com/rcarmo/rdp-html5/internal/protocol/drdynvc/drdynvc.go:450.4,453.5 1 1
github.com/rcarmo/rdp-html5/internal/protocol/drdynvc/drdynvc.go:457.2,457.12 1 1
github.com/rcarmo/rdp-html5/internal/protocol/drdynvc/drdynvc.go:469.50,478.35 6 1
github.com/rcarmo/rdp-html5/internal/protocol/drdynvc/drdynvc.go:478.35,480.3 1 1
github.com/rcarmo/rdp-html5/internal/protocol/drdynvc/drdynvc.go:482.2,482.20 1 1
github.com/rcarmo/rdp-html5/internal/protocol/drdynvc/drdynvc.go:495.88,499.16 3 1
github.com/rcarmo/rdp-html5/internal/protocol/drdynvc/drdynvc.go:499.16,501.3 1 0
github.com/rcarmo/rdp-html5/internal/protocol/drdynvc/drdynvc.go:502.2,504.13 2 1
github.com/rcarmo/rdp-html5/internal/protocol/drdynvc/drdynvc.go:504.13,506.25 1 1
github.com/rcarmo/rdp-html5/internal/protocol/drdynvc/drdynvc.go:506.25,508.4 1 0
github.com/rcarmo/rdp-html5/internal/protocol/drdynvc/drdynvc.go:509.3,510.28 2 1
github.com/rcarmo/rdp-html5/internal/protocol/drdynvc/drdynvc.go:513.2,514.12 2 1
github.com/rcarmo/rdp-html5/internal/protocol/drdynvc/drdynvc.go:519.88,520.25 1 0
github.com/rcarmo/rdp-html5/internal/protocol/drdynvc/drdynvc.go:520.25,522.3 1 0
github.com/rcarmo/rdp-html5/internal/protocol/drdynvc/drdynvc.go:523.2,523.50 1 0
github.com/rcarmo/rdp-html5/internal/protocol/drdynvc/drdynvc.go:534.46,539.2 1 1
github.com/rcarmo/rdp-html5/internal/protocol/drdynvc/drdynvc.go:543.74,544.26 1 1
github.com/rcarmo/rdp-html5/internal/protocol/drdynvc/drdynvc.go:544.26,546.3 1 1
github.com/rcarmo/rdp-html5/internal/protocol/drdynvc/drdynvc.go:549.2,554.19 3 1
github.com/rcarmo/rdp-html5/internal/protocol/drdynvc/drdynvc.go:554.19,559.3 3 1
github.com/rcarmo/rdp-html5/internal/protocol/drdynvc/drdynvc.go:565.2,565.30 1 0
github.com/rcarmo/rdp-html5/internal/protocol/drdynvc/drdynvc.go:565.30,568.3 1 0
github.com/rcarmo/rdp-html5/internal/protocol/drdynvc/drdynvc.go:571.2,571.44 1 0
github.com/rcarmo/rdp-html5/internal/protocol/drdynvc/drdynvc.go:575.75,576.19 1 0
github.com/rcarmo/rdp-html5/internal/protocol/drdynvc/drdynvc.go:576.19,578.3 1 0
github.com/rcarmo/rdp-html5/internal/protocol/drdynvc/drdynvc.go:581.2,584.23 3 0
github.com/rcarmo/rdp-html5/internal/protocol/drdynvc/drdynvc.go:584.23,587.3 1 0
github.com/rcarmo/rdp-html5/internal/protocol/drdynvc/drdynvc.go:590.2,593.66 3 0
github.com/rcarmo/rdp-html5/internal/protocol/drdynvc/drdynvc.go:593.66,594.27 1 0
github.com/rcarmo/rdp-html5/internal/protocol/drdynvc/drdynvc.go:594.27,595.9 1 0
github.com/rcarmo/rdp-html5/internal/protocol/drdynvc/drdynvc.go:597.3,600.38 3 0
github.com/rcarmo/rdp-html5/internal/protocol/drdynvc/drdynvc.go:600.38,602.4 1 0
github.com/rcarmo/rdp-html5/internal/protocol/drdynvc/drdynvc.go:604.3,605.17 2 0
github.com/rcarmo/rdp-html5/internal/protocol/drdynvc/drdynvc.go:605.17,607.4 1 0
github.com/rcarmo/rdp-html5/internal/protocol/drdynvc/drdynvc.go:608.3,609.25 2 0
github.com/rcarmo/rdp-html5/internal/protocol/drdynvc/drdynvc.go:612.2,612.20 1 0
github.com/rcarmo/rdp-html5/internal/protocol/drdynvc/drdynvc.go:616.94,620.28 3 0
github.com/rcarmo/rdp-html5/internal/protocol/drdynvc/drdynvc.go:620.28,623.17 2 0
github.com/rcarmo/rdp-html5/internal/protocol/drdynvc/drdynvc.go:623.17,624.9 1 0
github.com/rcarmo/rdp-html5/internal/protocol/drdynvc/drdynvc.go:627.3,627.15 1 0
github.com/rcarmo/rdp-html5/internal/protocol/drdynvc/drdynvc.go:627.15,630.18 2 0
github.com/rcarmo/rdp-html5/internal/protocol/drdynvc/drdynvc.go:630.18,631.10 1 0
github.com/rcarmo/rdp-html5/internal/protocol/drdynvc/drdynvc.go:633.4,634.28 2 0
github.com/rcarmo/rdp-html5/internal/protocol/drdynvc/drdynvc.go:635.9,638.18 2 0
github.com/rcarmo/rdp-html5/internal/protocol/drdynvc/drdynvc.go:638.18,639.10 1 0
github.com/rcarmo/rdp-html5/internal/protocol/drdynvc/drdynvc.go:643.4,643.32 1 0
github.com/rcarmo/rdp-html5/internal/protocol/drdynvc/drdynvc.go:643.32,645.16 2 0
github.com/rcarmo/rdp-html5/internal/protocol/drdynvc/drdynvc.go:645.16,647.6 1 0
github.com/rcarmo/rdp-html5/internal/protocol/drdynvc/drdynvc.go:648.5,650.23 3 0
github.com/rcarmo/rdp-html5/internal/protocol/drdynvc/drdynvc.go:655.2,655.20 1 0
github.com/rcarmo/rdp-html5/internal/protocol/drdynvc/drdynvc.go:659.91,662.16 2 0
github.com/rcarmo/rdp-html5/internal/protocol/drdynvc/drdynvc.go:662.16,664.3 1 0
github.com/rcarmo/rdp-html5/internal/protocol/drdynvc/drdynvc.go:666.2,666.19 1 0
github.com/rcarmo/rdp-html5/internal/protocol/drdynvc/drdynvc.go:666.19,669.17 2 0
github.com/rcarmo/rdp-html5/internal/protocol/drdynvc/drdynvc.go:669.17,671.4 1 0
github.com/rcarmo/rdp-html5/internal/protocol/drdynvc/drdynvc.go:672.3,672.24 1 0
github.com/rcarmo/rdp-html5/internal/protocol/drdynvc/drdynvc.go:673.8,676.17 2 0
github.com/rcarmo/rdp-html5/internal/protocol/drdynvc/drdynvc.go:676.17,678.4 1 0
github.com/rcarmo/rdp-html5/internal/protocol/drdynvc/drdynvc.go:680.3,680.17 1 0
github.com/rcarmo/rdp-html5/internal/protocol/drdynvc/drdynvc.go:681.10,683.18 2 0
github.com/rcarmo/rdp-html5/internal/protocol/drdynvc/drdynvc.go:683.18,685.5 1 0
github.com/rcarmo/rdp-html5/internal/protocol/drdynvc/drdynvc.go:686.4,686.27 1 0
github.com/rcarmo/rdp-html5/internal/protocol/drdynvc/drdynvc.go:687.10,689.18 2 0
github.com/rcarmo/rdp-html5/internal/protocol/drdynvc/drdynvc.go:689.18,691.5 1 0
github.com/rcarmo/rdp-html5/internal/protocol/drdynvc/drdynvc.go:692.4,692.27 1 0
github.com/rcarmo/rdp-html5/internal/protocol/drdynvc/drdynvc.go:693.10,695.18 2 0
github.com/rcarmo/rdp-html5/internal/protocol/drdynvc/drdynvc.go:695.18,697.5 1 0
github.com/rcarmo/rdp-html5/internal/protocol/drdynvc/drdynvc.go:698.4,698.28 1 0
github.com/rcarmo/rdp-html5/internal/protocol/drdynvc/drdynvc.go:699.10,701.18 2 0
github.com/rcarmo/rdp-html5/internal/protocol/drdynvc/drdynvc.go:701.18,703.5 1 0
github.com/rcarmo/rdp-html5/internal/protocol/drdynvc/drdynvc.go:704.4,704.29 1 0
github.com/rcarmo/rdp-html5/internal/protocol/drdynvc/drdynvc.go:709.2,710.16 2 0
github.com/rcarmo/rdp-html5/internal/protocol/drdynvc/drdynvc.go:710.16,712.3 1 0
github.com/rcarmo/rdp-html5/internal/protocol/drdynvc/drdynvc.go:714.2,714.18 1 0
github.com/rcarmo/rdp-html5/internal/protocol/drdynvc/drdynvc.go:714.18,717.17 2 0
github.com/rcarmo/rdp-html5/internal/protocol/drdynvc/drdynvc.go:717.17,719.4 1 0
github.com/rcarmo/rdp-html5/internal/protocol/drdynvc/drdynvc.go:720.3,720.22 1 0
github.com/rcarmo/rdp-html5/internal/protocol/drdynvc/drdynvc.go:721.8,724.17 2 0
github.com/rcarmo/rdp-html5/internal/protocol/drdynvc/drdynvc.go:724.17,726.4 1 0
github.com/rcarmo/rdp-html5/internal/protocol/drdynvc/drdynvc.go:728.3,728.17 1 0
github.com/rcarmo/rdp-html5/internal/protocol/drdynvc/drdynvc.go:729.10,731.18 2 0
github.com/rcarmo/rdp-html5/internal/protocol/drdynvc/drdynvc.go:731.18,733.5 1 0
github.com/rcarmo/rdp-html5/internal/protocol/drdynvc/drdynvc.go:734.4,734.24 1 0
github.com/rcarmo/rdp-html5/internal/protocol/drdynvc/drdynvc.go:735.10,737.18 2 0
github.com/rcarmo/rdp-html5/internal/protocol/drdynvc/drdynvc.go:737.18,739.5 1 0
github.com/rcarmo/rdp-html5/internal/protocol/drdynvc/drdynvc.go:740.4,740.24 1 0
github.com/rcarmo/rdp-html5/internal/protocol/drdynvc/drdynvc.go:741.10,743.18 2 0
github.com/rcarmo/rdp-html5/internal/protocol/drdynvc/drdynvc.go:743.18,745.5 1 0
github.com/rcarmo/rdp-html5/internal/protocol/drdynvc/drdynvc.go:746.4,746.24 1 0
github.com/rcarmo/rdp-html5/internal/protocol/drdynvc/drdynvc.go:747.10,749.18 2 0
github.com/rcarmo/rdp-html5/internal/protocol/drdynvc/drdynvc.go:749.18,751.5 1 0
github.com/rcarmo/rdp-html5/internal/protocol/drdynvc/drdynvc.go:752.4,752.25 1 0
github.com/rcarmo/rdp-html5/internal/protocol/drdynvc/drdynvc.go:756.2,756.30 1 0
github.com/rcarmo/rdp-html5/internal/protocol/drdynvc/drdynvc.go:759.55,760.25 1 1
github.com/rcarmo/rdp-html5/internal/protocol/drdynvc/drdynvc.go:760.25,762.3 1 1
github.com/rcarmo/rdp-html5/internal/protocol/drdynvc/drdynvc.go:765.50,768.2 2 1
github.com/rcarmo/rdp-html5/internal/protocol/drdynvc/drdynvc.go:777.43,779.2 1 1
github.com/rcarmo/rdp-html5/internal/protocol/drdynvc/drdynvc.go:781.46,782.30 1 1
github.com/rcarmo/rdp-html5/internal/protocol/drdynvc/drdynvc.go:782.30,784.3 1 0
github.com/rcarmo/rdp-html5/internal/protocol/drdynvc/drdynvc.go:786.2,788.19 3 1
github.com/rcarmo/rdp-html5/internal/protocol/drdynvc/drdynvc.go:788.19,791.3 2 0
github.com/rcarmo/rdp-html5/internal/protocol/drdynvc/drdynvc.go:792.2,792.17 1 1
github.com/rcarmo/rdp-html5/internal/protocol/drdynvc/drdynvc.go:795.53,797.25 2 1
github.com/rcarmo/rdp-html5/internal/protocol/drdynvc/drdynvc.go:797.25,799.17 2 1
github.com/rcarmo/rdp-html5/internal/protocol/drdynvc/drdynvc.go:799.17,801.4 1 0
github.com/rcarmo/rdp-html5/internal/protocol/drdynvc/drdynvc.go:802.3,802.39 1 1
github.com/rcarmo/rdp-html5/internal/protocol/drdynvc/drdynvc.go:804.2,804.20 1 1
