mode: atomic
github.com/rcarmo/rdp-html5/internal/auth/credssp.go:29.72,30.36 1 4
github.com/rcarmo/rdp-html5/internal/auth/credssp.go:30.36,38.3 5 2
github.com/rcarmo/rdp-html5/internal/auth/credssp.go:40.2,40.15 1 2
github.com/rcarmo/rdp-html5/internal/auth/credssp.go:46.93,47.36 1 4
github.com/rcarmo/rdp-html5/internal/auth/credssp.go:47.36,55.3 6 1
github.com/rcarmo/rdp-html5/internal/auth/credssp.go:57.2,57.48 1 3
github.com/rcarmo/rdp-html5/internal/auth/credssp.go:57.48,59.3 1 1
github.com/rcarmo/rdp-html5/internal/auth/credssp.go:60.2,63.48 4 2
github.com/rcarmo/rdp-html5/internal/auth/credssp.go:86.88,88.2 1 12
github.com/rcarmo/rdp-html5/internal/auth/credssp.go:92.117,94.2 1 12
github.com/rcarmo/rdp-html5/internal/auth/credssp.go:97.132,108.27 5 12
github.com/rcarmo/rdp-html5/internal/auth/credssp.go:108.27,110.36 2 5
github.com/rcarmo/rdp-html5/internal/auth/credssp.go:110.36,114.4 2 6
github.com/rcarmo/rdp-html5/internal/auth/credssp.go:116.3,117.26 2 5
github.com/rcarmo/rdp-html5/internal/auth/credssp.go:121.2,121.23 1 12
github.com/rcarmo/rdp-html5/internal/auth/credssp.go:121.23,124.3 2 4
github.com/rcarmo/rdp-html5/internal/auth/credssp.go:127.2,127.25 1 12
github.com/rcarmo/rdp-html5/internal/auth/credssp.go:127.25,130.3 2 4
github.com/rcarmo/rdp-html5/internal/auth/credssp.go:133.2,133.26 1 12
github.com/rcarmo/rdp-html5/internal/auth/credssp.go:133.26,136.3 2 0
github.com/rcarmo/rdp-html5/internal/auth/credssp.go:139.2,140.20 2 12
github.com/rcarmo/rdp-html5/internal/auth/credssp.go:144.55,149.16 3 16
github.com/rcarmo/rdp-html5/internal/auth/credssp.go:149.16,151.3 1 2
github.com/rcarmo/rdp-html5/internal/auth/credssp.go:154.2,155.28 2 14
github.com/rcarmo/rdp-html5/internal/auth/credssp.go:155.28,157.17 2 26
github.com/rcarmo/rdp-html5/internal/auth/credssp.go:157.17,158.9 1 0
github.com/rcarmo/rdp-html5/internal/auth/credssp.go:160.3,162.17 2 26
github.com/rcarmo/rdp-html5/internal/auth/credssp.go:163.10,164.37 1 13
github.com/rcarmo/rdp-html5/internal/auth/credssp.go:165.10,166.43 1 5
github.com/rcarmo/rdp-html5/internal/auth/credssp.go:167.10,169.24 2 4
github.com/rcarmo/rdp-html5/internal/auth/credssp.go:170.10,172.26 2 4
github.com/rcarmo/rdp-html5/internal/auth/credssp.go:173.10,174.47 1 0
github.com/rcarmo/rdp-html5/internal/auth/credssp.go:175.10,177.27 2 0
github.com/rcarmo/rdp-html5/internal/auth/credssp.go:180.3,180.37 1 26
github.com/rcarmo/rdp-html5/internal/auth/credssp.go:183.2,183.17 1 14
github.com/rcarmo/rdp-html5/internal/auth/credssp.go:197.66,211.2 9 1
github.com/rcarmo/rdp-html5/internal/auth/credssp.go:215.38,216.18 1 97
github.com/rcarmo/rdp-html5/internal/auth/credssp.go:216.18,218.3 1 92
github.com/rcarmo/rdp-html5/internal/auth/credssp.go:219.2,219.18 1 5
github.com/rcarmo/rdp-html5/internal/auth/credssp.go:219.18,221.3 1 2
github.com/rcarmo/rdp-html5/internal/auth/credssp.go:222.2,222.20 1 3
github.com/rcarmo/rdp-html5/internal/auth/credssp.go:222.20,224.3 1 2
github.com/rcarmo/rdp-html5/internal/auth/credssp.go:225.2,225.74 1 1
github.com/rcarmo/rdp-html5/internal/auth/credssp.go:228.41,234.2 5 29
github.com/rcarmo/rdp-html5/internal/auth/credssp.go:236.52,242.2 5 40
github.com/rcarmo/rdp-html5/internal/auth/credssp.go:244.44,250.2 5 21
github.com/rcarmo/rdp-html5/internal/auth/credssp.go:252.36,255.15 3 19
github.com/rcarmo/rdp-html5/internal/auth/credssp.go:255.15,258.3 2 16
github.com/rcarmo/rdp-html5/internal/auth/credssp.go:258.8,258.22 1 3
github.com/rcarmo/rdp-html5/internal/auth/credssp.go:258.22,262.3 3 2
github.com/rcarmo/rdp-html5/internal/auth/credssp.go:262.8,266.3 3 1
github.com/rcarmo/rdp-html5/internal/auth/credssp.go:267.2,267.20 1 19
github.com/rcarmo/rdp-html5/internal/auth/credssp.go:272.50,273.19 1 103
github.com/rcarmo/rdp-html5/internal/auth/credssp.go:273.19,275.3 1 5
github.com/rcarmo/rdp-html5/internal/auth/credssp.go:276.2,281.19 5 98
github.com/rcarmo/rdp-html5/internal/auth/credssp.go:281.19,283.3 1 94
github.com/rcarmo/rdp-html5/internal/auth/credssp.go:283.8,285.34 2 4
github.com/rcarmo/rdp-html5/internal/auth/credssp.go:285.34,287.4 1 1
github.com/rcarmo/rdp-html5/internal/auth/credssp.go:288.3,288.33 1 3
github.com/rcarmo/rdp-html5/internal/auth/credssp.go:288.33,291.4 2 4
github.com/rcarmo/rdp-html5/internal/auth/credssp.go:294.2,294.31 1 97
github.com/rcarmo/rdp-html5/internal/auth/credssp.go:294.31,296.3 1 2
github.com/rcarmo/rdp-html5/internal/auth/credssp.go:297.2,297.47 1 95
github.com/rcarmo/rdp-html5/internal/auth/credssp.go:300.30,301.19 1 37
github.com/rcarmo/rdp-html5/internal/auth/credssp.go:301.19,303.3 1 2
github.com/rcarmo/rdp-html5/internal/auth/credssp.go:304.2,308.19 4 35
github.com/rcarmo/rdp-html5/internal/auth/credssp.go:308.19,310.3 1 34
github.com/rcarmo/rdp-html5/internal/auth/credssp.go:310.8,313.52 3 1
github.com/rcarmo/rdp-html5/internal/auth/credssp.go:313.52,315.4 1 1
github.com/rcarmo/rdp-html5/internal/auth/credssp.go:317.2,317.24 1 35
github.com/rcarmo/rdp-html5/internal/auth/credssp.go:320.36,322.35 2 17
github.com/rcarmo/rdp-html5/internal/auth/credssp.go:322.35,324.3 1 3
github.com/rcarmo/rdp-html5/internal/auth/credssp.go:325.2,326.26 2 14
github.com/rcarmo/rdp-html5/internal/auth/credssp.go:326.26,328.3 1 15
github.com/rcarmo/rdp-html5/internal/auth/credssp.go:329.2,329.15 1 14
github.com/rcarmo/rdp-html5/internal/auth/credssp.go:332.47,337.16 3 7
github.com/rcarmo/rdp-html5/internal/auth/credssp.go:337.16,339.3 1 1
github.com/rcarmo/rdp-html5/internal/auth/credssp.go:342.2,343.28 2 6
github.com/rcarmo/rdp-html5/internal/auth/credssp.go:343.28,346.17 2 7
github.com/rcarmo/rdp-html5/internal/auth/credssp.go:346.17,347.9 1 0
github.com/rcarmo/rdp-html5/internal/auth/credssp.go:351.3,352.17 2 7
github.com/rcarmo/rdp-html5/internal/auth/credssp.go:352.17,354.18 2 7
github.com/rcarmo/rdp-html5/internal/auth/credssp.go:354.18,356.5 1 7
github.com/rcarmo/rdp-html5/internal/auth/credssp.go:359.3,359.37 1 7
github.com/rcarmo/rdp-html5/internal/auth/credssp.go:362.2,362.15 1 6
github.com/rcarmo/rdp-html5/internal/auth/md4.go:7.30,13.28 4 44
github.com/rcarmo/rdp-html5/internal/auth/md4.go:13.28,15.3 1 1901
github.com/rcarmo/rdp-html5/internal/auth/md4.go:17.2,23.37 5 44
github.com/rcarmo/rdp-html5/internal/auth/md4.go:23.37,26.27 3 210
github.com/rcarmo/rdp-html5/internal/auth/md4.go:26.27,28.4 1 3360
github.com/rcarmo/rdp-html5/internal/auth/md4.go:30.3,89.10 53 210
github.com/rcarmo/rdp-html5/internal/auth/md4.go:93.2,98.15 6 44
github.com/rcarmo/rdp-html5/internal/auth/md4.go:101.34,101.63 1 3360
github.com/rcarmo/rdp-html5/internal/auth/md4.go:102.34,102.72 1 3360
github.com/rcarmo/rdp-html5/internal/auth/md4.go:103.34,103.54 1 3360
github.com/rcarmo/rdp-html5/internal/auth/md4.go:105.36,105.73 1 10080
github.com/rcarmo/rdp-html5/internal/auth/md4.go:107.53,109.2 1 3360
github.com/rcarmo/rdp-html5/internal/auth/md4.go:111.53,113.2 1 3360
github.com/rcarmo/rdp-html5/internal/auth/md4.go:115.53,117.2 1 3360
github.com/rcarmo/rdp-html5/internal/auth/ntlm.go:67.55,76.2 4 10
github.com/rcarmo/rdp-html5/internal/auth/ntlm.go:79.47,109.2 14 4
github.com/rcarmo/rdp-html5/internal/auth/ntlm.go:121.68,122.20 1 6
github.com/rcarmo/rdp-html5/internal/auth/ntlm.go:122.20,124.3 1 2
github.com/rcarmo/rdp-html5/internal/auth/ntlm.go:127.2,167.80 22 4
github.com/rcarmo/rdp-html5/internal/auth/ntlm.go:167.80,170.3 2 2
github.com/rcarmo/rdp-html5/internal/auth/ntlm.go:172.2,172.17 1 4
github.com/rcarmo/rdp-html5/internal/auth/ntlm.go:175.49,177.34 2 6
github.com/rcarmo/rdp-html5/internal/auth/ntlm.go:177.34,182.23 4 6
github.com/rcarmo/rdp-html5/internal/auth/ntlm.go:182.23,183.9 1 1
github.com/rcarmo/rdp-html5/internal/auth/ntlm.go:185.3,185.74 1 5
github.com/rcarmo/rdp-html5/internal/auth/ntlm.go:185.74,187.4 1 4
github.com/rcarmo/rdp-html5/internal/auth/ntlm.go:188.3,188.23 1 1
github.com/rcarmo/rdp-html5/internal/auth/ntlm.go:190.2,190.12 1 2
github.com/rcarmo/rdp-html5/internal/auth/ntlm.go:195.55,196.26 1 1
github.com/rcarmo/rdp-html5/internal/auth/ntlm.go:196.26,198.3 1 0
github.com/rcarmo/rdp-html5/internal/auth/ntlm.go:201.2,205.34 4 1
github.com/rcarmo/rdp-html5/internal/auth/ntlm.go:205.34,209.25 3 2
github.com/rcarmo/rdp-html5/internal/auth/ntlm.go:209.25,211.4 1 0
github.com/rcarmo/rdp-html5/internal/auth/ntlm.go:212.3,212.23 1 2
github.com/rcarmo/rdp-html5/internal/auth/ntlm.go:212.23,214.9 2 1
github.com/rcarmo/rdp-html5/internal/auth/ntlm.go:216.3,216.27 1 1
github.com/rcarmo/rdp-html5/internal/auth/ntlm.go:219.2,222.22 3 1
github.com/rcarmo/rdp-html5/internal/auth/ntlm.go:222.22,227.3 3 0
github.com/rcarmo/rdp-html5/internal/auth/ntlm.go:227.8,227.27 1 1
github.com/rcarmo/rdp-html5/internal/auth/ntlm.go:227.27,235.3 5 1
github.com/rcarmo/rdp-html5/internal/auth/ntlm.go:237.2,237.15 1 1
github.com/rcarmo/rdp-html5/internal/auth/ntlm.go:250.83,252.16 2 3
github.com/rcarmo/rdp-html5/internal/auth/ntlm.go:252.16,254.3 1 1
github.com/rcarmo/rdp-html5/internal/auth/ntlm.go:255.2,257.61 2 2
github.com/rcarmo/rdp-html5/internal/auth/ntlm.go:257.61,259.3 1 2
github.com/rcarmo/rdp-html5/internal/auth/ntlm.go:262.2,264.32 3 2
github.com/rcarmo/rdp-html5/internal/auth/ntlm.go:264.32,267.3 2 1
github.com/rcarmo/rdp-html5/internal/auth/ntlm.go:267.8,269.3 1 1
github.com/rcarmo/rdp-html5/internal/auth/ntlm.go:272.2,273.54 2 2
github.com/rcarmo/rdp-html5/internal/auth/ntlm.go:273.54,275.3 1 0
github.com/rcarmo/rdp-html5/internal/auth/ntlm.go:278.2,279.16 2 2
github.com/rcarmo/rdp-html5/internal/auth/ntlm.go:279.16,281.3 1 1
github.com/rcarmo/rdp-html5/internal/auth/ntlm.go:284.2,289.57 3 2
github.com/rcarmo/rdp-html5/internal/auth/ntlm.go:289.57,291.3 1 0
github.com/rcarmo/rdp-html5/internal/auth/ntlm.go:293.2,308.16 7 2
github.com/rcarmo/rdp-html5/internal/auth/ntlm.go:308.16,312.3 2 1
github.com/rcarmo/rdp-html5/internal/auth/ntlm.go:314.2,334.3 8 2
github.com/rcarmo/rdp-html5/internal/auth/ntlm.go:337.125,363.2 15 2
github.com/rcarmo/rdp-html5/internal/auth/ntlm.go:365.153,428.2 38 2
github.com/rcarmo/rdp-html5/internal/auth/ntlm.go:430.72,438.49 6 1
github.com/rcarmo/rdp-html5/internal/auth/ntlm.go:438.49,440.3 1 16
github.com/rcarmo/rdp-html5/internal/auth/ntlm.go:441.2,442.54 2 1
github.com/rcarmo/rdp-html5/internal/auth/ntlm.go:446.67,447.21 1 4
github.com/rcarmo/rdp-html5/internal/auth/ntlm.go:447.21,449.3 1 3
github.com/rcarmo/rdp-html5/internal/auth/ntlm.go:450.2,450.61 1 1
github.com/rcarmo/rdp-html5/internal/auth/ntlm.go:455.67,457.2 1 0
github.com/rcarmo/rdp-html5/internal/auth/ntlm.go:461.51,488.2 17 2
github.com/rcarmo/rdp-html5/internal/auth/ntlm.go:492.51,493.20 1 0
github.com/rcarmo/rdp-html5/internal/auth/ntlm.go:493.20,495.3 1 0
github.com/rcarmo/rdp-html5/internal/auth/ntlm.go:498.2,499.18 2 0
github.com/rcarmo/rdp-html5/internal/auth/ntlm.go:499.18,501.3 1 0
github.com/rcarmo/rdp-html5/internal/auth/ntlm.go:502.2,524.53 14 0
github.com/rcarmo/rdp-html5/internal/auth/ntlm.go:524.53,526.3 1 0
github.com/rcarmo/rdp-html5/internal/auth/ntlm.go:528.2,528.18 1 0
github.com/rcarmo/rdp-html5/internal/auth/ntlm.go:533.37,536.26 3 73
github.com/rcarmo/rdp-html5/internal/auth/ntlm.go:536.26,538.3 1 474
github.com/rcarmo/rdp-html5/internal/auth/ntlm.go:539.2,539.15 1 73
github.com/rcarmo/rdp-html5/internal/auth/ntlm.go:542.52,547.2 3 28
github.com/rcarmo/rdp-html5/internal/auth/ntlm.go:549.52,552.2 1 11
github.com/rcarmo/rdp-html5/internal/auth/ntlm.go:554.39,558.2 3 40
github.com/rcarmo/rdp-html5/internal/auth/ntlm.go:560.34,563.2 2 8
github.com/rcarmo/rdp-html5/internal/auth/ntlm.go:565.29,571.2 4 3
github.com/rcarmo/rdp-html5/internal/auth/ntlm.go:573.31,575.22 2 33
github.com/rcarmo/rdp-html5/internal/auth/ntlm.go:575.22,576.27 1 130
github.com/rcarmo/rdp-html5/internal/auth/ntlm.go:576.27,578.4 1 99
github.com/rcarmo/rdp-html5/internal/auth/ntlm.go:578.9,580.4 1 31
github.com/rcarmo/rdp-html5/internal/auth/ntlm.go:582.2,582.23 1 33
github.com/rcarmo/rdp-html5/cmd/server/main.go:27.13,29.18 2 2
github.com/rcarmo/rdp-html5/cmd/server/main.go:29.18,31.3 1 2
github.com/rcarmo/rdp-html5/cmd/server/main.go:32.2,32.34 1 0
github.com/rcarmo/rdp-html5/cmd/server/main.go:32.34,34.3 1 0
github.com/rcarmo/rdp-html5/cmd/server/main.go:53.40,55.2 1 3
github.com/rcarmo/rdp-html5/cmd/server/main.go:58.61,74.15 14 11
github.com/rcarmo/rdp-html5/cmd/server/main.go:74.15,77.3 2 2
github.com/rcarmo/rdp-html5/cmd/server/main.go:79.2,79.18 1 9
github.com/rcarmo/rdp-html5/cmd/server/main.go:79.18,82.3 2 2
github.com/rcarmo/rdp-html5/cmd/server/main.go:85.2,86.12 2 7
github.com/rcarmo/rdp-html5/cmd/server/main.go:86.12,89.3 2 1
github.com/rcarmo/rdp-html5/cmd/server/main.go:92.2,93.16 2 7
github.com/rcarmo/rdp-html5/cmd/server/main.go:93.16,96.3 2 1
github.com/rcarmo/rdp-html5/cmd/server/main.go:98.2,108.7 1 7
github.com/rcarmo/rdp-html5/cmd/server/main.go:112.33,126.16 3 2
github.com/rcarmo/rdp-html5/cmd/server/main.go:126.16,128.3 1 0
github.com/rcarmo/rdp-html5/cmd/server/main.go:130.2,134.24 4 2
github.com/rcarmo/rdp-html5/cmd/server/main.go:134.24,136.3 1 0
github.com/rcarmo/rdp-html5/cmd/server/main.go:137.2,139.90 2 2
github.com/rcarmo/rdp-html5/cmd/server/main.go:139.90,141.3 1 1
github.com/rcarmo/rdp-html5/cmd/server/main.go:142.2,142.12 1 0
github.com/rcarmo/rdp-html5/cmd/server/main.go:145.52,150.16 3 4
github.com/rcarmo/rdp-html5/cmd/server/main.go:150.16,152.3 1 0
github.com/rcarmo/rdp-html5/cmd/server/main.go:154.2,167.3 6 4
github.com/rcarmo/rdp-html5/cmd/server/main.go:170.82,171.16 1 7
github.com/rcarmo/rdp-html5/cmd/server/main.go:171.16,173.3 1 1
github.com/rcarmo/rdp-html5/cmd/server/main.go:175.2,176.34 2 6
github.com/rcarmo/rdp-html5/cmd/server/main.go:176.34,178.3 1 4
github.com/rcarmo/rdp-html5/cmd/server/main.go:179.2,182.10 3 6
github.com/rcarmo/rdp-html5/cmd/server/main.go:185.64,186.71 1 8
github.com/rcarmo/rdp-html5/cmd/server/main.go:186.71,197.3 7 4
github.com/rcarmo/rdp-html5/cmd/server/main.go:200.78,201.71 1 14
github.com/rcarmo/rdp-html5/cmd/server/main.go:201.71,203.54 2 10
github.com/rcarmo/rdp-html5/cmd/server/main.go:203.54,208.4 4 8
github.com/rcarmo/rdp-html5/cmd/server/main.go:210.3,210.37 1 10
github.com/rcarmo/rdp-html5/cmd/server/main.go:210.37,213.4 2 1
github.com/rcarmo/rdp-html5/cmd/server/main.go:215.3,215.23 1 9
github.com/rcarmo/rdp-html5/cmd/server/main.go:219.80,220.18 1 15
github.com/rcarmo/rdp-html5/cmd/server/main.go:220.18,222.3 1 2
github.com/rcarmo/rdp-html5/cmd/server/main.go:224.2,224.41 1 13
github.com/rcarmo/rdp-html5/cmd/server/main.go:224.41,225.43 1 9
github.com/rcarmo/rdp-html5/cmd/server/main.go:225.43,227.4 1 7
github.com/rcarmo/rdp-html5/cmd/server/main.go:232.2,232.30 1 6
github.com/rcarmo/rdp-html5/cmd/server/main.go:232.30,234.3 1 4
github.com/rcarmo/rdp-html5/cmd/server/main.go:236.2,236.14 1 2
github.com/rcarmo/rdp-html5/cmd/server/main.go:239.65,241.71 1 5
github.com/rcarmo/rdp-html5/cmd/server/main.go:241.71,243.3 1 2
github.com/rcarmo/rdp-html5/cmd/server/main.go:246.45,252.17 4 6
github.com/rcarmo/rdp-html5/cmd/server/main.go:252.17,254.3 1 0
github.com/rcarmo/rdp-html5/cmd/server/main.go:255.2,255.35 1 6
github.com/rcarmo/rdp-html5/cmd/server/main.go:258.63,259.71 1 5
github.com/rcarmo/rdp-html5/cmd/server/main.go:259.71,263.3 3 1
github.com/rcarmo/rdp-html5/cmd/server/main.go:266.63,267.19 1 6
github.com/rcarmo/rdp-html5/cmd/server/main.go:267.19,269.3 1 1
github.com/rcarmo/rdp-html5/cmd/server/main.go:271.2,272.42 2 5
github.com/rcarmo/rdp-html5/cmd/server/main.go:272.42,274.3 1 1
github.com/rcarmo/rdp-html5/cmd/server/main.go:276.2,276.12 1 3
github.com/rcarmo/rdp-html5/cmd/server/main.go:279.17,296.2 16 3
github.com/rcarmo/rdp-html5/cmd/server/main.go:298.20,302.2 3 3
github.com/rcarmo/rdp-html5/internal/codec/bitmap.go:9.66,10.17 1 25
github.com/rcarmo/rdp-html5/internal/codec/bitmap.go:10.17,12.3 1 8
github.com/rcarmo/rdp-html5/internal/codec/bitmap.go:14.2,15.50 2 17
github.com/rcarmo/rdp-html5/internal/codec/bitmap.go:15.50,17.3 1 2
github.com/rcarmo/rdp-html5/internal/codec/bitmap.go:19.2,22.28 3 15
github.com/rcarmo/rdp-html5/internal/codec/bitmap.go:22.28,29.3 5 20
github.com/rcarmo/rdp-html5/internal/codec/bitmap.go:41.45,45.21 3 3
github.com/rcarmo/rdp-html5/internal/codec/bitmap.go:45.21,47.3 1 1
github.com/rcarmo/rdp-html5/internal/codec/bitmap.go:48.2,48.54 1 3
github.com/rcarmo/rdp-html5/internal/codec/bitmap.go:48.54,54.3 4 261
github.com/rcarmo/rdp-html5/internal/codec/bitmap.go:59.45,63.52 3 5
github.com/rcarmo/rdp-html5/internal/codec/bitmap.go:63.52,69.3 5 27
github.com/rcarmo/rdp-html5/internal/codec/bitmap.go:73.13,75.27 1 1
github.com/rcarmo/rdp-html5/internal/codec/bitmap.go:75.27,80.3 4 256
github.com/rcarmo/rdp-html5/internal/codec/bitmap.go:153.43,157.49 3 6
github.com/rcarmo/rdp-html5/internal/codec/bitmap.go:157.49,176.3 13 24
github.com/rcarmo/rdp-html5/internal/codec/bitmap.go:180.43,184.49 3 6
github.com/rcarmo/rdp-html5/internal/codec/bitmap.go:184.49,203.3 13 24
github.com/rcarmo/rdp-html5/internal/codec/bitmap.go:207.42,211.49 3 5
github.com/rcarmo/rdp-html5/internal/codec/bitmap.go:211.49,219.3 6 26
github.com/rcarmo/rdp-html5/internal/codec/bitmap.go:223.43,224.55 1 5
github.com/rcarmo/rdp-html5/internal/codec/bitmap.go:224.55,229.3 4 24
github.com/rcarmo/rdp-html5/internal/codec/bitmap.go:236.96,240.47 2 19
github.com/rcarmo/rdp-html5/internal/codec/bitmap.go:240.47,243.29 2 2
github.com/rcarmo/rdp-html5/internal/codec/bitmap.go:243.29,245.19 2 1
github.com/rcarmo/rdp-html5/internal/codec/bitmap.go:245.19,247.5 1 0
github.com/rcarmo/rdp-html5/internal/codec/bitmap.go:251.2,254.18 3 19
github.com/rcarmo/rdp-html5/internal/codec/bitmap.go:254.18,255.14 1 7
github.com/rcarmo/rdp-html5/internal/codec/bitmap.go:256.10,260.57 4 1
github.com/rcarmo/rdp-html5/internal/codec/bitmap.go:260.57,262.5 1 0
github.com/rcarmo/rdp-html5/internal/codec/bitmap.go:263.11,267.58 4 1
github.com/rcarmo/rdp-html5/internal/codec/bitmap.go:267.58,269.5 1 0
github.com/rcarmo/rdp-html5/internal/codec/bitmap.go:270.11,274.58 4 1
github.com/rcarmo/rdp-html5/internal/codec/bitmap.go:274.58,276.5 1 0
github.com/rcarmo/rdp-html5/internal/codec/bitmap.go:277.15,283.58 4 3
github.com/rcarmo/rdp-html5/internal/codec/bitmap.go:283.58,285.5 1 0
github.com/rcarmo/rdp-html5/internal/codec/bitmap.go:286.11,287.14 1 1
github.com/rcarmo/rdp-html5/internal/codec/bitmap.go:289.8,291.14 1 12
github.com/rcarmo/rdp-html5/internal/codec/bitmap.go:292.10,293.24 1 2
github.com/rcarmo/rdp-html5/internal/codec/bitmap.go:294.15,295.24 1 4
github.com/rcarmo/rdp-html5/internal/codec/bitmap.go:296.11,297.24 1 3
github.com/rcarmo/rdp-html5/internal/codec/bitmap.go:298.11,299.24 1 2
github.com/rcarmo/rdp-html5/internal/codec/bitmap.go:300.11,301.30 1 1
github.com/rcarmo/rdp-html5/internal/codec/bitmap.go:303.3,306.24 4 12
github.com/rcarmo/rdp-html5/internal/codec/bitmap.go:306.24,308.4 1 1
github.com/rcarmo/rdp-html5/internal/codec/bitmap.go:309.3,309.27 1 12
github.com/rcarmo/rdp-html5/internal/codec/bitmap.go:313.2,317.13 3 18
github.com/rcarmo/rdp-html5/internal/codec/bitmap.go:318.9,319.28 1 3
github.com/rcarmo/rdp-html5/internal/codec/bitmap.go:320.10,321.26 1 3
github.com/rcarmo/rdp-html5/internal/codec/bitmap.go:322.10,323.26 1 3
github.com/rcarmo/rdp-html5/internal/codec/bitmap.go:324.10,325.25 1 4
github.com/rcarmo/rdp-html5/internal/codec/bitmap.go:326.10,327.26 1 4
github.com/rcarmo/rdp-html5/internal/codec/bitmap.go:328.10,329.13 1 1
github.com/rcarmo/rdp-html5/internal/codec/bitmap.go:332.2,332.13 1 17
github.com/rcarmo/rdp-html5/internal/codec/decoder.go:39.60,40.20 1 13
github.com/rcarmo/rdp-html5/internal/codec/decoder.go:40.20,42.3 1 2
github.com/rcarmo/rdp-html5/internal/codec/decoder.go:44.2,54.60 2 11
github.com/rcarmo/rdp-html5/internal/codec/decoder.go:54.60,56.3 1 2
github.com/rcarmo/rdp-html5/internal/codec/decoder.go:58.2,61.35 2 9
github.com/rcarmo/rdp-html5/internal/codec/decoder.go:61.35,62.59 1 9
github.com/rcarmo/rdp-html5/internal/codec/decoder.go:62.59,64.4 1 1
github.com/rcarmo/rdp-html5/internal/codec/decoder.go:65.3,66.38 2 8
github.com/rcarmo/rdp-html5/internal/codec/decoder.go:70.2,70.43 1 8
github.com/rcarmo/rdp-html5/internal/codec/decoder.go:70.43,71.67 1 8
github.com/rcarmo/rdp-html5/internal/codec/decoder.go:71.67,73.4 1 1
github.com/rcarmo/rdp-html5/internal/codec/decoder.go:74.3,75.46 2 7
github.com/rcarmo/rdp-html5/internal/codec/decoder.go:79.2,79.42 1 7
github.com/rcarmo/rdp-html5/internal/codec/decoder.go:79.42,80.66 1 7
github.com/rcarmo/rdp-html5/internal/codec/decoder.go:80.66,82.4 1 1
github.com/rcarmo/rdp-html5/internal/codec/decoder.go:83.3,84.45 2 6
github.com/rcarmo/rdp-html5/internal/codec/decoder.go:88.2,88.36 1 6
github.com/rcarmo/rdp-html5/internal/codec/decoder.go:88.36,89.60 1 2
github.com/rcarmo/rdp-html5/internal/codec/decoder.go:89.60,91.4 1 1
github.com/rcarmo/rdp-html5/internal/codec/decoder.go:92.3,92.71 1 1
github.com/rcarmo/rdp-html5/internal/codec/decoder.go:95.2,95.20 1 5
github.com/rcarmo/rdp-html5/internal/codec/decoder.go:100.61,102.16 2 6
github.com/rcarmo/rdp-html5/internal/codec/decoder.go:102.16,104.3 1 2
github.com/rcarmo/rdp-html5/internal/codec/decoder.go:106.2,106.37 1 4
github.com/rcarmo/rdp-html5/internal/codec/decoder.go:110.66,117.23 4 5
github.com/rcarmo/rdp-html5/internal/codec/decoder.go:117.23,122.3 4 1
github.com/rcarmo/rdp-html5/internal/codec/decoder.go:122.8,127.3 4 4
github.com/rcarmo/rdp-html5/internal/codec/decoder.go:129.2,134.16 4 5
github.com/rcarmo/rdp-html5/internal/codec/decoder.go:134.16,136.3 1 1
github.com/rcarmo/rdp-html5/internal/codec/decoder.go:139.2,140.16 2 4
github.com/rcarmo/rdp-html5/internal/codec/decoder.go:140.16,142.3 1 0
github.com/rcarmo/rdp-html5/internal/codec/decoder.go:145.2,146.16 2 4
github.com/rcarmo/rdp-html5/internal/codec/decoder.go:146.16,148.3 1 0
github.com/rcarmo/rdp-html5/internal/codec/decoder.go:151.2,152.31 2 4
github.com/rcarmo/rdp-html5/internal/codec/decoder.go:152.31,155.17 3 1
github.com/rcarmo/rdp-html5/internal/codec/decoder.go:155.17,157.4 1 0
github.com/rcarmo/rdp-html5/internal/codec/decoder.go:161.2,161.23 1 4
github.com/rcarmo/rdp-html5/internal/codec/decoder.go:161.23,164.3 2 1
github.com/rcarmo/rdp-html5/internal/codec/decoder.go:167.2,167.26 1 4
github.com/rcarmo/rdp-html5/internal/codec/decoder.go:167.26,170.3 2 1
github.com/rcarmo/rdp-html5/internal/codec/decoder.go:173.2,173.107 1 4
github.com/rcarmo/rdp-html5/internal/codec/decoder.go:177.69,178.31 1 17
github.com/rcarmo/rdp-html5/internal/codec/decoder.go:178.31,181.3 1 14
github.com/rcarmo/rdp-html5/internal/codec/decoder.go:183.2,183.30 1 3
github.com/rcarmo/rdp-html5/internal/codec/decoder.go:183.30,185.3 1 2
github.com/rcarmo/rdp-html5/internal/codec/decoder.go:188.2,188.42 1 1
github.com/rcarmo/rdp-html5/internal/codec/decoder.go:193.67,194.19 1 10
github.com/rcarmo/rdp-html5/internal/codec/decoder.go:194.19,196.3 1 1
github.com/rcarmo/rdp-html5/internal/codec/decoder.go:198.2,202.55 4 9
github.com/rcarmo/rdp-html5/internal/codec/decoder.go:202.55,203.24 1 10
github.com/rcarmo/rdp-html5/internal/codec/decoder.go:203.24,204.9 1 0
github.com/rcarmo/rdp-html5/internal/codec/decoder.go:208.3,211.23 3 10
github.com/rcarmo/rdp-html5/internal/codec/decoder.go:211.23,214.22 2 6
github.com/rcarmo/rdp-html5/internal/codec/decoder.go:214.22,216.26 1 2
github.com/rcarmo/rdp-html5/internal/codec/decoder.go:216.26,218.6 1 0
github.com/rcarmo/rdp-html5/internal/codec/decoder.go:219.5,220.13 2 2
github.com/rcarmo/rdp-html5/internal/codec/decoder.go:222.4,222.25 1 6
github.com/rcarmo/rdp-html5/internal/codec/decoder.go:222.25,224.5 1 0
github.com/rcarmo/rdp-html5/internal/codec/decoder.go:225.4,228.67 3 6
github.com/rcarmo/rdp-html5/internal/codec/decoder.go:228.67,230.5 1 270
github.com/rcarmo/rdp-html5/internal/codec/decoder.go:231.9,234.26 2 4
github.com/rcarmo/rdp-html5/internal/codec/decoder.go:234.26,236.26 1 2
github.com/rcarmo/rdp-html5/internal/codec/decoder.go:236.26,238.6 1 0
github.com/rcarmo/rdp-html5/internal/codec/decoder.go:239.5,240.13 2 2
github.com/rcarmo/rdp-html5/internal/codec/decoder.go:243.4,243.38 1 4
github.com/rcarmo/rdp-html5/internal/codec/decoder.go:243.38,245.5 1 1
github.com/rcarmo/rdp-html5/internal/codec/decoder.go:247.4,248.27 2 3
github.com/rcarmo/rdp-html5/internal/codec/decoder.go:253.2,253.20 1 8
github.com/rcarmo/rdp-html5/internal/codec/decoder.go:253.20,255.29 2 8
github.com/rcarmo/rdp-html5/internal/codec/decoder.go:255.29,256.34 1 32
github.com/rcarmo/rdp-html5/internal/codec/decoder.go:256.34,258.5 1 32
github.com/rcarmo/rdp-html5/internal/codec/decoder.go:263.2,263.33 1 8
github.com/rcarmo/rdp-html5/internal/codec/decoder.go:263.33,265.3 1 5
github.com/rcarmo/rdp-html5/internal/codec/decoder.go:267.2,267.35 1 8
github.com/rcarmo/rdp-html5/internal/codec/decoder.go:271.91,274.33 2 6
github.com/rcarmo/rdp-html5/internal/codec/decoder.go:274.33,276.24 2 14
github.com/rcarmo/rdp-html5/internal/codec/decoder.go:276.24,278.4 1 0
github.com/rcarmo/rdp-html5/internal/codec/decoder.go:280.3,280.33 1 14
github.com/rcarmo/rdp-html5/internal/codec/decoder.go:280.33,282.24 2 68
github.com/rcarmo/rdp-html5/internal/codec/decoder.go:282.24,284.5 1 0
github.com/rcarmo/rdp-html5/internal/codec/decoder.go:286.4,289.27 3 68
github.com/rcarmo/rdp-html5/internal/codec/decoder.go:289.27,291.5 1 68
github.com/rcarmo/rdp-html5/internal/codec/decoder.go:295.2,295.15 1 6
github.com/rcarmo/rdp-html5/internal/codec/decoder.go:299.66,300.25 1 14
github.com/rcarmo/rdp-html5/internal/codec/decoder.go:300.25,302.3 1 2
github.com/rcarmo/rdp-html5/internal/codec/decoder.go:305.2,308.26 3 12
github.com/rcarmo/rdp-html5/internal/codec/decoder.go:308.26,311.21 2 15
github.com/rcarmo/rdp-html5/internal/codec/decoder.go:311.21,313.4 1 3
github.com/rcarmo/rdp-html5/internal/codec/decoder.go:314.3,314.29 1 15
github.com/rcarmo/rdp-html5/internal/codec/decoder.go:317.2,317.15 1 12
github.com/rcarmo/rdp-html5/internal/codec/decoder.go:322.113,325.33 2 11
github.com/rcarmo/rdp-html5/internal/codec/decoder.go:325.33,326.33 1 12
github.com/rcarmo/rdp-html5/internal/codec/decoder.go:326.33,330.75 3 16
github.com/rcarmo/rdp-html5/internal/codec/decoder.go:330.75,331.13 1 3
github.com/rcarmo/rdp-html5/internal/codec/decoder.go:335.4,354.45 11 13
github.com/rcarmo/rdp-html5/internal/codec/decoder.go:354.45,356.5 1 4
github.com/rcarmo/rdp-html5/internal/codec/decoder.go:356.10,358.5 1 9
github.com/rcarmo/rdp-html5/internal/codec/decoder.go:362.2,362.18 1 11
github.com/rcarmo/rdp-html5/internal/codec/decoder.go:366.23,367.11 1 44
github.com/rcarmo/rdp-html5/internal/codec/decoder.go:367.11,369.3 1 3
github.com/rcarmo/rdp-html5/internal/codec/decoder.go:370.2,370.13 1 41
github.com/rcarmo/rdp-html5/internal/codec/decoder.go:370.13,372.3 1 4
github.com/rcarmo/rdp-html5/internal/codec/decoder.go:373.2,373.10 1 37
github.com/rcarmo/rdp-html5/internal/codec/decoder.go:377.38,378.12 1 11
github.com/rcarmo/rdp-html5/internal/codec/decoder.go:378.12,380.3 1 1
github.com/rcarmo/rdp-html5/internal/codec/decoder.go:381.2,382.20 2 10
github.com/rcarmo/rdp-html5/internal/codec/decoder.go:382.20,384.3 1 4
github.com/rcarmo/rdp-html5/internal/codec/decoder.go:385.2,385.26 1 6
github.com/rcarmo/rdp-html5/internal/codec/encode.go:10.30,13.45 2 5
github.com/rcarmo/rdp-html5/internal/codec/encode.go:13.45,15.3 1 9
github.com/rcarmo/rdp-html5/internal/codec/encode.go:17.2,17.20 1 5
github.com/rcarmo/rdp-html5/internal/codec/nscodec.go:6.65,7.31 1 10
github.com/rcarmo/rdp-html5/internal/codec/nscodec.go:7.31,10.3 1 3
github.com/rcarmo/rdp-html5/internal/codec/nscodec.go:12.2,12.47 1 7
github.com/rcarmo/rdp-html5/internal/codec/nscodec.go:12.47,14.3 1 4
github.com/rcarmo/rdp-html5/internal/codec/nscodec.go:16.2,20.55 4 3
github.com/rcarmo/rdp-html5/internal/codec/nscodec.go:20.55,24.23 3 3
github.com/rcarmo/rdp-html5/internal/codec/nscodec.go:24.23,27.22 2 2
github.com/rcarmo/rdp-html5/internal/codec/nscodec.go:27.22,28.26 1 0
github.com/rcarmo/rdp-html5/internal/codec/nscodec.go:28.26,30.6 1 0
github.com/rcarmo/rdp-html5/internal/codec/nscodec.go:31.5,32.13 2 0
github.com/rcarmo/rdp-html5/internal/codec/nscodec.go:34.4,34.25 1 2
github.com/rcarmo/rdp-html5/internal/codec/nscodec.go:34.25,36.5 1 0
github.com/rcarmo/rdp-html5/internal/codec/nscodec.go:37.4,40.67 3 2
github.com/rcarmo/rdp-html5/internal/codec/nscodec.go:40.67,42.5 1 6
github.com/rcarmo/rdp-html5/internal/codec/nscodec.go:43.9,46.26 2 1
github.com/rcarmo/rdp-html5/internal/codec/nscodec.go:46.26,47.26 1 0
github.com/rcarmo/rdp-html5/internal/codec/nscodec.go:47.26,49.6 1 0
github.com/rcarmo/rdp-html5/internal/codec/nscodec.go:50.5,51.13 2 0
github.com/rcarmo/rdp-html5/internal/codec/nscodec.go:54.4,54.38 1 1
github.com/rcarmo/rdp-html5/internal/codec/nscodec.go:54.38,56.5 1 0
github.com/rcarmo/rdp-html5/internal/codec/nscodec.go:58.4,59.27 2 1
github.com/rcarmo/rdp-html5/internal/codec/nscodec.go:64.2,64.20 1 3
github.com/rcarmo/rdp-html5/internal/codec/nscodec.go:64.20,66.29 2 3
github.com/rcarmo/rdp-html5/internal/codec/nscodec.go:66.29,67.34 1 12
github.com/rcarmo/rdp-html5/internal/codec/nscodec.go:67.34,69.5 1 12
github.com/rcarmo/rdp-html5/internal/codec/nscodec.go:74.2,74.33 1 3
github.com/rcarmo/rdp-html5/internal/codec/nscodec.go:74.33,76.3 1 6
github.com/rcarmo/rdp-html5/internal/codec/nscodec.go:78.2,78.30 1 3
github.com/rcarmo/rdp-html5/internal/codec/nscodec.go:82.91,85.33 2 0
github.com/rcarmo/rdp-html5/internal/codec/nscodec.go:85.33,87.24 2 0
github.com/rcarmo/rdp-html5/internal/codec/nscodec.go:87.24,89.4 1 0
github.com/rcarmo/rdp-html5/internal/codec/nscodec.go:91.3,91.33 1 0
github.com/rcarmo/rdp-html5/internal/codec/nscodec.go:91.33,93.24 2 0
github.com/rcarmo/rdp-html5/internal/codec/nscodec.go:93.24,95.5 1 0
github.com/rcarmo/rdp-html5/internal/codec/nscodec.go:97.4,100.27 3 0
github.com/rcarmo/rdp-html5/internal/codec/nscodec.go:100.27,102.5 1 0
github.com/rcarmo/rdp-html5/internal/codec/nscodec.go:106.2,106.15 1 0
github.com/rcarmo/rdp-html5/internal/codec/nscodec.go:110.66,111.25 1 0
github.com/rcarmo/rdp-html5/internal/codec/nscodec.go:111.25,113.3 1 0
github.com/rcarmo/rdp-html5/internal/codec/nscodec.go:115.2,118.26 3 0
github.com/rcarmo/rdp-html5/internal/codec/nscodec.go:118.26,120.21 2 0
github.com/rcarmo/rdp-html5/internal/codec/nscodec.go:120.21,122.4 1 0
github.com/rcarmo/rdp-html5/internal/codec/nscodec.go:123.3,123.29 1 0
github.com/rcarmo/rdp-html5/internal/codec/nscodec.go:126.2,126.15 1 0
github.com/rcarmo/rdp-html5/internal/codec/nscodec.go:130.30,131.11 1 8
github.com/rcarmo/rdp-html5/internal/codec/nscodec.go:131.11,133.3 1 1
github.com/rcarmo/rdp-html5/internal/codec/nscodec.go:134.2,134.13 1 7
github.com/rcarmo/rdp-html5/internal/codec/nscodec.go:134.13,136.3 1 1
github.com/rcarmo/rdp-html5/internal/codec/nscodec.go:137.2,137.16 1 6
github.com/rcarmo/rdp-html5/internal/codec/nscodec.go:141.104,144.33 2 1
github.com/rcarmo/rdp-html5/internal/codec/nscodec.go:144.33,145.33 1 1
github.com/rcarmo/rdp-html5/internal/codec/nscodec.go:145.33,149.75 3 1
github.com/rcarmo/rdp-html5/internal/codec/nscodec.go:149.75,150.13 1 0
github.com/rcarmo/rdp-html5/internal/codec/nscodec.go:154.4,169.45 11 1
github.com/rcarmo/rdp-html5/internal/codec/nscodec.go:169.45,171.5 1 0
github.com/rcarmo/rdp-html5/internal/codec/nscodec.go:171.10,173.5 1 1
github.com/rcarmo/rdp-html5/internal/codec/nscodec.go:177.2,177.13 1 1
github.com/rcarmo/rdp-html5/internal/codec/nscodec.go:181.65,182.20 1 3
github.com/rcarmo/rdp-html5/internal/codec/nscodec.go:182.20,184.3 1 1
github.com/rcarmo/rdp-html5/internal/codec/nscodec.go:187.2,195.46 7 2
github.com/rcarmo/rdp-html5/internal/codec/nscodec.go:195.46,197.3 1 2
github.com/rcarmo/rdp-html5/internal/codec/nscodec.go:199.2,205.23 4 0
github.com/rcarmo/rdp-html5/internal/codec/nscodec.go:205.23,210.3 4 0
github.com/rcarmo/rdp-html5/internal/codec/nscodec.go:210.8,215.3 4 0
github.com/rcarmo/rdp-html5/internal/codec/nscodec.go:217.2,225.28 5 0
github.com/rcarmo/rdp-html5/internal/codec/nscodec.go:225.28,226.44 1 0
github.com/rcarmo/rdp-html5/internal/codec/nscodec.go:226.44,228.4 1 0
github.com/rcarmo/rdp-html5/internal/codec/nscodec.go:229.3,230.31 2 0
github.com/rcarmo/rdp-html5/internal/codec/nscodec.go:233.2,233.36 1 0
github.com/rcarmo/rdp-html5/internal/codec/nscodec.go:233.36,234.52 1 0
github.com/rcarmo/rdp-html5/internal/codec/nscodec.go:234.52,236.4 1 0
github.com/rcarmo/rdp-html5/internal/codec/nscodec.go:237.3,238.39 2 0
github.com/rcarmo/rdp-html5/internal/codec/nscodec.go:241.2,241.35 1 0
github.com/rcarmo/rdp-html5/internal/codec/nscodec.go:241.35,242.51 1 0
github.com/rcarmo/rdp-html5/internal/codec/nscodec.go:242.51,244.4 1 0
github.com/rcarmo/rdp-html5/internal/codec/nscodec.go:245.3,246.38 2 0
github.com/rcarmo/rdp-html5/internal/codec/nscodec.go:249.2,249.29 1 0
github.com/rcarmo/rdp-html5/internal/codec/nscodec.go:249.29,250.45 1 0
github.com/rcarmo/rdp-html5/internal/codec/nscodec.go:250.45,252.4 1 0
github.com/rcarmo/rdp-html5/internal/codec/nscodec.go:253.3,253.61 1 0
github.com/rcarmo/rdp-html5/internal/codec/nscodec.go:257.2,258.22 2 0
github.com/rcarmo/rdp-html5/internal/codec/nscodec.go:258.22,260.3 1 0
github.com/rcarmo/rdp-html5/internal/codec/nscodec.go:262.2,263.24 2 0
github.com/rcarmo/rdp-html5/internal/codec/nscodec.go:263.24,265.3 1 0
github.com/rcarmo/rdp-html5/internal/codec/nscodec.go:267.2,268.23 2 0
github.com/rcarmo/rdp-html5/internal/codec/nscodec.go:268.23,270.3 1 0
github.com/rcarmo/rdp-html5/internal/codec/nscodec.go:272.2,273.29 2 0
github.com/rcarmo/rdp-html5/internal/codec/nscodec.go:273.29,276.24 3 0
github.com/rcarmo/rdp-html5/internal/codec/nscodec.go:276.24,278.4 1 0
github.com/rcarmo/rdp-html5/internal/codec/nscodec.go:282.2,282.23 1 0
github.com/rcarmo/rdp-html5/internal/codec/nscodec.go:282.23,285.3 2 0
github.com/rcarmo/rdp-html5/internal/codec/nscodec.go:288.2,288.24 1 0
github.com/rcarmo/rdp-html5/internal/codec/nscodec.go:288.24,291.3 2 0
github.com/rcarmo/rdp-html5/internal/codec/nscodec.go:294.2,294.107 1 0
github.com/rcarmo/rdp-html5/internal/codec/planar.go:13.61,14.18 1 6
github.com/rcarmo/rdp-html5/internal/codec/planar.go:14.18,16.3 1 2
github.com/rcarmo/rdp-html5/internal/codec/planar.go:18.2,32.13 10 4
github.com/rcarmo/rdp-html5/internal/codec/planar.go:32.13,33.25 1 2
github.com/rcarmo/rdp-html5/internal/codec/planar.go:33.25,35.4 1 104
github.com/rcarmo/rdp-html5/internal/codec/planar.go:38.2,38.12 1 4
github.com/rcarmo/rdp-html5/internal/codec/planar.go:38.12,42.15 2 0
github.com/rcarmo/rdp-html5/internal/codec/planar.go:42.15,44.20 2 0
github.com/rcarmo/rdp-html5/internal/codec/planar.go:44.20,46.5 1 0
github.com/rcarmo/rdp-html5/internal/codec/planar.go:47.4,47.22 1 0
github.com/rcarmo/rdp-html5/internal/codec/planar.go:50.3,51.19 2 0
github.com/rcarmo/rdp-html5/internal/codec/planar.go:51.19,53.4 1 0
github.com/rcarmo/rdp-html5/internal/codec/planar.go:54.3,57.19 3 0
github.com/rcarmo/rdp-html5/internal/codec/planar.go:57.19,59.4 1 0
github.com/rcarmo/rdp-html5/internal/codec/planar.go:60.3,63.19 3 0
github.com/rcarmo/rdp-html5/internal/codec/planar.go:63.19,65.4 1 0
github.com/rcarmo/rdp-html5/internal/codec/planar.go:66.8,68.15 1 4
github.com/rcarmo/rdp-html5/internal/codec/planar.go:68.15,69.35 1 2
github.com/rcarmo/rdp-html5/internal/codec/planar.go:69.35,71.5 1 1
github.com/rcarmo/rdp-html5/internal/codec/planar.go:72.4,73.23 2 1
github.com/rcarmo/rdp-html5/internal/codec/planar.go:76.3,76.34 1 3
github.com/rcarmo/rdp-html5/internal/codec/planar.go:76.34,78.4 1 1
github.com/rcarmo/rdp-html5/internal/codec/planar.go:79.3,82.34 3 2
github.com/rcarmo/rdp-html5/internal/codec/planar.go:82.34,84.4 1 0
github.com/rcarmo/rdp-html5/internal/codec/planar.go:85.3,88.34 3 2
github.com/rcarmo/rdp-html5/internal/codec/planar.go:88.34,90.4 1 0
github.com/rcarmo/rdp-html5/internal/codec/planar.go:91.3,91.45 1 2
github.com/rcarmo/rdp-html5/internal/codec/planar.go:95.2,96.30 2 2
github.com/rcarmo/rdp-html5/internal/codec/planar.go:96.30,99.30 3 4
github.com/rcarmo/rdp-html5/internal/codec/planar.go:99.30,106.4 6 8
github.com/rcarmo/rdp-html5/internal/codec/planar.go:109.2,109.13 1 2
github.com/rcarmo/rdp-html5/internal/codec/planar.go:114.78,119.30 4 4
github.com/rcarmo/rdp-html5/internal/codec/planar.go:119.30,123.26 3 4
github.com/rcarmo/rdp-html5/internal/codec/planar.go:123.26,124.26 1 4
github.com/rcarmo/rdp-html5/internal/codec/planar.go:124.26,126.5 1 0
github.com/rcarmo/rdp-html5/internal/codec/planar.go:128.4,135.22 5 4
github.com/rcarmo/rdp-html5/internal/codec/planar.go:136.11,138.18 2 1
github.com/rcarmo/rdp-html5/internal/codec/planar.go:139.11,141.18 2 0
github.com/rcarmo/rdp-html5/internal/codec/planar.go:144.4,144.38 1 4
github.com/rcarmo/rdp-html5/internal/codec/planar.go:144.38,146.5 1 0
github.com/rcarmo/rdp-html5/internal/codec/planar.go:148.4,148.31 1 4
github.com/rcarmo/rdp-html5/internal/codec/planar.go:148.31,150.23 1 4
github.com/rcarmo/rdp-html5/internal/codec/planar.go:150.23,151.50 1 7
github.com/rcarmo/rdp-html5/internal/codec/planar.go:151.50,153.7 1 1
github.com/rcarmo/rdp-html5/internal/codec/planar.go:154.6,159.17 6 6
github.com/rcarmo/rdp-html5/internal/codec/planar.go:162.5,162.24 1 3
github.com/rcarmo/rdp-html5/internal/codec/planar.go:162.24,163.28 1 24
github.com/rcarmo/rdp-html5/internal/codec/planar.go:163.28,165.7 1 0
github.com/rcarmo/rdp-html5/internal/codec/planar.go:166.6,169.18 4 24
github.com/rcarmo/rdp-html5/internal/codec/planar.go:171.10,173.23 1 0
github.com/rcarmo/rdp-html5/internal/codec/planar.go:173.23,174.50 1 0
github.com/rcarmo/rdp-html5/internal/codec/planar.go:174.50,176.7 1 0
github.com/rcarmo/rdp-html5/internal/codec/planar.go:177.6,181.27 3 0
github.com/rcarmo/rdp-html5/internal/codec/planar.go:181.27,184.7 1 0
github.com/rcarmo/rdp-html5/internal/codec/planar.go:184.12,187.7 1 0
github.com/rcarmo/rdp-html5/internal/codec/planar.go:190.6,193.17 4 0
github.com/rcarmo/rdp-html5/internal/codec/planar.go:197.5,197.24 1 0
github.com/rcarmo/rdp-html5/internal/codec/planar.go:197.24,198.28 1 0
github.com/rcarmo/rdp-html5/internal/codec/planar.go:198.28,200.7 1 0
github.com/rcarmo/rdp-html5/internal/codec/planar.go:201.6,204.18 4 0
github.com/rcarmo/rdp-html5/internal/codec/planar.go:209.3,209.54 1 3
github.com/rcarmo/rdp-html5/internal/codec/planar.go:212.2,212.15 1 3
github.com/rcarmo/rdp-html5/internal/codec/rle15.go:7.47,9.2 1 2
github.com/rcarmo/rdp-html5/internal/codec/rle15.go:12.55,14.2 1 1
github.com/rcarmo/rdp-html5/internal/codec/rle15.go:17.122,19.2 1 1
github.com/rcarmo/rdp-html5/internal/codec/rle15.go:22.66,24.2 1 1
github.com/rcarmo/rdp-html5/internal/codec/rle16.go:7.47,9.2 1 1
github.com/rcarmo/rdp-html5/internal/codec/rle16.go:12.55,14.2 1 1
github.com/rcarmo/rdp-html5/internal/codec/rle16.go:17.122,19.2 1 1
github.com/rcarmo/rdp-html5/internal/codec/rle16.go:22.66,24.2 1 4
github.com/rcarmo/rdp-html5/internal/codec/rle24.go:7.47,9.2 1 1
github.com/rcarmo/rdp-html5/internal/codec/rle24.go:12.55,14.2 1 1
github.com/rcarmo/rdp-html5/internal/codec/rle24.go:17.122,19.2 1 1
github.com/rcarmo/rdp-html5/internal/codec/rle24.go:22.66,24.2 1 5
github.com/rcarmo/rdp-html5/internal/codec/rle32.go:7.47,9.2 1 1
github.com/rcarmo/rdp-html5/internal/codec/rle32.go:12.55,14.2 1 1
github.com/rcarmo/rdp-html5/internal/codec/rle32.go:17.122,19.2 1 1
github.com/rcarmo/rdp-html5/internal/codec/rle32.go:22.66,24.2 1 2
github.com/rcarmo/rdp-html5/internal/codec/rle8.go:7.119,9.2 1 3
github.com/rcarmo/rdp-html5/internal/codec/rle8.go:12.65,14.2 1 6
github.com/rcarmo/rdp-html5/internal/codec/rle_common.go:37.41,38.32 1 36
github.com/rcarmo/rdp-html5/internal/codec/rle_common.go:38.32,40.3 1 19
github.com/rcarmo/rdp-html5/internal/codec/rle_common.go:41.2,41.32 1 17
github.com/rcarmo/rdp-html5/internal/codec/rle_common.go:41.32,43.3 1 13
github.com/rcarmo/rdp-html5/internal/codec/rle_common.go:44.2,44.29 1 4
github.com/rcarmo/rdp-html5/internal/codec/rle_common.go:48.36,49.14 1 28
github.com/rcarmo/rdp-html5/internal/codec/rle_common.go:50.88,51.14 1 21
github.com/rcarmo/rdp-html5/internal/codec/rle_common.go:53.2,53.14 1 7
github.com/rcarmo/rdp-html5/internal/codec/rle_common.go:57.33,58.14 1 9
github.com/rcarmo/rdp-html5/internal/codec/rle_common.go:59.59,60.14 1 4
github.com/rcarmo/rdp-html5/internal/codec/rle_common.go:62.2,62.14 1 5
github.com/rcarmo/rdp-html5/internal/codec/rle_common.go:66.37,67.14 1 14
github.com/rcarmo/rdp-html5/internal/codec/rle_common.go:69.81,70.14 1 9
github.com/rcarmo/rdp-html5/internal/codec/rle_common.go:72.2,72.14 1 5
github.com/rcarmo/rdp-html5/internal/codec/rle_common.go:76.81,78.30 1 20
github.com/rcarmo/rdp-html5/internal/codec/rle_common.go:78.30,79.19 1 24
github.com/rcarmo/rdp-html5/internal/codec/rle_common.go:79.19,81.4 1 23
github.com/rcarmo/rdp-html5/internal/codec/rle_common.go:82.3,82.11 1 1
github.com/rcarmo/rdp-html5/internal/codec/rle_common.go:85.2,85.30 1 20
github.com/rcarmo/rdp-html5/internal/codec/rle_common.go:85.30,87.18 2 2
github.com/rcarmo/rdp-html5/internal/codec/rle_common.go:87.18,89.4 1 1
github.com/rcarmo/rdp-html5/internal/codec/rle_common.go:90.3,90.29 1 1
github.com/rcarmo/rdp-html5/internal/codec/rle_common.go:93.2,93.32 1 18
github.com/rcarmo/rdp-html5/internal/codec/rle_common.go:93.32,95.18 2 0
github.com/rcarmo/rdp-html5/internal/codec/rle_common.go:95.18,97.4 1 0
github.com/rcarmo/rdp-html5/internal/codec/rle_common.go:98.3,98.29 1 0
github.com/rcarmo/rdp-html5/internal/codec/rle_common.go:101.2,101.25 1 18
github.com/rcarmo/rdp-html5/internal/codec/rle_common.go:101.25,103.18 2 16
github.com/rcarmo/rdp-html5/internal/codec/rle_common.go:103.18,105.4 1 2
github.com/rcarmo/rdp-html5/internal/codec/rle_common.go:106.3,106.25 1 14
github.com/rcarmo/rdp-html5/internal/codec/rle_common.go:109.2,109.22 1 2
github.com/rcarmo/rdp-html5/internal/codec/rle_common.go:109.22,111.18 2 1
github.com/rcarmo/rdp-html5/internal/codec/rle_common.go:111.18,113.4 1 0
github.com/rcarmo/rdp-html5/internal/codec/rle_common.go:114.3,114.25 1 1
github.com/rcarmo/rdp-html5/internal/codec/rle_common.go:117.2,117.26 1 1
github.com/rcarmo/rdp-html5/internal/codec/rle_common.go:117.26,120.3 2 1
github.com/rcarmo/rdp-html5/internal/codec/rle_common.go:122.2,122.19 1 0
github.com/rcarmo/rdp-html5/internal/codec/rle_generic.go:17.46,18.23 1 10
github.com/rcarmo/rdp-html5/internal/codec/rle_generic.go:18.23,20.4 1 0
github.com/rcarmo/rdp-html5/internal/codec/rle_generic.go:21.3,21.19 1 10
github.com/rcarmo/rdp-html5/internal/codec/rle_generic.go:23.54,24.23 1 34
github.com/rcarmo/rdp-html5/internal/codec/rle_generic.go:24.23,26.4 1 0
github.com/rcarmo/rdp-html5/internal/codec/rle_generic.go:27.3,27.20 1 34
github.com/rcarmo/rdp-html5/internal/codec/rle_generic.go:36.47,37.25 1 2
github.com/rcarmo/rdp-html5/internal/codec/rle_generic.go:37.25,39.4 1 0
github.com/rcarmo/rdp-html5/internal/codec/rle_generic.go:40.3,40.56 1 2
github.com/rcarmo/rdp-html5/internal/codec/rle_generic.go:42.55,43.25 1 6
github.com/rcarmo/rdp-html5/internal/codec/rle_generic.go:43.25,45.4 1 0
github.com/rcarmo/rdp-html5/internal/codec/rle_generic.go:46.3,47.42 2 6
github.com/rcarmo/rdp-html5/internal/codec/rle_generic.go:56.47,57.25 1 3
github.com/rcarmo/rdp-html5/internal/codec/rle_generic.go:57.25,59.4 1 0
github.com/rcarmo/rdp-html5/internal/codec/rle_generic.go:60.3,60.56 1 3
github.com/rcarmo/rdp-html5/internal/codec/rle_generic.go:62.55,63.25 1 13
github.com/rcarmo/rdp-html5/internal/codec/rle_generic.go:63.25,65.4 1 0
github.com/rcarmo/rdp-html5/internal/codec/rle_generic.go:66.3,67.42 2 13
github.com/rcarmo/rdp-html5/internal/codec/rle_generic.go:76.47,77.25 1 4
github.com/rcarmo/rdp-html5/internal/codec/rle_generic.go:77.25,79.4 1 1
github.com/rcarmo/rdp-html5/internal/codec/rle_generic.go:80.3,80.86 1 3
github.com/rcarmo/rdp-html5/internal/codec/rle_generic.go:82.55,83.25 1 21
github.com/rcarmo/rdp-html5/internal/codec/rle_generic.go:83.25,85.4 1 0
github.com/rcarmo/rdp-html5/internal/codec/rle_generic.go:86.3,88.43 3 21
github.com/rcarmo/rdp-html5/internal/codec/rle_generic.go:97.47,98.25 1 3
github.com/rcarmo/rdp-html5/internal/codec/rle_generic.go:98.25,100.4 1 1
github.com/rcarmo/rdp-html5/internal/codec/rle_generic.go:101.3,102.61 1 2
github.com/rcarmo/rdp-html5/internal/codec/rle_generic.go:104.55,105.25 1 9
github.com/rcarmo/rdp-html5/internal/codec/rle_generic.go:105.25,107.4 1 0
github.com/rcarmo/rdp-html5/internal/codec/rle_generic.go:108.3,111.43 4 9
github.com/rcarmo/rdp-html5/internal/codec/rle_generic.go:116.161,118.38 2 7
github.com/rcarmo/rdp-html5/internal/codec/rle_generic.go:118.38,119.33 1 20
github.com/rcarmo/rdp-html5/internal/codec/rle_generic.go:119.33,120.9 1 1
github.com/rcarmo/rdp-html5/internal/codec/rle_generic.go:122.3,122.16 1 19
github.com/rcarmo/rdp-html5/internal/codec/rle_generic.go:122.16,123.36 1 15
github.com/rcarmo/rdp-html5/internal/codec/rle_generic.go:123.36,125.5 1 11
github.com/rcarmo/rdp-html5/internal/codec/rle_generic.go:125.10,127.5 1 4
github.com/rcarmo/rdp-html5/internal/codec/rle_generic.go:128.9,130.36 2 4
github.com/rcarmo/rdp-html5/internal/codec/rle_generic.go:130.36,132.5 1 4
github.com/rcarmo/rdp-html5/internal/codec/rle_generic.go:132.10,134.5 1 0
github.com/rcarmo/rdp-html5/internal/codec/rle_generic.go:136.3,136.17 1 19
github.com/rcarmo/rdp-html5/internal/codec/rle_generic.go:138.2,138.16 1 7
github.com/rcarmo/rdp-html5/internal/codec/rle_generic.go:142.110,150.47 7 18
github.com/rcarmo/rdp-html5/internal/codec/rle_generic.go:150.47,152.40 1 18
github.com/rcarmo/rdp-html5/internal/codec/rle_generic.go:152.40,155.4 2 0
github.com/rcarmo/rdp-html5/internal/codec/rle_generic.go:157.3,160.52 2 18
github.com/rcarmo/rdp-html5/internal/codec/rle_generic.go:160.52,164.18 3 5
github.com/rcarmo/rdp-html5/internal/codec/rle_generic.go:164.18,165.21 1 5
github.com/rcarmo/rdp-html5/internal/codec/rle_generic.go:165.21,169.6 3 0
github.com/rcarmo/rdp-html5/internal/codec/rle_generic.go:170.5,170.46 1 5
github.com/rcarmo/rdp-html5/internal/codec/rle_generic.go:170.46,174.6 3 20
github.com/rcarmo/rdp-html5/internal/codec/rle_generic.go:175.10,176.21 1 0
github.com/rcarmo/rdp-html5/internal/codec/rle_generic.go:176.21,181.6 4 0
github.com/rcarmo/rdp-html5/internal/codec/rle_generic.go:182.5,182.46 1 0
github.com/rcarmo/rdp-html5/internal/codec/rle_generic.go:182.46,187.6 4 0
github.com/rcarmo/rdp-html5/internal/codec/rle_generic.go:189.4,190.12 2 5
github.com/rcarmo/rdp-html5/internal/codec/rle_generic.go:193.3,197.55 2 13
github.com/rcarmo/rdp-html5/internal/codec/rle_generic.go:197.55,201.58 3 1
github.com/rcarmo/rdp-html5/internal/codec/rle_generic.go:201.58,204.5 2 1
github.com/rcarmo/rdp-html5/internal/codec/rle_generic.go:206.4,206.45 1 1
github.com/rcarmo/rdp-html5/internal/codec/rle_generic.go:206.45,207.19 1 4
github.com/rcarmo/rdp-html5/internal/codec/rle_generic.go:207.19,209.6 1 4
github.com/rcarmo/rdp-html5/internal/codec/rle_generic.go:209.11,212.6 2 0
github.com/rcarmo/rdp-html5/internal/codec/rle_generic.go:213.5,214.16 2 4
github.com/rcarmo/rdp-html5/internal/codec/rle_generic.go:216.4,216.12 1 1
github.com/rcarmo/rdp-html5/internal/codec/rle_generic.go:220.3,220.61 1 12
github.com/rcarmo/rdp-html5/internal/codec/rle_generic.go:220.61,229.52 7 0
github.com/rcarmo/rdp-html5/internal/codec/rle_generic.go:229.52,235.5 5 0
github.com/rcarmo/rdp-html5/internal/codec/rle_generic.go:236.4,236.12 1 0
github.com/rcarmo/rdp-html5/internal/codec/rle_generic.go:240.3,240.58 1 12
github.com/rcarmo/rdp-html5/internal/codec/rle_generic.go:240.58,247.45 5 8
github.com/rcarmo/rdp-html5/internal/codec/rle_generic.go:247.45,251.5 3 29
github.com/rcarmo/rdp-html5/internal/codec/rle_generic.go:252.4,252.12 1 8
github.com/rcarmo/rdp-html5/internal/codec/rle_generic.go:256.3,256.62 1 4
github.com/rcarmo/rdp-html5/internal/codec/rle_generic.go:256.62,260.71 3 1
github.com/rcarmo/rdp-html5/internal/codec/rle_generic.go:260.71,266.5 5 4
github.com/rcarmo/rdp-html5/internal/codec/rle_generic.go:267.4,267.12 1 1
github.com/rcarmo/rdp-html5/internal/codec/rle_generic.go:271.3,272.63 1 3
github.com/rcarmo/rdp-html5/internal/codec/rle_generic.go:272.63,276.66 3 0
github.com/rcarmo/rdp-html5/internal/codec/rle_generic.go:276.66,279.5 2 0
github.com/rcarmo/rdp-html5/internal/codec/rle_generic.go:281.4,281.43 1 0
github.com/rcarmo/rdp-html5/internal/codec/rle_generic.go:281.43,285.22 4 0
github.com/rcarmo/rdp-html5/internal/codec/rle_generic.go:285.22,287.6 1 0
github.com/rcarmo/rdp-html5/internal/codec/rle_generic.go:288.5,289.23 2 0
github.com/rcarmo/rdp-html5/internal/codec/rle_generic.go:291.4,291.12 1 0
github.com/rcarmo/rdp-html5/internal/codec/rle_generic.go:295.3,295.27 1 3
github.com/rcarmo/rdp-html5/internal/codec/rle_generic.go:295.27,299.12 4 0
github.com/rcarmo/rdp-html5/internal/codec/rle_generic.go:302.3,302.27 1 3
github.com/rcarmo/rdp-html5/internal/codec/rle_generic.go:302.27,306.12 4 0
github.com/rcarmo/rdp-html5/internal/codec/rle_generic.go:310.3,310.20 1 3
github.com/rcarmo/rdp-html5/internal/codec/rle_generic.go:310.20,314.12 4 2
github.com/rcarmo/rdp-html5/internal/codec/rle_generic.go:317.3,317.20 1 1
github.com/rcarmo/rdp-html5/internal/codec/rle_generic.go:317.20,321.12 4 1
github.com/rcarmo/rdp-html5/internal/codec/rle_generic.go:325.3,325.11 1 0
github.com/rcarmo/rdp-html5/internal/codec/rle_generic.go:328.2,328.13 1 18
github.com/rcarmo/rdp-html5/internal/codec/security.go:10.56,19.2 5 1
github.com/rcarmo/rdp-html5/internal/codec/security.go:22.57,30.16 3 3
github.com/rcarmo/rdp-html5/internal/codec/security.go:30.16,32.3 1 1
github.com/rcarmo/rdp-html5/internal/codec/security.go:34.2,35.16 2 2
github.com/rcarmo/rdp-html5/internal/codec/security.go:35.16,37.3 1 1
github.com/rcarmo/rdp-html5/internal/codec/security.go:39.2,39.19 1 1
github.com/rcarmo/rdp-html5/internal/codec/rfx/differential.go:9.51,10.24 1 11
github.com/rcarmo/rdp-html5/internal/codec/rfx/differential.go:10.24,12.3 1 0
github.com/rcarmo/rdp-html5/internal/codec/rfx/differential.go:13.2,13.28 1 11
github.com/rcarmo/rdp-html5/internal/codec/rfx/differential.go:13.28,15.3 1 388
github.com/rcarmo/rdp-html5/internal/codec/rfx/dwt.go:26.43,27.30 1 11
github.com/rcarmo/rdp-html5/internal/codec/rfx/dwt.go:27.30,29.3 1 2
github.com/rcarmo/rdp-html5/internal/codec/rfx/dwt.go:32.2,49.15 5 9
github.com/rcarmo/rdp-html5/internal/codec/rfx/dwt.go:59.58,74.28 9 27
github.com/rcarmo/rdp-html5/internal/codec/rfx/dwt.go:74.28,81.3 4 504
github.com/rcarmo/rdp-html5/internal/codec/rfx/dwt.go:85.2,87.29 3 27
github.com/rcarmo/rdp-html5/internal/codec/rfx/dwt.go:87.29,89.3 1 1008
github.com/rcarmo/rdp-html5/internal/codec/rfx/dwt.go:101.62,106.32 2 1010
github.com/rcarmo/rdp-html5/internal/codec/rfx/dwt.go:106.32,108.3 1 23188
github.com/rcarmo/rdp-html5/internal/codec/rfx/dwt.go:111.2,111.34 1 1010
github.com/rcarmo/rdp-html5/internal/codec/rfx/dwt.go:111.34,113.3 1 23188
github.com/rcarmo/rdp-html5/internal/codec/rfx/dwt.go:116.2,117.60 2 1010
github.com/rcarmo/rdp-html5/internal/codec/rfx/dwt.go:128.88,136.32 5 1008
github.com/rcarmo/rdp-html5/internal/codec/rfx/dwt.go:136.32,141.3 4 23184
github.com/rcarmo/rdp-html5/internal/codec/rfx/dwt.go:144.2,144.34 1 1008
github.com/rcarmo/rdp-html5/internal/codec/rfx/dwt.go:144.34,149.3 4 23184
github.com/rcarmo/rdp-html5/internal/codec/rfx/dwt.go:152.2,155.59 4 1008
github.com/rcarmo/rdp-html5/internal/codec/rfx/message.go:9.65,10.19 1 13
github.com/rcarmo/rdp-html5/internal/codec/rfx/message.go:10.19,12.3 1 1
github.com/rcarmo/rdp-html5/internal/codec/rfx/message.go:14.2,20.25 3 12
github.com/rcarmo/rdp-html5/internal/codec/rfx/message.go:20.25,21.27 1 15
github.com/rcarmo/rdp-html5/internal/codec/rfx/message.go:21.27,22.9 1 0
github.com/rcarmo/rdp-html5/internal/codec/rfx/message.go:25.3,28.50 3 15
github.com/rcarmo/rdp-html5/internal/codec/rfx/message.go:28.50,30.4 1 2
github.com/rcarmo/rdp-html5/internal/codec/rfx/message.go:32.3,34.20 2 13
github.com/rcarmo/rdp-html5/internal/codec/rfx/message.go:35.17,36.52 1 2
github.com/rcarmo/rdp-html5/internal/codec/rfx/message.go:36.52,38.5 1 0
github.com/rcarmo/rdp-html5/internal/codec/rfx/message.go:40.27,40.27 0 1
github.com/rcarmo/rdp-html5/internal/codec/rfx/message.go:43.21,43.21 0 1
github.com/rcarmo/rdp-html5/internal/codec/rfx/message.go:46.20,47.60 1 2
github.com/rcarmo/rdp-html5/internal/codec/rfx/message.go:47.60,49.5 1 0
github.com/rcarmo/rdp-html5/internal/codec/rfx/message.go:51.24,53.18 2 2
github.com/rcarmo/rdp-html5/internal/codec/rfx/message.go:53.18,55.5 1 0
github.com/rcarmo/rdp-html5/internal/codec/rfx/message.go:56.4,56.29 1 2
github.com/rcarmo/rdp-html5/internal/codec/rfx/message.go:58.19,60.18 2 2
github.com/rcarmo/rdp-html5/internal/codec/rfx/message.go:60.18,62.5 1 0
github.com/rcarmo/rdp-html5/internal/codec/rfx/message.go:63.4,63.23 1 2
github.com/rcarmo/rdp-html5/internal/codec/rfx/message.go:65.20,67.18 2 0
github.com/rcarmo/rdp-html5/internal/codec/rfx/message.go:67.18,69.5 1 0
github.com/rcarmo/rdp-html5/internal/codec/rfx/message.go:70.4,70.47 1 0
github.com/rcarmo/rdp-html5/internal/codec/rfx/message.go:72.22,72.22 0 2
github.com/rcarmo/rdp-html5/internal/codec/rfx/message.go:75.22,75.22 0 1
github.com/rcarmo/rdp-html5/internal/codec/rfx/message.go:79.3,79.21 1 13
github.com/rcarmo/rdp-html5/internal/codec/rfx/message.go:82.2,82.19 1 10
github.com/rcarmo/rdp-html5/internal/codec/rfx/message.go:85.40,86.20 1 3
github.com/rcarmo/rdp-html5/internal/codec/rfx/message.go:86.20,88.3 1 1
github.com/rcarmo/rdp-html5/internal/codec/rfx/message.go:92.2,92.12 1 2
github.com/rcarmo/rdp-html5/internal/codec/rfx/message.go:95.57,96.20 1 3
github.com/rcarmo/rdp-html5/internal/codec/rfx/message.go:96.20,98.3 1 1
github.com/rcarmo/rdp-html5/internal/codec/rfx/message.go:100.2,113.12 7 2
github.com/rcarmo/rdp-html5/internal/codec/rfx/message.go:116.51,117.20 1 3
github.com/rcarmo/rdp-html5/internal/codec/rfx/message.go:117.20,119.3 1 1
github.com/rcarmo/rdp-html5/internal/codec/rfx/message.go:121.2,124.22 2 2
github.com/rcarmo/rdp-html5/internal/codec/rfx/message.go:127.52,128.20 1 3
github.com/rcarmo/rdp-html5/internal/codec/rfx/message.go:128.20,130.3 1 1
github.com/rcarmo/rdp-html5/internal/codec/rfx/message.go:132.2,142.65 6 2
github.com/rcarmo/rdp-html5/internal/codec/rfx/message.go:142.65,150.3 2 3
github.com/rcarmo/rdp-html5/internal/codec/rfx/message.go:152.2,152.19 1 2
github.com/rcarmo/rdp-html5/internal/codec/rfx/message.go:155.68,156.20 1 2
github.com/rcarmo/rdp-html5/internal/codec/rfx/message.go:156.20,158.3 1 1
github.com/rcarmo/rdp-html5/internal/codec/rfx/message.go:160.2,185.64 12 1
github.com/rcarmo/rdp-html5/internal/codec/rfx/message.go:185.64,187.17 2 1
github.com/rcarmo/rdp-html5/internal/codec/rfx/message.go:187.17,189.4 1 0
github.com/rcarmo/rdp-html5/internal/codec/rfx/message.go:190.3,191.14 2 1
github.com/rcarmo/rdp-html5/internal/codec/rfx/message.go:195.2,197.62 2 1
github.com/rcarmo/rdp-html5/internal/codec/rfx/message.go:197.62,198.27 1 0
github.com/rcarmo/rdp-html5/internal/codec/rfx/message.go:198.27,199.9 1 0
github.com/rcarmo/rdp-html5/internal/codec/rfx/message.go:202.3,203.32 2 0
github.com/rcarmo/rdp-html5/internal/codec/rfx/message.go:203.32,204.9 1 0
github.com/rcarmo/rdp-html5/internal/codec/rfx/message.go:207.3,208.38 2 0
github.com/rcarmo/rdp-html5/internal/codec/rfx/message.go:208.38,209.9 1 0
github.com/rcarmo/rdp-html5/internal/codec/rfx/message.go:213.3,222.73 7 0
github.com/rcarmo/rdp-html5/internal/codec/rfx/message.go:222.73,224.4 1 0
github.com/rcarmo/rdp-html5/internal/codec/rfx/message.go:225.3,225.75 1 0
github.com/rcarmo/rdp-html5/internal/codec/rfx/message.go:225.75,227.4 1 0
github.com/rcarmo/rdp-html5/internal/codec/rfx/message.go:228.3,228.75 1 0
github.com/rcarmo/rdp-html5/internal/codec/rfx/message.go:228.75,230.4 1 0
github.com/rcarmo/rdp-html5/internal/codec/rfx/message.go:232.3,233.17 2 0
github.com/rcarmo/rdp-html5/internal/codec/rfx/message.go:233.17,236.12 2 0
github.com/rcarmo/rdp-html5/internal/codec/rfx/message.go:239.3,240.25 2 0
github.com/rcarmo/rdp-html5/internal/codec/rfx/message.go:243.2,243.19 1 1
github.com/rcarmo/rdp-html5/internal/codec/rfx/quant.go:14.54,15.46 1 9
github.com/rcarmo/rdp-html5/internal/codec/rfx/quant.go:15.46,17.3 1 1
github.com/rcarmo/rdp-html5/internal/codec/rfx/quant.go:20.2,33.61 10 8
github.com/rcarmo/rdp-html5/internal/codec/rfx/quant.go:38.51,39.21 1 80
github.com/rcarmo/rdp-html5/internal/codec/rfx/quant.go:39.21,41.3 1 0
github.com/rcarmo/rdp-html5/internal/codec/rfx/quant.go:42.2,43.22 2 80
github.com/rcarmo/rdp-html5/internal/codec/rfx/quant.go:43.22,45.3 1 32768
github.com/rcarmo/rdp-html5/internal/codec/rfx/rfx.go:139.28,143.2 1 17
github.com/rcarmo/rdp-html5/internal/codec/rfx/rfx.go:146.35,152.2 1 11
github.com/rcarmo/rdp-html5/internal/codec/rfx/rfx.go:161.59,162.19 1 3
github.com/rcarmo/rdp-html5/internal/codec/rfx/rfx.go:162.19,164.3 1 1
github.com/rcarmo/rdp-html5/internal/codec/rfx/rfx.go:166.2,177.8 1 2
github.com/rcarmo/rdp-html5/internal/codec/rfx/rlgr.go:14.43,21.2 3 7
github.com/rcarmo/rdp-html5/internal/codec/rfx/rlgr.go:24.31,25.54 1 15
github.com/rcarmo/rdp-html5/internal/codec/rfx/rlgr.go:25.54,30.3 3 25
github.com/rcarmo/rdp-html5/internal/codec/rfx/rlgr.go:34.45,35.12 1 35
github.com/rcarmo/rdp-html5/internal/codec/rfx/rlgr.go:35.12,37.3 1 0
github.com/rcarmo/rdp-html5/internal/codec/rfx/rlgr.go:38.2,38.22 1 35
github.com/rcarmo/rdp-html5/internal/codec/rfx/rlgr.go:38.22,40.3 1 2
github.com/rcarmo/rdp-html5/internal/codec/rfx/rlgr.go:41.2,41.22 1 35
github.com/rcarmo/rdp-html5/internal/codec/rfx/rlgr.go:41.22,43.24 1 2
github.com/rcarmo/rdp-html5/internal/codec/rfx/rlgr.go:43.24,45.4 1 2
github.com/rcarmo/rdp-html5/internal/codec/rfx/rlgr.go:46.3,49.16 4 0
github.com/rcarmo/rdp-html5/internal/codec/rfx/rlgr.go:52.2,55.15 4 33
github.com/rcarmo/rdp-html5/internal/codec/rfx/rlgr.go:59.39,61.2 1 14
github.com/rcarmo/rdp-html5/internal/codec/rfx/rlgr.go:65.46,67.6 2 12
github.com/rcarmo/rdp-html5/internal/codec/rfx/rlgr.go:67.6,68.24 1 38
github.com/rcarmo/rdp-html5/internal/codec/rfx/rlgr.go:68.24,70.25 2 3
github.com/rcarmo/rdp-html5/internal/codec/rfx/rlgr.go:70.25,72.5 1 2
github.com/rcarmo/rdp-html5/internal/codec/rfx/rlgr.go:76.3,76.33 1 36
github.com/rcarmo/rdp-html5/internal/codec/rfx/rlgr.go:76.33,81.4 3 10
github.com/rcarmo/rdp-html5/internal/codec/rfx/rlgr.go:84.3,89.20 4 26
github.com/rcarmo/rdp-html5/internal/codec/rfx/rlgr.go:89.20,91.4 1 0
github.com/rcarmo/rdp-html5/internal/codec/rfx/rlgr.go:97.45,99.6 2 34
github.com/rcarmo/rdp-html5/internal/codec/rfx/rlgr.go:99.6,100.24 1 74
github.com/rcarmo/rdp-html5/internal/codec/rfx/rlgr.go:100.24,102.25 2 3
github.com/rcarmo/rdp-html5/internal/codec/rfx/rlgr.go:102.25,104.5 1 2
github.com/rcarmo/rdp-html5/internal/codec/rfx/rlgr.go:108.3,108.33 1 72
github.com/rcarmo/rdp-html5/internal/codec/rfx/rlgr.go:108.33,113.4 3 32
github.com/rcarmo/rdp-html5/internal/codec/rfx/rlgr.go:116.3,120.20 4 40
github.com/rcarmo/rdp-html5/internal/codec/rfx/rlgr.go:120.20,122.4 1 0
github.com/rcarmo/rdp-html5/internal/codec/rfx/rlgr.go:127.42,129.2 1 57
github.com/rcarmo/rdp-html5/internal/codec/rfx/rlgr.go:134.62,135.30 1 10
github.com/rcarmo/rdp-html5/internal/codec/rfx/rlgr.go:135.30,137.3 1 1
github.com/rcarmo/rdp-html5/internal/codec/rfx/rlgr.go:140.2,140.24 1 9
github.com/rcarmo/rdp-html5/internal/codec/rfx/rlgr.go:140.24,142.3 1 36864
github.com/rcarmo/rdp-html5/internal/codec/rfx/rlgr.go:144.2,144.20 1 9
github.com/rcarmo/rdp-html5/internal/codec/rfx/rlgr.go:144.20,146.3 1 7
github.com/rcarmo/rdp-html5/internal/codec/rfx/rlgr.go:148.2,158.49 7 2
github.com/rcarmo/rdp-html5/internal/codec/rfx/rlgr.go:158.49,159.13 1 33
github.com/rcarmo/rdp-html5/internal/codec/rfx/rlgr.go:159.13,168.30 3 11
github.com/rcarmo/rdp-html5/internal/codec/rfx/rlgr.go:168.30,173.19 3 22
github.com/rcarmo/rdp-html5/internal/codec/rfx/rlgr.go:173.19,175.6 1 0
github.com/rcarmo/rdp-html5/internal/codec/rfx/rlgr.go:176.5,176.19 1 22
github.com/rcarmo/rdp-html5/internal/codec/rfx/rlgr.go:180.4,180.45 1 11
github.com/rcarmo/rdp-html5/internal/codec/rfx/rlgr.go:180.45,183.5 2 9
github.com/rcarmo/rdp-html5/internal/codec/rfx/rlgr.go:186.4,186.55 1 11
github.com/rcarmo/rdp-html5/internal/codec/rfx/rlgr.go:186.55,189.5 2 309
github.com/rcarmo/rdp-html5/internal/codec/rfx/rlgr.go:191.4,191.25 1 11
github.com/rcarmo/rdp-html5/internal/codec/rfx/rlgr.go:191.25,192.10 1 0
github.com/rcarmo/rdp-html5/internal/codec/rfx/rlgr.go:197.4,203.47 4 11
github.com/rcarmo/rdp-html5/internal/codec/rfx/rlgr.go:203.47,205.5 1 2
github.com/rcarmo/rdp-html5/internal/codec/rfx/rlgr.go:206.4,209.17 2 11
github.com/rcarmo/rdp-html5/internal/codec/rfx/rlgr.go:209.17,210.17 1 4
github.com/rcarmo/rdp-html5/internal/codec/rfx/rlgr.go:210.17,212.6 1 4
github.com/rcarmo/rdp-html5/internal/codec/rfx/rlgr.go:212.11,214.6 1 0
github.com/rcarmo/rdp-html5/internal/codec/rfx/rlgr.go:215.10,215.23 1 7
github.com/rcarmo/rdp-html5/internal/codec/rfx/rlgr.go:215.23,217.20 2 3
github.com/rcarmo/rdp-html5/internal/codec/rfx/rlgr.go:217.20,219.6 1 0
github.com/rcarmo/rdp-html5/internal/codec/rfx/rlgr.go:221.4,224.19 2 11
github.com/rcarmo/rdp-html5/internal/codec/rfx/rlgr.go:224.19,226.5 1 11
github.com/rcarmo/rdp-html5/internal/codec/rfx/rlgr.go:226.10,228.5 1 0
github.com/rcarmo/rdp-html5/internal/codec/rfx/rlgr.go:229.4,233.17 3 11
github.com/rcarmo/rdp-html5/internal/codec/rfx/rlgr.go:233.17,235.5 1 5
github.com/rcarmo/rdp-html5/internal/codec/rfx/rlgr.go:236.4,237.9 2 11
github.com/rcarmo/rdp-html5/internal/codec/rfx/rlgr.go:239.9,241.21 1 22
github.com/rcarmo/rdp-html5/internal/codec/rfx/rlgr.go:241.21,246.48 3 16
github.com/rcarmo/rdp-html5/internal/codec/rfx/rlgr.go:246.48,248.6 1 4
github.com/rcarmo/rdp-html5/internal/codec/rfx/rlgr.go:249.5,252.18 2 16
github.com/rcarmo/rdp-html5/internal/codec/rfx/rlgr.go:252.18,253.18 1 6
github.com/rcarmo/rdp-html5/internal/codec/rfx/rlgr.go:253.18,255.7 1 6
github.com/rcarmo/rdp-html5/internal/codec/rfx/rlgr.go:255.12,257.7 1 0
github.com/rcarmo/rdp-html5/internal/codec/rfx/rlgr.go:258.11,258.24 1 10
github.com/rcarmo/rdp-html5/internal/codec/rfx/rlgr.go:258.24,260.21 2 2
github.com/rcarmo/rdp-html5/internal/codec/rfx/rlgr.go:260.21,262.7 1 0
github.com/rcarmo/rdp-html5/internal/codec/rfx/rlgr.go:264.5,268.17 3 16
github.com/rcarmo/rdp-html5/internal/codec/rfx/rlgr.go:268.17,272.20 3 6
github.com/rcarmo/rdp-html5/internal/codec/rfx/rlgr.go:272.20,274.7 1 0
github.com/rcarmo/rdp-html5/internal/codec/rfx/rlgr.go:275.6,275.20 1 6
github.com/rcarmo/rdp-html5/internal/codec/rfx/rlgr.go:276.11,278.24 1 10
github.com/rcarmo/rdp-html5/internal/codec/rfx/rlgr.go:278.24,280.7 1 8
github.com/rcarmo/rdp-html5/internal/codec/rfx/rlgr.go:280.12,282.7 1 2
github.com/rcarmo/rdp-html5/internal/codec/rfx/rlgr.go:284.6,284.21 1 10
github.com/rcarmo/rdp-html5/internal/codec/rfx/rlgr.go:284.21,286.7 1 2
github.com/rcarmo/rdp-html5/internal/codec/rfx/rlgr.go:286.12,288.7 1 8
github.com/rcarmo/rdp-html5/internal/codec/rfx/rlgr.go:289.6,289.20 1 10
github.com/rcarmo/rdp-html5/internal/codec/rfx/rlgr.go:292.5,293.10 2 16
github.com/rcarmo/rdp-html5/internal/codec/rfx/rlgr.go:295.10,300.48 3 6
github.com/rcarmo/rdp-html5/internal/codec/rfx/rlgr.go:300.48,302.6 1 0
github.com/rcarmo/rdp-html5/internal/codec/rfx/rlgr.go:303.5,306.18 2 6
github.com/rcarmo/rdp-html5/internal/codec/rfx/rlgr.go:306.18,307.18 1 4
github.com/rcarmo/rdp-html5/internal/codec/rfx/rlgr.go:307.18,309.7 1 4
github.com/rcarmo/rdp-html5/internal/codec/rfx/rlgr.go:309.12,311.7 1 0
github.com/rcarmo/rdp-html5/internal/codec/rfx/rlgr.go:312.11,312.24 1 2
github.com/rcarmo/rdp-html5/internal/codec/rfx/rlgr.go:312.24,314.21 2 0
github.com/rcarmo/rdp-html5/internal/codec/rfx/rlgr.go:314.21,316.7 1 0
github.com/rcarmo/rdp-html5/internal/codec/rfx/rlgr.go:318.5,323.17 3 6
github.com/rcarmo/rdp-html5/internal/codec/rfx/rlgr.go:323.17,325.19 2 2
github.com/rcarmo/rdp-html5/internal/codec/rfx/rlgr.go:325.19,328.7 2 2
github.com/rcarmo/rdp-html5/internal/codec/rfx/rlgr.go:331.5,332.49 2 6
github.com/rcarmo/rdp-html5/internal/codec/rfx/rlgr.go:332.49,334.6 1 2
github.com/rcarmo/rdp-html5/internal/codec/rfx/rlgr.go:335.5,338.31 2 6
github.com/rcarmo/rdp-html5/internal/codec/rfx/rlgr.go:338.31,339.23 1 0
github.com/rcarmo/rdp-html5/internal/codec/rfx/rlgr.go:339.23,341.7 1 0
github.com/rcarmo/rdp-html5/internal/codec/rfx/rlgr.go:341.12,343.7 1 0
github.com/rcarmo/rdp-html5/internal/codec/rfx/rlgr.go:344.11,344.38 1 6
github.com/rcarmo/rdp-html5/internal/codec/rfx/rlgr.go:344.38,346.20 2 4
github.com/rcarmo/rdp-html5/internal/codec/rfx/rlgr.go:346.20,348.7 1 0
github.com/rcarmo/rdp-html5/internal/codec/rfx/rlgr.go:350.5,353.18 2 6
github.com/rcarmo/rdp-html5/internal/codec/rfx/rlgr.go:353.18,355.6 1 4
github.com/rcarmo/rdp-html5/internal/codec/rfx/rlgr.go:355.11,355.31 1 2
github.com/rcarmo/rdp-html5/internal/codec/rfx/rlgr.go:355.31,357.6 1 2
github.com/rcarmo/rdp-html5/internal/codec/rfx/rlgr.go:357.11,359.6 1 0
github.com/rcarmo/rdp-html5/internal/codec/rfx/rlgr.go:360.5,362.26 2 6
github.com/rcarmo/rdp-html5/internal/codec/rfx/rlgr.go:362.26,363.11 1 0
github.com/rcarmo/rdp-html5/internal/codec/rfx/rlgr.go:367.5,367.18 1 6
github.com/rcarmo/rdp-html5/internal/codec/rfx/rlgr.go:367.18,369.6 1 6
github.com/rcarmo/rdp-html5/internal/codec/rfx/rlgr.go:369.11,369.31 1 0
github.com/rcarmo/rdp-html5/internal/codec/rfx/rlgr.go:369.31,371.6 1 0
github.com/rcarmo/rdp-html5/internal/codec/rfx/rlgr.go:371.11,373.6 1 0
github.com/rcarmo/rdp-html5/internal/codec/rfx/rlgr.go:374.5,374.10 1 6
github.com/rcarmo/rdp-html5/internal/codec/rfx/rlgr.go:379.2,379.12 1 2
github.com/rcarmo/rdp-html5/internal/codec/rfx/tile.go:10.85,11.20 1 5
github.com/rcarmo/rdp-html5/internal/codec/rfx/tile.go:11.20,13.3 1 1
github.com/rcarmo/rdp-html5/internal/codec/rfx/tile.go:15.2,21.27 4 4
github.com/rcarmo/rdp-html5/internal/codec/rfx/tile.go:21.27,23.3 1 1
github.com/rcarmo/rdp-html5/internal/codec/rfx/tile.go:25.2,28.31 3 3
github.com/rcarmo/rdp-html5/internal/codec/rfx/tile.go:28.31,30.3 1 1
github.com/rcarmo/rdp-html5/internal/codec/rfx/tile.go:36.2,55.41 12 2
github.com/rcarmo/rdp-html5/internal/codec/rfx/tile.go:55.41,57.3 1 1
github.com/rcarmo/rdp-html5/internal/codec/rfx/tile.go:60.2,74.57 9 1
github.com/rcarmo/rdp-html5/internal/codec/rfx/tile.go:74.57,76.3 1 0
github.com/rcarmo/rdp-html5/internal/codec/rfx/tile.go:77.2,77.59 1 1
github.com/rcarmo/rdp-html5/internal/codec/rfx/tile.go:77.59,79.3 1 0
github.com/rcarmo/rdp-html5/internal/codec/rfx/tile.go:80.2,80.59 1 1
github.com/rcarmo/rdp-html5/internal/codec/rfx/tile.go:80.59,82.3 1 0
github.com/rcarmo/rdp-html5/internal/codec/rfx/tile.go:85.2,107.8 12 1
github.com/rcarmo/rdp-html5/internal/codec/rfx/tile.go:117.34,118.20 1 5
github.com/rcarmo/rdp-html5/internal/codec/rfx/tile.go:118.20,120.3 1 1
github.com/rcarmo/rdp-html5/internal/codec/rfx/tile.go:122.2,128.27 4 4
github.com/rcarmo/rdp-html5/internal/codec/rfx/tile.go:128.27,130.3 1 1
github.com/rcarmo/rdp-html5/internal/codec/rfx/tile.go:132.2,135.31 3 3
github.com/rcarmo/rdp-html5/internal/codec/rfx/tile.go:135.31,137.3 1 1
github.com/rcarmo/rdp-html5/internal/codec/rfx/tile.go:140.2,157.41 12 2
github.com/rcarmo/rdp-html5/internal/codec/rfx/tile.go:157.41,159.3 1 1
github.com/rcarmo/rdp-html5/internal/codec/rfx/tile.go:162.2,162.76 1 1
github.com/rcarmo/rdp-html5/internal/codec/rfx/tile.go:162.76,164.3 1 0
github.com/rcarmo/rdp-html5/internal/codec/rfx/tile.go:165.2,167.78 2 1
github.com/rcarmo/rdp-html5/internal/codec/rfx/tile.go:167.78,169.3 1 0
github.com/rcarmo/rdp-html5/internal/codec/rfx/tile.go:170.2,172.78 2 1
github.com/rcarmo/rdp-html5/internal/codec/rfx/tile.go:172.78,174.3 1 0
github.com/rcarmo/rdp-html5/internal/codec/rfx/tile.go:177.2,194.24 11 1
github.com/rcarmo/rdp-html5/internal/codec/rfx/ycbcr.go:46.52,47.73 1 9
github.com/rcarmo/rdp-html5/internal/codec/rfx/ycbcr.go:47.73,49.3 1 1
github.com/rcarmo/rdp-html5/internal/codec/rfx/ycbcr.go:50.2,50.32 1 8
github.com/rcarmo/rdp-html5/internal/codec/rfx/ycbcr.go:50.32,52.3 1 0
github.com/rcarmo/rdp-html5/internal/codec/rfx/ycbcr.go:54.2,54.34 1 8
github.com/rcarmo/rdp-html5/internal/codec/rfx/ycbcr.go:54.34,77.3 11 32768
github.com/rcarmo/rdp-html5/internal/codec/rfx/ycbcr.go:81.32,82.11 1 98311
github.com/rcarmo/rdp-html5/internal/codec/rfx/ycbcr.go:82.11,84.3 1 8194
github.com/rcarmo/rdp-html5/internal/codec/rfx/ycbcr.go:85.2,85.13 1 90117
github.com/rcarmo/rdp-html5/internal/codec/rfx/ycbcr.go:85.13,87.3 1 2
github.com/rcarmo/rdp-html5/internal/codec/rfx/ycbcr.go:88.2,88.16 1 90115
github.com/rcarmo/rdp-html5/internal/config/config.go:89.30,91.2 1 2
github.com/rcarmo/rdp-html5/internal/config/config.go:94.59,112.27 13 6
github.com/rcarmo/rdp-html5/internal/config/config.go:112.27,114.3 1 0
github.com/rcarmo/rdp-html5/internal/config/config.go:114.8,116.3 1 6
github.com/rcarmo/rdp-html5/internal/config/config.go:118.2,118.27 1 6
github.com/rcarmo/rdp-html5/internal/config/config.go:118.27,120.3 1 1
github.com/rcarmo/rdp-html5/internal/config/config.go:120.8,122.3 1 5
github.com/rcarmo/rdp-html5/internal/config/config.go:125.2,138.17 13 6
github.com/rcarmo/rdp-html5/internal/config/config.go:138.17,140.3 1 0
github.com/rcarmo/rdp-html5/internal/config/config.go:143.2,149.42 5 6
github.com/rcarmo/rdp-html5/internal/config/config.go:149.42,151.3 1 0
github.com/rcarmo/rdp-html5/internal/config/config.go:154.2,158.20 4 6
github.com/rcarmo/rdp-html5/internal/config/config.go:164.32,168.2 3 1
github.com/rcarmo/rdp-html5/internal/config/config.go:171.35,173.25 1 15
github.com/rcarmo/rdp-html5/internal/config/config.go:173.25,175.3 1 1
github.com/rcarmo/rdp-html5/internal/config/config.go:177.2,177.86 1 14
github.com/rcarmo/rdp-html5/internal/config/config.go:177.86,179.3 1 1
github.com/rcarmo/rdp-html5/internal/config/config.go:182.2,182.57 1 13
github.com/rcarmo/rdp-html5/internal/config/config.go:182.57,184.3 1 1
github.com/rcarmo/rdp-html5/internal/config/config.go:186.2,186.82 1 12
github.com/rcarmo/rdp-html5/internal/config/config.go:186.82,188.3 1 1
github.com/rcarmo/rdp-html5/internal/config/config.go:190.2,190.27 1 11
github.com/rcarmo/rdp-html5/internal/config/config.go:190.27,192.3 1 1
github.com/rcarmo/rdp-html5/internal/config/config.go:195.2,195.26 1 10
github.com/rcarmo/rdp-html5/internal/config/config.go:195.26,196.66 1 1
github.com/rcarmo/rdp-html5/internal/config/config.go:196.66,198.4 1 1
github.com/rcarmo/rdp-html5/internal/config/config.go:200.3,200.68 1 0
github.com/rcarmo/rdp-html5/internal/config/config.go:200.68,202.4 1 0
github.com/rcarmo/rdp-html5/internal/config/config.go:204.3,204.67 1 0
github.com/rcarmo/rdp-html5/internal/config/config.go:204.67,206.4 1 0
github.com/rcarmo/rdp-html5/internal/config/config.go:209.2,209.36 1 9
github.com/rcarmo/rdp-html5/internal/config/config.go:209.36,211.3 1 0
github.com/rcarmo/rdp-html5/internal/config/config.go:213.2,213.40 1 9
github.com/rcarmo/rdp-html5/internal/config/config.go:213.40,215.3 1 0
github.com/rcarmo/rdp-html5/internal/config/config.go:218.2,225.38 2 9
github.com/rcarmo/rdp-html5/internal/config/config.go:225.38,227.3 1 1
github.com/rcarmo/rdp-html5/internal/config/config.go:229.2,234.40 2 8
github.com/rcarmo/rdp-html5/internal/config/config.go:234.40,236.3 1 1
github.com/rcarmo/rdp-html5/internal/config/config.go:238.2,238.12 1 7
github.com/rcarmo/rdp-html5/internal/config/config.go:242.57,243.42 1 55
github.com/rcarmo/rdp-html5/internal/config/config.go:243.42,245.3 1 5
github.com/rcarmo/rdp-html5/internal/config/config.go:246.2,246.21 1 50
github.com/rcarmo/rdp-html5/internal/config/config.go:249.58,250.42 1 45
github.com/rcarmo/rdp-html5/internal/config/config.go:250.42,251.55 1 5
github.com/rcarmo/rdp-html5/internal/config/config.go:251.55,253.4 1 4
github.com/rcarmo/rdp-html5/internal/config/config.go:255.2,255.21 1 41
github.com/rcarmo/rdp-html5/internal/config/config.go:258.61,259.42 1 51
github.com/rcarmo/rdp-html5/internal/config/config.go:259.42,260.61 1 4
github.com/rcarmo/rdp-html5/internal/config/config.go:260.61,262.4 1 3
github.com/rcarmo/rdp-html5/internal/config/config.go:264.2,264.21 1 48
github.com/rcarmo/rdp-html5/internal/config/config.go:267.83,268.42 1 27
github.com/rcarmo/rdp-html5/internal/config/config.go:268.42,269.61 1 2
github.com/rcarmo/rdp-html5/internal/config/config.go:269.61,271.4 1 1
github.com/rcarmo/rdp-html5/internal/config/config.go:273.2,273.21 1 26
github.com/rcarmo/rdp-html5/internal/config/config.go:276.76,277.42 1 9
github.com/rcarmo/rdp-html5/internal/config/config.go:277.42,279.3 1 1
github.com/rcarmo/rdp-html5/internal/config/config.go:280.2,280.21 1 8
github.com/rcarmo/rdp-html5/internal/config/config.go:284.69,285.20 1 27
github.com/rcarmo/rdp-html5/internal/config/config.go:285.20,287.3 1 4
github.com/rcarmo/rdp-html5/internal/config/config.go:288.2,288.48 1 23
github.com/rcarmo/rdp-html5/internal/config/config.go:291.42,292.13 1 5
github.com/rcarmo/rdp-html5/internal/config/config.go:292.13,294.3 1 1
github.com/rcarmo/rdp-html5/internal/config/config.go:296.2,297.45 2 4
github.com/rcarmo/rdp-html5/internal/config/config.go:297.45,298.56 1 12
github.com/rcarmo/rdp-html5/internal/config/config.go:298.56,300.4 1 11
github.com/rcarmo/rdp-html5/internal/config/config.go:302.2,302.15 1 4
github.com/rcarmo/rdp-html5/internal/logging/logging.go:42.24,43.17 1 38
github.com/rcarmo/rdp-html5/internal/logging/logging.go:43.17,48.3 1 1
github.com/rcarmo/rdp-html5/internal/logging/logging.go:49.2,49.22 1 38
github.com/rcarmo/rdp-html5/internal/logging/logging.go:53.40,57.2 3 21
github.com/rcarmo/rdp-html5/internal/logging/logging.go:60.54,61.35 1 10
github.com/rcarmo/rdp-html5/internal/logging/logging.go:62.15,63.25 1 2
github.com/rcarmo/rdp-html5/internal/logging/logging.go:64.14,65.24 1 2
github.com/rcarmo/rdp-html5/internal/logging/logging.go:66.25,67.24 1 2
github.com/rcarmo/rdp-html5/internal/logging/logging.go:68.15,69.25 1 2
github.com/rcarmo/rdp-html5/internal/logging/logging.go:70.10,71.24 1 2
github.com/rcarmo/rdp-html5/internal/logging/logging.go:76.35,80.2 3 19
github.com/rcarmo/rdp-html5/internal/logging/logging.go:83.42,85.2 1 4
github.com/rcarmo/rdp-html5/internal/logging/logging.go:88.30,90.2 1 4
github.com/rcarmo/rdp-html5/internal/logging/logging.go:92.71,97.26 4 5
github.com/rcarmo/rdp-html5/internal/logging/logging.go:97.26,99.3 1 1
github.com/rcarmo/rdp-html5/internal/logging/logging.go:101.2,103.41 3 4
github.com/rcarmo/rdp-html5/internal/logging/logging.go:107.60,109.2 1 2
github.com/rcarmo/rdp-html5/internal/logging/logging.go:112.59,114.2 1 1
github.com/rcarmo/rdp-html5/internal/logging/logging.go:117.59,119.2 1 1
github.com/rcarmo/rdp-html5/internal/logging/logging.go:122.60,124.2 1 1
github.com/rcarmo/rdp-html5/internal/logging/logging.go:129.28,131.2 1 9
github.com/rcarmo/rdp-html5/internal/logging/logging.go:134.42,136.2 1 10
github.com/rcarmo/rdp-html5/internal/logging/logging.go:139.48,141.2 1 0
github.com/rcarmo/rdp-html5/internal/logging/logging.go:144.47,146.2 1 0
github.com/rcarmo/rdp-html5/internal/logging/logging.go:149.47,151.2 1 0
github.com/rcarmo/rdp-html5/internal/logging/logging.go:154.48,156.2 1 0
github.com/rcarmo/rdp-html5/internal/handler/connect.go:47.54,50.46 2 21
github.com/rcarmo/rdp-html5/internal/handler/connect.go:50.46,53.3 2 1
github.com/rcarmo/rdp-html5/internal/handler/connect.go:56.2,56.42 1 20
github.com/rcarmo/rdp-html5/internal/handler/connect.go:56.42,58.3 1 19
github.com/rcarmo/rdp-html5/internal/handler/connect.go:61.2,63.68 1 20
github.com/rcarmo/rdp-html5/internal/handler/connect.go:63.68,67.4 2 19
github.com/rcarmo/rdp-html5/internal/handler/connect.go:69.2,69.24 1 20
github.com/rcarmo/rdp-html5/internal/handler/connect.go:82.72,84.46 2 19
github.com/rcarmo/rdp-html5/internal/handler/connect.go:84.46,86.3 1 5
github.com/rcarmo/rdp-html5/internal/handler/connect.go:88.2,89.48 2 14
github.com/rcarmo/rdp-html5/internal/handler/connect.go:89.48,91.3 1 2
github.com/rcarmo/rdp-html5/internal/handler/connect.go:93.2,94.59 2 12
github.com/rcarmo/rdp-html5/internal/handler/connect.go:94.59,95.110 1 7
github.com/rcarmo/rdp-html5/internal/handler/connect.go:95.110,97.4 1 6
github.com/rcarmo/rdp-html5/internal/handler/connect.go:100.2,106.8 1 12
github.com/rcarmo/rdp-html5/internal/handler/connect.go:110.77,112.81 1 12
github.com/rcarmo/rdp-html5/internal/handler/connect.go:112.81,114.3 1 0
github.com/rcarmo/rdp-html5/internal/handler/connect.go:116.2,117.68 2 12
github.com/rcarmo/rdp-html5/internal/handler/connect.go:117.68,119.3 1 12
github.com/rcarmo/rdp-html5/internal/handler/connect.go:122.2,122.30 1 0
github.com/rcarmo/rdp-html5/internal/handler/connect.go:122.30,124.3 1 0
github.com/rcarmo/rdp-html5/internal/handler/connect.go:127.2,127.60 1 0
github.com/rcarmo/rdp-html5/internal/handler/connect.go:127.60,129.3 1 0
github.com/rcarmo/rdp-html5/internal/handler/connect.go:131.2,132.62 2 0
github.com/rcarmo/rdp-html5/internal/handler/connect.go:132.62,134.3 1 0
github.com/rcarmo/rdp-html5/internal/handler/connect.go:136.2,136.39 1 0
github.com/rcarmo/rdp-html5/internal/handler/connect.go:136.39,138.3 1 0
github.com/rcarmo/rdp-html5/internal/handler/connect.go:141.2,141.63 1 0
github.com/rcarmo/rdp-html5/internal/handler/connect.go:141.63,143.3 1 0
github.com/rcarmo/rdp-html5/internal/handler/connect.go:146.2,146.63 1 0
github.com/rcarmo/rdp-html5/internal/handler/connect.go:146.63,148.3 1 0
github.com/rcarmo/rdp-html5/internal/handler/connect.go:151.2,151.38 1 0
github.com/rcarmo/rdp-html5/internal/handler/connect.go:151.38,153.3 1 0
github.com/rcarmo/rdp-html5/internal/handler/connect.go:155.2,155.26 1 0
github.com/rcarmo/rdp-html5/internal/handler/connect.go:159.94,161.16 2 0
github.com/rcarmo/rdp-html5/internal/handler/connect.go:161.16,163.3 1 0
github.com/rcarmo/rdp-html5/internal/handler/connect.go:166.2,167.16 2 0
github.com/rcarmo/rdp-html5/internal/handler/connect.go:167.16,169.17 2 0
github.com/rcarmo/rdp-html5/internal/handler/connect.go:169.17,172.4 2 0
github.com/rcarmo/rdp-html5/internal/handler/connect.go:175.2,180.23 4 0
github.com/rcarmo/rdp-html5/internal/handler/connect.go:180.23,182.3 1 0
github.com/rcarmo/rdp-html5/internal/handler/connect.go:185.2,185.24 1 0
github.com/rcarmo/rdp-html5/internal/handler/connect.go:185.24,188.3 2 0
github.com/rcarmo/rdp-html5/internal/handler/connect.go:191.2,195.23 3 0
github.com/rcarmo/rdp-html5/internal/handler/connect.go:195.23,198.3 2 0
github.com/rcarmo/rdp-html5/internal/handler/connect.go:200.2,200.23 1 0
github.com/rcarmo/rdp-html5/internal/handler/connect.go:204.161,206.55 1 0
github.com/rcarmo/rdp-html5/internal/handler/connect.go:206.55,207.106 1 0
github.com/rcarmo/rdp-html5/internal/handler/connect.go:207.106,209.4 1 0
github.com/rcarmo/rdp-html5/internal/handler/connect.go:213.2,217.23 3 0
github.com/rcarmo/rdp-html5/internal/handler/connect.go:217.23,217.48 1 0
github.com/rcarmo/rdp-html5/internal/handler/connect.go:218.2,220.12 3 0
github.com/rcarmo/rdp-html5/internal/handler/connect.go:220.12,223.3 2 0
github.com/rcarmo/rdp-html5/internal/handler/connect.go:224.2,231.12 4 0
github.com/rcarmo/rdp-html5/internal/handler/connect.go:231.12,234.3 2 0
github.com/rcarmo/rdp-html5/internal/handler/connect.go:235.2,235.9 1 0
github.com/rcarmo/rdp-html5/internal/handler/connect.go:236.14,236.14 0 0
github.com/rcarmo/rdp-html5/internal/handler/connect.go:237.37,238.64 1 0
github.com/rcarmo/rdp-html5/internal/handler/connect.go:242.63,243.15 1 19
github.com/rcarmo/rdp-html5/internal/handler/connect.go:243.15,243.37 1 19
github.com/rcarmo/rdp-html5/internal/handler/connect.go:245.2,250.16 4 19
github.com/rcarmo/rdp-html5/internal/handler/connect.go:250.16,254.3 3 7
github.com/rcarmo/rdp-html5/internal/handler/connect.go:257.2,258.16 2 12
github.com/rcarmo/rdp-html5/internal/handler/connect.go:258.16,262.3 3 12
github.com/rcarmo/rdp-html5/internal/handler/connect.go:265.2,266.16 2 0
github.com/rcarmo/rdp-html5/internal/handler/connect.go:266.16,270.3 3 0
[...]
github.com/rcarmo/rdp-html5/internal/transport/udp/connection.go:49.24,50.23 1 1
github.com/rcarmo/rdp-html5/internal/transport/udp/connection.go:51.10,52.39 1 1
github.com/rcarmo/rdp-html5/internal/transport/udp/connection.go:150.30,157.2 1 18
github.com/rcarmo/rdp-html5/internal/transport/udp/connection.go:243.57,244.19 1 29
github.com/rcarmo/rdp-html5/internal/transport/udp/connection.go:244.19,246.3 1 16
github.com/rcarmo/rdp-html5/internal/transport/udp/connection.go:249.2,249.48 1 29
github.com/rcarmo/rdp-html5/internal/transport/udp/connection.go:249.48,251.3 1 5
github.com/rcarmo/rdp-html5/internal/transport/udp/connection.go:253.2,269.15 4 29
github.com/rcarmo/rdp-html5/internal/transport/udp/connection.go:275.45,278.16 3 129
github.com/rcarmo/rdp-html5/internal/transport/udp/connection.go:278.16,281.3 1 0
github.com/rcarmo/rdp-html5/internal/transport/udp/connection.go:282.2,282.27 1 129
github.com/rcarmo/rdp-html5/internal/transport/udp/connection.go:286.36,290.2 3 1
github.com/rcarmo/rdp-html5/internal/transport/udp/connection.go:293.46,297.2 3 3
github.com/rcarmo/rdp-html5/internal/transport/udp/connection.go:301.57,303.28 2 2
github.com/rcarmo/rdp-html5/internal/transport/udp/connection.go:303.28,306.3 2 1
github.com/rcarmo/rdp-html5/internal/transport/udp/connection.go:308.2,308.32 1 1
github.com/rcarmo/rdp-html5/internal/transport/udp/connection.go:308.32,311.3 2 1
github.com/rcarmo/rdp-html5/internal/transport/udp/connection.go:314.2,316.16 3 0
github.com/rcarmo/rdp-html5/internal/transport/udp/connection.go:316.16,319.3 2 0
github.com/rcarmo/rdp-html5/internal/transport/udp/connection.go:321.2,328.39 4 0
github.com/rcarmo/rdp-html5/internal/transport/udp/connection.go:328.39,331.3 2 0
github.com/rcarmo/rdp-html5/internal/transport/udp/connection.go:334.2,334.9 1 0
github.com/rcarmo/rdp-html5/internal/transport/udp/connection.go:335.23,336.13 1 0
github.com/rcarmo/rdp-html5/internal/transport/udp/connection.go:337.20,339.20 2 0
github.com/rcarmo/rdp-html5/internal/transport/udp/connection.go:340.21,341.19 1 0
github.com/rcarmo/rdp-html5/internal/transport/udp/connection.go:347.57,353.43 3 0
github.com/rcarmo/rdp-html5/internal/transport/udp/connection.go:353.43,355.30 2 0
github.com/rcarmo/rdp-html5/internal/transport/udp/connection.go:355.30,358.4 2 0
github.com/rcarmo/rdp-html5/internal/transport/udp/connection.go:359.3,362.49 2 0
github.com/rcarmo/rdp-html5/internal/transport/udp/connection.go:362.49,364.4 1 0
github.com/rcarmo/rdp-html5/internal/transport/udp/connection.go:366.3,374.10 7 0
github.com/rcarmo/rdp-html5/internal/transport/udp/connection.go:375.24,377.14 2 0
github.com/rcarmo/rdp-html5/internal/transport/udp/connection.go:378.18,380.12 1 0
github.com/rcarmo/rdp-html5/internal/transport/udp/connection.go:381.21,383.21 2 0
github.com/rcarmo/rdp-html5/internal/transport/udp/connection.go:384.22,386.20 2 0
github.com/rcarmo/rdp-html5/internal/transport/udp/connection.go:390.2,390.28 1 0
github.com/rcarmo/rdp-html5/internal/transport/udp/connection.go:395.59,402.41 6 3
github.com/rcarmo/rdp-html5/internal/transport/udp/connection.go:402.41,404.3 1 2
github.com/rcarmo/rdp-html5/internal/transport/udp/connection.go:404.8,406.3 1 1
github.com/rcarmo/rdp-html5/internal/transport/udp/connection.go:409.2,410.29 2 3
github.com/rcarmo/rdp-html5/internal/transport/udp/connection.go:410.29,412.3 1 3
github.com/rcarmo/rdp-html5/internal/transport/udp/connection.go:413.2,413.19 1 0
github.com/rcarmo/rdp-html5/internal/transport/udp/connection.go:417.55,426.24 2 7
github.com/rcarmo/rdp-html5/internal/transport/udp/connection.go:426.24,428.3 1 3
github.com/rcarmo/rdp-html5/internal/transport/udp/connection.go:431.2,431.58 1 7
github.com/rcarmo/rdp-html5/internal/transport/udp/connection.go:431.58,439.59 3 5
github.com/rcarmo/rdp-html5/internal/transport/udp/connection.go:439.59,441.4 1 0
github.com/rcarmo/rdp-html5/internal/transport/udp/connection.go:444.2,444.15 1 7
github.com/rcarmo/rdp-html5/internal/transport/udp/connection.go:448.56,450.49 2 1
github.com/rcarmo/rdp-html5/internal/transport/udp/connection.go:450.49,453.3 1 0
github.com/rcarmo/rdp-html5/internal/transport/udp/connection.go:455.2,465.17 7 1
github.com/rcarmo/rdp-html5/internal/transport/udp/connection.go:466.20,467.31 1 0
github.com/rcarmo/rdp-html5/internal/transport/udp/connection.go:468.24,469.35 1 1
github.com/rcarmo/rdp-html5/internal/transport/udp/connection.go:475.65,477.88 1 0
github.com/rcarmo/rdp-html5/internal/transport/udp/connection.go:477.88,479.3 1 0
github.com/rcarmo/rdp-html5/internal/transport/udp/connection.go:483.2,483.48 1 0
github.com/rcarmo/rdp-html5/internal/transport/udp/connection.go:483.48,485.3 1 0
github.com/rcarmo/rdp-html5/internal/transport/udp/connection.go:488.2,488.30 1 0
github.com/rcarmo/rdp-html5/internal/transport/udp/connection.go:488.30,491.3 2 0
github.com/rcarmo/rdp-html5/internal/transport/udp/connection.go:494.2,494.27 1 0
github.com/rcarmo/rdp-html5/internal/transport/udp/connection.go:494.27,502.3 5 0
github.com/rcarmo/rdp-html5/internal/transport/udp/connection.go:505.2,505.94 1 0
github.com/rcarmo/rdp-html5/internal/transport/udp/connection.go:505.94,507.3 1 0
github.com/rcarmo/rdp-html5/internal/transport/udp/connection.go:507.8,509.3 1 0
github.com/rcarmo/rdp-html5/internal/transport/udp/connection.go:512.2,522.16 5 0
github.com/rcarmo/rdp-html5/internal/transport/udp/connection.go:526.69,528.43 1 1
github.com/rcarmo/rdp-html5/internal/transport/udp/connection.go:528.43,531.3 1 0
github.com/rcarmo/rdp-html5/internal/transport/udp/connection.go:534.2,534.44 1 1
github.com/rcarmo/rdp-html5/internal/transport/udp/connection.go:534.44,537.3 1 0
github.com/rcarmo/rdp-html5/internal/transport/udp/connection.go:540.2,540.44 1 1
github.com/rcarmo/rdp-html5/internal/transport/udp/connection.go:540.44,542.3 1 1
github.com/rcarmo/rdp-html5/internal/transport/udp/connection.go:545.2,545.75 1 1
github.com/rcarmo/rdp-html5/internal/transport/udp/connection.go:545.75,547.3 1 0
github.com/rcarmo/rdp-html5/internal/transport/udp/connection.go:550.2,550.44 1 1
github.com/rcarmo/rdp-html5/internal/transport/udp/connection.go:550.44,552.26 2 0
github.com/rcarmo/rdp-html5/internal/transport/udp/connection.go:552.26,552.48 1 0
github.com/rcarmo/rdp-html5/internal/transport/udp/connection.go:558.53,561.28 2 3
github.com/rcarmo/rdp-html5/internal/transport/udp/connection.go:561.28,563.3 1 1
github.com/rcarmo/rdp-html5/internal/transport/udp/connection.go:564.2,564.28 1 3
github.com/rcarmo/rdp-html5/internal/transport/udp/connection.go:568.57,570.29 2 1
github.com/rcarmo/rdp-html5/internal/transport/udp/connection.go:570.29,574.33 2 0
github.com/rcarmo/rdp-html5/internal/transport/udp/connection.go:574.33,575.21 1 0
github.com/rcarmo/rdp-html5/internal/transport/udp/connection.go:575.21,577.5 1 0
github.com/rcarmo/rdp-html5/internal/transport/udp/connection.go:582.2,582.29 1 1
github.com/rcarmo/rdp-html5/internal/transport/udp/connection.go:582.29,584.3 1 0
github.com/rcarmo/rdp-html5/internal/transport/udp/connection.go:589.69,590.63 1 1
github.com/rcarmo/rdp-html5/internal/transport/udp/connection.go:590.63,592.3 1 0
github.com/rcarmo/rdp-html5/internal/transport/udp/connection.go:596.2,599.54 3 1
github.com/rcarmo/rdp-html5/internal/transport/udp/connection.go:599.54,604.32 3 1
github.com/rcarmo/rdp-html5/internal/transport/udp/connection.go:604.32,605.17 1 3
github.com/rcarmo/rdp-html5/internal/transport/udp/connection.go:606.26,608.37 1 3
github.com/rcarmo/rdp-html5/internal/transport/udp/connection.go:609.29,611.48 1 0
github.com/rcarmo/rdp-html5/internal/transport/udp/connection.go:611.48,613.6 1 0
github.com/rcarmo/rdp-html5/internal/transport/udp/connection.go:615.4,615.16 1 3
github.com/rcarmo/rdp-html5/internal/transport/udp/connection.go:620.2,620.37 1 1
github.com/rcarmo/rdp-html5/internal/transport/udp/connection.go:620.37,622.3 1 0
github.com/rcarmo/rdp-html5/internal/transport/udp/connection.go:626.54,628.9 2 0
github.com/rcarmo/rdp-html5/internal/transport/udp/connection.go:628.9,630.3 1 0
github.com/rcarmo/rdp-html5/internal/transport/udp/connection.go:633.2,633.46 1 0
github.com/rcarmo/rdp-html5/internal/transport/udp/connection.go:633.46,636.26 2 0
github.com/rcarmo/rdp-html5/internal/transport/udp/connection.go:636.26,636.48 1 0
github.com/rcarmo/rdp-html5/internal/transport/udp/connection.go:637.3,637.9 1 0
github.com/rcarmo/rdp-html5/internal/transport/udp/connection.go:640.2,646.40 5 0
github.com/rcarmo/rdp-html5/internal/transport/udp/connection.go:646.40,648.3 1 0
github.com/rcarmo/rdp-html5/internal/transport/udp/connection.go:652.58,653.33 1 0
github.com/rcarmo/rdp-html5/internal/transport/udp/connection.go:653.33,655.3 1 0
github.com/rcarmo/rdp-html5/internal/transport/udp/connection.go:657.2,660.31 2 0
github.com/rcarmo/rdp-html5/internal/transport/udp/connection.go:660.31,662.34 1 0
github.com/rcarmo/rdp-html5/internal/transport/udp/connection.go:662.34,665.4 1 0
github.com/rcarmo/rdp-html5/internal/transport/udp/connection.go:666.3,666.28 1 0
github.com/rcarmo/rdp-html5/internal/transport/udp/connection.go:670.2,673.31 2 0
github.com/rcarmo/rdp-html5/internal/transport/udp/connection.go:673.31,675.10 1 0
github.com/rcarmo/rdp-html5/internal/transport/udp/connection.go:676.34,676.34 0 0
github.com/rcarmo/rdp-html5/internal/transport/udp/connection.go:677.11,679.25 1 0
github.com/rcarmo/rdp-html5/internal/transport/udp/connection.go:681.3,684.7 2 0
github.com/rcarmo/rdp-html5/internal/transport/udp/connection.go:684.7,685.53 1 0
github.com/rcarmo/rdp-html5/internal/transport/udp/connection.go:685.53,686.12 1 0
github.com/rcarmo/rdp-html5/internal/transport/udp/connection.go:687.29,687.29 0 0
github.com/rcarmo/rdp-html5/internal/transport/udp/connection.go:688.13,689.27 1 0
github.com/rcarmo/rdp-html5/internal/transport/udp/connection.go:691.5,692.22 2 0
github.com/rcarmo/rdp-html5/internal/transport/udp/connection.go:693.10,694.10 1 0
github.com/rcarmo/rdp-html5/internal/transport/udp/connection.go:697.8,697.37 1 0
github.com/rcarmo/rdp-html5/internal/transport/udp/connection.go:697.37,700.3 1 0
github.com/rcarmo/rdp-html5/internal/transport/udp/connection.go:704.2,704.26 1 0
github.com/rcarmo/rdp-html5/internal/transport/udp/connection.go:709.38,716.2 5 0
github.com/rcarmo/rdp-html5/internal/transport/udp/connection.go:719.55,727.24 2 0
github.com/rcarmo/rdp-html5/internal/transport/udp/connection.go:727.24,729.3 1 0
github.com/rcarmo/rdp-html5/internal/transport/udp/connection.go:732.2,734.15 2 0
github.com/rcarmo/rdp-html5/internal/transport/udp/connection.go:739.58,740.51 1 3
github.com/rcarmo/rdp-html5/internal/transport/udp/connection.go:740.51,742.3 1 1
github.com/rcarmo/rdp-html5/internal/transport/udp/connection.go:746.2,746.40 1 2
github.com/rcarmo/rdp-html5/internal/transport/udp/connection.go:746.40,748.3 1 0
github.com/rcarmo/rdp-html5/internal/transport/udp/connection.go:750.2,755.85 4 2
github.com/rcarmo/rdp-html5/internal/transport/udp/connection.go:755.85,757.28 2 10
github.com/rcarmo/rdp-html5/internal/transport/udp/connection.go:757.28,760.4 1 0
github.com/rcarmo/rdp-html5/internal/transport/udp/connection.go:760.9,760.44 1 10
github.com/rcarmo/rdp-html5/internal/transport/udp/connection.go:760.44,763.4 1 1
github.com/rcarmo/rdp-html5/internal/transport/udp/connection.go:763.9,763.62 1 9
github.com/rcarmo/rdp-html5/internal/transport/udp/connection.go:763.62,765.4 1 2
github.com/rcarmo/rdp-html5/internal/transport/udp/connection.go:765.9,768.4 1 7
github.com/rcarmo/rdp-html5/internal/transport/udp/connection.go:770.3,770.46 1 10
github.com/rcarmo/rdp-html5/internal/transport/udp/connection.go:770.46,772.4 1 6
github.com/rcarmo/rdp-html5/internal/transport/udp/connection.go:772.9,774.21 1 4
github.com/rcarmo/rdp-html5/internal/transport/udp/connection.go:774.21,777.5 2 4
github.com/rcarmo/rdp-html5/internal/transport/udp/connection.go:778.4,779.17 2 4
github.com/rcarmo/rdp-html5/internal/transport/udp/connection.go:783.3,783.15 1 10
github.com/rcarmo/rdp-html5/internal/transport/udp/connection.go:783.15,784.9 1 0
github.com/rcarmo/rdp-html5/internal/transport/udp/connection.go:789.2,789.19 1 2
github.com/rcarmo/rdp-html5/internal/transport/udp/connection.go:789.19,792.3 2 2
github.com/rcarmo/rdp-html5/internal/transport/udp/connection.go:794.2,794.24 1 2
github.com/rcarmo/rdp-html5/internal/transport/udp/connection.go:794.24,796.3 1 0
github.com/rcarmo/rdp-html5/internal/transport/udp/connection.go:798.2,801.3 1 2
github.com/rcarmo/rdp-html5/internal/transport/udp/connection.go:805.63,807.16 2 0
github.com/rcarmo/rdp-html5/internal/transport/udp/connection.go:807.16,809.3 1 0
github.com/rcarmo/rdp-html5/internal/transport/udp/connection.go:812.2,812.44 1 0
github.com/rcarmo/rdp-html5/internal/transport/udp/connection.go:812.44,816.22 4 0
github.com/rcarmo/rdp-html5/internal/transport/udp/connection.go:816.22,819.4 2 0
github.com/rcarmo/rdp-html5/internal/transport/udp/connection.go:822.2,828.12 6 0
github.com/rcarmo/rdp-html5/internal/transport/udp/connection.go:832.36,834.6 2 0
github.com/rcarmo/rdp-html5/internal/transport/udp/connection.go:834.6,835.10 1 0
github.com/rcarmo/rdp-html5/internal/transport/udp/connection.go:836.22,837.10 1 0
github.com/rcarmo/rdp-html5/internal/transport/udp/connection.go:838.11,838.11 0 0
github.com/rcarmo/rdp-html5/internal/transport/udp/connection.go:841.3,843.17 3 0
github.com/rcarmo/rdp-html5/internal/transport/udp/connection.go:843.17,844.61 1 0
github.com/rcarmo/rdp-html5/internal/transport/udp/connection.go:844.61,845.13 1 0
github.com/rcarmo/rdp-html5/internal/transport/udp/connection.go:848.4,849.30 2 0
github.com/rcarmo/rdp-html5/internal/transport/udp/connection.go:849.30,851.28 2 0
github.com/rcarmo/rdp-html5/internal/transport/udp/connection.go:851.28,851.50 1 0
github.com/rcarmo/rdp-html5/internal/transport/udp/connection.go:853.4,854.10 2 0
github.com/rcarmo/rdp-html5/internal/transport/udp/connection.go:857.3,857.12 1 0
github.com/rcarmo/rdp-html5/internal/transport/udp/connection.go:857.12,862.4 3 0
github.com/rcarmo/rdp-html5/internal/transport/udp/connection.go:867.50,868.9 1 0
github.com/rcarmo/rdp-html5/internal/transport/udp/connection.go:869.28,871.16 2 0
github.com/rcarmo/rdp-html5/internal/transport/udp/connection.go:872.21,873.22 1 0
github.com/rcarmo/rdp-html5/internal/transport/udp/connection.go:878.51,880.33 2 1
github.com/rcarmo/rdp-html5/internal/transport/udp/connection.go:880.33,883.3 2 1
github.com/rcarmo/rdp-html5/internal/transport/udp/connection.go:885.2,893.16 6 0
github.com/rcarmo/rdp-html5/internal/transport/udp/connection.go:893.16,895.3 1 0
github.com/rcarmo/rdp-html5/internal/transport/udp/connection.go:898.2,910.45 6 0
github.com/rcarmo/rdp-html5/internal/transport/udp/connection.go:910.45,912.3 1 0
github.com/rcarmo/rdp-html5/internal/transport/udp/connection.go:914.2,914.20 1 0
github.com/rcarmo/rdp-html5/internal/transport/udp/connection.go:918.36,922.28 3 2
github.com/rcarmo/rdp-html5/internal/transport/udp/connection.go:922.28,924.3 1 2
github.com/rcarmo/rdp-html5/internal/transport/udp/connection.go:927.2,930.33 2 0
github.com/rcarmo/rdp-html5/internal/transport/udp/connection.go:930.33,933.3 2 0
github.com/rcarmo/rdp-html5/internal/transport/udp/connection.go:935.2,936.25 2 0
github.com/rcarmo/rdp-html5/internal/transport/udp/connection.go:936.25,936.47 1 0
github.com/rcarmo/rdp-html5/internal/transport/udp/connection.go:938.2,938.19 1 0
github.com/rcarmo/rdp-html5/internal/transport/udp/connection.go:938.19,940.3 1 0
github.com/rcarmo/rdp-html5/internal/transport/udp/connection.go:941.2,941.12 1 0
github.com/rcarmo/rdp-html5/internal/transport/udp/connection.go:945.43,946.19 1 1
github.com/rcarmo/rdp-html5/internal/transport/udp/connection.go:946.19,948.3 1 0
github.com/rcarmo/rdp-html5/internal/transport/udp/connection.go:949.2,949.12 1 1
github.com/rcarmo/rdp-html5/internal/transport/udp/connection.go:953.44,954.19 1 1
github.com/rcarmo/rdp-html5/internal/transport/udp/connection.go:954.19,956.3 1 0
github.com/rcarmo/rdp-html5/internal/transport/udp/connection.go:957.2,957.12 1 1
github.com/rcarmo/rdp-html5/internal/transport/udp/connection.go:962.36,963.11 1 4
github.com/rcarmo/rdp-html5/internal/transport/udp/connection.go:963.11,965.3 1 2
github.com/rcarmo/rdp-html5/internal/transport/udp/connection.go:966.2,966.10 1 2
github.com/rcarmo/rdp-html5/internal/transport/udp/connection.go:970.36,972.2 1 0
github.com/rcarmo/rdp-html5/internal/transport/udp/connection.go:978.44,979.29 1 0
github.com/rcarmo/rdp-html5/internal/transport/udp/connection.go:979.29,981.3 1 0
github.com/rcarmo/rdp-html5/internal/transport/udp/connection.go:982.2,982.62 1 0
github.com/rcarmo/rdp-html5/internal/transport/udp/connection.go:982.62,984.3 1 0
github.com/rcarmo/rdp-html5/internal/transport/udp/connection.go:988.44,989.29 1 1
github.com/rcarmo/rdp-html5/internal/transport/udp/connection.go:989.29,992.3 2 0
github.com/rcarmo/rdp-html5/internal/transport/udp/connection.go:997.41,1003.31 5 0
github.com/rcarmo/rdp-html5/internal/transport/udp/connection.go:1003.31,1005.3 1 0
github.com/rcarmo/rdp-html5/internal/transport/udp/connection.go:1008.2,1008.67 1 0
github.com/rcarmo/rdp-html5/internal/transport/udp/connection.go:1008.67,1012.3 2 0
github.com/rcarmo/rdp-html5/internal/transport/udp/connection.go:1015.2,1020.15 4 0
github.com/rcarmo/rdp-html5/internal/transport/udp/connection.go:1025.45,1026.30 1 0
github.com/rcarmo/rdp-html5/internal/transport/udp/connection.go:1026.30,1028.3 1 0
github.com/rcarmo/rdp-html5/internal/transport/udp/connection.go:1029.2,1029.63 1 0
github.com/rcarmo/rdp-html5/internal/transport/udp/connection.go:1029.63,1031.3 1 0
github.com/rcarmo/rdp-html5/internal/transport/udp/connection.go:1035.42,1041.16 5 0
github.com/rcarmo/rdp-html5/internal/transport/udp/connection.go:1041.16,1043.3 1 0
github.com/rcarmo/rdp-html5/internal/transport/udp/connection.go:1047.45,1048.30 1 0
github.com/rcarmo/rdp-html5/internal/transport/udp/connection.go:1048.30,1050.3 1 0
github.com/rcarmo/rdp-html5/internal/transport/udp/connection.go:1051.2,1052.53 2 0
github.com/rcarmo/rdp-html5/internal/transport/udp/connection.go:1052.53,1054.3 1 0
github.com/rcarmo/rdp-html5/internal/transport/udp/connection.go:1059.42,1064.33 4 0
github.com/rcarmo/rdp-html5/internal/transport/udp/connection.go:1064.33,1066.3 1 0
github.com/rcarmo/rdp-html5/internal/transport/udp/connection.go:1068.2,1072.40 3 0
github.com/rcarmo/rdp-html5/internal/transport/udp/connection.go:1072.40,1073.31 1 0
github.com/rcarmo/rdp-html5/internal/transport/udp/connection.go:1073.31,1074.48 1 0
github.com/rcarmo/rdp-html5/internal/transport/udp/connection.go:1074.48,1077.28 2 0
github.com/rcarmo/rdp-html5/internal/transport/udp/connection.go:1077.28,1077.50 1 0
github.com/rcarmo/rdp-html5/internal/transport/udp/connection.go:1078.5,1078.11 1 0
github.com/rcarmo/rdp-html5/internal/transport/udp/connection.go:1082.4,1087.42 5 0
github.com/rcarmo/rdp-html5/internal/transport/udp/connection.go:1087.42,1089.5 1 0
github.com/rcarmo/rdp-html5/internal/transport/udp/connection.go:1092.3,1092.34 1 0
github.com/rcarmo/rdp-html5/internal/transport/udp/connection.go:1092.34,1094.4 1 0
github.com/rcarmo/rdp-html5/internal/transport/udp/connection.go:1095.3,1095.13 1 0
github.com/rcarmo/rdp-html5/internal/transport/udp/connection.go:1099.2,1099.20 1 0
github.com/rcarmo/rdp-html5/internal/transport/udp/connection.go:1099.20,1101.3 1 0
github.com/rcarmo/rdp-html5/internal/transport/udp/connection.go:1105.35,1106.29 1 0
github.com/rcarmo/rdp-html5/internal/transport/udp/connection.go:1106.29,1109.3 2 0
github.com/rcarmo/rdp-html5/internal/transport/udp/connection.go:1110.2,1110.30 1 0
github.com/rcarmo/rdp-html5/internal/transport/udp/connection.go:1110.30,1113.3 2 0
github.com/rcarmo/rdp-html5/internal/transport/udp/connection.go:1114.2,1114.30 1 0
github.com/rcarmo/rdp-html5/internal/transport/udp/connection.go:1114.30,1117.3 2 0
