mode: set
github.com/rcarmo/rdp-html5/cmd/server/main.go:24.13,26.18 2 0
github.com/rcarmo/rdp-html5/cmd/server/main.go:26.18,28.3 1 0
github.com/rcarmo/rdp-html5/cmd/server/main.go:29.2,29.34 1 0
github.com/rcarmo/rdp-html5/cmd/server/main.go:29.34,31.3 1 0
github.com/rcarmo/rdp-html5/cmd/server/main.go:46.40,48.2 1 0
github.com/rcarmo/rdp-html5/cmd/server/main.go:51.61,64.15 11 1
github.com/rcarmo/rdp-html5/cmd/server/main.go:64.15,67.3 2 1
github.com/rcarmo/rdp-html5/cmd/server/main.go:69.2,69.18 1 1
github.com/rcarmo/rdp-html5/cmd/server/main.go:69.18,72.3 2 1
github.com/rcarmo/rdp-html5/cmd/server/main.go:74.2,81.7 1 1
github.com/rcarmo/rdp-html5/cmd/server/main.go:85.33,96.16 3 1
github.com/rcarmo/rdp-html5/cmd/server/main.go:96.16,98.3 1 0
github.com/rcarmo/rdp-html5/cmd/server/main.go:100.2,105.90 4 1
github.com/rcarmo/rdp-html5/cmd/server/main.go:105.90,107.3 1 1
github.com/rcarmo/rdp-html5/cmd/server/main.go:108.2,108.12 1 0
github.com/rcarmo/rdp-html5/cmd/server/main.go:111.52,128.2 7 1
github.com/rcarmo/rdp-html5/cmd/server/main.go:130.82,131.16 1 1
github.com/rcarmo/rdp-html5/cmd/server/main.go:131.16,133.3 1 1
github.com/rcarmo/rdp-html5/cmd/server/main.go:135.2,136.34 2 1
github.com/rcarmo/rdp-html5/cmd/server/main.go:136.34,138.3 1 1
github.com/rcarmo/rdp-html5/cmd/server/main.go:139.2,142.10 3 1
github.com/rcarmo/rdp-html5/cmd/server/main.go:145.64,146.71 1 1
github.com/rcarmo/rdp-html5/cmd/server/main.go:146.71,157.3 7 1
github.com/rcarmo/rdp-html5/cmd/server/main.go:160.78,161.71 1 1
github.com/rcarmo/rdp-html5/cmd/server/main.go:161.71,163.54 2 1
github.com/rcarmo/rdp-html5/cmd/server/main.go:163.54,168.4 4 1
github.com/rcarmo/rdp-html5/cmd/server/main.go:170.3,170.37 1 1
github.com/rcarmo/rdp-html5/cmd/server/main.go:170.37,173.4 2 1
github.com/rcarmo/rdp-html5/cmd/server/main.go:175.3,175.23 1 1
github.com/rcarmo/rdp-html5/cmd/server/main.go:179.80,180.18 1 1
github.com/rcarmo/rdp-html5/cmd/server/main.go:180.18,182.3 1 1
github.com/rcarmo/rdp-html5/cmd/server/main.go:184.2,184.41 1 1
github.com/rcarmo/rdp-html5/cmd/server/main.go:184.41,185.43 1 1
github.com/rcarmo/rdp-html5/cmd/server/main.go:185.43,187.4 1 1
github.com/rcarmo/rdp-html5/cmd/server/main.go:192.2,192.30 1 1
github.com/rcarmo/rdp-html5/cmd/server/main.go:192.30,194.3 1 1
github.com/rcarmo/rdp-html5/cmd/server/main.go:196.2,196.14 1 1
github.com/rcarmo/rdp-html5/cmd/server/main.go:199.65,201.71 1 1
github.com/rcarmo/rdp-html5/cmd/server/main.go:201.71,203.3 1 1
github.com/rcarmo/rdp-html5/cmd/server/main.go:206.45,212.17 4 1
github.com/rcarmo/rdp-html5/cmd/server/main.go:212.17,214.3 1 0
github.com/rcarmo/rdp-html5/cmd/server/main.go:215.2,215.35 1 1
github.com/rcarmo/rdp-html5/cmd/server/main.go:218.63,219.71 1 1
github.com/rcarmo/rdp-html5/cmd/server/main.go:219.71,223.3 3 1
github.com/rcarmo/rdp-html5/cmd/server/main.go:226.63,227.19 1 1
github.com/rcarmo/rdp-html5/cmd/server/main.go:227.19,229.3 1 1
github.com/rcarmo/rdp-html5/cmd/server/main.go:231.2,232.42 2 1
github.com/rcarmo/rdp-html5/cmd/server/main.go:232.42,234.3 1 1
github.com/rcarmo/rdp-html5/cmd/server/main.go:236.2,236.12 1 1
github.com/rcarmo/rdp-html5/cmd/server/main.go:239.17,252.2 12 1
github.com/rcarmo/rdp-html5/cmd/server/main.go:254.20,258.2 3 1
github.com/rcarmo/rdp-html5/internal/auth/credssp.go:28.72,29.36 1 1
github.com/rcarmo/rdp-html5/internal/auth/credssp.go:29.36,37.3 5 1
github.com/rcarmo/rdp-html5/internal/auth/credssp.go:39.2,39.15 1 1
github.com/rcarmo/rdp-html5/internal/auth/credssp.go:45.93,46.36 1 1
github.com/rcarmo/rdp-html5/internal/auth/credssp.go:46.36,54.3 6 1
github.com/rcarmo/rdp-html5/internal/auth/credssp.go:56.2,56.48 1 1
github.com/rcarmo/rdp-html5/internal/auth/credssp.go:56.48,58.3 1 1
github.com/rcarmo/rdp-html5/internal/auth/credssp.go:59.2,62.48 4 1
github.com/rcarmo/rdp-html5/internal/auth/credssp.go:85.88,87.2 1 1
github.com/rcarmo/rdp-html5/internal/auth/credssp.go:91.117,93.2 1 1
github.com/rcarmo/rdp-html5/internal/auth/credssp.go:96.132,107.27 5 1
github.com/rcarmo/rdp-html5/internal/auth/credssp.go:107.27,109.36 2 1
github.com/rcarmo/rdp-html5/internal/auth/credssp.go:109.36,113.4 2 1
github.com/rcarmo/rdp-html5/internal/auth/credssp.go:115.3,116.26 2 1
github.com/rcarmo/rdp-html5/internal/auth/credssp.go:120.2,120.23 1 1
github.com/rcarmo/rdp-html5/internal/auth/credssp.go:120.23,123.3 2 1
github.com/rcarmo/rdp-html5/internal/auth/credssp.go:126.2,126.25 1 1
github.com/rcarmo/rdp-html5/internal/auth/credssp.go:126.25,129.3 2 1
github.com/rcarmo/rdp-html5/internal/auth/credssp.go:132.2,132.26 1 1
github.com/rcarmo/rdp-html5/internal/auth/credssp.go:132.26,135.3 2 0
github.com/rcarmo/rdp-html5/internal/auth/credssp.go:138.2,139.20 2 1
github.com/rcarmo/rdp-html5/internal/auth/credssp.go:143.55,148.16 3 1
github.com/rcarmo/rdp-html5/internal/auth/credssp.go:148.16,150.3 1 1
github.com/rcarmo/rdp-html5/internal/auth/credssp.go:153.2,154.28 2 1
github.com/rcarmo/rdp-html5/internal/auth/credssp.go:154.28,156.17 2 1
github.com/rcarmo/rdp-html5/internal/auth/credssp.go:156.17,157.9 1 0
github.com/rcarmo/rdp-html5/internal/auth/credssp.go:159.3,161.17 2 1
github.com/rcarmo/rdp-html5/internal/auth/credssp.go:162.10,163.37 1 1
github.com/rcarmo/rdp-html5/internal/auth/credssp.go:164.10,165.43 1 1
github.com/rcarmo/rdp-html5/internal/auth/credssp.go:166.10,168.24 2 1
github.com/rcarmo/rdp-html5/internal/auth/credssp.go:169.10,171.26 2 1
github.com/rcarmo/rdp-html5/internal/auth/credssp.go:172.10,173.47 1 0
github.com/rcarmo/rdp-html5/internal/auth/credssp.go:174.10,176.27 2 0
github.com/rcarmo/rdp-html5/internal/auth/credssp.go:179.3,179.37 1 1
github.com/rcarmo/rdp-html5/internal/auth/credssp.go:182.2,182.17 1 1
github.com/rcarmo/rdp-html5/internal/auth/credssp.go:196.66,210.2 9 1
github.com/rcarmo/rdp-html5/internal/auth/credssp.go:214.38,215.18 1 1
github.com/rcarmo/rdp-html5/internal/auth/credssp.go:215.18,217.3 1 1
github.com/rcarmo/rdp-html5/internal/auth/credssp.go:218.2,218.18 1 1
github.com/rcarmo/rdp-html5/internal/auth/credssp.go:218.18,220.3 1 1
github.com/rcarmo/rdp-html5/internal/auth/credssp.go:221.2,221.20 1 1
github.com/rcarmo/rdp-html5/internal/auth/credssp.go:221.20,223.3 1 1
github.com/rcarmo/rdp-html5/internal/auth/credssp.go:224.2,224.74 1 1
github.com/rcarmo/rdp-html5/internal/auth/credssp.go:227.41,233.2 5 1
github.com/rcarmo/rdp-html5/internal/auth/credssp.go:235.52,241.2 5 1
github.com/rcarmo/rdp-html5/internal/auth/credssp.go:243.44,249.2 5 1
github.com/rcarmo/rdp-html5/internal/auth/credssp.go:251.36,254.15 3 1
github.com/rcarmo/rdp-html5/internal/auth/credssp.go:254.15,257.3 2 1
github.com/rcarmo/rdp-html5/internal/auth/credssp.go:257.8,257.22 1 1
github.com/rcarmo/rdp-html5/internal/auth/credssp.go:257.22,261.3 3 1
github.com/rcarmo/rdp-html5/internal/auth/credssp.go:261.8,265.3 3 1
github.com/rcarmo/rdp-html5/internal/auth/credssp.go:266.2,266.20 1 1
github.com/rcarmo/rdp-html5/internal/auth/credssp.go:271.50,272.19 1 1
github.com/rcarmo/rdp-html5/internal/auth/credssp.go:272.19,274.3 1 1
github.com/rcarmo/rdp-html5/internal/auth/credssp.go:275.2,280.19 5 1
github.com/rcarmo/rdp-html5/internal/auth/credssp.go:280.19,282.3 1 1
github.com/rcarmo/rdp-html5/internal/auth/credssp.go:282.8,284.34 2 1
github.com/rcarmo/rdp-html5/internal/auth/credssp.go:284.34,286.4 1 1
github.com/rcarmo/rdp-html5/internal/auth/credssp.go:287.3,287.33 1 1
github.com/rcarmo/rdp-html5/internal/auth/credssp.go:287.33,290.4 2 1
github.com/rcarmo/rdp-html5/internal/auth/credssp.go:293.2,293.31 1 1
github.com/rcarmo/rdp-html5/internal/auth/credssp.go:293.31,295.3 1 1
github.com/rcarmo/rdp-html5/internal/auth/credssp.go:296.2,296.47 1 1
github.com/rcarmo/rdp-html5/internal/auth/credssp.go:299.30,300.19 1 1
github.com/rcarmo/rdp-html5/internal/auth/credssp.go:300.19,302.3 1 1
github.com/rcarmo/rdp-html5/internal/auth/credssp.go:303.2,307.19 4 1
github.com/rcarmo/rdp-html5/internal/auth/credssp.go:307.19,309.3 1 1
github.com/rcarmo/rdp-html5/internal/auth/credssp.go:309.8,312.52 3 1
github.com/rcarmo/rdp-html5/internal/auth/credssp.go:312.52,314.4 1 1
github.com/rcarmo/rdp-html5/internal/auth/credssp.go:316.2,316.24 1 1
github.com/rcarmo/rdp-html5/internal/auth/credssp.go:319.36,321.35 2 1
github.com/rcarmo/rdp-html5/internal/auth/credssp.go:321.35,323.3 1 1
github.com/rcarmo/rdp-html5/internal/auth/credssp.go:324.2,325.26 2 1
github.com/rcarmo/rdp-html5/internal/auth/credssp.go:325.26,327.3 1 1
github.com/rcarmo/rdp-html5/internal/auth/credssp.go:328.2,328.15 1 1
github.com/rcarmo/rdp-html5/internal/auth/credssp.go:331.47,336.16 3 1
github.com/rcarmo/rdp-html5/internal/auth/credssp.go:336.16,338.3 1 1
github.com/rcarmo/rdp-html5/internal/auth/credssp.go:341.2,342.28 2 1
github.com/rcarmo/rdp-html5/internal/auth/credssp.go:342.28,345.17 2 1
github.com/rcarmo/rdp-html5/internal/auth/credssp.go:345.17,346.9 1 0
github.com/rcarmo/rdp-html5/internal/auth/credssp.go:350.3,351.17 2 1
github.com/rcarmo/rdp-html5/internal/auth/credssp.go:351.17,353.18 2 1
github.com/rcarmo/rdp-html5/internal/auth/credssp.go:353.18,355.5 1 1
github.com/rcarmo/rdp-html5/internal/auth/credssp.go:358.3,358.37 1 1
github.com/rcarmo/rdp-html5/internal/auth/credssp.go:361.2,361.15 1 1
github.com/rcarmo/rdp-html5/internal/auth/md4.go:7.30,13.28 4 1
github.com/rcarmo/rdp-html5/internal/auth/md4.go:13.28,15.3 1 1
github.com/rcarmo/rdp-html5/internal/auth/md4.go:17.2,23.37 5 1
github.com/rcarmo/rdp-html5/internal/auth/md4.go:23.37,26.27 3 1
github.com/rcarmo/rdp-html5/internal/auth/md4.go:26.27,28.4 1 1
github.com/rcarmo/rdp-html5/internal/auth/md4.go:30.3,89.10 53 1
github.com/rcarmo/rdp-html5/internal/auth/md4.go:93.2,98.15 6 1
github.com/rcarmo/rdp-html5/internal/auth/md4.go:101.34,101.63 1 1
github.com/rcarmo/rdp-html5/internal/auth/md4.go:102.34,102.72 1 1
github.com/rcarmo/rdp-html5/internal/auth/md4.go:103.34,103.54 1 1
github.com/rcarmo/rdp-html5/internal/auth/md4.go:105.36,105.73 1 1
github.com/rcarmo/rdp-html5/internal/auth/md4.go:107.53,109.2 1 1
github.com/rcarmo/rdp-html5/internal/auth/md4.go:111.53,113.2 1 1
github.com/rcarmo/rdp-html5/internal/auth/md4.go:115.53,117.2 1 1
github.com/rcarmo/rdp-html5/internal/auth/ntlm.go:68.55,77.2 4 1
github.com/rcarmo/rdp-html5/internal/auth/ntlm.go:80.47,110.2 14 1
github.com/rcarmo/rdp-html5/internal/auth/ntlm.go:122.68,123.20 1 1
github.com/rcarmo/rdp-html5/internal/auth/ntlm.go:123.20,125.3 1 1
github.com/rcarmo/rdp-html5/internal/auth/ntlm.go:128.2,168.80 22 1
github.com/rcarmo/rdp-html5/internal/auth/ntlm.go:168.80,171.3 2 1
github.com/rcarmo/rdp-html5/internal/auth/ntlm.go:173.2,173.17 1 1
github.com/rcarmo/rdp-html5/internal/auth/ntlm.go:176.49,178.34 2 1
github.com/rcarmo/rdp-html5/internal/auth/ntlm.go:178.34,183.23 4 1
github.com/rcarmo/rdp-html5/internal/auth/ntlm.go:183.23,184.9 1 1
github.com/rcarmo/rdp-html5/internal/auth/ntlm.go:186.3,186.74 1 1
github.com/rcarmo/rdp-html5/internal/auth/ntlm.go:186.74,188.4 1 1
github.com/rcarmo/rdp-html5/internal/auth/ntlm.go:189.3,189.23 1 1
github.com/rcarmo/rdp-html5/internal/auth/ntlm.go:191.2,191.12 1 1
github.com/rcarmo/rdp-html5/internal/auth/ntlm.go:196.55,197.26 1 1
github.com/rcarmo/rdp-html5/internal/auth/ntlm.go:197.26,199.3 1 0
github.com/rcarmo/rdp-html5/internal/auth/ntlm.go:202.2,206.34 4 1
github.com/rcarmo/rdp-html5/internal/auth/ntlm.go:206.34,210.25 3 1
github.com/rcarmo/rdp-html5/internal/auth/ntlm.go:210.25,212.4 1 0
github.com/rcarmo/rdp-html5/internal/auth/ntlm.go:213.3,213.23 1 1
github.com/rcarmo/rdp-html5/internal/auth/ntlm.go:213.23,215.9 2 1
github.com/rcarmo/rdp-html5/internal/auth/ntlm.go:217.3,217.27 1 1
github.com/rcarmo/rdp-html5/internal/auth/ntlm.go:220.2,223.22 3 1
github.com/rcarmo/rdp-html5/internal/auth/ntlm.go:223.22,228.3 3 0
github.com/rcarmo/rdp-html5/internal/auth/ntlm.go:228.8,228.27 1 1
github.com/rcarmo/rdp-html5/internal/auth/ntlm.go:228.27,236.3 5 1
github.com/rcarmo/rdp-html5/internal/auth/ntlm.go:238.2,238.15 1 1
github.com/rcarmo/rdp-html5/internal/auth/ntlm.go:251.83,253.16 2 1
github.com/rcarmo/rdp-html5/internal/auth/ntlm.go:253.16,255.3 1 1
github.com/rcarmo/rdp-html5/internal/auth/ntlm.go:256.2,258.61 2 1
github.com/rcarmo/rdp-html5/internal/auth/ntlm.go:258.61,260.3 1 1
github.com/rcarmo/rdp-html5/internal/auth/ntlm.go:263.2,265.32 3 1
github.com/rcarmo/rdp-html5/internal/auth/ntlm.go:265.32,268.3 2 1
github.com/rcarmo/rdp-html5/internal/auth/ntlm.go:268.8,270.3 1 1
github.com/rcarmo/rdp-html5/internal/auth/ntlm.go:273.2,274.54 2 1
github.com/rcarmo/rdp-html5/internal/auth/ntlm.go:274.54,276.3 1 0
github.com/rcarmo/rdp-html5/internal/auth/ntlm.go:279.2,280.16 2 1
github.com/rcarmo/rdp-html5/internal/auth/ntlm.go:280.16,282.3 1 1
github.com/rcarmo/rdp-html5/internal/auth/ntlm.go:285.2,290.57 3 1
github.com/rcarmo/rdp-html5/internal/auth/ntlm.go:290.57,292.3 1 0
github.com/rcarmo/rdp-html5/internal/auth/ntlm.go:294.2,309.16 7 1
github.com/rcarmo/rdp-html5/internal/auth/ntlm.go:309.16,313.3 2 1
github.com/rcarmo/rdp-html5/internal/auth/ntlm.go:315.2,335.3 8 1
github.com/rcarmo/rdp-html5/internal/auth/ntlm.go:338.125,364.2 15 1
github.com/rcarmo/rdp-html5/internal/auth/ntlm.go:366.153,429.2 38 1
github.com/rcarmo/rdp-html5/internal/auth/ntlm.go:431.72,439.49 6 1
github.com/rcarmo/rdp-html5/internal/auth/ntlm.go:439.49,441.3 1 1
github.com/rcarmo/rdp-html5/internal/auth/ntlm.go:442.2,443.54 2 1
github.com/rcarmo/rdp-html5/internal/auth/ntlm.go:447.67,448.21 1 1
github.com/rcarmo/rdp-html5/internal/auth/ntlm.go:448.21,450.3 1 1
github.com/rcarmo/rdp-html5/internal/auth/ntlm.go:451.2,451.61 1 1
github.com/rcarmo/rdp-html5/internal/auth/ntlm.go:456.67,458.2 1 0
github.com/rcarmo/rdp-html5/internal/auth/ntlm.go:462.51,489.2 17 1
github.com/rcarmo/rdp-html5/internal/auth/ntlm.go:493.51,494.20 1 0
github.com/rcarmo/rdp-html5/internal/auth/ntlm.go:494.20,496.3 1 0
github.com/rcarmo/rdp-html5/internal/auth/ntlm.go:502.2,511.18 4 0
github.com/rcarmo/rdp-html5/internal/auth/ntlm.go:516.37,519.26 3 1
github.com/rcarmo/rdp-html5/internal/auth/ntlm.go:519.26,521.3 1 1
github.com/rcarmo/rdp-html5/internal/auth/ntlm.go:522.2,522.15 1 1
github.com/rcarmo/rdp-html5/internal/auth/ntlm.go:525.52,530.2 3 1
github.com/rcarmo/rdp-html5/internal/auth/ntlm.go:532.52,535.2 1 1
github.com/rcarmo/rdp-html5/internal/auth/ntlm.go:537.39,541.2 3 1
github.com/rcarmo/rdp-html5/internal/auth/ntlm.go:543.34,546.2 2 1
github.com/rcarmo/rdp-html5/internal/auth/ntlm.go:548.29,554.2 4 1
github.com/rcarmo/rdp-html5/internal/auth/ntlm.go:556.31,558.22 2 1
github.com/rcarmo/rdp-html5/internal/auth/ntlm.go:558.22,559.27 1 1
github.com/rcarmo/rdp-html5/internal/auth/ntlm.go:559.27,561.4 1 1
github.com/rcarmo/rdp-html5/internal/auth/ntlm.go:561.9,563.4 1 1
github.com/rcarmo/rdp-html5/internal/auth/ntlm.go:565.2,565.23 1 1
github.com/rcarmo/rdp-html5/internal/codec/bitmap.go:5.66,6.17 1 1
github.com/rcarmo/rdp-html5/internal/codec/bitmap.go:6.17,8.3 1 1
github.com/rcarmo/rdp-html5/internal/codec/bitmap.go:10.2,11.50 2 1
github.com/rcarmo/rdp-html5/internal/codec/bitmap.go:11.50,13.3 1 1
github.com/rcarmo/rdp-html5/internal/codec/bitmap.go:15.2,18.28 3 1
github.com/rcarmo/rdp-html5/internal/codec/bitmap.go:18.28,25.3 5 1
github.com/rcarmo/rdp-html5/internal/codec/bitmap.go:33.45,34.21 1 1
github.com/rcarmo/rdp-html5/internal/codec/bitmap.go:34.21,36.3 1 1
github.com/rcarmo/rdp-html5/internal/codec/bitmap.go:37.2,37.54 1 1
github.com/rcarmo/rdp-html5/internal/codec/bitmap.go:37.54,43.3 4 1
github.com/rcarmo/rdp-html5/internal/codec/bitmap.go:47.45,48.52 1 1
github.com/rcarmo/rdp-html5/internal/codec/bitmap.go:48.52,54.3 5 1
github.com/rcarmo/rdp-html5/internal/codec/bitmap.go:58.13,60.27 1 1
github.com/rcarmo/rdp-html5/internal/codec/bitmap.go:60.27,65.3 4 1
github.com/rcarmo/rdp-html5/internal/codec/bitmap.go:138.43,142.49 3 1
github.com/rcarmo/rdp-html5/internal/codec/bitmap.go:142.49,161.3 13 1
github.com/rcarmo/rdp-html5/internal/codec/bitmap.go:165.43,169.49 3 1
github.com/rcarmo/rdp-html5/internal/codec/bitmap.go:169.49,188.3 13 1
github.com/rcarmo/rdp-html5/internal/codec/bitmap.go:192.42,196.49 3 1
github.com/rcarmo/rdp-html5/internal/codec/bitmap.go:196.49,204.3 6 1
github.com/rcarmo/rdp-html5/internal/codec/bitmap.go:208.43,209.55 1 1
github.com/rcarmo/rdp-html5/internal/codec/bitmap.go:209.55,214.3 4 1
github.com/rcarmo/rdp-html5/internal/codec/bitmap.go:221.96,225.47 2 1
github.com/rcarmo/rdp-html5/internal/codec/bitmap.go:225.47,228.29 2 0
github.com/rcarmo/rdp-html5/internal/codec/bitmap.go:228.29,230.19 2 0
github.com/rcarmo/rdp-html5/internal/codec/bitmap.go:230.19,232.5 1 0
github.com/rcarmo/rdp-html5/internal/codec/bitmap.go:236.2,239.18 3 1
github.com/rcarmo/rdp-html5/internal/codec/bitmap.go:239.18,240.14 1 0
github.com/rcarmo/rdp-html5/internal/codec/bitmap.go:241.10,245.57 4 0
github.com/rcarmo/rdp-html5/internal/codec/bitmap.go:245.57,247.5 1 0
github.com/rcarmo/rdp-html5/internal/codec/bitmap.go:248.11,252.58 4 0
github.com/rcarmo/rdp-html5/internal/codec/bitmap.go:252.58,254.5 1 0
github.com/rcarmo/rdp-html5/internal/codec/bitmap.go:255.11,259.58 4 0
github.com/rcarmo/rdp-html5/internal/codec/bitmap.go:259.58,261.5 1 0
github.com/rcarmo/rdp-html5/internal/codec/bitmap.go:262.15,268.58 4 0
github.com/rcarmo/rdp-html5/internal/codec/bitmap.go:268.58,270.5 1 0
github.com/rcarmo/rdp-html5/internal/codec/bitmap.go:271.11,272.14 1 0
github.com/rcarmo/rdp-html5/internal/codec/bitmap.go:274.8,276.14 1 1
github.com/rcarmo/rdp-html5/internal/codec/bitmap.go:277.10,278.24 1 1
github.com/rcarmo/rdp-html5/internal/codec/bitmap.go:279.15,280.24 1 1
github.com/rcarmo/rdp-html5/internal/codec/bitmap.go:281.11,282.24 1 1
github.com/rcarmo/rdp-html5/internal/codec/bitmap.go:283.11,284.24 1 1
github.com/rcarmo/rdp-html5/internal/codec/bitmap.go:285.11,286.30 1 1
github.com/rcarmo/rdp-html5/internal/codec/bitmap.go:288.3,291.24 4 1
github.com/rcarmo/rdp-html5/internal/codec/bitmap.go:291.24,293.4 1 1
github.com/rcarmo/rdp-html5/internal/codec/bitmap.go:294.3,294.27 1 1
github.com/rcarmo/rdp-html5/internal/codec/bitmap.go:298.2,302.13 3 1
github.com/rcarmo/rdp-html5/internal/codec/bitmap.go:303.9,304.28 1 1
github.com/rcarmo/rdp-html5/internal/codec/bitmap.go:305.10,306.26 1 1
github.com/rcarmo/rdp-html5/internal/codec/bitmap.go:307.10,308.26 1 1
github.com/rcarmo/rdp-html5/internal/codec/bitmap.go:309.10,310.25 1 1
github.com/rcarmo/rdp-html5/internal/codec/bitmap.go:311.10,312.26 1 1
github.com/rcarmo/rdp-html5/internal/codec/bitmap.go:313.10,314.13 1 1
github.com/rcarmo/rdp-html5/internal/codec/bitmap.go:317.2,317.13 1 1
github.com/rcarmo/rdp-html5/internal/codec/decoder.go:39.60,40.20 1 1
github.com/rcarmo/rdp-html5/internal/codec/decoder.go:40.20,42.3 1 1
github.com/rcarmo/rdp-html5/internal/codec/decoder.go:44.2,54.60 2 1
github.com/rcarmo/rdp-html5/internal/codec/decoder.go:54.60,56.3 1 1
github.com/rcarmo/rdp-html5/internal/codec/decoder.go:58.2,61.35 2 1
github.com/rcarmo/rdp-html5/internal/codec/decoder.go:61.35,62.59 1 1
github.com/rcarmo/rdp-html5/internal/codec/decoder.go:62.59,64.4 1 1
github.com/rcarmo/rdp-html5/internal/codec/decoder.go:65.3,66.38 2 1
github.com/rcarmo/rdp-html5/internal/codec/decoder.go:70.2,70.43 1 1
github.com/rcarmo/rdp-html5/internal/codec/decoder.go:70.43,71.67 1 1
github.com/rcarmo/rdp-html5/internal/codec/decoder.go:71.67,73.4 1 1
github.com/rcarmo/rdp-html5/internal/codec/decoder.go:74.3,75.46 2 1
github.com/rcarmo/rdp-html5/internal/codec/decoder.go:79.2,79.42 1 1
github.com/rcarmo/rdp-html5/internal/codec/decoder.go:79.42,80.66 1 1
github.com/rcarmo/rdp-html5/internal/codec/decoder.go:80.66,82.4 1 1
github.com/rcarmo/rdp-html5/internal/codec/decoder.go:83.3,84.45 2 1
github.com/rcarmo/rdp-html5/internal/codec/decoder.go:88.2,88.36 1 1
github.com/rcarmo/rdp-html5/internal/codec/decoder.go:88.36,89.60 1 1
github.com/rcarmo/rdp-html5/internal/codec/decoder.go:89.60,91.4 1 1
github.com/rcarmo/rdp-html5/internal/codec/decoder.go:92.3,92.71 1 1
github.com/rcarmo/rdp-html5/internal/codec/decoder.go:95.2,95.20 1 1
github.com/rcarmo/rdp-html5/internal/codec/decoder.go:101.61,103.16 2 1
github.com/rcarmo/rdp-html5/internal/codec/decoder.go:103.16,105.3 1 1
github.com/rcarmo/rdp-html5/internal/codec/decoder.go:107.2,107.37 1 1
github.com/rcarmo/rdp-html5/internal/codec/decoder.go:111.66,118.23 4 1
github.com/rcarmo/rdp-html5/internal/codec/decoder.go:118.23,123.3 4 1
github.com/rcarmo/rdp-html5/internal/codec/decoder.go:123.8,128.3 4 1
github.com/rcarmo/rdp-html5/internal/codec/decoder.go:130.2,135.16 4 1
github.com/rcarmo/rdp-html5/internal/codec/decoder.go:135.16,137.3 1 1
github.com/rcarmo/rdp-html5/internal/codec/decoder.go:140.2,141.16 2 1
github.com/rcarmo/rdp-html5/internal/codec/decoder.go:141.16,143.3 1 0
github.com/rcarmo/rdp-html5/internal/codec/decoder.go:146.2,147.16 2 1
github.com/rcarmo/rdp-html5/internal/codec/decoder.go:147.16,149.3 1 0
github.com/rcarmo/rdp-html5/internal/codec/decoder.go:152.2,153.31 2 1
github.com/rcarmo/rdp-html5/internal/codec/decoder.go:153.31,156.17 3 1
github.com/rcarmo/rdp-html5/internal/codec/decoder.go:156.17,158.4 1 0
github.com/rcarmo/rdp-html5/internal/codec/decoder.go:162.2,162.23 1 1
github.com/rcarmo/rdp-html5/internal/codec/decoder.go:162.23,165.3 2 1
github.com/rcarmo/rdp-html5/internal/codec/decoder.go:168.2,168.26 1 1
github.com/rcarmo/rdp-html5/internal/codec/decoder.go:168.26,171.3 2 1
github.com/rcarmo/rdp-html5/internal/codec/decoder.go:174.2,174.107 1 1
github.com/rcarmo/rdp-html5/internal/codec/decoder.go:178.69,179.31 1 1
github.com/rcarmo/rdp-html5/internal/codec/decoder.go:179.31,182.3 1 1
github.com/rcarmo/rdp-html5/internal/codec/decoder.go:184.2,184.30 1 1
github.com/rcarmo/rdp-html5/internal/codec/decoder.go:184.30,186.3 1 1
github.com/rcarmo/rdp-html5/internal/codec/decoder.go:189.2,189.42 1 1
github.com/rcarmo/rdp-html5/internal/codec/decoder.go:194.67,195.19 1 1
github.com/rcarmo/rdp-html5/internal/codec/decoder.go:195.19,197.3 1 1
github.com/rcarmo/rdp-html5/internal/codec/decoder.go:199.2,203.55 4 1
github.com/rcarmo/rdp-html5/internal/codec/decoder.go:203.55,204.24 1 1
github.com/rcarmo/rdp-html5/internal/codec/decoder.go:204.24,205.9 1 0
github.com/rcarmo/rdp-html5/internal/codec/decoder.go:209.3,212.23 3 1
github.com/rcarmo/rdp-html5/internal/codec/decoder.go:212.23,215.22 2 1
github.com/rcarmo/rdp-html5/internal/codec/decoder.go:215.22,217.26 1 1
github.com/rcarmo/rdp-html5/internal/codec/decoder.go:217.26,219.6 1 0
github.com/rcarmo/rdp-html5/internal/codec/decoder.go:220.5,221.13 2 1
github.com/rcarmo/rdp-html5/internal/codec/decoder.go:223.4,223.25 1 1
github.com/rcarmo/rdp-html5/internal/codec/decoder.go:223.25,225.5 1 0
github.com/rcarmo/rdp-html5/internal/codec/decoder.go:226.4,229.67 3 1
github.com/rcarmo/rdp-html5/internal/codec/decoder.go:229.67,231.5 1 1
github.com/rcarmo/rdp-html5/internal/codec/decoder.go:232.9,235.26 2 1
github.com/rcarmo/rdp-html5/internal/codec/decoder.go:235.26,237.26 1 1
github.com/rcarmo/rdp-html5/internal/codec/decoder.go:237.26,239.6 1 0
github.com/rcarmo/rdp-html5/internal/codec/decoder.go:240.5,241.13 2 1
github.com/rcarmo/rdp-html5/internal/codec/decoder.go:244.4,244.38 1 1
github.com/rcarmo/rdp-html5/internal/codec/decoder.go:244.38,246.5 1 1
github.com/rcarmo/rdp-html5/internal/codec/decoder.go:248.4,249.27 2 1
github.com/rcarmo/rdp-html5/internal/codec/decoder.go:254.2,254.20 1 1
github.com/rcarmo/rdp-html5/internal/codec/decoder.go:254.20,256.29 2 1
github.com/rcarmo/rdp-html5/internal/codec/decoder.go:256.29,257.34 1 1
github.com/rcarmo/rdp-html5/internal/codec/decoder.go:257.34,259.5 1 1
github.com/rcarmo/rdp-html5/internal/codec/decoder.go:264.2,264.33 1 1
github.com/rcarmo/rdp-html5/internal/codec/decoder.go:264.33,266.3 1 1
github.com/rcarmo/rdp-html5/internal/codec/decoder.go:268.2,268.35 1 1
github.com/rcarmo/rdp-html5/internal/codec/decoder.go:272.91,275.33 2 1
github.com/rcarmo/rdp-html5/internal/codec/decoder.go:275.33,277.24 2 1
github.com/rcarmo/rdp-html5/internal/codec/decoder.go:277.24,279.4 1 0
github.com/rcarmo/rdp-html5/internal/codec/decoder.go:281.3,281.33 1 1
github.com/rcarmo/rdp-html5/internal/codec/decoder.go:281.33,283.24 2 1
github.com/rcarmo/rdp-html5/internal/codec/decoder.go:283.24,285.5 1 0
github.com/rcarmo/rdp-html5/internal/codec/decoder.go:287.4,290.27 3 1
github.com/rcarmo/rdp-html5/internal/codec/decoder.go:290.27,292.5 1 1
github.com/rcarmo/rdp-html5/internal/codec/decoder.go:296.2,296.15 1 1
github.com/rcarmo/rdp-html5/internal/codec/decoder.go:300.66,301.25 1 1
github.com/rcarmo/rdp-html5/internal/codec/decoder.go:301.25,303.3 1 1
github.com/rcarmo/rdp-html5/internal/codec/decoder.go:306.2,309.26 3 1
github.com/rcarmo/rdp-html5/internal/codec/decoder.go:309.26,312.21 2 1
github.com/rcarmo/rdp-html5/internal/codec/decoder.go:312.21,314.4 1 1
github.com/rcarmo/rdp-html5/internal/codec/decoder.go:315.3,315.29 1 1
github.com/rcarmo/rdp-html5/internal/codec/decoder.go:318.2,318.15 1 1
github.com/rcarmo/rdp-html5/internal/codec/decoder.go:323.113,326.33 2 1
github.com/rcarmo/rdp-html5/internal/codec/decoder.go:326.33,327.33 1 1
github.com/rcarmo/rdp-html5/internal/codec/decoder.go:327.33,331.75 3 1
github.com/rcarmo/rdp-html5/internal/codec/decoder.go:331.75,332.13 1 1
github.com/rcarmo/rdp-html5/internal/codec/decoder.go:336.4,355.45 11 1
github.com/rcarmo/rdp-html5/internal/codec/decoder.go:355.45,357.5 1 1
github.com/rcarmo/rdp-html5/internal/codec/decoder.go:357.10,359.5 1 1
github.com/rcarmo/rdp-html5/internal/codec/decoder.go:363.2,363.18 1 1
github.com/rcarmo/rdp-html5/internal/codec/decoder.go:367.23,368.11 1 1
github.com/rcarmo/rdp-html5/internal/codec/decoder.go:368.11,370.3 1 1
github.com/rcarmo/rdp-html5/internal/codec/decoder.go:371.2,371.13 1 1
github.com/rcarmo/rdp-html5/internal/codec/decoder.go:371.13,373.3 1 1
github.com/rcarmo/rdp-html5/internal/codec/decoder.go:374.2,374.10 1 1
github.com/rcarmo/rdp-html5/internal/codec/decoder.go:378.38,379.12 1 1
github.com/rcarmo/rdp-html5/internal/codec/decoder.go:379.12,381.3 1 1
github.com/rcarmo/rdp-html5/internal/codec/decoder.go:382.2,383.20 2 1
github.com/rcarmo/rdp-html5/internal/codec/decoder.go:383.20,385.3 1 1
github.com/rcarmo/rdp-html5/internal/codec/decoder.go:386.2,386.26 1 1
github.com/rcarmo/rdp-html5/internal/codec/encode.go:9.30,12.45 2 1
github.com/rcarmo/rdp-html5/internal/codec/encode.go:12.45,14.3 1 1
github.com/rcarmo/rdp-html5/internal/codec/encode.go:16.2,16.20 1 1
github.com/rcarmo/rdp-html5/internal/codec/nscodec.go:6.65,7.31 1 1
github.com/rcarmo/rdp-html5/internal/codec/nscodec.go:7.31,10.3 1 1
github.com/rcarmo/rdp-html5/internal/codec/nscodec.go:12.2,12.47 1 1
github.com/rcarmo/rdp-html5/internal/codec/nscodec.go:12.47,14.3 1 1
github.com/rcarmo/rdp-html5/internal/codec/nscodec.go:16.2,20.55 4 1
github.com/rcarmo/rdp-html5/internal/codec/nscodec.go:20.55,24.23 3 1
github.com/rcarmo/rdp-html5/internal/codec/nscodec.go:24.23,27.22 2 1
github.com/rcarmo/rdp-html5/internal/codec/nscodec.go:27.22,28.26 1 0
github.com/rcarmo/rdp-html5/internal/codec/nscodec.go:28.26,30.6 1 0
github.com/rcarmo/rdp-html5/internal/codec/nscodec.go:31.5,32.13 2 0
github.com/rcarmo/rdp-html5/internal/codec/nscodec.go:34.4,34.25 1 1
github.com/rcarmo/rdp-html5/internal/codec/nscodec.go:34.25,36.5 1 0
github.com/rcarmo/rdp-html5/internal/codec/nscodec.go:37.4,40.67 3 1
github.com/rcarmo/rdp-html5/internal/codec/nscodec.go:40.67,42.5 1 1
github.com/rcarmo/rdp-html5/internal/codec/nscodec.go:43.9,46.26 2 0
github.com/rcarmo/rdp-html5/internal/codec/nscodec.go:46.26,47.26 1 0
github.com/rcarmo/rdp-html5/internal/codec/nscodec.go:47.26,49.6 1 0
github.com/rcarmo/rdp-html5/internal/codec/nscodec.go:50.5,51.13 2 0
github.com/rcarmo/rdp-html5/internal/codec/nscodec.go:54.4,54.38 1 0
github.com/rcarmo/rdp-html5/internal/codec/nscodec.go:54.38,56.5 1 0
github.com/rcarmo/rdp-html5/internal/codec/nscodec.go:58.4,59.27 2 0
github.com/rcarmo/rdp-html5/internal/codec/nscodec.go:64.2,64.20 1 1
github.com/rcarmo/rdp-html5/internal/codec/nscodec.go:64.20,66.29 2 1
github.com/rcarmo/rdp-html5/internal/codec/nscodec.go:66.29,67.34 1 1
github.com/rcarmo/rdp-html5/internal/codec/nscodec.go:67.34,69.5 1 1
github.com/rcarmo/rdp-html5/internal/codec/nscodec.go:74.2,74.33 1 1
github.com/rcarmo/rdp-html5/internal/codec/nscodec.go:74.33,76.3 1 0
github.com/rcarmo/rdp-html5/internal/codec/nscodec.go:78.2,78.30 1 1
github.com/rcarmo/rdp-html5/internal/codec/nscodec.go:82.91,85.33 2 0
github.com/rcarmo/rdp-html5/internal/codec/nscodec.go:85.33,87.24 2 0
github.com/rcarmo/rdp-html5/internal/codec/nscodec.go:87.24,89.4 1 0
github.com/rcarmo/rdp-html5/internal/codec/nscodec.go:91.3,91.33 1 0
github.com/rcarmo/rdp-html5/internal/codec/nscodec.go:91.33,93.24 2 0
github.com/rcarmo/rdp-html5/internal/codec/nscodec.go:93.24,95.5 1 0
github.com/rcarmo/rdp-html5/internal/codec/nscodec.go:97.4,100.27 3 0
github.com/rcarmo/rdp-html5/internal/codec/nscodec.go:100.27,102.5 1 0
github.com/rcarmo/rdp-html5/internal/codec/nscodec.go:106.2,106.15 1 0
github.com/rcarmo/rdp-html5/internal/codec/nscodec.go:110.66,111.25 1 0
github.com/rcarmo/rdp-html5/internal/codec/nscodec.go:111.25,113.3 1 0
github.com/rcarmo/rdp-html5/internal/codec/nscodec.go:115.2,118.26 3 0
github.com/rcarmo/rdp-html5/internal/codec/nscodec.go:118.26,120.21 2 0
github.com/rcarmo/rdp-html5/internal/codec/nscodec.go:120.21,122.4 1 0
github.com/rcarmo/rdp-html5/internal/codec/nscodec.go:123.3,123.29 1 0
github.com/rcarmo/rdp-html5/internal/codec/nscodec.go:126.2,126.15 1 0
github.com/rcarmo/rdp-html5/internal/codec/nscodec.go:130.30,131.11 1 1
github.com/rcarmo/rdp-html5/internal/codec/nscodec.go:131.11,133.3 1 1
github.com/rcarmo/rdp-html5/internal/codec/nscodec.go:134.2,134.13 1 1
github.com/rcarmo/rdp-html5/internal/codec/nscodec.go:134.13,136.3 1 1
github.com/rcarmo/rdp-html5/internal/codec/nscodec.go:137.2,137.16 1 1
github.com/rcarmo/rdp-html5/internal/codec/nscodec.go:141.104,144.33 2 1
github.com/rcarmo/rdp-html5/internal/codec/nscodec.go:144.33,145.33 1 1
github.com/rcarmo/rdp-html5/internal/codec/nscodec.go:145.33,149.75 3 1
github.com/rcarmo/rdp-html5/internal/codec/nscodec.go:149.75,150.13 1 0
github.com/rcarmo/rdp-html5/internal/codec/nscodec.go:154.4,169.45 11 1
github.com/rcarmo/rdp-html5/internal/codec/nscodec.go:169.45,171.5 1 0
github.com/rcarmo/rdp-html5/internal/codec/nscodec.go:171.10,173.5 1 1
github.com/rcarmo/rdp-html5/internal/codec/nscodec.go:177.2,177.13 1 1
github.com/rcarmo/rdp-html5/internal/codec/nscodec.go:181.65,182.20 1 1
github.com/rcarmo/rdp-html5/internal/codec/nscodec.go:182.20,184.3 1 1
github.com/rcarmo/rdp-html5/internal/codec/nscodec.go:187.2,195.46 7 1
github.com/rcarmo/rdp-html5/internal/codec/nscodec.go:195.46,197.3 1 1
github.com/rcarmo/rdp-html5/internal/codec/nscodec.go:199.2,205.23 4 0
github.com/rcarmo/rdp-html5/internal/codec/nscodec.go:205.23,210.3 4 0
github.com/rcarmo/rdp-html5/internal/codec/nscodec.go:210.8,215.3 4 0
github.com/rcarmo/rdp-html5/internal/codec/nscodec.go:217.2,225.28 5 0
github.com/rcarmo/rdp-html5/internal/codec/nscodec.go:225.28,226.44 1 0
github.com/rcarmo/rdp-html5/internal/codec/nscodec.go:226.44,228.4 1 0
github.com/rcarmo/rdp-html5/internal/codec/nscodec.go:229.3,230.31 2 0
github.com/rcarmo/rdp-html5/internal/codec/nscodec.go:233.2,233.36 1 0
github.com/rcarmo/rdp-html5/internal/codec/nscodec.go:233.36,234.52 1 0
github.com/rcarmo/rdp-html5/internal/codec/nscodec.go:234.52,236.4 1 0
github.com/rcarmo/rdp-html5/internal/codec/nscodec.go:237.3,238.39 2 0
github.com/rcarmo/rdp-html5/internal/codec/nscodec.go:241.2,241.35 1 0
github.com/rcarmo/rdp-html5/internal/codec/nscodec.go:241.35,242.51 1 0
github.com/rcarmo/rdp-html5/internal/codec/nscodec.go:242.51,244.4 1 0
github.com/rcarmo/rdp-html5/internal/codec/nscodec.go:245.3,246.38 2 0
github.com/rcarmo/rdp-html5/internal/codec/nscodec.go:249.2,249.29 1 0
github.com/rcarmo/rdp-html5/internal/codec/nscodec.go:249.29,250.45 1 0
github.com/rcarmo/rdp-html5/internal/codec/nscodec.go:250.45,252.4 1 0
github.com/rcarmo/rdp-html5/internal/codec/nscodec.go:253.3,253.61 1 0
github.com/rcarmo/rdp-html5/internal/codec/nscodec.go:257.2,258.22 2 0
github.com/rcarmo/rdp-html5/internal/codec/nscodec.go:258.22,260.3 1 0
github.com/rcarmo/rdp-html5/internal/codec/nscodec.go:262.2,263.24 2 0
github.com/rcarmo/rdp-html5/internal/codec/nscodec.go:263.24,265.3 1 0
github.com/rcarmo/rdp-html5/internal/codec/nscodec.go:267.2,268.23 2 0
github.com/rcarmo/rdp-html5/internal/codec/nscodec.go:268.23,270.3 1 0
github.com/rcarmo/rdp-html5/internal/codec/nscodec.go:272.2,273.29 2 0
github.com/rcarmo/rdp-html5/internal/codec/nscodec.go:273.29,276.24 3 0
github.com/rcarmo/rdp-html5/internal/codec/nscodec.go:276.24,278.4 1 0
github.com/rcarmo/rdp-html5/internal/codec/nscodec.go:282.2,282.23 1 0
github.com/rcarmo/rdp-html5/internal/codec/nscodec.go:282.23,285.3 2 0
github.com/rcarmo/rdp-html5/internal/codec/nscodec.go:288.2,288.24 1 0
github.com/rcarmo/rdp-html5/internal/codec/nscodec.go:288.24,291.3 2 0
github.com/rcarmo/rdp-html5/internal/codec/nscodec.go:294.2,294.107 1 0
github.com/rcarmo/rdp-html5/internal/codec/planar.go:13.61,14.18 1 1
github.com/rcarmo/rdp-html5/internal/codec/planar.go:14.18,16.3 1 1
github.com/rcarmo/rdp-html5/internal/codec/planar.go:18.2,32.13 10 1
github.com/rcarmo/rdp-html5/internal/codec/planar.go:32.13,33.25 1 1
github.com/rcarmo/rdp-html5/internal/codec/planar.go:33.25,35.4 1 1
github.com/rcarmo/rdp-html5/internal/codec/planar.go:38.2,38.12 1 1
github.com/rcarmo/rdp-html5/internal/codec/planar.go:38.12,42.15 2 0
github.com/rcarmo/rdp-html5/internal/codec/planar.go:42.15,44.20 2 0
github.com/rcarmo/rdp-html5/internal/codec/planar.go:44.20,46.5 1 0
github.com/rcarmo/rdp-html5/internal/codec/planar.go:47.4,47.22 1 0
github.com/rcarmo/rdp-html5/internal/codec/planar.go:50.3,51.19 2 0
github.com/rcarmo/rdp-html5/internal/codec/planar.go:51.19,53.4 1 0
github.com/rcarmo/rdp-html5/internal/codec/planar.go:54.3,57.19 3 0
github.com/rcarmo/rdp-html5/internal/codec/planar.go:57.19,59.4 1 0
github.com/rcarmo/rdp-html5/internal/codec/planar.go:60.3,63.19 3 0
github.com/rcarmo/rdp-html5/internal/codec/planar.go:63.19,65.4 1 0
github.com/rcarmo/rdp-html5/internal/codec/planar.go:66.8,68.15 1 1
github.com/rcarmo/rdp-html5/internal/codec/planar.go:68.15,69.35 1 1
github.com/rcarmo/rdp-html5/internal/codec/planar.go:69.35,71.5 1 0
github.com/rcarmo/rdp-html5/internal/codec/planar.go:72.4,73.23 2 1
github.com/rcarmo/rdp-html5/internal/codec/planar.go:76.3,76.34 1 1
github.com/rcarmo/rdp-html5/internal/codec/planar.go:76.34,78.4 1 1
github.com/rcarmo/rdp-html5/internal/codec/planar.go:79.3,82.34 3 1
github.com/rcarmo/rdp-html5/internal/codec/planar.go:82.34,84.4 1 0
github.com/rcarmo/rdp-html5/internal/codec/planar.go:85.3,88.34 3 1
github.com/rcarmo/rdp-html5/internal/codec/planar.go:88.34,90.4 1 0
github.com/rcarmo/rdp-html5/internal/codec/planar.go:91.3,91.45 1 1
github.com/rcarmo/rdp-html5/internal/codec/planar.go:95.2,96.30 2 1
github.com/rcarmo/rdp-html5/internal/codec/planar.go:96.30,99.30 3 1
github.com/rcarmo/rdp-html5/internal/codec/planar.go:99.30,106.4 6 1
github.com/rcarmo/rdp-html5/internal/codec/planar.go:109.2,109.13 1 1
github.com/rcarmo/rdp-html5/internal/codec/planar.go:114.78,119.30 4 1
github.com/rcarmo/rdp-html5/internal/codec/planar.go:119.30,123.26 3 1
github.com/rcarmo/rdp-html5/internal/codec/planar.go:123.26,124.26 1 1
github.com/rcarmo/rdp-html5/internal/codec/planar.go:124.26,126.5 1 0
github.com/rcarmo/rdp-html5/internal/codec/planar.go:128.4,135.22 5 1
github.com/rcarmo/rdp-html5/internal/codec/planar.go:136.11,138.18 2 1
github.com/rcarmo/rdp-html5/internal/codec/planar.go:139.11,141.18 2 0
github.com/rcarmo/rdp-html5/internal/codec/planar.go:144.4,144.38 1 1
github.com/rcarmo/rdp-html5/internal/codec/planar.go:144.38,146.5 1 0
github.com/rcarmo/rdp-html5/internal/codec/planar.go:148.4,148.31 1 1
github.com/rcarmo/rdp-html5/internal/codec/planar.go:148.31,150.23 1 1
github.com/rcarmo/rdp-html5/internal/codec/planar.go:150.23,151.50 1 1
github.com/rcarmo/rdp-html5/internal/codec/planar.go:151.50,153.7 1 1
github.com/rcarmo/rdp-html5/internal/codec/planar.go:154.6,159.17 6 1
github.com/rcarmo/rdp-html5/internal/codec/planar.go:162.5,162.24 1 1
github.com/rcarmo/rdp-html5/internal/codec/planar.go:162.24,163.28 1 1
github.com/rcarmo/rdp-html5/internal/codec/planar.go:163.28,165.7 1 0
github.com/rcarmo/rdp-html5/internal/codec/planar.go:166.6,169.18 4 1
github.com/rcarmo/rdp-html5/internal/codec/planar.go:171.10,173.23 1 0
github.com/rcarmo/rdp-html5/internal/codec/planar.go:173.23,174.50 1 0
github.com/rcarmo/rdp-html5/internal/codec/planar.go:174.50,176.7 1 0
github.com/rcarmo/rdp-html5/internal/codec/planar.go:177.6,181.27 3 0
github.com/rcarmo/rdp-html5/internal/codec/planar.go:181.27,184.7 1 0
github.com/rcarmo/rdp-html5/internal/codec/planar.go:184.12,187.7 1 0
github.com/rcarmo/rdp-html5/internal/codec/planar.go:190.6,193.17 4 0
github.com/rcarmo/rdp-html5/internal/codec/planar.go:197.5,197.24 1 0
github.com/rcarmo/rdp-html5/internal/codec/planar.go:197.24,198.28 1 0
github.com/rcarmo/rdp-html5/internal/codec/planar.go:198.28,200.7 1 0
github.com/rcarmo/rdp-html5/internal/codec/planar.go:201.6,204.18 4 0
github.com/rcarmo/rdp-html5/internal/codec/planar.go:209.3,209.54 1 1
github.com/rcarmo/rdp-html5/internal/codec/planar.go:212.2,212.15 1 1
github.com/rcarmo/rdp-html5/internal/codec/rle15.go:9.66,12.2 1 0
github.com/rcarmo/rdp-html5/internal/codec/rle16.go:4.47,5.24 1 1
github.com/rcarmo/rdp-html5/internal/codec/rle16.go:5.24,7.3 1 0
github.com/rcarmo/rdp-html5/internal/codec/rle16.go:8.2,8.55 1 1
github.com/rcarmo/rdp-html5/internal/codec/rle16.go:12.55,13.24 1 1
github.com/rcarmo/rdp-html5/internal/codec/rle16.go:13.24,15.3 1 0
github.com/rcarmo/rdp-html5/internal/codec/rle16.go:16.2,17.41 2 1
github.com/rcarmo/rdp-html5/internal/codec/rle16.go:21.122,22.38 1 0
github.com/rcarmo/rdp-html5/internal/codec/rle16.go:22.38,23.29 1 0
github.com/rcarmo/rdp-html5/internal/codec/rle16.go:23.29,24.9 1 0
github.com/rcarmo/rdp-html5/internal/codec/rle16.go:26.3,26.16 1 0
github.com/rcarmo/rdp-html5/internal/codec/rle16.go:26.16,27.36 1 0
github.com/rcarmo/rdp-html5/internal/codec/rle16.go:27.36,29.5 1 0
github.com/rcarmo/rdp-html5/internal/codec/rle16.go:29.10,31.5 1 0
github.com/rcarmo/rdp-html5/internal/codec/rle16.go:32.9,34.36 2 0
github.com/rcarmo/rdp-html5/internal/codec/rle16.go:34.36,36.5 1 0
github.com/rcarmo/rdp-html5/internal/codec/rle16.go:36.10,38.5 1 0
github.com/rcarmo/rdp-html5/internal/codec/rle16.go:40.3,40.15 1 0
github.com/rcarmo/rdp-html5/internal/codec/rle16.go:42.2,42.16 1 0
github.com/rcarmo/rdp-html5/internal/codec/rle16.go:46.66,53.47 6 1
github.com/rcarmo/rdp-html5/internal/codec/rle16.go:53.47,55.40 1 1
github.com/rcarmo/rdp-html5/internal/codec/rle16.go:55.40,58.4 2 0
github.com/rcarmo/rdp-html5/internal/codec/rle16.go:60.3,63.52 2 1
github.com/rcarmo/rdp-html5/internal/codec/rle16.go:63.52,67.18 3 0
github.com/rcarmo/rdp-html5/internal/codec/rle16.go:67.18,68.21 1 0
github.com/rcarmo/rdp-html5/internal/codec/rle16.go:68.21,72.6 3 0
github.com/rcarmo/rdp-html5/internal/codec/rle16.go:73.5,73.46 1 0
github.com/rcarmo/rdp-html5/internal/codec/rle16.go:73.46,77.6 3 0
github.com/rcarmo/rdp-html5/internal/codec/rle16.go:78.10,79.21 1 0
github.com/rcarmo/rdp-html5/internal/codec/rle16.go:79.21,84.6 4 0
github.com/rcarmo/rdp-html5/internal/codec/rle16.go:85.5,85.46 1 0
github.com/rcarmo/rdp-html5/internal/codec/rle16.go:85.46,90.6 4 0
github.com/rcarmo/rdp-html5/internal/codec/rle16.go:92.4,93.12 2 0
github.com/rcarmo/rdp-html5/internal/codec/rle16.go:96.3,100.55 2 1
github.com/rcarmo/rdp-html5/internal/codec/rle16.go:100.55,104.58 3 0
github.com/rcarmo/rdp-html5/internal/codec/rle16.go:104.58,107.5 2 0
github.com/rcarmo/rdp-html5/internal/codec/rle16.go:109.4,109.45 1 0
github.com/rcarmo/rdp-html5/internal/codec/rle16.go:109.45,110.19 1 0
github.com/rcarmo/rdp-html5/internal/codec/rle16.go:110.19,112.6 1 0
github.com/rcarmo/rdp-html5/internal/codec/rle16.go:112.11,115.6 2 0
github.com/rcarmo/rdp-html5/internal/codec/rle16.go:116.5,117.16 2 0
github.com/rcarmo/rdp-html5/internal/codec/rle16.go:119.4,119.12 1 0
github.com/rcarmo/rdp-html5/internal/codec/rle16.go:123.3,123.61 1 1
github.com/rcarmo/rdp-html5/internal/codec/rle16.go:123.61,132.48 7 0
github.com/rcarmo/rdp-html5/internal/codec/rle16.go:132.48,138.5 5 0
github.com/rcarmo/rdp-html5/internal/codec/rle16.go:139.4,139.12 1 0
github.com/rcarmo/rdp-html5/internal/codec/rle16.go:143.3,143.58 1 1
github.com/rcarmo/rdp-html5/internal/codec/rle16.go:143.58,150.45 5 1
github.com/rcarmo/rdp-html5/internal/codec/rle16.go:150.45,154.5 3 1
github.com/rcarmo/rdp-html5/internal/codec/rle16.go:155.4,155.12 1 1
github.com/rcarmo/rdp-html5/internal/codec/rle16.go:159.3,159.62 1 0
github.com/rcarmo/rdp-html5/internal/codec/rle16.go:159.62,163.69 3 0
github.com/rcarmo/rdp-html5/internal/codec/rle16.go:163.69,169.5 5 0
github.com/rcarmo/rdp-html5/internal/codec/rle16.go:170.4,170.12 1 0
github.com/rcarmo/rdp-html5/internal/codec/rle16.go:174.3,175.63 1 0
github.com/rcarmo/rdp-html5/internal/codec/rle16.go:175.63,179.66 3 0
github.com/rcarmo/rdp-html5/internal/codec/rle16.go:179.66,182.5 2 0
github.com/rcarmo/rdp-html5/internal/codec/rle16.go:184.4,184.43 1 0
github.com/rcarmo/rdp-html5/internal/codec/rle16.go:184.43,188.22 4 0
github.com/rcarmo/rdp-html5/internal/codec/rle16.go:188.22,190.6 1 0
github.com/rcarmo/rdp-html5/internal/codec/rle16.go:191.5,192.23 2 0
github.com/rcarmo/rdp-html5/internal/codec/rle16.go:194.4,194.12 1 0
github.com/rcarmo/rdp-html5/internal/codec/rle16.go:198.3,198.27 1 0
github.com/rcarmo/rdp-html5/internal/codec/rle16.go:198.27,202.12 4 0
github.com/rcarmo/rdp-html5/internal/codec/rle16.go:205.3,205.27 1 0
github.com/rcarmo/rdp-html5/internal/codec/rle16.go:205.27,209.12 4 0
github.com/rcarmo/rdp-html5/internal/codec/rle16.go:213.3,213.20 1 0
github.com/rcarmo/rdp-html5/internal/codec/rle16.go:213.20,217.12 4 0
github.com/rcarmo/rdp-html5/internal/codec/rle16.go:220.3,220.20 1 0
github.com/rcarmo/rdp-html5/internal/codec/rle16.go:220.20,224.12 4 0
github.com/rcarmo/rdp-html5/internal/codec/rle16.go:228.3,228.11 1 0
github.com/rcarmo/rdp-html5/internal/codec/rle16.go:231.2,231.13 1 1
github.com/rcarmo/rdp-html5/internal/codec/rle24.go:4.47,5.24 1 1
github.com/rcarmo/rdp-html5/internal/codec/rle24.go:5.24,7.3 1 0
github.com/rcarmo/rdp-html5/internal/codec/rle24.go:8.2,8.85 1 1
github.com/rcarmo/rdp-html5/internal/codec/rle24.go:12.55,13.24 1 1
github.com/rcarmo/rdp-html5/internal/codec/rle24.go:13.24,15.3 1 0
github.com/rcarmo/rdp-html5/internal/codec/rle24.go:16.2,18.42 3 1
github.com/rcarmo/rdp-html5/internal/codec/rle24.go:22.122,23.38 1 0
github.com/rcarmo/rdp-html5/internal/codec/rle24.go:23.38,24.29 1 0
github.com/rcarmo/rdp-html5/internal/codec/rle24.go:24.29,25.9 1 0
github.com/rcarmo/rdp-html5/internal/codec/rle24.go:27.3,27.16 1 0
github.com/rcarmo/rdp-html5/internal/codec/rle24.go:27.16,28.36 1 0
github.com/rcarmo/rdp-html5/internal/codec/rle24.go:28.36,30.5 1 0
github.com/rcarmo/rdp-html5/internal/codec/rle24.go:30.10,32.5 1 0
github.com/rcarmo/rdp-html5/internal/codec/rle24.go:33.9,35.36 2 0
github.com/rcarmo/rdp-html5/internal/codec/rle24.go:35.36,37.5 1 0
github.com/rcarmo/rdp-html5/internal/codec/rle24.go:37.10,39.5 1 0
github.com/rcarmo/rdp-html5/internal/codec/rle24.go:41.3,41.15 1 0
github.com/rcarmo/rdp-html5/internal/codec/rle24.go:43.2,43.16 1 0
github.com/rcarmo/rdp-html5/internal/codec/rle24.go:47.66,54.47 6 1
github.com/rcarmo/rdp-html5/internal/codec/rle24.go:54.47,56.40 1 1
github.com/rcarmo/rdp-html5/internal/codec/rle24.go:56.40,59.4 2 0
github.com/rcarmo/rdp-html5/internal/codec/rle24.go:61.3,64.52 2 1
github.com/rcarmo/rdp-html5/internal/codec/rle24.go:64.52,68.18 3 0
github.com/rcarmo/rdp-html5/internal/codec/rle24.go:68.18,69.21 1 0
github.com/rcarmo/rdp-html5/internal/codec/rle24.go:69.21,73.6 3 0
github.com/rcarmo/rdp-html5/internal/codec/rle24.go:74.5,74.46 1 0
github.com/rcarmo/rdp-html5/internal/codec/rle24.go:74.46,78.6 3 0
github.com/rcarmo/rdp-html5/internal/codec/rle24.go:79.10,80.21 1 0
github.com/rcarmo/rdp-html5/internal/codec/rle24.go:80.21,85.6 4 0
github.com/rcarmo/rdp-html5/internal/codec/rle24.go:86.5,86.46 1 0
github.com/rcarmo/rdp-html5/internal/codec/rle24.go:86.46,91.6 4 0
github.com/rcarmo/rdp-html5/internal/codec/rle24.go:93.4,94.12 2 0
github.com/rcarmo/rdp-html5/internal/codec/rle24.go:97.3,101.55 2 1
github.com/rcarmo/rdp-html5/internal/codec/rle24.go:101.55,105.58 3 0
github.com/rcarmo/rdp-html5/internal/codec/rle24.go:105.58,108.5 2 0
github.com/rcarmo/rdp-html5/internal/codec/rle24.go:110.4,110.45 1 0
github.com/rcarmo/rdp-html5/internal/codec/rle24.go:110.45,111.19 1 0
github.com/rcarmo/rdp-html5/internal/codec/rle24.go:111.19,113.6 1 0
github.com/rcarmo/rdp-html5/internal/codec/rle24.go:113.11,116.6 2 0
github.com/rcarmo/rdp-html5/internal/codec/rle24.go:117.5,118.16 2 0
github.com/rcarmo/rdp-html5/internal/codec/rle24.go:120.4,120.12 1 0
github.com/rcarmo/rdp-html5/internal/codec/rle24.go:124.3,124.61 1 1
github.com/rcarmo/rdp-html5/internal/codec/rle24.go:124.61,133.48 7 0
github.com/rcarmo/rdp-html5/internal/codec/rle24.go:133.48,139.5 5 0
github.com/rcarmo/rdp-html5/internal/codec/rle24.go:140.4,140.12 1 0
github.com/rcarmo/rdp-html5/internal/codec/rle24.go:144.3,144.58 1 1
github.com/rcarmo/rdp-html5/internal/codec/rle24.go:144.58,151.45 5 1
github.com/rcarmo/rdp-html5/internal/codec/rle24.go:151.45,155.5 3 1
github.com/rcarmo/rdp-html5/internal/codec/rle24.go:156.4,156.12 1 1
github.com/rcarmo/rdp-html5/internal/codec/rle24.go:160.3,160.62 1 0
github.com/rcarmo/rdp-html5/internal/codec/rle24.go:160.62,164.69 3 0
github.com/rcarmo/rdp-html5/internal/codec/rle24.go:164.69,170.5 5 0
github.com/rcarmo/rdp-html5/internal/codec/rle24.go:171.4,171.12 1 0
github.com/rcarmo/rdp-html5/internal/codec/rle24.go:175.3,176.63 1 0
github.com/rcarmo/rdp-html5/internal/codec/rle24.go:176.63,180.66 3 0
github.com/rcarmo/rdp-html5/internal/codec/rle24.go:180.66,183.5 2 0
github.com/rcarmo/rdp-html5/internal/codec/rle24.go:185.4,185.43 1 0
github.com/rcarmo/rdp-html5/internal/codec/rle24.go:185.43,189.22 4 0
github.com/rcarmo/rdp-html5/internal/codec/rle24.go:189.22,191.6 1 0
github.com/rcarmo/rdp-html5/internal/codec/rle24.go:192.5,193.23 2 0
github.com/rcarmo/rdp-html5/internal/codec/rle24.go:195.4,195.12 1 0
github.com/rcarmo/rdp-html5/internal/codec/rle24.go:199.3,199.27 1 0
github.com/rcarmo/rdp-html5/internal/codec/rle24.go:199.27,203.12 4 0
github.com/rcarmo/rdp-html5/internal/codec/rle24.go:206.3,206.27 1 0
github.com/rcarmo/rdp-html5/internal/codec/rle24.go:206.27,210.12 4 0
github.com/rcarmo/rdp-html5/internal/codec/rle24.go:214.3,214.20 1 0
github.com/rcarmo/rdp-html5/internal/codec/rle24.go:214.20,218.12 4 0
github.com/rcarmo/rdp-html5/internal/codec/rle24.go:221.3,221.20 1 0
github.com/rcarmo/rdp-html5/internal/codec/rle24.go:221.20,225.12 4 0
github.com/rcarmo/rdp-html5/internal/codec/rle24.go:229.3,229.11 1 0
github.com/rcarmo/rdp-html5/internal/codec/rle24.go:232.2,232.13 1 1
github.com/rcarmo/rdp-html5/internal/codec/rle32.go:4.50,5.24 1 1
github.com/rcarmo/rdp-html5/internal/codec/rle32.go:5.24,7.3 1 0
github.com/rcarmo/rdp-html5/internal/codec/rle32.go:8.2,8.98 1 1
github.com/rcarmo/rdp-html5/internal/codec/rle32.go:12.51,13.24 1 0
github.com/rcarmo/rdp-html5/internal/codec/rle32.go:13.24,15.3 1 0
github.com/rcarmo/rdp-html5/internal/codec/rle32.go:16.2,16.115 1 0
github.com/rcarmo/rdp-html5/internal/codec/rle32.go:20.55,21.24 1 1
github.com/rcarmo/rdp-html5/internal/codec/rle32.go:21.24,23.3 1 0
github.com/rcarmo/rdp-html5/internal/codec/rle32.go:24.2,27.42 4 1
github.com/rcarmo/rdp-html5/internal/codec/rle32.go:31.122,32.38 1 0
github.com/rcarmo/rdp-html5/internal/codec/rle32.go:32.38,33.29 1 0
github.com/rcarmo/rdp-html5/internal/codec/rle32.go:33.29,34.9 1 0
github.com/rcarmo/rdp-html5/internal/codec/rle32.go:36.3,36.16 1 0
github.com/rcarmo/rdp-html5/internal/codec/rle32.go:36.16,37.36 1 0
github.com/rcarmo/rdp-html5/internal/codec/rle32.go:37.36,39.5 1 0
github.com/rcarmo/rdp-html5/internal/codec/rle32.go:39.10,41.5 1 0
github.com/rcarmo/rdp-html5/internal/codec/rle32.go:42.9,44.36 2 0
github.com/rcarmo/rdp-html5/internal/codec/rle32.go:44.36,46.5 1 0
github.com/rcarmo/rdp-html5/internal/codec/rle32.go:46.10,48.5 1 0
github.com/rcarmo/rdp-html5/internal/codec/rle32.go:50.3,50.15 1 0
github.com/rcarmo/rdp-html5/internal/codec/rle32.go:52.2,52.16 1 0
github.com/rcarmo/rdp-html5/internal/codec/rle32.go:58.66,65.47 6 1
github.com/rcarmo/rdp-html5/internal/codec/rle32.go:65.47,67.40 1 1
github.com/rcarmo/rdp-html5/internal/codec/rle32.go:67.40,70.4 2 0
github.com/rcarmo/rdp-html5/internal/codec/rle32.go:72.3,75.52 2 1
github.com/rcarmo/rdp-html5/internal/codec/rle32.go:75.52,79.18 3 0
github.com/rcarmo/rdp-html5/internal/codec/rle32.go:79.18,80.21 1 0
github.com/rcarmo/rdp-html5/internal/codec/rle32.go:80.21,84.6 3 0
github.com/rcarmo/rdp-html5/internal/codec/rle32.go:85.5,85.46 1 0
github.com/rcarmo/rdp-html5/internal/codec/rle32.go:85.46,89.6 3 0
github.com/rcarmo/rdp-html5/internal/codec/rle32.go:90.10,91.21 1 0
github.com/rcarmo/rdp-html5/internal/codec/rle32.go:91.21,96.6 4 0
github.com/rcarmo/rdp-html5/internal/codec/rle32.go:97.5,97.46 1 0
github.com/rcarmo/rdp-html5/internal/codec/rle32.go:97.46,102.6 4 0
github.com/rcarmo/rdp-html5/internal/codec/rle32.go:104.4,105.12 2 0
github.com/rcarmo/rdp-html5/internal/codec/rle32.go:108.3,112.55 2 1
github.com/rcarmo/rdp-html5/internal/codec/rle32.go:112.55,116.58 3 0
github.com/rcarmo/rdp-html5/internal/codec/rle32.go:116.58,119.5 2 0
github.com/rcarmo/rdp-html5/internal/codec/rle32.go:121.4,121.45 1 0
github.com/rcarmo/rdp-html5/internal/codec/rle32.go:121.45,122.19 1 0
github.com/rcarmo/rdp-html5/internal/codec/rle32.go:122.19,124.6 1 0
github.com/rcarmo/rdp-html5/internal/codec/rle32.go:124.11,127.6 2 0
github.com/rcarmo/rdp-html5/internal/codec/rle32.go:128.5,129.16 2 0
github.com/rcarmo/rdp-html5/internal/codec/rle32.go:131.4,131.12 1 0
github.com/rcarmo/rdp-html5/internal/codec/rle32.go:135.3,135.61 1 1
github.com/rcarmo/rdp-html5/internal/codec/rle32.go:135.61,144.48 7 0
github.com/rcarmo/rdp-html5/internal/codec/rle32.go:144.48,150.5 5 0
github.com/rcarmo/rdp-html5/internal/codec/rle32.go:151.4,151.12 1 0
github.com/rcarmo/rdp-html5/internal/codec/rle32.go:155.3,155.58 1 1
github.com/rcarmo/rdp-html5/internal/codec/rle32.go:155.58,162.45 5 1
github.com/rcarmo/rdp-html5/internal/codec/rle32.go:162.45,166.5 3 1
github.com/rcarmo/rdp-html5/internal/codec/rle32.go:167.4,167.12 1 1
github.com/rcarmo/rdp-html5/internal/codec/rle32.go:171.3,171.62 1 0
github.com/rcarmo/rdp-html5/internal/codec/rle32.go:171.62,175.69 3 0
github.com/rcarmo/rdp-html5/internal/codec/rle32.go:175.69,181.5 5 0
github.com/rcarmo/rdp-html5/internal/codec/rle32.go:182.4,182.12 1 0
github.com/rcarmo/rdp-html5/internal/codec/rle32.go:186.3,187.63 1 0
github.com/rcarmo/rdp-html5/internal/codec/rle32.go:187.63,191.66 3 0
github.com/rcarmo/rdp-html5/internal/codec/rle32.go:191.66,194.5 2 0
github.com/rcarmo/rdp-html5/internal/codec/rle32.go:196.4,196.43 1 0
github.com/rcarmo/rdp-html5/internal/codec/rle32.go:196.43,200.22 4 0
github.com/rcarmo/rdp-html5/internal/codec/rle32.go:200.22,202.6 1 0
github.com/rcarmo/rdp-html5/internal/codec/rle32.go:203.5,204.23 2 0
github.com/rcarmo/rdp-html5/internal/codec/rle32.go:206.4,206.12 1 0
github.com/rcarmo/rdp-html5/internal/codec/rle32.go:210.3,210.27 1 0
github.com/rcarmo/rdp-html5/internal/codec/rle32.go:210.27,214.12 4 0
github.com/rcarmo/rdp-html5/internal/codec/rle32.go:217.3,217.27 1 0
github.com/rcarmo/rdp-html5/internal/codec/rle32.go:217.27,221.12 4 0
github.com/rcarmo/rdp-html5/internal/codec/rle32.go:225.3,225.20 1 0
github.com/rcarmo/rdp-html5/internal/codec/rle32.go:225.20,229.12 4 0
github.com/rcarmo/rdp-html5/internal/codec/rle32.go:232.3,232.20 1 0
github.com/rcarmo/rdp-html5/internal/codec/rle32.go:232.20,236.12 4 0
github.com/rcarmo/rdp-html5/internal/codec/rle32.go:240.3,240.11 1 0
github.com/rcarmo/rdp-html5/internal/codec/rle32.go:243.2,243.13 1 1
github.com/rcarmo/rdp-html5/internal/codec/rle8.go:6.119,7.38 1 1
github.com/rcarmo/rdp-html5/internal/codec/rle8.go:7.38,8.27 1 1
github.com/rcarmo/rdp-html5/internal/codec/rle8.go:8.27,9.9 1 1
github.com/rcarmo/rdp-html5/internal/codec/rle8.go:11.3,11.16 1 1
github.com/rcarmo/rdp-html5/internal/codec/rle8.go:11.16,12.36 1 1
github.com/rcarmo/rdp-html5/internal/codec/rle8.go:12.36,14.5 1 1
github.com/rcarmo/rdp-html5/internal/codec/rle8.go:14.10,16.5 1 1
github.com/rcarmo/rdp-html5/internal/codec/rle8.go:17.9,19.36 2 1
github.com/rcarmo/rdp-html5/internal/codec/rle8.go:19.36,21.5 1 1
github.com/rcarmo/rdp-html5/internal/codec/rle8.go:21.10,23.5 1 0
github.com/rcarmo/rdp-html5/internal/codec/rle8.go:25.3,25.12 1 1
github.com/rcarmo/rdp-html5/internal/codec/rle8.go:27.2,27.16 1 1
github.com/rcarmo/rdp-html5/internal/codec/rle8.go:31.65,38.47 6 1
github.com/rcarmo/rdp-html5/internal/codec/rle8.go:38.47,40.40 1 1
github.com/rcarmo/rdp-html5/internal/codec/rle8.go:40.40,43.4 2 0
github.com/rcarmo/rdp-html5/internal/codec/rle8.go:45.3,48.52 2 1
github.com/rcarmo/rdp-html5/internal/codec/rle8.go:48.52,52.18 3 0
github.com/rcarmo/rdp-html5/internal/codec/rle8.go:52.18,53.21 1 0
github.com/rcarmo/rdp-html5/internal/codec/rle8.go:53.21,57.6 3 0
github.com/rcarmo/rdp-html5/internal/codec/rle8.go:58.5,58.46 1 0
github.com/rcarmo/rdp-html5/internal/codec/rle8.go:58.46,62.6 3 0
github.com/rcarmo/rdp-html5/internal/codec/rle8.go:63.10,64.21 1 0
github.com/rcarmo/rdp-html5/internal/codec/rle8.go:64.21,68.6 3 0
github.com/rcarmo/rdp-html5/internal/codec/rle8.go:69.5,69.46 1 0
github.com/rcarmo/rdp-html5/internal/codec/rle8.go:69.46,73.6 3 0
github.com/rcarmo/rdp-html5/internal/codec/rle8.go:75.4,76.12 2 0
github.com/rcarmo/rdp-html5/internal/codec/rle8.go:79.3,83.55 2 1
github.com/rcarmo/rdp-html5/internal/codec/rle8.go:83.55,87.58 3 0
github.com/rcarmo/rdp-html5/internal/codec/rle8.go:87.58,88.26 1 0
github.com/rcarmo/rdp-html5/internal/codec/rle8.go:88.26,91.6 2 0
github.com/rcarmo/rdp-html5/internal/codec/rle8.go:94.4,94.45 1 0
github.com/rcarmo/rdp-html5/internal/codec/rle8.go:94.45,95.19 1 0
github.com/rcarmo/rdp-html5/internal/codec/rle8.go:95.19,97.6 1 0
github.com/rcarmo/rdp-html5/internal/codec/rle8.go:97.11,99.6 1 0
github.com/rcarmo/rdp-html5/internal/codec/rle8.go:100.5,101.16 2 0
github.com/rcarmo/rdp-html5/internal/codec/rle8.go:103.4,103.12 1 0
github.com/rcarmo/rdp-html5/internal/codec/rle8.go:107.3,107.61 1 1
github.com/rcarmo/rdp-html5/internal/codec/rle8.go:107.61,112.25 4 0
github.com/rcarmo/rdp-html5/internal/codec/rle8.go:112.25,115.5 2 0
github.com/rcarmo/rdp-html5/internal/codec/rle8.go:116.4,116.25 1 0
github.com/rcarmo/rdp-html5/internal/codec/rle8.go:116.25,119.5 2 0
github.com/rcarmo/rdp-html5/internal/codec/rle8.go:121.4,121.47 1 0
github.com/rcarmo/rdp-html5/internal/codec/rle8.go:121.47,127.5 5 0
github.com/rcarmo/rdp-html5/internal/codec/rle8.go:128.4,128.12 1 0
github.com/rcarmo/rdp-html5/internal/codec/rle8.go:132.3,132.58 1 1
github.com/rcarmo/rdp-html5/internal/codec/rle8.go:132.58,137.25 4 1
github.com/rcarmo/rdp-html5/internal/codec/rle8.go:137.25,140.5 2 1
github.com/rcarmo/rdp-html5/internal/codec/rle8.go:142.4,142.45 1 1
github.com/rcarmo/rdp-html5/internal/codec/rle8.go:142.45,146.5 3 1
github.com/rcarmo/rdp-html5/internal/codec/rle8.go:147.4,147.12 1 1
github.com/rcarmo/rdp-html5/internal/codec/rle8.go:151.3,151.62 1 1
github.com/rcarmo/rdp-html5/internal/codec/rle8.go:151.62,155.66 3 1
github.com/rcarmo/rdp-html5/internal/codec/rle8.go:155.66,160.5 4 1
github.com/rcarmo/rdp-html5/internal/codec/rle8.go:161.4,161.12 1 1
github.com/rcarmo/rdp-html5/internal/codec/rle8.go:165.3,166.63 1 1
github.com/rcarmo/rdp-html5/internal/codec/rle8.go:166.63,170.66 3 0
github.com/rcarmo/rdp-html5/internal/codec/rle8.go:170.66,171.26 1 0
github.com/rcarmo/rdp-html5/internal/codec/rle8.go:171.26,174.6 2 0
github.com/rcarmo/rdp-html5/internal/codec/rle8.go:177.4,177.43 1 0
github.com/rcarmo/rdp-html5/internal/codec/rle8.go:177.43,181.22 4 0
github.com/rcarmo/rdp-html5/internal/codec/rle8.go:181.22,183.6 1 0
github.com/rcarmo/rdp-html5/internal/codec/rle8.go:184.5,185.23 2 0
github.com/rcarmo/rdp-html5/internal/codec/rle8.go:187.4,187.12 1 0
github.com/rcarmo/rdp-html5/internal/codec/rle8.go:191.3,191.27 1 1
github.com/rcarmo/rdp-html5/internal/codec/rle8.go:191.27,195.12 4 0
github.com/rcarmo/rdp-html5/internal/codec/rle8.go:198.3,198.27 1 1
github.com/rcarmo/rdp-html5/internal/codec/rle8.go:198.27,202.12 4 0
github.com/rcarmo/rdp-html5/internal/codec/rle8.go:206.3,206.20 1 1
github.com/rcarmo/rdp-html5/internal/codec/rle8.go:206.20,210.12 4 1
github.com/rcarmo/rdp-html5/internal/codec/rle8.go:213.3,213.20 1 1
github.com/rcarmo/rdp-html5/internal/codec/rle8.go:213.20,217.12 4 1
github.com/rcarmo/rdp-html5/internal/codec/rle8.go:221.3,221.11 1 0
github.com/rcarmo/rdp-html5/internal/codec/rle8.go:224.2,224.13 1 1
github.com/rcarmo/rdp-html5/internal/codec/rle_common.go:37.41,38.32 1 1
github.com/rcarmo/rdp-html5/internal/codec/rle_common.go:38.32,40.3 1 1
github.com/rcarmo/rdp-html5/internal/codec/rle_common.go:41.2,41.32 1 1
github.com/rcarmo/rdp-html5/internal/codec/rle_common.go:41.32,43.3 1 1
github.com/rcarmo/rdp-html5/internal/codec/rle_common.go:44.2,44.29 1 1
github.com/rcarmo/rdp-html5/internal/codec/rle_common.go:48.36,49.14 1 1
github.com/rcarmo/rdp-html5/internal/codec/rle_common.go:50.88,51.14 1 1
github.com/rcarmo/rdp-html5/internal/codec/rle_common.go:53.2,53.14 1 1
github.com/rcarmo/rdp-html5/internal/codec/rle_common.go:57.33,58.14 1 1
github.com/rcarmo/rdp-html5/internal/codec/rle_common.go:59.59,60.14 1 1
github.com/rcarmo/rdp-html5/internal/codec/rle_common.go:62.2,62.14 1 1
github.com/rcarmo/rdp-html5/internal/codec/rle_common.go:66.37,67.14 1 1
github.com/rcarmo/rdp-html5/internal/codec/rle_common.go:69.81,70.14 1 1
github.com/rcarmo/rdp-html5/internal/codec/rle_common.go:72.2,72.14 1 1
github.com/rcarmo/rdp-html5/internal/codec/rle_common.go:76.81,78.30 1 1
github.com/rcarmo/rdp-html5/internal/codec/rle_common.go:78.30,79.19 1 1
github.com/rcarmo/rdp-html5/internal/codec/rle_common.go:79.19,81.4 1 1
github.com/rcarmo/rdp-html5/internal/codec/rle_common.go:82.3,82.11 1 0
github.com/rcarmo/rdp-html5/internal/codec/rle_common.go:85.2,85.30 1 1
github.com/rcarmo/rdp-html5/internal/codec/rle_common.go:85.30,87.18 2 1
github.com/rcarmo/rdp-html5/internal/codec/rle_common.go:87.18,89.4 1 1
github.com/rcarmo/rdp-html5/internal/codec/rle_common.go:90.3,90.29 1 1
github.com/rcarmo/rdp-html5/internal/codec/rle_common.go:93.2,93.32 1 1
github.com/rcarmo/rdp-html5/internal/codec/rle_common.go:93.32,95.18 2 0
github.com/rcarmo/rdp-html5/internal/codec/rle_common.go:95.18,97.4 1 0
github.com/rcarmo/rdp-html5/internal/codec/rle_common.go:98.3,98.29 1 0
github.com/rcarmo/rdp-html5/internal/codec/rle_common.go:101.2,101.25 1 1
github.com/rcarmo/rdp-html5/internal/codec/rle_common.go:101.25,103.18 2 1
github.com/rcarmo/rdp-html5/internal/codec/rle_common.go:103.18,105.4 1 1
github.com/rcarmo/rdp-html5/internal/codec/rle_common.go:106.3,106.25 1 1
github.com/rcarmo/rdp-html5/internal/codec/rle_common.go:109.2,109.22 1 1
github.com/rcarmo/rdp-html5/internal/codec/rle_common.go:109.22,111.18 2 0
github.com/rcarmo/rdp-html5/internal/codec/rle_common.go:111.18,113.4 1 0
github.com/rcarmo/rdp-html5/internal/codec/rle_common.go:114.3,114.25 1 0
github.com/rcarmo/rdp-html5/internal/codec/rle_common.go:117.2,117.26 1 1
github.com/rcarmo/rdp-html5/internal/codec/rle_common.go:117.26,120.3 2 1
github.com/rcarmo/rdp-html5/internal/codec/rle_common.go:122.2,122.19 1 0
github.com/rcarmo/rdp-html5/internal/codec/security.go:9.56,18.2 5 1
github.com/rcarmo/rdp-html5/internal/codec/security.go:20.57,28.16 3 1
github.com/rcarmo/rdp-html5/internal/codec/security.go:28.16,30.3 1 1
github.com/rcarmo/rdp-html5/internal/codec/security.go:32.2,33.16 2 1
github.com/rcarmo/rdp-html5/internal/codec/security.go:33.16,35.3 1 1
github.com/rcarmo/rdp-html5/internal/codec/security.go:37.2,37.19 1 1
github.com/rcarmo/rdp-html5/internal/codec/rfx/differential.go:9.51,10.24 1 1
github.com/rcarmo/rdp-html5/internal/codec/rfx/differential.go:10.24,12.3 1 0
github.com/rcarmo/rdp-html5/internal/codec/rfx/differential.go:13.2,13.28 1 1
github.com/rcarmo/rdp-html5/internal/codec/rfx/differential.go:13.28,15.3 1 1
github.com/rcarmo/rdp-html5/internal/codec/rfx/dwt.go:26.43,27.30 1 1
github.com/rcarmo/rdp-html5/internal/codec/rfx/dwt.go:27.30,29.3 1 1
github.com/rcarmo/rdp-html5/internal/codec/rfx/dwt.go:32.2,49.15 5 1
github.com/rcarmo/rdp-html5/internal/codec/rfx/dwt.go:59.58,74.28 9 1
github.com/rcarmo/rdp-html5/internal/codec/rfx/dwt.go:74.28,81.3 4 1
github.com/rcarmo/rdp-html5/internal/codec/rfx/dwt.go:85.2,87.29 3 1
github.com/rcarmo/rdp-html5/internal/codec/rfx/dwt.go:87.29,89.3 1 1
github.com/rcarmo/rdp-html5/internal/codec/rfx/dwt.go:101.62,106.32 2 1
github.com/rcarmo/rdp-html5/internal/codec/rfx/dwt.go:106.32,108.3 1 1
github.com/rcarmo/rdp-html5/internal/codec/rfx/dwt.go:111.2,111.34 1 1
github.com/rcarmo/rdp-html5/internal/codec/rfx/dwt.go:111.34,113.3 1 1
github.com/rcarmo/rdp-html5/internal/codec/rfx/dwt.go:116.2,117.60 2 1
github.com/rcarmo/rdp-html5/internal/codec/rfx/dwt.go:128.88,136.32 5 1
github.com/rcarmo/rdp-html5/internal/codec/rfx/dwt.go:136.32,141.3 4 1
github.com/rcarmo/rdp-html5/internal/codec/rfx/dwt.go:144.2,144.34 1 1
github.com/rcarmo/rdp-html5/internal/codec/rfx/dwt.go:144.34,149.3 4 1
github.com/rcarmo/rdp-html5/internal/codec/rfx/dwt.go:152.2,155.59 4 1
github.com/rcarmo/rdp-html5/internal/codec/rfx/message.go:9.65,10.19 1 1
github.com/rcarmo/rdp-html5/internal/codec/rfx/message.go:10.19,12.3 1 1
github.com/rcarmo/rdp-html5/internal/codec/rfx/message.go:14.2,20.25 3 1
github.com/rcarmo/rdp-html5/internal/codec/rfx/message.go:20.25,21.27 1 1
github.com/rcarmo/rdp-html5/internal/codec/rfx/message.go:21.27,22.9 1 0
github.com/rcarmo/rdp-html5/internal/codec/rfx/message.go:25.3,28.50 3 1
github.com/rcarmo/rdp-html5/internal/codec/rfx/message.go:28.50,30.4 1 1
github.com/rcarmo/rdp-html5/internal/codec/rfx/message.go:32.3,34.20 2 1
github.com/rcarmo/rdp-html5/internal/codec/rfx/message.go:35.17,36.52 1 1
github.com/rcarmo/rdp-html5/internal/codec/rfx/message.go:36.52,38.5 1 0
github.com/rcarmo/rdp-html5/internal/codec/rfx/message.go:40.27,40.27 0 1
github.com/rcarmo/rdp-html5/internal/codec/rfx/message.go:43.21,43.21 0 1
github.com/rcarmo/rdp-html5/internal/codec/rfx/message.go:46.20,47.60 1 1
github.com/rcarmo/rdp-html5/internal/codec/rfx/message.go:47.60,49.5 1 0
github.com/rcarmo/rdp-html5/internal/codec/rfx/message.go:51.24,53.18 2 1
github.com/rcarmo/rdp-html5/internal/codec/rfx/message.go:53.18,55.5 1 0
github.com/rcarmo/rdp-html5/internal/codec/rfx/message.go:56.4,56.29 1 1
github.com/rcarmo/rdp-html5/internal/codec/rfx/message.go:58.19,60.18 2 1
github.com/rcarmo/rdp-html5/internal/codec/rfx/message.go:60.18,62.5 1 0
github.com/rcarmo/rdp-html5/internal/codec/rfx/message.go:63.4,63.23 1 1
github.com/rcarmo/rdp-html5/internal/codec/rfx/message.go:65.20,67.18 2 0
github.com/rcarmo/rdp-html5/internal/codec/rfx/message.go:67.18,69.5 1 0
github.com/rcarmo/rdp-html5/internal/codec/rfx/message.go:70.4,70.47 1 0
github.com/rcarmo/rdp-html5/internal/codec/rfx/message.go:72.22,72.22 0 1
github.com/rcarmo/rdp-html5/internal/codec/rfx/message.go:75.22,75.22 0 1
github.com/rcarmo/rdp-html5/internal/codec/rfx/message.go:79.3,79.21 1 1
github.com/rcarmo/rdp-html5/internal/codec/rfx/message.go:82.2,82.19 1 1
github.com/rcarmo/rdp-html5/internal/codec/rfx/message.go:85.40,86.20 1 1
github.com/rcarmo/rdp-html5/internal/codec/rfx/message.go:86.20,88.3 1 1
github.com/rcarmo/rdp-html5/internal/codec/rfx/message.go:92.2,92.12 1 1
github.com/rcarmo/rdp-html5/internal/codec/rfx/message.go:95.57,96.20 1 1
github.com/rcarmo/rdp-html5/internal/codec/rfx/message.go:96.20,98.3 1 1
github.com/rcarmo/rdp-html5/internal/codec/rfx/message.go:100.2,113.12 7 1
github.com/rcarmo/rdp-html5/internal/codec/rfx/message.go:116.51,117.20 1 1
github.com/rcarmo/rdp-html5/internal/codec/rfx/message.go:117.20,119.3 1 1
github.com/rcarmo/rdp-html5/internal/codec/rfx/message.go:121.2,124.22 2 1
github.com/rcarmo/rdp-html5/internal/codec/rfx/message.go:127.52,128.20 1 1
github.com/rcarmo/rdp-html5/internal/codec/rfx/message.go:128.20,130.3 1 1
github.com/rcarmo/rdp-html5/internal/codec/rfx/message.go:132.2,142.65 6 1
github.com/rcarmo/rdp-html5/internal/codec/rfx/message.go:142.65,150.3 2 1
github.com/rcarmo/rdp-html5/internal/codec/rfx/message.go:152.2,152.19 1 1
github.com/rcarmo/rdp-html5/internal/codec/rfx/message.go:155.68,156.20 1 1
github.com/rcarmo/rdp-html5/internal/codec/rfx/message.go:156.20,158.3 1 1
github.com/rcarmo/rdp-html5/internal/codec/rfx/message.go:160.2,185.64 12 1
github.com/rcarmo/rdp-html5/internal/codec/rfx/message.go:185.64,187.17 2 1
github.com/rcarmo/rdp-html5/internal/codec/rfx/message.go:187.17,189.4 1 0
github.com/rcarmo/rdp-html5/internal/codec/rfx/message.go:190.3,191.14 2 1
github.com/rcarmo/rdp-html5/internal/codec/rfx/message.go:195.2,197.62 2 1
github.com/rcarmo/rdp-html5/internal/codec/rfx/message.go:197.62,198.27 1 0
github.com/rcarmo/rdp-html5/internal/codec/rfx/message.go:198.27,199.9 1 0
github.com/rcarmo/rdp-html5/internal/codec/rfx/message.go:202.3,203.32 2 0
github.com/rcarmo/rdp-html5/internal/codec/rfx/message.go:203.32,204.9 1 0
github.com/rcarmo/rdp-html5/internal/codec/rfx/message.go:207.3,208.38 2 0
github.com/rcarmo/rdp-html5/internal/codec/rfx/message.go:208.38,209.9 1 0
github.com/rcarmo/rdp-html5/internal/codec/rfx/message.go:213.3,222.73 7 0
github.com/rcarmo/rdp-html5/internal/codec/rfx/message.go:222.73,224.4 1 0
github.com/rcarmo/rdp-html5/internal/codec/rfx/message.go:225.3,225.75 1 0
github.com/rcarmo/rdp-html5/internal/codec/rfx/message.go:225.75,227.4 1 0
github.com/rcarmo/rdp-html5/internal/codec/rfx/message.go:228.3,228.75 1 0
github.com/rcarmo/rdp-html5/internal/codec/rfx/message.go:228.75,230.4 1 0
github.com/rcarmo/rdp-html5/internal/codec/rfx/message.go:232.3,233.17 2 0
github.com/rcarmo/rdp-html5/internal/codec/rfx/message.go:233.17,236.12 2 0
github.com/rcarmo/rdp-html5/internal/codec/rfx/message.go:239.3,240.25 2 0
github.com/rcarmo/rdp-html5/internal/codec/rfx/message.go:243.2,243.19 1 1
github.com/rcarmo/rdp-html5/internal/codec/rfx/quant.go:14.54,15.46 1 1
github.com/rcarmo/rdp-html5/internal/codec/rfx/quant.go:15.46,17.3 1 1
github.com/rcarmo/rdp-html5/internal/codec/rfx/quant.go:20.2,33.61 10 1
github.com/rcarmo/rdp-html5/internal/codec/rfx/quant.go:38.51,39.21 1 1
github.com/rcarmo/rdp-html5/internal/codec/rfx/quant.go:39.21,41.3 1 0
github.com/rcarmo/rdp-html5/internal/codec/rfx/quant.go:42.2,43.22 2 1
github.com/rcarmo/rdp-html5/internal/codec/rfx/quant.go:43.22,45.3 1 1
github.com/rcarmo/rdp-html5/internal/codec/rfx/rfx.go:139.28,143.2 1 1
github.com/rcarmo/rdp-html5/internal/codec/rfx/rfx.go:146.35,152.2 1 1
github.com/rcarmo/rdp-html5/internal/codec/rfx/rfx.go:161.59,162.19 1 1
github.com/rcarmo/rdp-html5/internal/codec/rfx/rfx.go:162.19,164.3 1 1
github.com/rcarmo/rdp-html5/internal/codec/rfx/rfx.go:166.2,177.8 1 1
github.com/rcarmo/rdp-html5/internal/codec/rfx/rlgr.go:14.43,21.2 3 1
github.com/rcarmo/rdp-html5/internal/codec/rfx/rlgr.go:24.31,25.54 1 1
github.com/rcarmo/rdp-html5/internal/codec/rfx/rlgr.go:25.54,30.3 3 1
github.com/rcarmo/rdp-html5/internal/codec/rfx/rlgr.go:34.45,35.12 1 1
github.com/rcarmo/rdp-html5/internal/codec/rfx/rlgr.go:35.12,37.3 1 0
github.com/rcarmo/rdp-html5/internal/codec/rfx/rlgr.go:38.2,38.22 1 1
github.com/rcarmo/rdp-html5/internal/codec/rfx/rlgr.go:38.22,40.3 1 1
github.com/rcarmo/rdp-html5/internal/codec/rfx/rlgr.go:41.2,41.22 1 1
github.com/rcarmo/rdp-html5/internal/codec/rfx/rlgr.go:41.22,43.24 1 1
github.com/rcarmo/rdp-html5/internal/codec/rfx/rlgr.go:43.24,45.4 1 1
github.com/rcarmo/rdp-html5/internal/codec/rfx/rlgr.go:46.3,49.16 4 0
github.com/rcarmo/rdp-html5/internal/codec/rfx/rlgr.go:52.2,55.15 4 1
github.com/rcarmo/rdp-html5/internal/codec/rfx/rlgr.go:59.39,61.2 1 1
github.com/rcarmo/rdp-html5/internal/codec/rfx/rlgr.go:65.46,67.6 2 1
github.com/rcarmo/rdp-html5/internal/codec/rfx/rlgr.go:67.6,68.24 1 1
github.com/rcarmo/rdp-html5/internal/codec/rfx/rlgr.go:68.24,70.25 2 1
github.com/rcarmo/rdp-html5/internal/codec/rfx/rlgr.go:70.25,72.5 1 1
github.com/rcarmo/rdp-html5/internal/codec/rfx/rlgr.go:76.3,76.33 1 1
github.com/rcarmo/rdp-html5/internal/codec/rfx/rlgr.go:76.33,81.4 3 1
github.com/rcarmo/rdp-html5/internal/codec/rfx/rlgr.go:84.3,89.20 4 1
github.com/rcarmo/rdp-html5/internal/codec/rfx/rlgr.go:89.20,91.4 1 0
github.com/rcarmo/rdp-html5/internal/codec/rfx/rlgr.go:97.45,99.6 2 1
github.com/rcarmo/rdp-html5/internal/codec/rfx/rlgr.go:99.6,100.24 1 1
github.com/rcarmo/rdp-html5/internal/codec/rfx/rlgr.go:100.24,102.25 2 1
github.com/rcarmo/rdp-html5/internal/codec/rfx/rlgr.go:102.25,104.5 1 1
github.com/rcarmo/rdp-html5/internal/codec/rfx/rlgr.go:108.3,108.33 1 1
github.com/rcarmo/rdp-html5/internal/codec/rfx/rlgr.go:108.33,113.4 3 1
github.com/rcarmo/rdp-html5/internal/codec/rfx/rlgr.go:116.3,120.20 4 1
github.com/rcarmo/rdp-html5/internal/codec/rfx/rlgr.go:120.20,122.4 1 0
github.com/rcarmo/rdp-html5/internal/codec/rfx/rlgr.go:127.42,129.2 1 1
github.com/rcarmo/rdp-html5/internal/codec/rfx/rlgr.go:134.62,135.30 1 1
github.com/rcarmo/rdp-html5/internal/codec/rfx/rlgr.go:135.30,137.3 1 1
github.com/rcarmo/rdp-html5/internal/codec/rfx/rlgr.go:140.2,140.24 1 1
github.com/rcarmo/rdp-html5/internal/codec/rfx/rlgr.go:140.24,142.3 1 1
github.com/rcarmo/rdp-html5/internal/codec/rfx/rlgr.go:144.2,144.20 1 1
github.com/rcarmo/rdp-html5/internal/codec/rfx/rlgr.go:144.20,146.3 1 1
github.com/rcarmo/rdp-html5/internal/codec/rfx/rlgr.go:148.2,158.49 7 1
github.com/rcarmo/rdp-html5/internal/codec/rfx/rlgr.go:158.49,159.13 1 1
github.com/rcarmo/rdp-html5/internal/codec/rfx/rlgr.go:159.13,168.30 3 1
github.com/rcarmo/rdp-html5/internal/codec/rfx/rlgr.go:168.30,173.19 3 1
github.com/rcarmo/rdp-html5/internal/codec/rfx/rlgr.go:173.19,175.6 1 0
github.com/rcarmo/rdp-html5/internal/codec/rfx/rlgr.go:176.5,176.19 1 1
github.com/rcarmo/rdp-html5/internal/codec/rfx/rlgr.go:180.4,180.45 1 1
github.com/rcarmo/rdp-html5/internal/codec/rfx/rlgr.go:180.45,183.5 2 1
github.com/rcarmo/rdp-html5/internal/codec/rfx/rlgr.go:186.4,186.55 1 1
github.com/rcarmo/rdp-html5/internal/codec/rfx/rlgr.go:186.55,189.5 2 1
github.com/rcarmo/rdp-html5/internal/codec/rfx/rlgr.go:191.4,191.25 1 1
github.com/rcarmo/rdp-html5/internal/codec/rfx/rlgr.go:191.25,192.10 1 0
github.com/rcarmo/rdp-html5/internal/codec/rfx/rlgr.go:197.4,203.47 4 1
github.com/rcarmo/rdp-html5/internal/codec/rfx/rlgr.go:203.47,205.5 1 1
github.com/rcarmo/rdp-html5/internal/codec/rfx/rlgr.go:206.4,209.17 2 1
github.com/rcarmo/rdp-html5/internal/codec/rfx/rlgr.go:209.17,210.17 1 1
github.com/rcarmo/rdp-html5/internal/codec/rfx/rlgr.go:210.17,212.6 1 1
github.com/rcarmo/rdp-html5/internal/codec/rfx/rlgr.go:212.11,214.6 1 0
github.com/rcarmo/rdp-html5/internal/codec/rfx/rlgr.go:215.10,215.23 1 1
github.com/rcarmo/rdp-html5/internal/codec/rfx/rlgr.go:215.23,217.20 2 1
github.com/rcarmo/rdp-html5/internal/codec/rfx/rlgr.go:217.20,219.6 1 0
github.com/rcarmo/rdp-html5/internal/codec/rfx/rlgr.go:221.4,224.19 2 1
github.com/rcarmo/rdp-html5/internal/codec/rfx/rlgr.go:224.19,226.5 1 1
github.com/rcarmo/rdp-html5/internal/codec/rfx/rlgr.go:226.10,228.5 1 0
github.com/rcarmo/rdp-html5/internal/codec/rfx/rlgr.go:229.4,233.17 3 1
github.com/rcarmo/rdp-html5/internal/codec/rfx/rlgr.go:233.17,235.5 1 1
github.com/rcarmo/rdp-html5/internal/codec/rfx/rlgr.go:236.4,237.9 2 1
github.com/rcarmo/rdp-html5/internal/codec/rfx/rlgr.go:239.9,241.21 1 1
github.com/rcarmo/rdp-html5/internal/codec/rfx/rlgr.go:241.21,246.48 3 1
github.com/rcarmo/rdp-html5/internal/codec/rfx/rlgr.go:246.48,248.6 1 1
github.com/rcarmo/rdp-html5/internal/codec/rfx/rlgr.go:249.5,252.18 2 1
github.com/rcarmo/rdp-html5/internal/codec/rfx/rlgr.go:252.18,253.18 1 1
github.com/rcarmo/rdp-html5/internal/codec/rfx/rlgr.go:253.18,255.7 1 1
github.com/rcarmo/rdp-html5/internal/codec/rfx/rlgr.go:255.12,257.7 1 0
github.com/rcarmo/rdp-html5/internal/codec/rfx/rlgr.go:258.11,258.24 1 1
github.com/rcarmo/rdp-html5/internal/codec/rfx/rlgr.go:258.24,260.21 2 1
github.com/rcarmo/rdp-html5/internal/codec/rfx/rlgr.go:260.21,262.7 1 0
github.com/rcarmo/rdp-html5/internal/codec/rfx/rlgr.go:264.5,268.17 3 1
github.com/rcarmo/rdp-html5/internal/codec/rfx/rlgr.go:268.17,272.20 3 1
github.com/rcarmo/rdp-html5/internal/codec/rfx/rlgr.go:272.20,274.7 1 0
github.com/rcarmo/rdp-html5/internal/codec/rfx/rlgr.go:275.6,275.20 1 1
github.com/rcarmo/rdp-html5/internal/codec/rfx/rlgr.go:276.11,278.24 1 1
github.com/rcarmo/rdp-html5/internal/codec/rfx/rlgr.go:278.24,280.7 1 1
github.com/rcarmo/rdp-html5/internal/codec/rfx/rlgr.go:280.12,282.7 1 1
github.com/rcarmo/rdp-html5/internal/codec/rfx/rlgr.go:284.6,284.21 1 1
github.com/rcarmo/rdp-html5/internal/codec/rfx/rlgr.go:284.21,286.7 1 1
github.com/rcarmo/rdp-html5/internal/codec/rfx/rlgr.go:286.12,288.7 1 1
github.com/rcarmo/rdp-html5/internal/codec/rfx/rlgr.go:289.6,289.20 1 1
github.com/rcarmo/rdp-html5/internal/codec/rfx/rlgr.go:292.5,293.10 2 1
github.com/rcarmo/rdp-html5/internal/codec/rfx/rlgr.go:295.10,300.48 3 1
github.com/rcarmo/rdp-html5/internal/codec/rfx/rlgr.go:300.48,302.6 1 0
github.com/rcarmo/rdp-html5/internal/codec/rfx/rlgr.go:303.5,306.18 2 1
github.com/rcarmo/rdp-html5/internal/codec/rfx/rlgr.go:306.18,307.18 1 1
github.com/rcarmo/rdp-html5/internal/codec/rfx/rlgr.go:307.18,309.7 1 1
github.com/rcarmo/rdp-html5/internal/codec/rfx/rlgr.go:309.12,311.7 1 0
github.com/rcarmo/rdp-html5/internal/codec/rfx/rlgr.go:312.11,312.24 1 1
github.com/rcarmo/rdp-html5/internal/codec/rfx/rlgr.go:312.24,314.21 2 0
github.com/rcarmo/rdp-html5/internal/codec/rfx/rlgr.go:314.21,316.7 1 0
github.com/rcarmo/rdp-html5/internal/codec/rfx/rlgr.go:318.5,323.17 3 1
github.com/rcarmo/rdp-html5/internal/codec/rfx/rlgr.go:323.17,325.19 2 1
github.com/rcarmo/rdp-html5/internal/codec/rfx/rlgr.go:325.19,328.7 2 1
github.com/rcarmo/rdp-html5/internal/codec/rfx/rlgr.go:331.5,332.49 2 1
github.com/rcarmo/rdp-html5/internal/codec/rfx/rlgr.go:332.49,334.6 1 1
github.com/rcarmo/rdp-html5/internal/codec/rfx/rlgr.go:335.5,338.31 2 1
github.com/rcarmo/rdp-html5/internal/codec/rfx/rlgr.go:338.31,339.23 1 0
github.com/rcarmo/rdp-html5/internal/codec/rfx/rlgr.go:339.23,341.7 1 0
github.com/rcarmo/rdp-html5/internal/codec/rfx/rlgr.go:341.12,343.7 1 0
github.com/rcarmo/rdp-html5/internal/codec/rfx/rlgr.go:344.11,344.38 1 1
github.com/rcarmo/rdp-html5/internal/codec/rfx/rlgr.go:344.38,346.20 2 1
github.com/rcarmo/rdp-html5/internal/codec/rfx/rlgr.go:346.20,348.7 1 0
github.com/rcarmo/rdp-html5/internal/codec/rfx/rlgr.go:350.5,353.18 2 1
github.com/rcarmo/rdp-html5/internal/codec/rfx/rlgr.go:353.18,355.6 1 1
github.com/rcarmo/rdp-html5/internal/codec/rfx/rlgr.go:355.11,355.31 1 1
github.com/rcarmo/rdp-html5/internal/codec/rfx/rlgr.go:355.31,357.6 1 1
github.com/rcarmo/rdp-html5/internal/codec/rfx/rlgr.go:357.11,359.6 1 0
github.com/rcarmo/rdp-html5/internal/codec/rfx/rlgr.go:360.5,362.26 2 1
github.com/rcarmo/rdp-html5/internal/codec/rfx/rlgr.go:362.26,363.11 1 0
github.com/rcarmo/rdp-html5/internal/codec/rfx/rlgr.go:367.5,367.18 1 1
github.com/rcarmo/rdp-html5/internal/codec/rfx/rlgr.go:367.18,369.6 1 1
github.com/rcarmo/rdp-html5/internal/codec/rfx/rlgr.go:369.11,369.31 1 0
github.com/rcarmo/rdp-html5/internal/codec/rfx/rlgr.go:369.31,371.6 1 0
github.com/rcarmo/rdp-html5/internal/codec/rfx/rlgr.go:371.11,373.6 1 0
github.com/rcarmo/rdp-html5/internal/codec/rfx/rlgr.go:374.5,374.10 1 1
github.com/rcarmo/rdp-html5/internal/codec/rfx/rlgr.go:379.2,379.12 1 1
github.com/rcarmo/rdp-html5/internal/codec/rfx/tile.go:10.85,11.20 1 1
github.com/rcarmo/rdp-html5/internal/codec/rfx/tile.go:11.20,13.3 1 1
github.com/rcarmo/rdp-html5/internal/codec/rfx/tile.go:15.2,21.27 4 1
github.com/rcarmo/rdp-html5/internal/codec/rfx/tile.go:21.27,23.3 1 1
github.com/rcarmo/rdp-html5/internal/codec/rfx/tile.go:25.2,28.31 3 1
github.com/rcarmo/rdp-html5/internal/codec/rfx/tile.go:28.31,30.3 1 1
github.com/rcarmo/rdp-html5/internal/codec/rfx/tile.go:36.2,55.41 12 1
github.com/rcarmo/rdp-html5/internal/codec/rfx/tile.go:55.41,57.3 1 1
github.com/rcarmo/rdp-html5/internal/codec/rfx/tile.go:60.2,74.57 9 1
github.com/rcarmo/rdp-html5/internal/codec/rfx/tile.go:74.57,76.3 1 0
github.com/rcarmo/rdp-html5/internal/codec/rfx/tile.go:77.2,77.59 1 1
github.com/rcarmo/rdp-html5/internal/codec/rfx/tile.go:77.59,79.3 1 0
github.com/rcarmo/rdp-html5/internal/codec/rfx/tile.go:80.2,80.59 1 1
github.com/rcarmo/rdp-html5/internal/codec/rfx/tile.go:80.59,82.3 1 0
github.com/rcarmo/rdp-html5/internal/codec/rfx/tile.go:85.2,107.8 12 1
github.com/rcarmo/rdp-html5/internal/codec/rfx/tile.go:117.34,118.20 1 1
github.com/rcarmo/rdp-html5/internal/codec/rfx/tile.go:118.20,120.3 1 1
github.com/rcarmo/rdp-html5/internal/codec/rfx/tile.go:122.2,128.27 4 1
github.com/rcarmo/rdp-html5/internal/codec/rfx/tile.go:128.27,130.3 1 1
github.com/rcarmo/rdp-html5/internal/codec/rfx/tile.go:132.2,135.31 3 1
github.com/rcarmo/rdp-html5/internal/codec/rfx/tile.go:135.31,137.3 1 1
github.com/rcarmo/rdp-html5/internal/codec/rfx/tile.go:140.2,157.41 12 1
github.com/rcarmo/rdp-html5/internal/codec/rfx/tile.go:157.41,159.3 1 1
github.com/rcarmo/rdp-html5/internal/codec/rfx/tile.go:162.2,162.76 1 1
github.com/rcarmo/rdp-html5/internal/codec/rfx/tile.go:162.76,164.3 1 0
github.com/rcarmo/rdp-html5/internal/codec/rfx/tile.go:165.2,167.78 2 1
github.com/rcarmo/rdp-html5/internal/codec/rfx/tile.go:167.78,169.3 1 0
github.com/rcarmo/rdp-html5/internal/codec/rfx/tile.go:170.2,172.78 2 1
github.com/rcarmo/rdp-html5/internal/codec/rfx/tile.go:172.78,174.3 1 0
github.com/rcarmo/rdp-html5/internal/codec/rfx/tile.go:177.2,194.24 11 1
github.com/rcarmo/rdp-html5/internal/codec/rfx/ycbcr.go:46.52,47.73 1 1
github.com/rcarmo/rdp-html5/internal/codec/rfx/ycbcr.go:47.73,49.3 1 1
github.com/rcarmo/rdp-html5/internal/codec/rfx/ycbcr.go:50.2,50.32 1 1
github.com/rcarmo/rdp-html5/internal/codec/rfx/ycbcr.go:50.32,52.3 1 0
github.com/rcarmo/rdp-html5/internal/codec/rfx/ycbcr.go:54.2,54.34 1 1
github.com/rcarmo/rdp-html5/internal/codec/rfx/ycbcr.go:54.34,77.3 11 1
github.com/rcarmo/rdp-html5/internal/codec/rfx/ycbcr.go:81.32,82.11 1 1
github.com/rcarmo/rdp-html5/internal/codec/rfx/ycbcr.go:82.11,84.3 1 1
github.com/rcarmo/rdp-html5/internal/codec/rfx/ycbcr.go:85.2,85.13 1 1
github.com/rcarmo/rdp-html5/internal/codec/rfx/ycbcr.go:85.13,87.3 1 1
github.com/rcarmo/rdp-html5/internal/codec/rfx/ycbcr.go:88.2,88.16 1 1
github.com/rcarmo/rdp-html5/internal/config/config.go:81.30,83.2 1 1
github.com/rcarmo/rdp-html5/internal/config/config.go:86.59,117.17 24 1
github.com/rcarmo/rdp-html5/internal/config/config.go:117.17,119.3 1 0
github.com/rcarmo/rdp-html5/internal/config/config.go:122.2,128.42 5 1
github.com/rcarmo/rdp-html5/internal/config/config.go:128.42,130.3 1 0
github.com/rcarmo/rdp-html5/internal/config/config.go:133.2,137.20 4 1
github.com/rcarmo/rdp-html5/internal/config/config.go:143.32,147.2 3 1
github.com/rcarmo/rdp-html5/internal/config/config.go:150.35,152.25 1 1
github.com/rcarmo/rdp-html5/internal/config/config.go:152.25,154.3 1 1
github.com/rcarmo/rdp-html5/internal/config/config.go:156.2,156.86 1 1
github.com/rcarmo/rdp-html5/internal/config/config.go:156.86,158.3 1 1
github.com/rcarmo/rdp-html5/internal/config/config.go:161.2,161.57 1 1
github.com/rcarmo/rdp-html5/internal/config/config.go:161.57,163.3 1 1
github.com/rcarmo/rdp-html5/internal/config/config.go:165.2,165.82 1 1
github.com/rcarmo/rdp-html5/internal/config/config.go:165.82,167.3 1 1
github.com/rcarmo/rdp-html5/internal/config/config.go:169.2,169.27 1 1
[...]
github.com/rcarmo/rdp-html5/internal/rdp/get_update.go:22.34,26.3 3 0
github.com/rcarmo/rdp-html5/internal/rdp/get_update.go:28.2,29.16 2 0
github.com/rcarmo/rdp-html5/internal/rdp/get_update.go:29.16,31.3 1 0
github.com/rcarmo/rdp-html5/internal/rdp/get_update.go:33.2,35.23 2 0
github.com/rcarmo/rdp-html5/internal/rdp/get_update.go:35.23,37.10 2 0
github.com/rcarmo/rdp-html5/internal/rdp/get_update.go:38.19,39.21 1 0
github.com/rcarmo/rdp-html5/internal/rdp/get_update.go:39.21,42.5 1 0
github.com/rcarmo/rdp-html5/internal/rdp/get_update.go:44.4,44.24 1 0
github.com/rcarmo/rdp-html5/internal/rdp/get_update.go:45.44,46.19 1 0
github.com/rcarmo/rdp-html5/internal/rdp/get_update.go:48.11,49.55 1 0
github.com/rcarmo/rdp-html5/internal/rdp/get_update.go:53.2,54.16 2 0
github.com/rcarmo/rdp-html5/internal/rdp/get_update.go:54.16,56.3 1 0
github.com/rcarmo/rdp-html5/internal/rdp/get_update.go:61.2,61.29 1 0
github.com/rcarmo/rdp-html5/internal/rdp/get_update.go:61.29,63.45 2 0
github.com/rcarmo/rdp-html5/internal/rdp/get_update.go:63.45,76.4 8 0
github.com/rcarmo/rdp-html5/internal/rdp/get_update.go:79.2,79.42 1 0
github.com/rcarmo/rdp-html5/internal/rdp/get_update.go:97.51,99.16 2 0
github.com/rcarmo/rdp-html5/internal/rdp/get_update.go:99.16,101.3 1 0
github.com/rcarmo/rdp-html5/internal/rdp/get_update.go:103.2,103.41 1 0
github.com/rcarmo/rdp-html5/internal/rdp/get_update.go:103.41,105.17 2 0
github.com/rcarmo/rdp-html5/internal/rdp/get_update.go:105.17,107.4 1 0
github.com/rcarmo/rdp-html5/internal/rdp/get_update.go:109.3,109.18 1 0
github.com/rcarmo/rdp-html5/internal/rdp/get_update.go:113.2,113.54 1 0
github.com/rcarmo/rdp-html5/internal/rdp/get_update.go:113.54,114.28 1 0
github.com/rcarmo/rdp-html5/internal/rdp/get_update.go:114.28,117.49 2 0
github.com/rcarmo/rdp-html5/internal/rdp/get_update.go:117.49,120.5 2 0
github.com/rcarmo/rdp-html5/internal/rdp/get_update.go:121.4,121.72 1 0
github.com/rcarmo/rdp-html5/internal/rdp/get_update.go:121.72,123.5 1 0
github.com/rcarmo/rdp-html5/internal/rdp/get_update.go:125.3,125.18 1 0
github.com/rcarmo/rdp-html5/internal/rdp/get_update.go:129.2,130.60 2 0
github.com/rcarmo/rdp-html5/internal/rdp/get_update.go:130.60,132.3 1 0
github.com/rcarmo/rdp-html5/internal/rdp/get_update.go:134.2,134.50 1 0
github.com/rcarmo/rdp-html5/internal/rdp/get_update.go:134.50,136.3 1 0
github.com/rcarmo/rdp-html5/internal/rdp/get_update.go:139.2,156.25 15 0
github.com/rcarmo/rdp-html5/internal/rdp/get_update.go:156.25,158.3 1 0
github.com/rcarmo/rdp-html5/internal/rdp/get_update.go:161.2,161.28 1 0
github.com/rcarmo/rdp-html5/internal/rdp/get_update.go:161.28,163.53 2 0
github.com/rcarmo/rdp-html5/internal/rdp/get_update.go:163.53,165.4 1 0
github.com/rcarmo/rdp-html5/internal/rdp/get_update.go:168.2,168.17 1 0
github.com/rcarmo/rdp-html5/internal/rdp/get_update.go:171.80,174.76 2 1
github.com/rcarmo/rdp-html5/internal/rdp/get_update.go:174.76,176.3 1 0
github.com/rcarmo/rdp-html5/internal/rdp/get_update.go:179.2,180.64 2 1
github.com/rcarmo/rdp-html5/internal/rdp/get_update.go:180.64,182.3 1 0
github.com/rcarmo/rdp-html5/internal/rdp/get_update.go:183.2,190.20 3 1
github.com/rcarmo/rdp-html5/internal/rdp/get_update.go:191.32,192.42 1 1
github.com/rcarmo/rdp-html5/internal/rdp/get_update.go:193.33,194.43 1 1
github.com/rcarmo/rdp-html5/internal/rdp/get_update.go:195.37,196.47 1 1
github.com/rcarmo/rdp-html5/internal/rdp/get_update.go:197.10,199.18 1 1
github.com/rcarmo/rdp-html5/internal/rdp/get_update.go:205.2,214.35 8 1
github.com/rcarmo/rdp-html5/internal/rdp/nla.go:18.35,20.43 1 0
github.com/rcarmo/rdp-html5/internal/rdp/nla.go:20.43,22.3 1 0
github.com/rcarmo/rdp-html5/internal/rdp/nla.go:25.2,33.50 5 0
github.com/rcarmo/rdp-html5/internal/rdp/nla.go:33.50,35.3 1 0
github.com/rcarmo/rdp-html5/internal/rdp/nla.go:38.2,41.47 3 0
github.com/rcarmo/rdp-html5/internal/rdp/nla.go:41.47,43.3 1 0
github.com/rcarmo/rdp-html5/internal/rdp/nla.go:44.2,49.16 4 0
github.com/rcarmo/rdp-html5/internal/rdp/nla.go:49.16,51.3 1 0
github.com/rcarmo/rdp-html5/internal/rdp/nla.go:52.2,55.16 3 0
github.com/rcarmo/rdp-html5/internal/rdp/nla.go:55.16,57.3 1 0
github.com/rcarmo/rdp-html5/internal/rdp/nla.go:58.2,60.33 2 0
github.com/rcarmo/rdp-html5/internal/rdp/nla.go:60.33,62.3 1 0
github.com/rcarmo/rdp-html5/internal/rdp/nla.go:65.2,66.38 2 0
github.com/rcarmo/rdp-html5/internal/rdp/nla.go:66.38,68.3 1 0
github.com/rcarmo/rdp-html5/internal/rdp/nla.go:71.2,72.16 2 0
github.com/rcarmo/rdp-html5/internal/rdp/nla.go:72.16,74.3 1 0
github.com/rcarmo/rdp-html5/internal/rdp/nla.go:75.2,80.25 3 0
github.com/rcarmo/rdp-html5/internal/rdp/nla.go:80.25,83.3 2 0
github.com/rcarmo/rdp-html5/internal/rdp/nla.go:83.8,86.3 2 0
github.com/rcarmo/rdp-html5/internal/rdp/nla.go:88.2,93.47 4 0
github.com/rcarmo/rdp-html5/internal/rdp/nla.go:93.47,95.3 1 0
github.com/rcarmo/rdp-html5/internal/rdp/nla.go:96.2,101.16 4 0
github.com/rcarmo/rdp-html5/internal/rdp/nla.go:101.16,103.3 1 0
github.com/rcarmo/rdp-html5/internal/rdp/nla.go:104.2,107.16 3 0
github.com/rcarmo/rdp-html5/internal/rdp/nla.go:107.16,109.3 1 0
github.com/rcarmo/rdp-html5/internal/rdp/nla.go:112.2,112.32 1 0
github.com/rcarmo/rdp-html5/internal/rdp/nla.go:112.32,114.33 2 0
github.com/rcarmo/rdp-html5/internal/rdp/nla.go:114.33,116.4 1 0
github.com/rcarmo/rdp-html5/internal/rdp/nla.go:117.3,120.93 2 0
github.com/rcarmo/rdp-html5/internal/rdp/nla.go:120.93,122.4 1 0
github.com/rcarmo/rdp-html5/internal/rdp/nla.go:123.3,123.64 1 0
github.com/rcarmo/rdp-html5/internal/rdp/nla.go:128.2,134.47 6 0
github.com/rcarmo/rdp-html5/internal/rdp/nla.go:134.47,136.3 1 0
github.com/rcarmo/rdp-html5/internal/rdp/nla.go:137.2,141.43 2 0
github.com/rcarmo/rdp-html5/internal/rdp/nla.go:141.43,143.3 1 0
github.com/rcarmo/rdp-html5/internal/rdp/nla.go:145.2,147.16 3 0
github.com/rcarmo/rdp-html5/internal/rdp/nla.go:147.16,149.52 1 0
github.com/rcarmo/rdp-html5/internal/rdp/nla.go:149.52,152.45 2 0
github.com/rcarmo/rdp-html5/internal/rdp/nla.go:152.45,154.5 1 0
github.com/rcarmo/rdp-html5/internal/rdp/nla.go:155.4,155.14 1 0
github.com/rcarmo/rdp-html5/internal/rdp/nla.go:158.3,160.44 2 0
github.com/rcarmo/rdp-html5/internal/rdp/nla.go:160.44,162.4 1 0
github.com/rcarmo/rdp-html5/internal/rdp/nla.go:163.3,163.13 1 0
github.com/rcarmo/rdp-html5/internal/rdp/nla.go:167.2,167.43 1 0
github.com/rcarmo/rdp-html5/internal/rdp/nla.go:167.43,169.3 1 0
github.com/rcarmo/rdp-html5/internal/rdp/nla.go:172.2,172.11 1 0
github.com/rcarmo/rdp-html5/internal/rdp/nla.go:172.11,175.17 3 0
github.com/rcarmo/rdp-html5/internal/rdp/nla.go:175.17,176.34 1 0
github.com/rcarmo/rdp-html5/internal/rdp/nla.go:176.34,178.5 1 0
github.com/rcarmo/rdp-html5/internal/rdp/nla.go:179.4,179.92 1 0
github.com/rcarmo/rdp-html5/internal/rdp/nla.go:183.2,183.12 1 0
github.com/rcarmo/rdp-html5/internal/rdp/nla.go:187.41,192.16 4 0
github.com/rcarmo/rdp-html5/internal/rdp/nla.go:192.16,195.17 3 0
github.com/rcarmo/rdp-html5/internal/rdp/nla.go:195.17,197.4 1 0
github.com/rcarmo/rdp-html5/internal/rdp/nla.go:200.2,200.16 1 0
github.com/rcarmo/rdp-html5/internal/rdp/nla.go:200.16,201.26 1 0
github.com/rcarmo/rdp-html5/internal/rdp/nla.go:201.26,203.4 1 0
github.com/rcarmo/rdp-html5/internal/rdp/nla.go:204.3,204.23 1 0
github.com/rcarmo/rdp-html5/internal/rdp/nla.go:204.23,206.4 1 0
github.com/rcarmo/rdp-html5/internal/rdp/nla.go:209.2,209.22 1 0
github.com/rcarmo/rdp-html5/internal/rdp/nla.go:209.22,211.3 1 0
github.com/rcarmo/rdp-html5/internal/rdp/nla.go:215.2,222.32 2 0
github.com/rcarmo/rdp-html5/internal/rdp/nla.go:222.32,223.20 1 0
github.com/rcarmo/rdp-html5/internal/rdp/nla.go:223.20,226.32 3 0
github.com/rcarmo/rdp-html5/internal/rdp/nla.go:226.32,228.5 1 0
github.com/rcarmo/rdp-html5/internal/rdp/nla.go:230.3,230.33 1 0
github.com/rcarmo/rdp-html5/internal/rdp/nla.go:230.33,232.4 1 0
github.com/rcarmo/rdp-html5/internal/rdp/nla.go:235.2,237.46 2 0
github.com/rcarmo/rdp-html5/internal/rdp/nla.go:237.46,240.3 2 0
github.com/rcarmo/rdp-html5/internal/rdp/nla.go:242.2,242.44 1 0
github.com/rcarmo/rdp-html5/internal/rdp/nla.go:242.44,243.92 1 0
github.com/rcarmo/rdp-html5/internal/rdp/nla.go:243.92,245.4 1 0
github.com/rcarmo/rdp-html5/internal/rdp/nla.go:246.3,246.53 1 0
github.com/rcarmo/rdp-html5/internal/rdp/nla.go:249.2,249.46 1 0
github.com/rcarmo/rdp-html5/internal/rdp/nla.go:249.46,252.3 2 0
github.com/rcarmo/rdp-html5/internal/rdp/nla.go:254.2,257.12 3 0
github.com/rcarmo/rdp-html5/internal/rdp/nla.go:264.52,266.9 2 0
github.com/rcarmo/rdp-html5/internal/rdp/nla.go:266.9,268.3 1 0
github.com/rcarmo/rdp-html5/internal/rdp/nla.go:270.2,271.38 2 0
github.com/rcarmo/rdp-html5/internal/rdp/nla.go:271.38,273.3 1 0
github.com/rcarmo/rdp-html5/internal/rdp/nla.go:275.2,284.19 3 0
github.com/rcarmo/rdp-html5/internal/rdp/nla.go:284.19,286.3 1 0
github.com/rcarmo/rdp-html5/internal/rdp/nla.go:289.2,289.21 1 0
github.com/rcarmo/rdp-html5/internal/rdp/nla.go:289.21,291.3 1 0
github.com/rcarmo/rdp-html5/internal/rdp/nla.go:294.2,297.46 4 0
github.com/rcarmo/rdp-html5/internal/rdp/nla.go:297.46,299.3 1 0
github.com/rcarmo/rdp-html5/internal/rdp/nla.go:302.2,302.26 1 0
github.com/rcarmo/rdp-html5/internal/rdp/nla.go:302.26,304.3 1 0
github.com/rcarmo/rdp-html5/internal/rdp/nla.go:305.2,309.49 3 0
github.com/rcarmo/rdp-html5/internal/rdp/nla.go:309.49,311.3 1 0
github.com/rcarmo/rdp-html5/internal/rdp/nla.go:312.2,317.34 4 0
github.com/rcarmo/rdp-html5/internal/rdp/nla.go:317.34,319.3 1 0
github.com/rcarmo/rdp-html5/internal/rdp/nla.go:323.2,323.19 1 0
github.com/rcarmo/rdp-html5/internal/rdp/nla.go:323.19,325.3 1 0
github.com/rcarmo/rdp-html5/internal/rdp/nla.go:326.2,330.45 3 0
github.com/rcarmo/rdp-html5/internal/rdp/nla.go:335.46,336.20 1 1
github.com/rcarmo/rdp-html5/internal/rdp/nla.go:336.20,338.3 1 1
github.com/rcarmo/rdp-html5/internal/rdp/nla.go:339.2,339.19 1 1
github.com/rcarmo/rdp-html5/internal/rdp/nla.go:339.19,341.3 1 1
github.com/rcarmo/rdp-html5/internal/rdp/nla.go:342.2,343.60 2 1
github.com/rcarmo/rdp-html5/internal/rdp/nla.go:343.60,345.3 1 1
github.com/rcarmo/rdp-html5/internal/rdp/nla.go:346.2,347.32 2 1
github.com/rcarmo/rdp-html5/internal/rdp/nla.go:347.32,349.3 1 1
github.com/rcarmo/rdp-html5/internal/rdp/nla.go:350.2,350.29 1 1
github.com/rcarmo/rdp-html5/internal/rdp/nla.go:354.58,358.53 2 1
github.com/rcarmo/rdp-html5/internal/rdp/nla.go:358.53,360.3 1 1
github.com/rcarmo/rdp-html5/internal/rdp/nla.go:363.2,363.52 1 1
github.com/rcarmo/rdp-html5/internal/rdp/nla.go:363.52,365.3 1 1
github.com/rcarmo/rdp-html5/internal/rdp/nla.go:368.2,368.27 1 1
github.com/rcarmo/rdp-html5/internal/rdp/rail.go:23.51,24.24 1 1
github.com/rcarmo/rdp-html5/internal/rdp/rail.go:24.24,26.3 1 1
github.com/rcarmo/rdp-html5/internal/rdp/rail.go:28.2,33.47 2 1
github.com/rcarmo/rdp-html5/internal/rdp/rail.go:33.47,35.3 1 1
github.com/rcarmo/rdp-html5/internal/rdp/rail.go:37.2,37.49 1 1
github.com/rcarmo/rdp-html5/internal/rdp/rail.go:37.49,39.3 1 1
github.com/rcarmo/rdp-html5/internal/rdp/rail.go:41.2,41.21 1 1
github.com/rcarmo/rdp-html5/internal/rdp/rail.go:42.29,43.33 1 0
github.com/rcarmo/rdp-html5/internal/rdp/rail.go:44.27,45.46 1 1
github.com/rcarmo/rdp-html5/internal/rdp/rail.go:48.2,48.12 1 1
github.com/rcarmo/rdp-html5/internal/rdp/rail.go:144.40,147.30 2 1
github.com/rcarmo/rdp-html5/internal/rdp/rail.go:148.26,149.42 1 1
github.com/rcarmo/rdp-html5/internal/rdp/rail.go:150.21,151.46 1 1
github.com/rcarmo/rdp-html5/internal/rdp/rail.go:152.25,153.56 1 1
github.com/rcarmo/rdp-html5/internal/rdp/rail.go:156.2,164.20 6 1
github.com/rcarmo/rdp-html5/internal/rdp/rail.go:167.55,171.16 3 1
github.com/rcarmo/rdp-html5/internal/rdp/rail.go:171.16,173.3 1 1
github.com/rcarmo/rdp-html5/internal/rdp/rail.go:175.2,176.16 2 1
github.com/rcarmo/rdp-html5/internal/rdp/rail.go:176.16,178.3 1 1
github.com/rcarmo/rdp-html5/internal/rdp/rail.go:180.2,180.30 1 1
github.com/rcarmo/rdp-html5/internal/rdp/rail.go:181.26,184.48 2 1
github.com/rcarmo/rdp-html5/internal/rdp/rail.go:185.25,188.55 2 1
github.com/rcarmo/rdp-html5/internal/rdp/rail.go:189.27,192.49 2 1
github.com/rcarmo/rdp-html5/internal/rdp/rail.go:195.2,195.12 1 1
github.com/rcarmo/rdp-html5/internal/rdp/rail.go:203.44,210.2 4 1
github.com/rcarmo/rdp-html5/internal/rdp/rail.go:212.59,217.16 4 1
github.com/rcarmo/rdp-html5/internal/rdp/rail.go:217.16,219.3 1 1
github.com/rcarmo/rdp-html5/internal/rdp/rail.go:220.2,223.16 3 1
github.com/rcarmo/rdp-html5/internal/rdp/rail.go:223.16,225.3 1 1
github.com/rcarmo/rdp-html5/internal/rdp/rail.go:227.2,227.12 1 1
github.com/rcarmo/rdp-html5/internal/rdp/rail.go:234.37,246.2 1 1
github.com/rcarmo/rdp-html5/internal/rdp/rail.go:248.49,254.2 3 1
github.com/rcarmo/rdp-html5/internal/rdp/rail.go:256.64,258.16 2 1
github.com/rcarmo/rdp-html5/internal/rdp/rail.go:258.16,260.3 1 1
github.com/rcarmo/rdp-html5/internal/rdp/rail.go:262.2,262.12 1 1
github.com/rcarmo/rdp-html5/internal/rdp/rail.go:269.38,281.2 1 1
github.com/rcarmo/rdp-html5/internal/rdp/rail.go:283.50,289.2 3 1
github.com/rcarmo/rdp-html5/internal/rdp/rail.go:296.81,309.2 1 1
github.com/rcarmo/rdp-html5/internal/rdp/rail.go:311.63,318.2 4 1
github.com/rcarmo/rdp-html5/internal/rdp/rail.go:320.48,327.16 4 0
github.com/rcarmo/rdp-html5/internal/rdp/rail.go:327.16,329.3 1 0
github.com/rcarmo/rdp-html5/internal/rdp/rail.go:331.2,333.16 3 0
github.com/rcarmo/rdp-html5/internal/rdp/rail.go:333.16,335.3 1 0
github.com/rcarmo/rdp-html5/internal/rdp/rail.go:337.2,339.31 2 0
github.com/rcarmo/rdp-html5/internal/rdp/rail.go:347.71,351.16 3 1
github.com/rcarmo/rdp-html5/internal/rdp/rail.go:351.16,353.3 1 1
github.com/rcarmo/rdp-html5/internal/rdp/rail.go:355.2,356.16 2 1
github.com/rcarmo/rdp-html5/internal/rdp/rail.go:356.16,358.3 1 1
github.com/rcarmo/rdp-html5/internal/rdp/rail.go:360.2,360.12 1 1
github.com/rcarmo/rdp-html5/internal/rdp/rail.go:370.66,384.2 1 1
github.com/rcarmo/rdp-html5/internal/rdp/rail.go:386.53,407.2 15 1
github.com/rcarmo/rdp-html5/internal/rdp/rail.go:409.45,415.2 3 0
github.com/rcarmo/rdp-html5/internal/rdp/rail.go:424.65,428.16 3 1
github.com/rcarmo/rdp-html5/internal/rdp/rail.go:428.16,430.3 1 1
github.com/rcarmo/rdp-html5/internal/rdp/rail.go:432.2,433.16 2 1
github.com/rcarmo/rdp-html5/internal/rdp/rail.go:433.16,435.3 1 1
github.com/rcarmo/rdp-html5/internal/rdp/rail.go:437.2,438.16 2 1
github.com/rcarmo/rdp-html5/internal/rdp/rail.go:438.16,440.3 1 0
github.com/rcarmo/rdp-html5/internal/rdp/rail.go:442.2,444.16 3 1
github.com/rcarmo/rdp-html5/internal/rdp/rail.go:444.16,446.3 1 0
github.com/rcarmo/rdp-html5/internal/rdp/rail.go:448.2,450.16 3 1
github.com/rcarmo/rdp-html5/internal/rdp/rail.go:450.16,452.3 1 0
github.com/rcarmo/rdp-html5/internal/rdp/rail.go:454.2,456.16 3 1
github.com/rcarmo/rdp-html5/internal/rdp/rail.go:456.16,458.3 1 0
github.com/rcarmo/rdp-html5/internal/rdp/rail.go:459.2,461.12 2 1
github.com/rcarmo/rdp-html5/internal/rdp/rail.go:464.61,470.2 2 1
github.com/rcarmo/rdp-html5/internal/rdp/read.go:3.46,5.2 1 1
github.com/rcarmo/rdp-html5/internal/rdp/refresh_rect.go:10.42,42.2 12 1
github.com/rcarmo/rdp-html5/internal/rdp/refresh_rect.go:45.89,67.2 11 1
github.com/rcarmo/rdp-html5/internal/rdp/refresh_rect.go:70.84,85.2 8 1
github.com/rcarmo/rdp-html5/internal/rdp/remote_app.go:3.61,11.2 3 1
github.com/rcarmo/rdp-html5/internal/rdp/send_input_event.go:5.52,7.2 1 1
github.com/rcarmo/rdp-html5/internal/rdp/tls.go:14.35,22.16 5 0
github.com/rcarmo/rdp-html5/internal/rdp/tls.go:22.16,25.17 3 0
github.com/rcarmo/rdp-html5/internal/rdp/tls.go:25.17,27.4 1 0
github.com/rcarmo/rdp-html5/internal/rdp/tls.go:30.2,30.16 1 0
github.com/rcarmo/rdp-html5/internal/rdp/tls.go:30.16,31.26 1 0
github.com/rcarmo/rdp-html5/internal/rdp/tls.go:31.26,33.4 1 0
github.com/rcarmo/rdp-html5/internal/rdp/tls.go:34.3,34.23 1 0
github.com/rcarmo/rdp-html5/internal/rdp/tls.go:34.23,36.4 1 0
github.com/rcarmo/rdp-html5/internal/rdp/tls.go:37.3,37.39 1 0
github.com/rcarmo/rdp-html5/internal/rdp/tls.go:37.39,39.4 1 0
github.com/rcarmo/rdp-html5/internal/rdp/tls.go:42.2,42.22 1 0
github.com/rcarmo/rdp-html5/internal/rdp/tls.go:42.22,44.3 1 0
github.com/rcarmo/rdp-html5/internal/rdp/tls.go:47.2,47.24 1 0
github.com/rcarmo/rdp-html5/internal/rdp/tls.go:47.24,49.3 1 0
github.com/rcarmo/rdp-html5/internal/rdp/tls.go:52.2,61.64 2 0
github.com/rcarmo/rdp-html5/internal/rdp/tls.go:61.64,63.20 1 0
github.com/rcarmo/rdp-html5/internal/rdp/tls.go:63.20,66.32 3 0
github.com/rcarmo/rdp-html5/internal/rdp/tls.go:66.32,68.5 1 0
github.com/rcarmo/rdp-html5/internal/rdp/tls.go:71.3,71.33 1 0
github.com/rcarmo/rdp-html5/internal/rdp/tls.go:71.33,73.4 1 0
github.com/rcarmo/rdp-html5/internal/rdp/tls.go:77.2,77.24 1 0
github.com/rcarmo/rdp-html5/internal/rdp/tls.go:77.24,82.3 2 0
github.com/rcarmo/rdp-html5/internal/rdp/tls.go:82.8,93.3 1 0
github.com/rcarmo/rdp-html5/internal/rdp/tls.go:95.2,98.46 2 0
github.com/rcarmo/rdp-html5/internal/rdp/tls.go:98.46,101.3 2 0
github.com/rcarmo/rdp-html5/internal/rdp/tls.go:103.2,103.44 1 0
github.com/rcarmo/rdp-html5/internal/rdp/tls.go:103.44,105.25 1 0
github.com/rcarmo/rdp-html5/internal/rdp/tls.go:105.25,107.4 1 0
github.com/rcarmo/rdp-html5/internal/rdp/tls.go:110.3,110.92 1 0
github.com/rcarmo/rdp-html5/internal/rdp/tls.go:110.92,112.4 1 0
github.com/rcarmo/rdp-html5/internal/rdp/tls.go:115.3,115.79 1 0
github.com/rcarmo/rdp-html5/internal/rdp/tls.go:115.79,117.4 1 0
github.com/rcarmo/rdp-html5/internal/rdp/tls.go:119.3,119.53 1 0
github.com/rcarmo/rdp-html5/internal/rdp/tls.go:123.2,123.46 1 0
github.com/rcarmo/rdp-html5/internal/rdp/tls.go:123.46,126.3 2 0
github.com/rcarmo/rdp-html5/internal/rdp/tls.go:128.2,131.12 3 0
github.com/rcarmo/rdp-html5/internal/rdp/tls.go:134.41,135.19 1 1
github.com/rcarmo/rdp-html5/internal/rdp/tls.go:135.19,137.3 1 1
github.com/rcarmo/rdp-html5/internal/rdp/tls.go:139.2,140.22 2 1
github.com/rcarmo/rdp-html5/internal/rdp/tls.go:140.22,142.3 1 1
github.com/rcarmo/rdp-html5/internal/rdp/tls.go:144.2,145.16 2 1
github.com/rcarmo/rdp-html5/internal/rdp/tls.go:145.16,148.21 2 1
github.com/rcarmo/rdp-html5/internal/rdp/tls.go:148.21,150.4 1 1
github.com/rcarmo/rdp-html5/internal/rdp/tls.go:150.9,152.4 1 0
github.com/rcarmo/rdp-html5/internal/rdp/tls.go:156.2,157.16 2 1
github.com/rcarmo/rdp-html5/internal/rdp/tls.go:157.16,159.3 1 0
github.com/rcarmo/rdp-html5/internal/rdp/tls.go:163.2,163.30 1 1
github.com/rcarmo/rdp-html5/internal/rdp/tls.go:163.30,165.3 1 1
github.com/rcarmo/rdp-html5/internal/rdp/tls.go:168.2,168.21 1 1
github.com/rcarmo/rdp-html5/internal/rdp/tls.go:168.21,170.3 1 1
github.com/rcarmo/rdp-html5/internal/rdp/tls.go:172.2,172.13 1 1
github.com/rcarmo/rdp-html5/internal/rdp/tls.go:175.58,176.17 1 1
github.com/rcarmo/rdp-html5/internal/rdp/tls.go:177.13,178.26 1 1
github.com/rcarmo/rdp-html5/internal/rdp/tls.go:179.13,180.26 1 1
github.com/rcarmo/rdp-html5/internal/rdp/tls.go:181.13,182.26 1 1
github.com/rcarmo/rdp-html5/internal/rdp/tls.go:183.13,184.26 1 1
github.com/rcarmo/rdp-html5/internal/rdp/tls.go:185.10,186.26 1 1
github.com/rcarmo/rdp-html5/internal/rdp/types.go:9.41,11.2 1 1
github.com/rcarmo/rdp-html5/internal/rdp/types.go:13.37,15.2 1 1
github.com/rcarmo/rdp-html5/internal/rdp/types.go:17.69,19.16 2 1
github.com/rcarmo/rdp-html5/internal/rdp/types.go:19.16,21.3 1 1
github.com/rcarmo/rdp-html5/internal/rdp/types.go:23.2,24.16 2 1
github.com/rcarmo/rdp-html5/internal/rdp/types.go:24.16,26.3 1 0
github.com/rcarmo/rdp-html5/internal/rdp/types.go:28.2,28.34 1 1
github.com/rcarmo/rdp-html5/internal/rdp/virtual_channels.go:45.47,52.2 4 1
github.com/rcarmo/rdp-html5/internal/rdp/virtual_channels.go:54.62,61.16 3 1
github.com/rcarmo/rdp-html5/internal/rdp/virtual_channels.go:61.16,63.3 1 1
github.com/rcarmo/rdp-html5/internal/rdp/virtual_channels.go:65.2,66.16 2 1
github.com/rcarmo/rdp-html5/internal/rdp/virtual_channels.go:66.16,68.3 1 1
github.com/rcarmo/rdp-html5/internal/rdp/virtual_channels.go:70.2,70.12 1 1
github.com/rcarmo/rdp-html5/internal/rdp/write.go:3.47,5.2 1 1
