mode: atomic
github.com/kulaginds/rdp-html5/internal/pkg/rdp/fastpath/protocol.go:13.40,19.2 1 0
github.com/kulaginds/rdp-html5/internal/pkg/rdp/fastpath/receive.go:54.52,59.16 4 0
github.com/kulaginds/rdp-html5/internal/pkg/rdp/fastpath/receive.go:59.16,61.3 1 0
github.com/kulaginds/rdp-html5/internal/pkg/rdp/fastpath/receive.go:63.2,67.54 4 0
github.com/kulaginds/rdp-html5/internal/pkg/rdp/fastpath/receive.go:67.54,69.17 2 0
github.com/kulaginds/rdp-html5/internal/pkg/rdp/fastpath/receive.go:69.17,71.4 1 0
github.com/kulaginds/rdp-html5/internal/pkg/rdp/fastpath/receive.go:74.2,75.16 2 0
github.com/kulaginds/rdp-html5/internal/pkg/rdp/fastpath/receive.go:75.16,77.3 1 0
github.com/kulaginds/rdp-html5/internal/pkg/rdp/fastpath/receive.go:101.2,103.16 3 0
github.com/kulaginds/rdp-html5/internal/pkg/rdp/fastpath/receive.go:103.16,105.3 1 0
github.com/kulaginds/rdp-html5/internal/pkg/rdp/fastpath/receive.go:107.2,107.12 1 0
github.com/kulaginds/rdp-html5/internal/pkg/rdp/fastpath/receive.go:133.57,135.16 2 0
github.com/kulaginds/rdp-html5/internal/pkg/rdp/fastpath/receive.go:135.16,137.3 1 0
github.com/kulaginds/rdp-html5/internal/pkg/rdp/fastpath/receive.go:139.2,142.39 3 0
github.com/kulaginds/rdp-html5/internal/pkg/rdp/fastpath/receive.go:142.39,144.3 1 0
github.com/kulaginds/rdp-html5/internal/pkg/rdp/fastpath/receive.go:146.2,146.74 1 0
github.com/kulaginds/rdp-html5/internal/pkg/rdp/fastpath/receive.go:146.74,148.3 1 0
github.com/kulaginds/rdp-html5/internal/pkg/rdp/fastpath/receive.go:150.2,150.64 1 0
github.com/kulaginds/rdp-html5/internal/pkg/rdp/fastpath/receive.go:150.64,152.3 1 0
github.com/kulaginds/rdp-html5/internal/pkg/rdp/fastpath/receive.go:154.2,160.16 3 0
github.com/kulaginds/rdp-html5/internal/pkg/rdp/fastpath/receive.go:160.16,162.3 1 0
github.com/kulaginds/rdp-html5/internal/pkg/rdp/fastpath/receive.go:164.2,166.26 2 0
github.com/kulaginds/rdp-html5/internal/pkg/rdp/fastpath/receive.go:166.26,168.17 2 0
github.com/kulaginds/rdp-html5/internal/pkg/rdp/fastpath/receive.go:168.17,170.4 1 0
github.com/kulaginds/rdp-html5/internal/pkg/rdp/fastpath/receive.go:172.3,174.61 2 0
github.com/kulaginds/rdp-html5/internal/pkg/rdp/fastpath/receive.go:177.2,177.21 1 0
github.com/kulaginds/rdp-html5/internal/pkg/rdp/fastpath/receive.go:177.21,179.3 1 0
github.com/kulaginds/rdp-html5/internal/pkg/rdp/fastpath/receive.go:181.2,181.24 1 0
github.com/kulaginds/rdp-html5/internal/pkg/rdp/fastpath/receive.go:181.24,183.3 1 0
github.com/kulaginds/rdp-html5/internal/pkg/rdp/fastpath/receive.go:183.8,185.3 1 0
github.com/kulaginds/rdp-html5/internal/pkg/rdp/fastpath/receive.go:187.2,188.16 2 0
github.com/kulaginds/rdp-html5/internal/pkg/rdp/fastpath/receive.go:188.16,190.3 1 0
github.com/kulaginds/rdp-html5/internal/pkg/rdp/fastpath/receive.go:192.2,192.12 1 0
github.com/kulaginds/rdp-html5/internal/pkg/rdp/fastpath/receive.go:195.50,198.48 3 0
github.com/kulaginds/rdp-html5/internal/pkg/rdp/fastpath/receive.go:198.48,200.3 1 0
github.com/kulaginds/rdp-html5/internal/pkg/rdp/fastpath/receive.go:202.2,202.18 1 0
github.com/kulaginds/rdp-html5/internal/pkg/rdp/fastpath/send.go:16.56,21.2 1 1
github.com/kulaginds/rdp-html5/internal/pkg/rdp/fastpath/send.go:23.46,34.2 7 1
github.com/kulaginds/rdp-html5/internal/pkg/rdp/fastpath/send.go:36.73,37.18 1 1
github.com/kulaginds/rdp-html5/internal/pkg/rdp/fastpath/send.go:37.18,41.3 2 0
github.com/kulaginds/rdp-html5/internal/pkg/rdp/fastpath/send.go:43.2,44.57 2 1
github.com/kulaginds/rdp-html5/internal/pkg/rdp/fastpath/send.go:44.57,46.3 1 0
github.com/kulaginds/rdp-html5/internal/pkg/rdp/fastpath/send.go:48.2,48.12 1 1
github.com/kulaginds/rdp-html5/internal/pkg/rdp/fastpath/send.go:51.51,55.16 3 0
github.com/kulaginds/rdp-html5/internal/pkg/rdp/fastpath/send.go:55.16,57.3 1 0
github.com/kulaginds/rdp-html5/internal/pkg/rdp/fastpath/send.go:59.2,59.12 1 0
github.com/kulaginds/rdp-html5/internal/pkg/rdp/fastpath/update_events.go:14.58,18.16 3 0
github.com/kulaginds/rdp-html5/internal/pkg/rdp/fastpath/update_events.go:18.16,20.3 1 0
github.com/kulaginds/rdp-html5/internal/pkg/rdp/fastpath/update_events.go:22.2,23.16 2 0
github.com/kulaginds/rdp-html5/internal/pkg/rdp/fastpath/update_events.go:23.16,25.3 1 0
github.com/kulaginds/rdp-html5/internal/pkg/rdp/fastpath/update_events.go:27.2,28.16 2 0
github.com/kulaginds/rdp-html5/internal/pkg/rdp/fastpath/update_events.go:28.16,30.3 1 0
github.com/kulaginds/rdp-html5/internal/pkg/rdp/fastpath/update_events.go:32.2,32.12 1 0
github.com/kulaginds/rdp-html5/internal/pkg/rdp/fastpath/update_events.go:39.63,44.16 4 0
github.com/kulaginds/rdp-html5/internal/pkg/rdp/fastpath/update_events.go:44.16,46.3 1 0
github.com/kulaginds/rdp-html5/internal/pkg/rdp/fastpath/update_events.go:48.2,50.16 3 0
github.com/kulaginds/rdp-html5/internal/pkg/rdp/fastpath/update_events.go:50.16,52.3 1 0
github.com/kulaginds/rdp-html5/internal/pkg/rdp/fastpath/update_events.go:54.2,56.16 3 0
github.com/kulaginds/rdp-html5/internal/pkg/rdp/fastpath/update_events.go:56.16,58.3 1 0
github.com/kulaginds/rdp-html5/internal/pkg/rdp/fastpath/update_events.go:60.2,62.45 2 0
github.com/kulaginds/rdp-html5/internal/pkg/rdp/fastpath/update_events.go:62.45,64.17 2 0
github.com/kulaginds/rdp-html5/internal/pkg/rdp/fastpath/update_events.go:64.17,66.4 1 0
github.com/kulaginds/rdp-html5/internal/pkg/rdp/fastpath/update_events.go:69.2,69.12 1 0
github.com/kulaginds/rdp-html5/internal/pkg/rdp/fastpath/update_events.go:78.66,83.16 4 0
github.com/kulaginds/rdp-html5/internal/pkg/rdp/fastpath/update_events.go:83.16,85.3 1 0
github.com/kulaginds/rdp-html5/internal/pkg/rdp/fastpath/update_events.go:87.2,88.16 2 0
github.com/kulaginds/rdp-html5/internal/pkg/rdp/fastpath/update_events.go:88.16,90.3 1 0
github.com/kulaginds/rdp-html5/internal/pkg/rdp/fastpath/update_events.go:92.2,93.16 2 0
github.com/kulaginds/rdp-html5/internal/pkg/rdp/fastpath/update_events.go:93.16,95.3 1 0
github.com/kulaginds/rdp-html5/internal/pkg/rdp/fastpath/update_events.go:97.2,98.16 2 0
github.com/kulaginds/rdp-html5/internal/pkg/rdp/fastpath/update_events.go:98.16,100.3 1 0
github.com/kulaginds/rdp-html5/internal/pkg/rdp/fastpath/update_events.go:102.2,102.12 1 0
github.com/kulaginds/rdp-html5/internal/pkg/rdp/fastpath/update_events.go:129.56,133.16 3 0
github.com/kulaginds/rdp-html5/internal/pkg/rdp/fastpath/update_events.go:133.16,135.3 1 0
github.com/kulaginds/rdp-html5/internal/pkg/rdp/fastpath/update_events.go:137.2,138.16 2 0
github.com/kulaginds/rdp-html5/internal/pkg/rdp/fastpath/update_events.go:138.16,140.3 1 0
github.com/kulaginds/rdp-html5/internal/pkg/rdp/fastpath/update_events.go:142.2,143.16 2 0
github.com/kulaginds/rdp-html5/internal/pkg/rdp/fastpath/update_events.go:143.16,145.3 1 0
github.com/kulaginds/rdp-html5/internal/pkg/rdp/fastpath/update_events.go:147.2,148.16 2 0
github.com/kulaginds/rdp-html5/internal/pkg/rdp/fastpath/update_events.go:148.16,150.3 1 0
github.com/kulaginds/rdp-html5/internal/pkg/rdp/fastpath/update_events.go:152.2,153.16 2 0
github.com/kulaginds/rdp-html5/internal/pkg/rdp/fastpath/update_events.go:153.16,155.3 1 0
github.com/kulaginds/rdp-html5/internal/pkg/rdp/fastpath/update_events.go:157.2,158.16 2 0
github.com/kulaginds/rdp-html5/internal/pkg/rdp/fastpath/update_events.go:158.16,160.3 1 0
github.com/kulaginds/rdp-html5/internal/pkg/rdp/fastpath/update_events.go:162.2,163.16 2 0
github.com/kulaginds/rdp-html5/internal/pkg/rdp/fastpath/update_events.go:163.16,165.3 1 0
github.com/kulaginds/rdp-html5/internal/pkg/rdp/fastpath/update_events.go:167.2,168.16 2 0
github.com/kulaginds/rdp-html5/internal/pkg/rdp/fastpath/update_events.go:168.16,170.3 1 0
github.com/kulaginds/rdp-html5/internal/pkg/rdp/fastpath/update_events.go:172.2,173.16 2 0
github.com/kulaginds/rdp-html5/internal/pkg/rdp/fastpath/update_events.go:173.16,175.3 1 0
github.com/kulaginds/rdp-html5/internal/pkg/rdp/fastpath/update_events.go:177.2,177.122 1 0
github.com/kulaginds/rdp-html5/internal/pkg/rdp/fastpath/update_events.go:177.122,179.17 2 0
github.com/kulaginds/rdp-html5/internal/pkg/rdp/fastpath/update_events.go:179.17,181.4 1 0
github.com/kulaginds/rdp-html5/internal/pkg/rdp/fastpath/update_events.go:183.3,183.22 1 0
github.com/kulaginds/rdp-html5/internal/pkg/rdp/fastpath/update_events.go:186.2,189.16 3 0
github.com/kulaginds/rdp-html5/internal/pkg/rdp/fastpath/update_events.go:189.16,191.3 1 0
github.com/kulaginds/rdp-html5/internal/pkg/rdp/fastpath/update_events.go:193.2,193.12 1 0
github.com/kulaginds/rdp-html5/internal/pkg/rdp/fastpath/update_events.go:200.62,205.16 4 0
github.com/kulaginds/rdp-html5/internal/pkg/rdp/fastpath/update_events.go:205.16,207.3 1 0
github.com/kulaginds/rdp-html5/internal/pkg/rdp/fastpath/update_events.go:209.2,211.16 3 0
github.com/kulaginds/rdp-html5/internal/pkg/rdp/fastpath/update_events.go:211.16,213.3 1 0
github.com/kulaginds/rdp-html5/internal/pkg/rdp/fastpath/update_events.go:215.2,217.30 2 0
github.com/kulaginds/rdp-html5/internal/pkg/rdp/fastpath/update_events.go:217.30,219.17 2 0
github.com/kulaginds/rdp-html5/internal/pkg/rdp/fastpath/update_events.go:219.17,221.4 1 0
github.com/kulaginds/rdp-html5/internal/pkg/rdp/fastpath/update_events.go:224.2,224.12 1 0
github.com/kulaginds/rdp-html5/internal/pkg/rdp/fastpath/update_events.go:232.71,236.16 3 0
github.com/kulaginds/rdp-html5/internal/pkg/rdp/fastpath/update_events.go:236.16,238.3 1 0
github.com/kulaginds/rdp-html5/internal/pkg/rdp/fastpath/update_events.go:240.2,241.16 2 0
github.com/kulaginds/rdp-html5/internal/pkg/rdp/fastpath/update_events.go:241.16,243.3 1 0
github.com/kulaginds/rdp-html5/internal/pkg/rdp/fastpath/update_events.go:245.2,245.12 1 0
github.com/kulaginds/rdp-html5/internal/pkg/rdp/fastpath/update_events.go:260.68,264.16 3 0
github.com/kulaginds/rdp-html5/internal/pkg/rdp/fastpath/update_events.go:264.16,266.3 1 0
github.com/kulaginds/rdp-html5/internal/pkg/rdp/fastpath/update_events.go:268.2,269.16 2 0
github.com/kulaginds/rdp-html5/internal/pkg/rdp/fastpath/update_events.go:269.16,271.3 1 0
github.com/kulaginds/rdp-html5/internal/pkg/rdp/fastpath/update_events.go:273.2,274.16 2 0
github.com/kulaginds/rdp-html5/internal/pkg/rdp/fastpath/update_events.go:274.16,276.3 1 0
github.com/kulaginds/rdp-html5/internal/pkg/rdp/fastpath/update_events.go:278.2,279.16 2 0
github.com/kulaginds/rdp-html5/internal/pkg/rdp/fastpath/update_events.go:279.16,281.3 1 0
github.com/kulaginds/rdp-html5/internal/pkg/rdp/fastpath/update_events.go:283.2,284.16 2 0
github.com/kulaginds/rdp-html5/internal/pkg/rdp/fastpath/update_events.go:284.16,286.3 1 0
github.com/kulaginds/rdp-html5/internal/pkg/rdp/fastpath/update_events.go:288.2,289.16 2 0
github.com/kulaginds/rdp-html5/internal/pkg/rdp/fastpath/update_events.go:289.16,291.3 1 0
github.com/kulaginds/rdp-html5/internal/pkg/rdp/fastpath/update_events.go:293.2,294.16 2 0
github.com/kulaginds/rdp-html5/internal/pkg/rdp/fastpath/update_events.go:294.16,296.3 1 0
github.com/kulaginds/rdp-html5/internal/pkg/rdp/fastpath/update_events.go:298.2,298.25 1 0
github.com/kulaginds/rdp-html5/internal/pkg/rdp/fastpath/update_events.go:298.25,301.17 3 0
github.com/kulaginds/rdp-html5/internal/pkg/rdp/fastpath/update_events.go:301.17,303.4 1 0
github.com/kulaginds/rdp-html5/internal/pkg/rdp/fastpath/update_events.go:306.2,306.25 1 0
github.com/kulaginds/rdp-html5/internal/pkg/rdp/fastpath/update_events.go:306.25,309.17 3 0
github.com/kulaginds/rdp-html5/internal/pkg/rdp/fastpath/update_events.go:309.17,311.4 1 0
github.com/kulaginds/rdp-html5/internal/pkg/rdp/fastpath/update_events.go:314.2,316.57 2 0
github.com/kulaginds/rdp-html5/internal/pkg/rdp/rle/decompressor16.go:14.95,20.2 1 0
github.com/kulaginds/rdp-html5/internal/pkg/rdp/rle/decompressor16.go:22.44,26.2 1 0
github.com/kulaginds/rdp-html5/internal/pkg/rdp/rle/rle.go:3.77,7.2 2 0
github.com/kulaginds/rdp-html5/internal/pkg/rdp/x224/connect.go:21.50,37.2 10 1
github.com/kulaginds/rdp-html5/internal/pkg/rdp/x224/connect.go:47.65,55.16 3 1
github.com/kulaginds/rdp-html5/internal/pkg/rdp/x224/connect.go:55.16,57.3 1 0
github.com/kulaginds/rdp-html5/internal/pkg/rdp/x224/connect.go:59.2,59.25 1 1
github.com/kulaginds/rdp-html5/internal/pkg/rdp/x224/connect.go:59.25,61.3 1 0
github.com/kulaginds/rdp-html5/internal/pkg/rdp/x224/connect.go:63.2,64.16 2 1
github.com/kulaginds/rdp-html5/internal/pkg/rdp/x224/connect.go:64.16,66.3 1 0
github.com/kulaginds/rdp-html5/internal/pkg/rdp/x224/connect.go:68.2,68.28 1 1
github.com/kulaginds/rdp-html5/internal/pkg/rdp/x224/connect.go:68.28,70.3 1 0
github.com/kulaginds/rdp-html5/internal/pkg/rdp/x224/connect.go:72.2,73.16 2 1
github.com/kulaginds/rdp-html5/internal/pkg/rdp/x224/connect.go:73.16,75.3 1 0
github.com/kulaginds/rdp-html5/internal/pkg/rdp/x224/connect.go:77.2,78.16 2 1
github.com/kulaginds/rdp-html5/internal/pkg/rdp/x224/connect.go:78.16,80.3 1 0
github.com/kulaginds/rdp-html5/internal/pkg/rdp/x224/connect.go:82.2,83.16 2 1
github.com/kulaginds/rdp-html5/internal/pkg/rdp/x224/connect.go:83.16,85.3 1 0
github.com/kulaginds/rdp-html5/internal/pkg/rdp/x224/connect.go:87.2,87.12 1 1
github.com/kulaginds/rdp-html5/internal/pkg/rdp/x224/connect.go:90.64,107.56 4 0
github.com/kulaginds/rdp-html5/internal/pkg/rdp/x224/connect.go:107.56,109.3 1 0
github.com/kulaginds/rdp-html5/internal/pkg/rdp/x224/connect.go:111.2,114.16 3 0
github.com/kulaginds/rdp-html5/internal/pkg/rdp/x224/connect.go:114.16,116.3 1 0
github.com/kulaginds/rdp-html5/internal/pkg/rdp/x224/connect.go:118.2,119.46 2 0
github.com/kulaginds/rdp-html5/internal/pkg/rdp/x224/connect.go:119.46,121.3 1 0
github.com/kulaginds/rdp-html5/internal/pkg/rdp/x224/connect.go:123.2,123.18 1 0
github.com/kulaginds/rdp-html5/internal/pkg/rdp/x224/protocol.go:9.45,13.2 1 0
github.com/kulaginds/rdp-html5/internal/pkg/rdp/x224/receive.go:7.49,9.16 2 0
github.com/kulaginds/rdp-html5/internal/pkg/rdp/x224/receive.go:9.16,11.3 1 0
github.com/kulaginds/rdp-html5/internal/pkg/rdp/x224/receive.go:13.2,15.46 2 0
github.com/kulaginds/rdp-html5/internal/pkg/rdp/x224/receive.go:15.46,17.3 1 0
github.com/kulaginds/rdp-html5/internal/pkg/rdp/x224/receive.go:19.2,19.18 1 0
github.com/kulaginds/rdp-html5/internal/pkg/rdp/x224/send.go:16.37,26.2 6 0
github.com/kulaginds/rdp-html5/internal/pkg/rdp/x224/send.go:28.52,30.16 2 0
github.com/kulaginds/rdp-html5/internal/pkg/rdp/x224/send.go:30.16,32.3 1 0
github.com/kulaginds/rdp-html5/internal/pkg/rdp/x224/send.go:34.2,34.32 1 0
github.com/kulaginds/rdp-html5/internal/pkg/rdp/x224/send.go:34.32,36.3 1 0
github.com/kulaginds/rdp-html5/internal/pkg/rdp/x224/send.go:38.2,39.16 2 0
github.com/kulaginds/rdp-html5/internal/pkg/rdp/x224/send.go:39.16,41.3 1 0
github.com/kulaginds/rdp-html5/internal/pkg/rdp/x224/send.go:43.2,44.16 2 0
github.com/kulaginds/rdp-html5/internal/pkg/rdp/x224/send.go:44.16,46.3 1 0
github.com/kulaginds/rdp-html5/internal/pkg/rdp/x224/send.go:48.2,48.12 1 0
github.com/kulaginds/rdp-html5/internal/pkg/rdp/x224/send.go:53.48,63.2 2 0
github.com/kulaginds/rdp-html5/test-config.go:8.13,18.16 3 0
github.com/kulaginds/rdp-html5/test-config.go:18.16,21.3 2 0
github.com/kulaginds/rdp-html5/test-config.go:23.2,23.77 1 0
github.com/kulaginds/rdp-html5/internal/pkg/rdp/gcc/conference_create_request.go:13.75,17.2 1 0
github.com/kulaginds/rdp-html5/internal/pkg/rdp/gcc/conference_create_request.go:19.54,37.2 13 0
github.com/kulaginds/rdp-html5/internal/pkg/rdp/gcc/conference_create_response.go:12.70,14.16 2 0
github.com/kulaginds/rdp-html5/internal/pkg/rdp/gcc/conference_create_response.go:14.16,16.3 1 0
github.com/kulaginds/rdp-html5/internal/pkg/rdp/gcc/conference_create_response.go:18.2,21.16 3 0
github.com/kulaginds/rdp-html5/internal/pkg/rdp/gcc/conference_create_response.go:21.16,23.3 1 0
github.com/kulaginds/rdp-html5/internal/pkg/rdp/gcc/conference_create_response.go:25.2,25.23 1 0
github.com/kulaginds/rdp-html5/internal/pkg/rdp/gcc/conference_create_response.go:25.23,27.3 1 0
github.com/kulaginds/rdp-html5/internal/pkg/rdp/gcc/conference_create_response.go:29.2,30.16 2 0
github.com/kulaginds/rdp-html5/internal/pkg/rdp/gcc/conference_create_response.go:30.16,32.3 1 0
github.com/kulaginds/rdp-html5/internal/pkg/rdp/gcc/conference_create_response.go:34.2,35.16 2 0
github.com/kulaginds/rdp-html5/internal/pkg/rdp/gcc/conference_create_response.go:35.16,37.3 1 0
github.com/kulaginds/rdp-html5/internal/pkg/rdp/gcc/conference_create_response.go:39.2,40.16 2 0
github.com/kulaginds/rdp-html5/internal/pkg/rdp/gcc/conference_create_response.go:40.16,42.3 1 0
github.com/kulaginds/rdp-html5/internal/pkg/rdp/gcc/conference_create_response.go:44.2,45.16 2 0
github.com/kulaginds/rdp-html5/internal/pkg/rdp/gcc/conference_create_response.go:45.16,47.3 1 0
github.com/kulaginds/rdp-html5/internal/pkg/rdp/gcc/conference_create_response.go:49.2,50.16 2 0
github.com/kulaginds/rdp-html5/internal/pkg/rdp/gcc/conference_create_response.go:50.16,52.3 1 0
github.com/kulaginds/rdp-html5/internal/pkg/rdp/gcc/conference_create_response.go:54.2,55.16 2 0
github.com/kulaginds/rdp-html5/internal/pkg/rdp/gcc/conference_create_response.go:55.16,57.3 1 0
github.com/kulaginds/rdp-html5/internal/pkg/rdp/gcc/conference_create_response.go:59.2,60.16 2 0
github.com/kulaginds/rdp-html5/internal/pkg/rdp/gcc/conference_create_response.go:60.16,62.3 1 0
github.com/kulaginds/rdp-html5/internal/pkg/rdp/gcc/conference_create_response.go:64.2,67.16 3 0
github.com/kulaginds/rdp-html5/internal/pkg/rdp/gcc/conference_create_response.go:67.16,69.3 1 0
github.com/kulaginds/rdp-html5/internal/pkg/rdp/gcc/conference_create_response.go:71.2,71.18 1 0
github.com/kulaginds/rdp-html5/internal/pkg/rdp/gcc/conference_create_response.go:71.18,73.3 1 0
github.com/kulaginds/rdp-html5/internal/pkg/rdp/gcc/conference_create_response.go:75.2,76.16 2 0
github.com/kulaginds/rdp-html5/internal/pkg/rdp/gcc/conference_create_response.go:76.16,78.3 1 0
github.com/kulaginds/rdp-html5/internal/pkg/rdp/gcc/conference_create_response.go:80.2,80.12 1 0
github.com/kulaginds/rdp-html5/internal/pkg/rdp/ber/read.go:12.53,20.16 3 0
github.com/kulaginds/rdp-html5/internal/pkg/rdp/ber/read.go:20.16,22.3 1 0
github.com/kulaginds/rdp-html5/internal/pkg/rdp/ber/read.go:24.2,24.73 1 0
github.com/kulaginds/rdp-html5/internal/pkg/rdp/ber/read.go:24.73,26.3 1 0
github.com/kulaginds/rdp-html5/internal/pkg/rdp/ber/read.go:28.2,29.16 2 0
github.com/kulaginds/rdp-html5/internal/pkg/rdp/ber/read.go:29.16,31.3 1 0
github.com/kulaginds/rdp-html5/internal/pkg/rdp/ber/read.go:33.2,33.17 1 0
github.com/kulaginds/rdp-html5/internal/pkg/rdp/ber/read.go:36.46,44.16 3 0
github.com/kulaginds/rdp-html5/internal/pkg/rdp/ber/read.go:44.16,46.3 1 0
github.com/kulaginds/rdp-html5/internal/pkg/rdp/ber/read.go:48.2,48.19 1 0
github.com/kulaginds/rdp-html5/internal/pkg/rdp/ber/read.go:48.19,51.16 2 0
github.com/kulaginds/rdp-html5/internal/pkg/rdp/ber/read.go:51.16,53.18 2 0
github.com/kulaginds/rdp-html5/internal/pkg/rdp/ber/read.go:53.18,55.5 1 0
github.com/kulaginds/rdp-html5/internal/pkg/rdp/ber/read.go:57.4,57.22 1 0
github.com/kulaginds/rdp-html5/internal/pkg/rdp/ber/read.go:58.9,58.23 1 0
github.com/kulaginds/rdp-html5/internal/pkg/rdp/ber/read.go:58.23,60.18 2 0
github.com/kulaginds/rdp-html5/internal/pkg/rdp/ber/read.go:60.18,62.5 1 0
github.com/kulaginds/rdp-html5/internal/pkg/rdp/ber/read.go:63.9,65.4 1 0
github.com/kulaginds/rdp-html5/internal/pkg/rdp/ber/read.go:66.8,68.3 1 0
github.com/kulaginds/rdp-html5/internal/pkg/rdp/ber/read.go:70.2,70.17 1 0
github.com/kulaginds/rdp-html5/internal/pkg/rdp/ber/read.go:73.27,74.8 1 0
github.com/kulaginds/rdp-html5/internal/pkg/rdp/ber/read.go:74.8,76.3 1 0
github.com/kulaginds/rdp-html5/internal/pkg/rdp/ber/read.go:77.2,77.25 1 0
github.com/kulaginds/rdp-html5/internal/pkg/rdp/ber/read.go:80.70,84.16 3 0
github.com/kulaginds/rdp-html5/internal/pkg/rdp/ber/read.go:84.16,86.3 1 0
github.com/kulaginds/rdp-html5/internal/pkg/rdp/ber/read.go:88.2,88.70 1 0
github.com/kulaginds/rdp-html5/internal/pkg/rdp/ber/read.go:91.49,93.16 2 0
github.com/kulaginds/rdp-html5/internal/pkg/rdp/ber/read.go:93.16,95.3 1 0
github.com/kulaginds/rdp-html5/internal/pkg/rdp/ber/read.go:97.2,97.19 1 0
github.com/kulaginds/rdp-html5/internal/pkg/rdp/ber/read.go:97.19,99.3 1 0
github.com/kulaginds/rdp-html5/internal/pkg/rdp/ber/read.go:101.2,102.16 2 0
github.com/kulaginds/rdp-html5/internal/pkg/rdp/ber/read.go:102.16,104.3 1 0
github.com/kulaginds/rdp-html5/internal/pkg/rdp/ber/read.go:106.2,106.17 1 0
github.com/kulaginds/rdp-html5/internal/pkg/rdp/ber/read.go:106.17,108.3 1 0
github.com/kulaginds/rdp-html5/internal/pkg/rdp/ber/read.go:110.2,112.66 2 0
github.com/kulaginds/rdp-html5/internal/pkg/rdp/ber/read.go:115.44,117.16 2 0
github.com/kulaginds/rdp-html5/internal/pkg/rdp/ber/read.go:117.16,119.3 1 0
github.com/kulaginds/rdp-html5/internal/pkg/rdp/ber/read.go:121.2,121.19 1 0
github.com/kulaginds/rdp-html5/internal/pkg/rdp/ber/read.go:121.19,123.3 1 0
github.com/kulaginds/rdp-html5/internal/pkg/rdp/ber/read.go:125.2,126.16 2 0
github.com/kulaginds/rdp-html5/internal/pkg/rdp/ber/read.go:126.16,128.3 1 0
github.com/kulaginds/rdp-html5/internal/pkg/rdp/ber/read.go:130.2,130.14 1 0
github.com/kulaginds/rdp-html5/internal/pkg/rdp/ber/read.go:131.9,134.58 2 0
github.com/kulaginds/rdp-html5/internal/pkg/rdp/ber/read.go:135.9,138.58 2 0
github.com/kulaginds/rdp-html5/internal/pkg/rdp/ber/read.go:139.9,146.17 3 0
github.com/kulaginds/rdp-html5/internal/pkg/rdp/ber/read.go:146.17,148.4 1 0
github.com/kulaginds/rdp-html5/internal/pkg/rdp/ber/read.go:150.3,151.17 2 0
github.com/kulaginds/rdp-html5/internal/pkg/rdp/ber/read.go:151.17,153.4 1 0
github.com/kulaginds/rdp-html5/internal/pkg/rdp/ber/read.go:155.3,155.42 1 0
github.com/kulaginds/rdp-html5/internal/pkg/rdp/ber/read.go:156.9,159.58 2 0
github.com/kulaginds/rdp-html5/internal/pkg/rdp/ber/read.go:160.10,161.37 1 0
github.com/kulaginds/rdp-html5/internal/pkg/rdp/ber/write.go:8.40,10.7 2 0
github.com/kulaginds/rdp-html5/internal/pkg/rdp/ber/write.go:10.7,12.3 1 0
github.com/kulaginds/rdp-html5/internal/pkg/rdp/ber/write.go:13.2,15.21 3 0
github.com/kulaginds/rdp-html5/internal/pkg/rdp/ber/write.go:18.39,20.15 2 0
github.com/kulaginds/rdp-html5/internal/pkg/rdp/ber/write.go:20.15,23.3 2 0
github.com/kulaginds/rdp-html5/internal/pkg/rdp/ber/write.go:23.8,23.24 1 0
github.com/kulaginds/rdp-html5/internal/pkg/rdp/ber/write.go:23.24,26.3 2 0
github.com/kulaginds/rdp-html5/internal/pkg/rdp/ber/write.go:26.8,29.3 2 0
github.com/kulaginds/rdp-html5/internal/pkg/rdp/ber/write.go:32.48,36.2 3 0
github.com/kulaginds/rdp-html5/internal/pkg/rdp/ber/write.go:38.46,42.2 3 0
github.com/kulaginds/rdp-html5/internal/pkg/rdp/ber/write.go:44.60,45.14 1 0
github.com/kulaginds/rdp-html5/internal/pkg/rdp/ber/write.go:45.14,51.3 2 0
github.com/kulaginds/rdp-html5/internal/pkg/rdp/ber/write.go:51.8,54.3 2 0
github.com/kulaginds/rdp-html5/internal/pkg/rdp/ber/write.go:57.41,58.17 1 0
github.com/kulaginds/rdp-html5/internal/pkg/rdp/ber/write.go:58.17,61.3 2 0
github.com/kulaginds/rdp-html5/internal/pkg/rdp/ber/write.go:61.8,63.3 1 0
github.com/kulaginds/rdp-html5/internal/pkg/rdp/headers/mcs.go:10.54,17.2 4 0
github.com/kulaginds/rdp-html5/internal/pkg/rdp/headers/mcs.go:19.58,22.71 2 0
github.com/kulaginds/rdp-html5/internal/pkg/rdp/headers/mcs.go:22.71,24.3 1 0
github.com/kulaginds/rdp-html5/internal/pkg/rdp/headers/mcs.go:26.2,28.21 2 0
github.com/kulaginds/rdp-html5/internal/pkg/rdp/headers/mcs.go:28.21,30.3 1 0
github.com/kulaginds/rdp-html5/internal/pkg/rdp/headers/mcs.go:32.2,32.12 1 0
github.com/kulaginds/rdp-html5/internal/pkg/rdp/headers/mcs.go:35.42,37.2 1 0
github.com/kulaginds/rdp-html5/internal/pkg/rdp/headers/security.go:9.56,18.2 5 0
github.com/kulaginds/rdp-html5/internal/pkg/rdp/headers/security.go:20.57,28.16 3 0
github.com/kulaginds/rdp-html5/internal/pkg/rdp/headers/security.go:28.16,30.3 1 0
github.com/kulaginds/rdp-html5/internal/pkg/rdp/headers/security.go:32.2,33.16 2 0
github.com/kulaginds/rdp-html5/internal/pkg/rdp/headers/security.go:33.16,35.3 1 0
github.com/kulaginds/rdp-html5/internal/pkg/rdp/headers/security.go:37.2,37.19 1 0
github.com/kulaginds/rdp-html5/internal/pkg/rdp/headers/tpkt.go:14.35,29.2 6 0
github.com/kulaginds/rdp-html5/internal/pkg/rdp/headers/tpkt.go:32.46,36.16 3 0
github.com/kulaginds/rdp-html5/internal/pkg/rdp/headers/tpkt.go:36.16,38.3 1 0
github.com/kulaginds/rdp-html5/internal/pkg/rdp/headers/tpkt.go:40.2,43.26 3 0
github.com/kulaginds/rdp-html5/internal/pkg/rdp/headers/x224.go:14.55,31.2 5 0
github.com/kulaginds/rdp-html5/internal/pkg/rdp/headers/x224.go:33.42,44.2 4 0
github.com/kulaginds/rdp-html5/internal/pkg/rdp/headers/x224.go:46.82,50.16 3 0
github.com/kulaginds/rdp-html5/internal/pkg/rdp/headers/x224.go:50.16,52.3 1 0
github.com/kulaginds/rdp-html5/internal/pkg/rdp/headers/x224.go:54.2,56.22 2 0
github.com/kulaginds/rdp-html5/internal/pkg/rdp/headers/x224.go:59.69,65.16 4 0
github.com/kulaginds/rdp-html5/internal/pkg/rdp/headers/x224.go:65.16,67.3 1 0
github.com/kulaginds/rdp-html5/internal/pkg/rdp/headers/x224.go:69.2,71.22 2 0
github.com/kulaginds/rdp-html5/internal/pkg/rdp/tpkt/protocol.go:11.45,15.2 1 0
github.com/kulaginds/rdp-html5/internal/pkg/rdp/tpkt/receive.go:9.49,12.51 2 0
github.com/kulaginds/rdp-html5/internal/pkg/rdp/tpkt/receive.go:12.51,14.3 1 0
github.com/kulaginds/rdp-html5/internal/pkg/rdp/tpkt/receive.go:16.2,23.45 5 0
github.com/kulaginds/rdp-html5/internal/pkg/rdp/tpkt/receive.go:23.45,25.3 1 0
github.com/kulaginds/rdp-html5/internal/pkg/rdp/tpkt/receive.go:27.2,27.35 1 0
github.com/kulaginds/rdp-html5/internal/pkg/rdp/tpkt/send.go:8.47,22.53 6 0
github.com/kulaginds/rdp-html5/internal/pkg/rdp/tpkt/send.go:22.53,24.3 1 0
github.com/kulaginds/rdp-html5/internal/pkg/rdp/tpkt/send.go:26.2,26.12 1 0
github.com/kulaginds/rdp-html5/internal/pkg/rdp/utf16/encode.go:9.30,12.45 2 0
github.com/kulaginds/rdp-html5/internal/pkg/rdp/utf16/encode.go:12.45,14.3 1 0
github.com/kulaginds/rdp-html5/internal/pkg/rdp/utf16/encode.go:16.2,16.20 1 0
github.com/kulaginds/rdp-html5/internal/pkg/rdp/per/read.go:9.45,13.2 2 0
github.com/kulaginds/rdp-html5/internal/pkg/rdp/per/read.go:15.43,22.64 2 0
github.com/kulaginds/rdp-html5/internal/pkg/rdp/per/read.go:22.64,24.3 1 0
github.com/kulaginds/rdp-html5/internal/pkg/rdp/per/read.go:26.2,26.24 1 0
github.com/kulaginds/rdp-html5/internal/pkg/rdp/per/read.go:26.24,28.3 1 0
github.com/kulaginds/rdp-html5/internal/pkg/rdp/per/read.go:30.2,33.64 3 0
github.com/kulaginds/rdp-html5/internal/pkg/rdp/per/read.go:33.64,35.3 1 0
github.com/kulaginds/rdp-html5/internal/pkg/rdp/per/read.go:37.2,39.18 2 0
github.com/kulaginds/rdp-html5/internal/pkg/rdp/per/read.go:42.67,44.16 2 0
github.com/kulaginds/rdp-html5/internal/pkg/rdp/per/read.go:44.16,46.3 1 0
github.com/kulaginds/rdp-html5/internal/pkg/rdp/per/read.go:48.2,48.15 1 0
github.com/kulaginds/rdp-html5/internal/pkg/rdp/per/read.go:48.15,50.3 1 0
github.com/kulaginds/rdp-html5/internal/pkg/rdp/per/read.go:52.2,54.16 3 0
github.com/kulaginds/rdp-html5/internal/pkg/rdp/per/read.go:54.16,56.3 1 0
github.com/kulaginds/rdp-html5/internal/pkg/rdp/per/read.go:58.2,62.26 4 0
github.com/kulaginds/rdp-html5/internal/pkg/rdp/per/read.go:62.26,64.17 2 0
github.com/kulaginds/rdp-html5/internal/pkg/rdp/per/read.go:64.17,66.4 1 0
github.com/kulaginds/rdp-html5/internal/pkg/rdp/per/read.go:69.2,69.33 1 0
github.com/kulaginds/rdp-html5/internal/pkg/rdp/per/read.go:69.33,70.24 1 0
github.com/kulaginds/rdp-html5/internal/pkg/rdp/per/read.go:70.24,72.4 1 0
github.com/kulaginds/rdp-html5/internal/pkg/rdp/per/read.go:75.2,75.18 1 0
github.com/kulaginds/rdp-html5/internal/pkg/rdp/per/read.go:78.65,81.63 2 0
github.com/kulaginds/rdp-html5/internal/pkg/rdp/per/read.go:81.63,83.3 1 0
github.com/kulaginds/rdp-html5/internal/pkg/rdp/per/read.go:85.2,87.17 2 0
github.com/kulaginds/rdp-html5/internal/pkg/rdp/per/read.go:90.44,92.16 2 0
github.com/kulaginds/rdp-html5/internal/pkg/rdp/per/read.go:92.16,94.3 1 0
github.com/kulaginds/rdp-html5/internal/pkg/rdp/per/read.go:96.2,96.14 1 0
github.com/kulaginds/rdp-html5/internal/pkg/rdp/per/read.go:97.9,100.58 2 0
github.com/kulaginds/rdp-html5/internal/pkg/rdp/per/read.go:101.9,104.58 2 0
github.com/kulaginds/rdp-html5/internal/pkg/rdp/per/read.go:105.9,108.58 2 0
github.com/kulaginds/rdp-html5/internal/pkg/rdp/per/read.go:109.10,110.45 1 0
github.com/kulaginds/rdp-html5/internal/pkg/rdp/per/read.go:114.49,118.2 2 0
github.com/kulaginds/rdp-html5/internal/pkg/rdp/per/read.go:120.50,124.2 2 0
github.com/kulaginds/rdp-html5/internal/pkg/rdp/per/read.go:126.83,128.16 2 0
github.com/kulaginds/rdp-html5/internal/pkg/rdp/per/read.go:128.16,130.3 1 0
github.com/kulaginds/rdp-html5/internal/pkg/rdp/per/read.go:132.2,133.30 2 0
github.com/kulaginds/rdp-html5/internal/pkg/rdp/per/read.go:133.30,135.3 1 0
github.com/kulaginds/rdp-html5/internal/pkg/rdp/per/read.go:137.2,139.28 2 0
github.com/kulaginds/rdp-html5/internal/pkg/rdp/per/read.go:139.28,140.61 1 0
github.com/kulaginds/rdp-html5/internal/pkg/rdp/per/read.go:140.61,142.4 1 0
github.com/kulaginds/rdp-html5/internal/pkg/rdp/per/read.go:144.3,144.26 1 0
github.com/kulaginds/rdp-html5/internal/pkg/rdp/per/read.go:144.26,146.4 1 0
github.com/kulaginds/rdp-html5/internal/pkg/rdp/per/read.go:149.2,149.18 1 0
github.com/kulaginds/rdp-html5/internal/pkg/rdp/per/write.go:8.45,12.2 1 0
github.com/kulaginds/rdp-html5/internal/pkg/rdp/per/write.go:14.54,24.2 2 0
github.com/kulaginds/rdp-html5/internal/pkg/rdp/per/write.go:26.45,27.18 1 0
github.com/kulaginds/rdp-html5/internal/pkg/rdp/per/write.go:27.18,30.3 2 0
github.com/kulaginds/rdp-html5/internal/pkg/rdp/per/write.go:32.2,32.38 1 0
github.com/kulaginds/rdp-html5/internal/pkg/rdp/per/write.go:35.51,39.2 1 0
github.com/kulaginds/rdp-html5/internal/pkg/rdp/per/write.go:41.65,45.26 3 0
github.com/kulaginds/rdp-html5/internal/pkg/rdp/per/write.go:45.26,47.3 1 0
github.com/kulaginds/rdp-html5/internal/pkg/rdp/per/write.go:49.2,51.33 2 0
github.com/kulaginds/rdp-html5/internal/pkg/rdp/per/write.go:51.33,55.19 3 0
github.com/kulaginds/rdp-html5/internal/pkg/rdp/per/write.go:55.19,57.4 1 0
github.com/kulaginds/rdp-html5/internal/pkg/rdp/per/write.go:59.3,62.38 3 0
github.com/kulaginds/rdp-html5/internal/pkg/rdp/per/write.go:65.2,66.24 2 0
github.com/kulaginds/rdp-html5/internal/pkg/rdp/per/write.go:69.44,71.2 1 0
github.com/kulaginds/rdp-html5/internal/pkg/rdp/per/write.go:73.55,75.2 1 0
github.com/kulaginds/rdp-html5/internal/pkg/rdp/per/write.go:77.63,81.26 3 0
github.com/kulaginds/rdp-html5/internal/pkg/rdp/per/write.go:81.26,83.3 1 0
github.com/kulaginds/rdp-html5/internal/pkg/rdp/per/write.go:85.2,86.30 2 0
github.com/kulaginds/rdp-html5/internal/pkg/rdp/per/write.go:86.30,88.3 1 0
github.com/kulaginds/rdp-html5/internal/pkg/rdp/per/write.go:90.2,91.24 2 0
github.com/kulaginds/rdp-html5/internal/pkg/rdp/per/write.go:94.43,95.19 1 0
github.com/kulaginds/rdp-html5/internal/pkg/rdp/per/write.go:95.19,100.3 3 0
github.com/kulaginds/rdp-html5/internal/pkg/rdp/per/write.go:102.2,102.20 1 0
github.com/kulaginds/rdp-html5/internal/pkg/rdp/per/write.go:102.20,107.3 3 0
github.com/kulaginds/rdp-html5/internal/pkg/rdp/per/write.go:109.2,110.50 2 0
github.com/kulaginds/rdp-html5/internal/pkg/rdp/per/write.go:113.57,117.2 2 0
github.com/kulaginds/rdp-html5/internal/pkg/config/config.go:81.30,83.2 1 2
github.com/kulaginds/rdp-html5/internal/pkg/config/config.go:86.59,125.42 28 3
github.com/kulaginds/rdp-html5/internal/pkg/config/config.go:125.42,127.3 1 0
github.com/kulaginds/rdp-html5/internal/pkg/config/config.go:130.2,134.20 4 3
github.com/kulaginds/rdp-html5/internal/pkg/config/config.go:140.32,144.2 3 0
github.com/kulaginds/rdp-html5/internal/pkg/config/config.go:147.35,149.25 1 12
github.com/kulaginds/rdp-html5/internal/pkg/config/config.go:149.25,151.3 1 1
github.com/kulaginds/rdp-html5/internal/pkg/config/config.go:153.2,153.86 1 11
github.com/kulaginds/rdp-html5/internal/pkg/config/config.go:153.86,155.3 1 1
github.com/kulaginds/rdp-html5/internal/pkg/config/config.go:158.2,158.57 1 10
github.com/kulaginds/rdp-html5/internal/pkg/config/config.go:158.57,160.3 1 1
github.com/kulaginds/rdp-html5/internal/pkg/config/config.go:162.2,162.82 1 9
github.com/kulaginds/rdp-html5/internal/pkg/config/config.go:162.82,164.3 1 1
github.com/kulaginds/rdp-html5/internal/pkg/config/config.go:166.2,166.27 1 8
github.com/kulaginds/rdp-html5/internal/pkg/config/config.go:166.27,168.3 1 1
github.com/kulaginds/rdp-html5/internal/pkg/config/config.go:171.2,171.26 1 7
github.com/kulaginds/rdp-html5/internal/pkg/config/config.go:171.26,172.66 1 1
github.com/kulaginds/rdp-html5/internal/pkg/config/config.go:172.66,174.4 1 1
github.com/kulaginds/rdp-html5/internal/pkg/config/config.go:176.3,176.68 1 0
github.com/kulaginds/rdp-html5/internal/pkg/config/config.go:176.68,178.4 1 0
github.com/kulaginds/rdp-html5/internal/pkg/config/config.go:180.3,180.67 1 0
github.com/kulaginds/rdp-html5/internal/pkg/config/config.go:180.67,182.4 1 0
github.com/kulaginds/rdp-html5/internal/pkg/config/config.go:185.2,185.36 1 6
github.com/kulaginds/rdp-html5/internal/pkg/config/config.go:185.36,187.3 1 0
github.com/kulaginds/rdp-html5/internal/pkg/config/config.go:189.2,189.40 1 6
github.com/kulaginds/rdp-html5/internal/pkg/config/config.go:189.40,191.3 1 0
github.com/kulaginds/rdp-html5/internal/pkg/config/config.go:194.2,201.38 2 6
github.com/kulaginds/rdp-html5/internal/pkg/config/config.go:201.38,203.3 1 1
github.com/kulaginds/rdp-html5/internal/pkg/config/config.go:205.2,210.40 2 5
github.com/kulaginds/rdp-html5/internal/pkg/config/config.go:210.40,212.3 1 1
github.com/kulaginds/rdp-html5/internal/pkg/config/config.go:214.2,214.12 1 4
github.com/kulaginds/rdp-html5/internal/pkg/config/config.go:218.57,219.42 1 28
github.com/kulaginds/rdp-html5/internal/pkg/config/config.go:219.42,221.3 1 5
github.com/kulaginds/rdp-html5/internal/pkg/config/config.go:222.2,222.21 1 23
github.com/kulaginds/rdp-html5/internal/pkg/config/config.go:225.58,226.42 1 24
github.com/kulaginds/rdp-html5/internal/pkg/config/config.go:226.42,227.55 1 5
github.com/kulaginds/rdp-html5/internal/pkg/config/config.go:227.55,229.4 1 4
github.com/kulaginds/rdp-html5/internal/pkg/config/config.go:231.2,231.21 1 20
github.com/kulaginds/rdp-html5/internal/pkg/config/config.go:234.61,235.42 1 19
github.com/kulaginds/rdp-html5/internal/pkg/config/config.go:235.42,236.61 1 3
github.com/kulaginds/rdp-html5/internal/pkg/config/config.go:236.61,238.4 1 2
github.com/kulaginds/rdp-html5/internal/pkg/config/config.go:240.2,240.21 1 17
github.com/kulaginds/rdp-html5/internal/pkg/config/config.go:243.83,244.42 1 15
github.com/kulaginds/rdp-html5/internal/pkg/config/config.go:244.42,245.61 1 2
github.com/kulaginds/rdp-html5/internal/pkg/config/config.go:245.61,247.4 1 1
github.com/kulaginds/rdp-html5/internal/pkg/config/config.go:249.2,249.21 1 14
github.com/kulaginds/rdp-html5/internal/pkg/config/config.go:252.76,253.42 1 6
github.com/kulaginds/rdp-html5/internal/pkg/config/config.go:253.42,255.3 1 1
github.com/kulaginds/rdp-html5/internal/pkg/config/config.go:256.2,256.21 1 5
github.com/kulaginds/rdp-html5/internal/pkg/config/config.go:260.69,261.20 1 15
github.com/kulaginds/rdp-html5/internal/pkg/config/config.go:261.20,263.3 1 4
github.com/kulaginds/rdp-html5/internal/pkg/config/config.go:264.2,264.48 1 11
github.com/kulaginds/rdp-html5/internal/pkg/config/config.go:267.42,268.13 1 5
github.com/kulaginds/rdp-html5/internal/pkg/config/config.go:268.13,270.3 1 1
github.com/kulaginds/rdp-html5/internal/pkg/config/config.go:272.2,273.45 2 4
github.com/kulaginds/rdp-html5/internal/pkg/config/config.go:273.45,274.56 1 12
github.com/kulaginds/rdp-html5/internal/pkg/config/config.go:274.56,276.4 1 11
github.com/kulaginds/rdp-html5/internal/pkg/config/config.go:278.2,278.15 1 4
github.com/kulaginds/rdp-html5/cmd/server/main.go:22.13,35.15 11 0
github.com/kulaginds/rdp-html5/cmd/server/main.go:35.15,38.3 2 0
github.com/kulaginds/rdp-html5/cmd/server/main.go:40.2,40.18 1 0
github.com/kulaginds/rdp-html5/cmd/server/main.go:40.18,43.3 2 0
github.com/kulaginds/rdp-html5/cmd/server/main.go:45.2,55.16 3 0
github.com/kulaginds/rdp-html5/cmd/server/main.go:55.16,57.3 1 0
github.com/kulaginds/rdp-html5/cmd/server/main.go:59.2,64.90 4 0
github.com/kulaginds/rdp-html5/cmd/server/main.go:64.90,66.3 1 0
github.com/kulaginds/rdp-html5/cmd/server/main.go:69.52,86.2 7 2
github.com/kulaginds/rdp-html5/cmd/server/main.go:88.82,89.16 1 3
github.com/kulaginds/rdp-html5/cmd/server/main.go:89.16,91.3 1 0
github.com/kulaginds/rdp-html5/cmd/server/main.go:93.2,94.34 2 3
github.com/kulaginds/rdp-html5/cmd/server/main.go:94.34,96.3 1 2
github.com/kulaginds/rdp-html5/cmd/server/main.go:97.2,100.10 3 3
github.com/kulaginds/rdp-html5/cmd/server/main.go:103.64,104.71 1 4
github.com/kulaginds/rdp-html5/cmd/server/main.go:104.71,114.3 7 2
github.com/kulaginds/rdp-html5/cmd/server/main.go:117.78,118.71 1 8
github.com/kulaginds/rdp-html5/cmd/server/main.go:118.71,120.54 2 6
github.com/kulaginds/rdp-html5/cmd/server/main.go:120.54,125.4 4 4
github.com/kulaginds/rdp-html5/cmd/server/main.go:127.3,127.37 1 6
github.com/kulaginds/rdp-html5/cmd/server/main.go:127.37,130.4 2 0
github.com/kulaginds/rdp-html5/cmd/server/main.go:132.3,132.23 1 6
github.com/kulaginds/rdp-html5/cmd/server/main.go:136.80,137.18 1 6
github.com/kulaginds/rdp-html5/cmd/server/main.go:137.18,139.3 1 0
github.com/kulaginds/rdp-html5/cmd/server/main.go:141.2,141.41 1 6
github.com/kulaginds/rdp-html5/cmd/server/main.go:141.41,142.43 1 4
github.com/kulaginds/rdp-html5/cmd/server/main.go:142.43,144.4 1 3
github.com/kulaginds/rdp-html5/cmd/server/main.go:147.2,147.30 1 3
github.com/kulaginds/rdp-html5/cmd/server/main.go:147.30,149.3 1 2
github.com/kulaginds/rdp-html5/cmd/server/main.go:151.2,151.14 1 1
github.com/kulaginds/rdp-html5/cmd/server/main.go:154.65,156.71 1 3
github.com/kulaginds/rdp-html5/cmd/server/main.go:156.71,158.3 1 2
github.com/kulaginds/rdp-html5/cmd/server/main.go:161.43,164.2 2 4
github.com/kulaginds/rdp-html5/cmd/server/main.go:166.63,167.71 1 2
github.com/kulaginds/rdp-html5/cmd/server/main.go:167.71,171.3 3 0
github.com/kulaginds/rdp-html5/cmd/server/main.go:174.63,175.19 1 1
github.com/kulaginds/rdp-html5/cmd/server/main.go:175.19,177.3 1 0
github.com/kulaginds/rdp-html5/cmd/server/main.go:179.2,180.42 2 1
github.com/kulaginds/rdp-html5/cmd/server/main.go:180.42,182.3 1 1
github.com/kulaginds/rdp-html5/cmd/server/main.go:184.2,184.12 1 0
github.com/kulaginds/rdp-html5/cmd/server/main.go:187.17,201.2 13 1
github.com/kulaginds/rdp-html5/cmd/server/main.go:203.20,207.2 3 1
github.com/kulaginds/rdp-html5/internal/pkg/rdp/pdu/basic_settings_exchange.go:57.101,86.2 3 1
github.com/kulaginds/rdp-html5/internal/pkg/rdp/pdu/basic_settings_exchange.go:107.50,114.2 2 1
github.com/kulaginds/rdp-html5/internal/pkg/rdp/pdu/basic_settings_exchange.go:140.44,146.2 1 1
github.com/kulaginds/rdp-html5/internal/pkg/rdp/pdu/basic_settings_exchange.go:148.47,180.2 27 1
github.com/kulaginds/rdp-html5/internal/pkg/rdp/pdu/basic_settings_exchange.go:196.51,208.2 7 1
github.com/kulaginds/rdp-html5/internal/pkg/rdp/pdu/basic_settings_exchange.go:210.56,217.2 4 3
github.com/kulaginds/rdp-html5/internal/pkg/rdp/pdu/basic_settings_exchange.go:219.69,224.28 2 1
github.com/kulaginds/rdp-html5/internal/pkg/rdp/pdu/basic_settings_exchange.go:224.28,226.3 1 0
github.com/kulaginds/rdp-html5/internal/pkg/rdp/pdu/basic_settings_exchange.go:228.2,228.43 1 1
github.com/kulaginds/rdp-html5/internal/pkg/rdp/pdu/basic_settings_exchange.go:228.43,233.3 3 3
github.com/kulaginds/rdp-html5/internal/pkg/rdp/pdu/basic_settings_exchange.go:235.2,235.14 1 1
github.com/kulaginds/rdp-html5/internal/pkg/rdp/pdu/basic_settings_exchange.go:238.50,243.50 3 1
github.com/kulaginds/rdp-html5/internal/pkg/rdp/pdu/basic_settings_exchange.go:243.50,245.3 1 3
github.com/kulaginds/rdp-html5/internal/pkg/rdp/pdu/basic_settings_exchange.go:247.2,256.20 6 1
github.com/kulaginds/rdp-html5/internal/pkg/rdp/pdu/basic_settings_exchange.go:259.47,271.2 7 1
github.com/kulaginds/rdp-html5/internal/pkg/rdp/pdu/basic_settings_exchange.go:273.48,278.33 3 1
github.com/kulaginds/rdp-html5/internal/pkg/rdp/pdu/basic_settings_exchange.go:278.33,280.3 1 1
github.com/kulaginds/rdp-html5/internal/pkg/rdp/pdu/basic_settings_exchange.go:282.2,285.20 3 1
github.com/kulaginds/rdp-html5/internal/pkg/rdp/pdu/basic_settings_exchange.go:296.60,299.74 2 0
github.com/kulaginds/rdp-html5/internal/pkg/rdp/pdu/basic_settings_exchange.go:299.74,301.3 1 0
github.com/kulaginds/rdp-html5/internal/pkg/rdp/pdu/basic_settings_exchange.go:303.2,303.20 1 0
github.com/kulaginds/rdp-html5/internal/pkg/rdp/pdu/basic_settings_exchange.go:303.20,305.3 1 0
github.com/kulaginds/rdp-html5/internal/pkg/rdp/pdu/basic_settings_exchange.go:307.2,307.91 1 0
github.com/kulaginds/rdp-html5/internal/pkg/rdp/pdu/basic_settings_exchange.go:307.91,309.3 1 0
github.com/kulaginds/rdp-html5/internal/pkg/rdp/pdu/basic_settings_exchange.go:311.2,311.20 1 0
github.com/kulaginds/rdp-html5/internal/pkg/rdp/pdu/basic_settings_exchange.go:311.20,313.3 1 0
github.com/kulaginds/rdp-html5/internal/pkg/rdp/pdu/basic_settings_exchange.go:315.2,315.87 1 0
github.com/kulaginds/rdp-html5/internal/pkg/rdp/pdu/basic_settings_exchange.go:315.87,317.3 1 0
github.com/kulaginds/rdp-html5/internal/pkg/rdp/pdu/basic_settings_exchange.go:319.2,319.12 1 0
github.com/kulaginds/rdp-html5/internal/pkg/rdp/pdu/basic_settings_exchange.go:331.58,334.72 2 0
github.com/kulaginds/rdp-html5/internal/pkg/rdp/pdu/basic_settings_exchange.go:334.72,336.3 1 0
github.com/kulaginds/rdp-html5/internal/pkg/rdp/pdu/basic_settings_exchange.go:338.2,338.73 1 0
github.com/kulaginds/rdp-html5/internal/pkg/rdp/pdu/basic_settings_exchange.go:338.73,340.3 1 0
github.com/kulaginds/rdp-html5/internal/pkg/rdp/pdu/basic_settings_exchange.go:342.2,342.73 1 0
github.com/kulaginds/rdp-html5/internal/pkg/rdp/pdu/basic_settings_exchange.go:342.73,344.3 1 0
github.com/kulaginds/rdp-html5/internal/pkg/rdp/pdu/basic_settings_exchange.go:346.2,346.74 1 0
github.com/kulaginds/rdp-html5/internal/pkg/rdp/pdu/basic_settings_exchange.go:346.74,348.3 1 0
github.com/kulaginds/rdp-html5/internal/pkg/rdp/pdu/basic_settings_exchange.go:350.2,350.73 1 0
github.com/kulaginds/rdp-html5/internal/pkg/rdp/pdu/basic_settings_exchange.go:350.73,352.3 1 0
github.com/kulaginds/rdp-html5/internal/pkg/rdp/pdu/basic_settings_exchange.go:354.2,356.47 2 0
github.com/kulaginds/rdp-html5/internal/pkg/rdp/pdu/basic_settings_exchange.go:356.47,358.3 1 0
github.com/kulaginds/rdp-html5/internal/pkg/rdp/pdu/basic_settings_exchange.go:360.2,360.12 1 0
github.com/kulaginds/rdp-html5/internal/pkg/rdp/pdu/basic_settings_exchange.go:374.74,377.77 2 0
github.com/kulaginds/rdp-html5/internal/pkg/rdp/pdu/basic_settings_exchange.go:377.77,379.3 1 0
github.com/kulaginds/rdp-html5/internal/pkg/rdp/pdu/basic_settings_exchange.go:381.2,381.77 1 0
github.com/kulaginds/rdp-html5/internal/pkg/rdp/pdu/basic_settings_exchange.go:381.77,383.3 1 0
github.com/kulaginds/rdp-html5/internal/pkg/rdp/pdu/basic_settings_exchange.go:385.2,385.84 1 0
github.com/kulaginds/rdp-html5/internal/pkg/rdp/pdu/basic_settings_exchange.go:385.84,387.3 1 0
github.com/kulaginds/rdp-html5/internal/pkg/rdp/pdu/basic_settings_exchange.go:389.2,389.83 1 0
github.com/kulaginds/rdp-html5/internal/pkg/rdp/pdu/basic_settings_exchange.go:389.83,391.3 1 0
github.com/kulaginds/rdp-html5/internal/pkg/rdp/pdu/basic_settings_exchange.go:393.2,393.57 1 0
github.com/kulaginds/rdp-html5/internal/pkg/rdp/pdu/basic_settings_exchange.go:393.57,395.3 1 0
github.com/kulaginds/rdp-html5/internal/pkg/rdp/pdu/basic_settings_exchange.go:397.2,397.84 1 0
github.com/kulaginds/rdp-html5/internal/pkg/rdp/pdu/basic_settings_exchange.go:397.84,399.3 1 0
github.com/kulaginds/rdp-html5/internal/pkg/rdp/pdu/basic_settings_exchange.go:401.2,401.83 1 0
github.com/kulaginds/rdp-html5/internal/pkg/rdp/pdu/basic_settings_exchange.go:401.83,403.3 1 0
github.com/kulaginds/rdp-html5/internal/pkg/rdp/pdu/basic_settings_exchange.go:405.2,407.53 2 0
github.com/kulaginds/rdp-html5/internal/pkg/rdp/pdu/basic_settings_exchange.go:407.53,409.3 1 0
github.com/kulaginds/rdp-html5/internal/pkg/rdp/pdu/basic_settings_exchange.go:411.2,411.12 1 0
github.com/kulaginds/rdp-html5/internal/pkg/rdp/pdu/basic_settings_exchange.go:422.63,425.76 2 0
github.com/kulaginds/rdp-html5/internal/pkg/rdp/pdu/basic_settings_exchange.go:425.76,427.3 1 0
github.com/kulaginds/rdp-html5/internal/pkg/rdp/pdu/basic_settings_exchange.go:429.2,429.42 1 0
github.com/kulaginds/rdp-html5/internal/pkg/rdp/pdu/basic_settings_exchange.go:429.42,433.3 2 0
github.com/kulaginds/rdp-html5/internal/pkg/rdp/pdu/basic_settings_exchange.go:435.2,437.48 2 0
github.com/kulaginds/rdp-html5/internal/pkg/rdp/pdu/basic_settings_exchange.go:437.48,439.3 1 0
github.com/kulaginds/rdp-html5/internal/pkg/rdp/pdu/basic_settings_exchange.go:441.2,441.12 1 0
github.com/kulaginds/rdp-html5/internal/pkg/rdp/pdu/basic_settings_exchange.go:453.64,456.83 2 0
github.com/kulaginds/rdp-html5/internal/pkg/rdp/pdu/basic_settings_exchange.go:456.83,458.3 1 0
github.com/kulaginds/rdp-html5/internal/pkg/rdp/pdu/basic_settings_exchange.go:460.2,460.82 1 0
github.com/kulaginds/rdp-html5/internal/pkg/rdp/pdu/basic_settings_exchange.go:460.82,462.3 1 0
github.com/kulaginds/rdp-html5/internal/pkg/rdp/pdu/basic_settings_exchange.go:464.2,464.55 1 0
github.com/kulaginds/rdp-html5/internal/pkg/rdp/pdu/basic_settings_exchange.go:464.55,466.3 1 0
github.com/kulaginds/rdp-html5/internal/pkg/rdp/pdu/basic_settings_exchange.go:468.2,468.82 1 0
github.com/kulaginds/rdp-html5/internal/pkg/rdp/pdu/basic_settings_exchange.go:468.82,470.3 1 0
github.com/kulaginds/rdp-html5/internal/pkg/rdp/pdu/basic_settings_exchange.go:472.2,472.80 1 0
github.com/kulaginds/rdp-html5/internal/pkg/rdp/pdu/basic_settings_exchange.go:472.80,474.3 1 0
github.com/kulaginds/rdp-html5/internal/pkg/rdp/pdu/basic_settings_exchange.go:476.2,478.52 2 0
github.com/kulaginds/rdp-html5/internal/pkg/rdp/pdu/basic_settings_exchange.go:478.52,480.3 1 0
github.com/kulaginds/rdp-html5/internal/pkg/rdp/pdu/basic_settings_exchange.go:482.2,482.25 1 0
github.com/kulaginds/rdp-html5/internal/pkg/rdp/pdu/basic_settings_exchange.go:482.25,488.3 2 0
github.com/kulaginds/rdp-html5/internal/pkg/rdp/pdu/basic_settings_exchange.go:490.2,490.12 1 0
github.com/kulaginds/rdp-html5/internal/pkg/rdp/pdu/basic_settings_exchange.go:499.63,502.79 2 0
github.com/kulaginds/rdp-html5/internal/pkg/rdp/pdu/basic_settings_exchange.go:502.79,504.3 1 0
github.com/kulaginds/rdp-html5/internal/pkg/rdp/pdu/basic_settings_exchange.go:506.2,506.79 1 0
github.com/kulaginds/rdp-html5/internal/pkg/rdp/pdu/basic_settings_exchange.go:506.79,508.3 1 0
github.com/kulaginds/rdp-html5/internal/pkg/rdp/pdu/basic_settings_exchange.go:510.2,510.25 1 0
github.com/kulaginds/rdp-html5/internal/pkg/rdp/pdu/basic_settings_exchange.go:510.25,512.3 1 0
github.com/kulaginds/rdp-html5/internal/pkg/rdp/pdu/basic_settings_exchange.go:514.2,516.81 2 0
github.com/kulaginds/rdp-html5/internal/pkg/rdp/pdu/basic_settings_exchange.go:516.81,518.3 1 0
github.com/kulaginds/rdp-html5/internal/pkg/rdp/pdu/basic_settings_exchange.go:520.2,520.27 1 0
github.com/kulaginds/rdp-html5/internal/pkg/rdp/pdu/basic_settings_exchange.go:520.27,522.3 1 0
github.com/kulaginds/rdp-html5/internal/pkg/rdp/pdu/basic_settings_exchange.go:524.2,526.45 2 0
github.com/kulaginds/rdp-html5/internal/pkg/rdp/pdu/basic_settings_exchange.go:526.45,528.3 1 0
github.com/kulaginds/rdp-html5/internal/pkg/rdp/pdu/basic_settings_exchange.go:530.2,530.12 1 0
github.com/kulaginds/rdp-html5/internal/pkg/rdp/pdu/basic_settings_exchange.go:549.61,556.6 2 0
github.com/kulaginds/rdp-html5/internal/pkg/rdp/pdu/basic_settings_exchange.go:556.6,558.14 2 0
github.com/kulaginds/rdp-html5/internal/pkg/rdp/pdu/basic_settings_exchange.go:559.12,559.12 0 0
github.com/kulaginds/rdp-html5/internal/pkg/rdp/pdu/basic_settings_exchange.go:560.15,561.14 1 0
github.com/kulaginds/rdp-html5/internal/pkg/rdp/pdu/basic_settings_exchange.go:562.11,563.14 1 0
github.com/kulaginds/rdp-html5/internal/pkg/rdp/pdu/basic_settings_exchange.go:566.3,567.17 2 0
github.com/kulaginds/rdp-html5/internal/pkg/rdp/pdu/basic_settings_exchange.go:567.17,569.4 1 0
github.com/kulaginds/rdp-html5/internal/pkg/rdp/pdu/basic_settings_exchange.go:571.3,573.19 2 0
github.com/kulaginds/rdp-html5/internal/pkg/rdp/pdu/basic_settings_exchange.go:574.15,577.61 2 0
github.com/kulaginds/rdp-html5/internal/pkg/rdp/pdu/basic_settings_exchange.go:577.61,579.5 1 0
github.com/kulaginds/rdp-html5/internal/pkg/rdp/pdu/basic_settings_exchange.go:580.15,583.65 2 0
github.com/kulaginds/rdp-html5/internal/pkg/rdp/pdu/basic_settings_exchange.go:583.65,585.5 1 0
github.com/kulaginds/rdp-html5/internal/pkg/rdp/pdu/basic_settings_exchange.go:586.15,589.64 2 0
github.com/kulaginds/rdp-html5/internal/pkg/rdp/pdu/basic_settings_exchange.go:589.64,591.5 1 0
github.com/kulaginds/rdp-html5/internal/pkg/rdp/pdu/basic_settings_exchange.go:592.15,595.107 2 0
github.com/kulaginds/rdp-html5/internal/pkg/rdp/pdu/basic_settings_exchange.go:595.107,597.5 1 0
github.com/kulaginds/rdp-html5/internal/pkg/rdp/pdu/basic_settings_exchange.go:598.15,601.107 2 0
github.com/kulaginds/rdp-html5/internal/pkg/rdp/pdu/basic_settings_exchange.go:601.107,603.5 1 0
github.com/kulaginds/rdp-html5/internal/pkg/rdp/pdu/basic_settings_exchange.go:604.11,605.44 1 0
github.com/kulaginds/rdp-html5/internal/pkg/rdp/pdu/capabilities.go:17.46,26.2 1 1
github.com/kulaginds/rdp-html5/internal/pkg/rdp/pdu/capabilities.go:28.51,44.2 13 3
github.com/kulaginds/rdp-html5/internal/pkg/rdp/pdu/capabilities.go:46.66,50.16 3 0
github.com/kulaginds/rdp-html5/internal/pkg/rdp/pdu/capabilities.go:50.16,52.3 1 0
github.com/kulaginds/rdp-html5/internal/pkg/rdp/pdu/capabilities.go:54.2,55.16 2 0
github.com/kulaginds/rdp-html5/internal/pkg/rdp/pdu/capabilities.go:55.16,57.3 1 0
github.com/kulaginds/rdp-html5/internal/pkg/rdp/pdu/capabilities.go:59.2,61.16 3 0
github.com/kulaginds/rdp-html5/internal/pkg/rdp/pdu/capabilities.go:61.16,63.3 1 0
github.com/kulaginds/rdp-html5/internal/pkg/rdp/pdu/capabilities.go:65.2,67.16 3 0
github.com/kulaginds/rdp-html5/internal/pkg/rdp/pdu/capabilities.go:67.16,69.3 1 0
github.com/kulaginds/rdp-html5/internal/pkg/rdp/pdu/capabilities.go:71.2,73.16 3 0
github.com/kulaginds/rdp-html5/internal/pkg/rdp/pdu/capabilities.go:73.16,75.3 1 0
github.com/kulaginds/rdp-html5/internal/pkg/rdp/pdu/capabilities.go:77.2,78.16 2 0
github.com/kulaginds/rdp-html5/internal/pkg/rdp/pdu/capabilities.go:78.16,80.3 1 0
github.com/kulaginds/rdp-html5/internal/pkg/rdp/pdu/capabilities.go:82.2,84.16 3 0
github.com/kulaginds/rdp-html5/internal/pkg/rdp/pdu/capabilities.go:84.16,86.3 1 0
github.com/kulaginds/rdp-html5/internal/pkg/rdp/pdu/capabilities.go:88.2,90.16 3 0
github.com/kulaginds/rdp-html5/internal/pkg/rdp/pdu/capabilities.go:90.16,92.3 1 0
github.com/kulaginds/rdp-html5/internal/pkg/rdp/pdu/capabilities.go:94.2,96.16 3 0
github.com/kulaginds/rdp-html5/internal/pkg/rdp/pdu/capabilities.go:96.16,98.3 1 0
github.com/kulaginds/rdp-html5/internal/pkg/rdp/pdu/capabilities.go:100.2,101.16 2 0
github.com/kulaginds/rdp-html5/internal/pkg/rdp/pdu/capabilities.go:101.16,103.3 1 0
github.com/kulaginds/rdp-html5/internal/pkg/rdp/pdu/capabilities.go:105.2,106.16 2 0
github.com/kulaginds/rdp-html5/internal/pkg/rdp/pdu/capabilities.go:106.16,108.3 1 0
github.com/kulaginds/rdp-html5/internal/pkg/rdp/pdu/capabilities.go:110.2,110.12 1 0
github.com/kulaginds/rdp-html5/internal/pkg/rdp/pdu/capabilities.go:124.79,137.2 1 1
github.com/kulaginds/rdp-html5/internal/pkg/rdp/pdu/capabilities.go:139.50,157.2 15 3
github.com/kulaginds/rdp-html5/internal/pkg/rdp/pdu/capabilities.go:159.65,163.16 3 0
github.com/kulaginds/rdp-html5/internal/pkg/rdp/pdu/capabilities.go:163.16,165.3 1 0
github.com/kulaginds/rdp-html5/internal/pkg/rdp/pdu/capabilities.go:167.2,168.16 2 0
github.com/kulaginds/rdp-html5/internal/pkg/rdp/pdu/capabilities.go:168.16,170.3 1 0
github.com/kulaginds/rdp-html5/internal/pkg/rdp/pdu/capabilities.go:172.2,173.16 2 0
github.com/kulaginds/rdp-html5/internal/pkg/rdp/pdu/capabilities.go:173.16,175.3 1 0
github.com/kulaginds/rdp-html5/internal/pkg/rdp/pdu/capabilities.go:177.2,178.16 2 0
github.com/kulaginds/rdp-html5/internal/pkg/rdp/pdu/capabilities.go:178.16,180.3 1 0
github.com/kulaginds/rdp-html5/internal/pkg/rdp/pdu/capabilities.go:182.2,183.16 2 0
github.com/kulaginds/rdp-html5/internal/pkg/rdp/pdu/capabilities.go:183.16,185.3 1 0
github.com/kulaginds/rdp-html5/internal/pkg/rdp/pdu/capabilities.go:187.2,188.16 2 0
github.com/kulaginds/rdp-html5/internal/pkg/rdp/pdu/capabilities.go:188.16,190.3 1 0
github.com/kulaginds/rdp-html5/internal/pkg/rdp/pdu/capabilities.go:192.2,194.16 3 0
github.com/kulaginds/rdp-html5/internal/pkg/rdp/pdu/capabilities.go:194.16,196.3 1 0
github.com/kulaginds/rdp-html5/internal/pkg/rdp/pdu/capabilities.go:198.2,199.16 2 0
github.com/kulaginds/rdp-html5/internal/pkg/rdp/pdu/capabilities.go:199.16,201.3 1 0
github.com/kulaginds/rdp-html5/internal/pkg/rdp/pdu/capabilities.go:203.2,205.16 3 0
github.com/kulaginds/rdp-html5/internal/pkg/rdp/pdu/capabilities.go:205.16,207.3 1 0
github.com/kulaginds/rdp-html5/internal/pkg/rdp/pdu/capabilities.go:209.2,211.16 3 0
github.com/kulaginds/rdp-html5/internal/pkg/rdp/pdu/capabilities.go:211.16,213.3 1 0
github.com/kulaginds/rdp-html5/internal/pkg/rdp/pdu/capabilities.go:215.2,216.16 2 0
github.com/kulaginds/rdp-html5/internal/pkg/rdp/pdu/capabilities.go:216.16,218.3 1 0
github.com/kulaginds/rdp-html5/internal/pkg/rdp/pdu/capabilities.go:220.2,222.16 3 0
github.com/kulaginds/rdp-html5/internal/pkg/rdp/pdu/capabilities.go:222.16,224.3 1 0
github.com/kulaginds/rdp-html5/internal/pkg/rdp/pdu/capabilities.go:226.2,227.16 2 0
github.com/kulaginds/rdp-html5/internal/pkg/rdp/pdu/capabilities.go:227.16,229.3 1 0
github.com/kulaginds/rdp-html5/internal/pkg/rdp/pdu/capabilities.go:231.2,231.12 1 0
github.com/kulaginds/rdp-html5/internal/pkg/rdp/pdu/capabilities.go:243.44,251.2 1 1
github.com/kulaginds/rdp-html5/internal/pkg/rdp/pdu/capabilities.go:253.49,274.2 18 3
github.com/kulaginds/rdp-html5/internal/pkg/rdp/pdu/capabilities.go:276.64,291.16 3 0
github.com/kulaginds/rdp-html5/internal/pkg/rdp/pdu/capabilities.go:291.16,293.3 1 0
github.com/kulaginds/rdp-html5/internal/pkg/rdp/pdu/capabilities.go:295.2,296.16 2 0
github.com/kulaginds/rdp-html5/internal/pkg/rdp/pdu/capabilities.go:296.16,298.3 1 0
github.com/kulaginds/rdp-html5/internal/pkg/rdp/pdu/capabilities.go:300.2,301.16 2 0
github.com/kulaginds/rdp-html5/internal/pkg/rdp/pdu/capabilities.go:301.16,303.3 1 0
github.com/kulaginds/rdp-html5/internal/pkg/rdp/pdu/capabilities.go:305.2,306.16 2 0
github.com/kulaginds/rdp-html5/internal/pkg/rdp/pdu/capabilities.go:306.16,308.3 1 0
github.com/kulaginds/rdp-html5/internal/pkg/rdp/pdu/capabilities.go:310.2,311.16 2 0
github.com/kulaginds/rdp-html5/internal/pkg/rdp/pdu/capabilities.go:311.16,313.3 1 0
github.com/kulaginds/rdp-html5/internal/pkg/rdp/pdu/capabilities.go:315.2,316.16 2 0
github.com/kulaginds/rdp-html5/internal/pkg/rdp/pdu/capabilities.go:316.16,318.3 1 0
github.com/kulaginds/rdp-html5/internal/pkg/rdp/pdu/capabilities.go:320.2,321.16 2 0
github.com/kulaginds/rdp-html5/internal/pkg/rdp/pdu/capabilities.go:321.16,323.3 1 0
github.com/kulaginds/rdp-html5/internal/pkg/rdp/pdu/capabilities.go:325.2,326.16 2 0
github.com/kulaginds/rdp-html5/internal/pkg/rdp/pdu/capabilities.go:326.16,328.3 1 0
github.com/kulaginds/rdp-html5/internal/pkg/rdp/pdu/capabilities.go:330.2,331.16 2 0
github.com/kulaginds/rdp-html5/internal/pkg/rdp/pdu/capabilities.go:331.16,333.3 1 0
github.com/kulaginds/rdp-html5/internal/pkg/rdp/pdu/capabilities.go:335.2,336.16 2 0
github.com/kulaginds/rdp-html5/internal/pkg/rdp/pdu/capabilities.go:336.16,338.3 1 0
github.com/kulaginds/rdp-html5/internal/pkg/rdp/pdu/capabilities.go:340.2,341.16 2 0
github.com/kulaginds/rdp-html5/internal/pkg/rdp/pdu/capabilities.go:341.16,343.3 1 0
github.com/kulaginds/rdp-html5/internal/pkg/rdp/pdu/capabilities.go:345.2,346.16 2 0
github.com/kulaginds/rdp-html5/internal/pkg/rdp/pdu/capabilities.go:346.16,348.3 1 0
github.com/kulaginds/rdp-html5/internal/pkg/rdp/pdu/capabilities.go:350.2,351.16 2 0
github.com/kulaginds/rdp-html5/internal/pkg/rdp/pdu/capabilities.go:351.16,353.3 1 0
github.com/kulaginds/rdp-html5/internal/pkg/rdp/pdu/capabilities.go:355.2,356.16 2 0
github.com/kulaginds/rdp-html5/internal/pkg/rdp/pdu/capabilities.go:356.16,358.3 1 0
github.com/kulaginds/rdp-html5/internal/pkg/rdp/pdu/capabilities.go:360.2,361.16 2 0
github.com/kulaginds/rdp-html5/internal/pkg/rdp/pdu/capabilities.go:361.16,363.3 1 0
github.com/kulaginds/rdp-html5/internal/pkg/rdp/pdu/capabilities.go:365.2,366.16 2 0
github.com/kulaginds/rdp-html5/internal/pkg/rdp/pdu/capabilities.go:366.16,368.3 1 0
github.com/kulaginds/rdp-html5/internal/pkg/rdp/pdu/capabilities.go:370.2,370.12 1 0
github.com/kulaginds/rdp-html5/internal/pkg/rdp/pdu/capabilities.go:382.54,387.2 1 1
github.com/kulaginds/rdp-html5/internal/pkg/rdp/pdu/capabilities.go:389.59,401.2 9 1
github.com/kulaginds/rdp-html5/internal/pkg/rdp/pdu/capabilities.go:403.74,410.16 3 0
github.com/kulaginds/rdp-html5/internal/pkg/rdp/pdu/capabilities.go:410.16,412.3 1 0
github.com/kulaginds/rdp-html5/internal/pkg/rdp/pdu/capabilities.go:414.2,415.16 2 0
github.com/kulaginds/rdp-html5/internal/pkg/rdp/pdu/capabilities.go:415.16,417.3 1 0
github.com/kulaginds/rdp-html5/internal/pkg/rdp/pdu/capabilities.go:419.2,420.16 2 0
github.com/kulaginds/rdp-html5/internal/pkg/rdp/pdu/capabilities.go:420.16,422.3 1 0
github.com/kulaginds/rdp-html5/internal/pkg/rdp/pdu/capabilities.go:424.2,425.16 2 0
github.com/kulaginds/rdp-html5/internal/pkg/rdp/pdu/capabilities.go:425.16,427.3 1 0
github.com/kulaginds/rdp-html5/internal/pkg/rdp/pdu/capabilities.go:429.2,430.16 2 0
github.com/kulaginds/rdp-html5/internal/pkg/rdp/pdu/capabilities.go:430.16,432.3 1 0
github.com/kulaginds/rdp-html5/internal/pkg/rdp/pdu/capabilities.go:434.2,435.16 2 0
github.com/kulaginds/rdp-html5/internal/pkg/rdp/pdu/capabilities.go:435.16,437.3 1 0
github.com/kulaginds/rdp-html5/internal/pkg/rdp/pdu/capabilities.go:439.2,440.16 2 0
github.com/kulaginds/rdp-html5/internal/pkg/rdp/pdu/capabilities.go:440.16,442.3 1 0
github.com/kulaginds/rdp-html5/internal/pkg/rdp/pdu/capabilities.go:444.2,444.12 1 0
github.com/kulaginds/rdp-html5/internal/pkg/rdp/pdu/capabilities.go:457.55,462.2 1 0
github.com/kulaginds/rdp-html5/internal/pkg/rdp/pdu/capabilities.go:464.59,478.2 11 2
github.com/kulaginds/rdp-html5/internal/pkg/rdp/pdu/capabilities.go:480.74,484.16 3 0
github.com/kulaginds/rdp-html5/internal/pkg/rdp/pdu/capabilities.go:484.16,486.3 1 0
github.com/kulaginds/rdp-html5/internal/pkg/rdp/pdu/capabilities.go:488.2,490.16 3 0
github.com/kulaginds/rdp-html5/internal/pkg/rdp/pdu/capabilities.go:490.16,492.3 1 0
github.com/kulaginds/rdp-html5/internal/pkg/rdp/pdu/capabilities.go:494.2,495.16 2 0
github.com/kulaginds/rdp-html5/internal/pkg/rdp/pdu/capabilities.go:495.16,497.3 1 0
github.com/kulaginds/rdp-html5/internal/pkg/rdp/pdu/capabilities.go:499.2,500.16 2 0
github.com/kulaginds/rdp-html5/internal/pkg/rdp/pdu/capabilities.go:500.16,502.3 1 0
github.com/kulaginds/rdp-html5/internal/pkg/rdp/pdu/capabilities.go:504.2,505.16 2 0
github.com/kulaginds/rdp-html5/internal/pkg/rdp/pdu/capabilities.go:505.16,507.3 1 0
github.com/kulaginds/rdp-html5/internal/pkg/rdp/pdu/capabilities.go:509.2,510.16 2 0
github.com/kulaginds/rdp-html5/internal/pkg/rdp/pdu/capabilities.go:510.16,512.3 1 0
github.com/kulaginds/rdp-html5/internal/pkg/rdp/pdu/capabilities.go:514.2,515.16 2 0
github.com/kulaginds/rdp-html5/internal/pkg/rdp/pdu/capabilities.go:515.16,517.3 1 0
github.com/kulaginds/rdp-html5/internal/pkg/rdp/pdu/capabilities.go:519.2,520.16 2 0
github.com/kulaginds/rdp-html5/internal/pkg/rdp/pdu/capabilities.go:520.16,522.3 1 0
github.com/kulaginds/rdp-html5/internal/pkg/rdp/pdu/capabilities.go:524.2,525.16 2 0
github.com/kulaginds/rdp-html5/internal/pkg/rdp/pdu/capabilities.go:525.16,527.3 1 0
github.com/kulaginds/rdp-html5/internal/pkg/rdp/pdu/capabilities.go:529.2,531.16 3 0
github.com/kulaginds/rdp-html5/internal/pkg/rdp/pdu/capabilities.go:531.16,533.3 1 0
github.com/kulaginds/rdp-html5/internal/pkg/rdp/pdu/capabilities.go:535.2,535.12 1 0
github.com/kulaginds/rdp-html5/internal/pkg/rdp/pdu/capabilities.go:542.54,549.2 4 2
github.com/kulaginds/rdp-html5/internal/pkg/rdp/pdu/capabilities.go:551.69,558.16 3 0
github.com/kulaginds/rdp-html5/internal/pkg/rdp/pdu/capabilities.go:558.16,560.3 1 0
github.com/kulaginds/rdp-html5/internal/pkg/rdp/pdu/capabilities.go:562.2,562.57 1 0
github.com/kulaginds/rdp-html5/internal/pkg/rdp/pdu/capabilities.go:572.46,580.2 1 1
github.com/kulaginds/rdp-html5/internal/pkg/rdp/pdu/capabilities.go:582.51,590.2 5 2
github.com/kulaginds/rdp-html5/internal/pkg/rdp/pdu/capabilities.go:592.66,596.16 3 0
github.com/kulaginds/rdp-html5/internal/pkg/rdp/pdu/capabilities.go:596.16,598.3 1 0
github.com/kulaginds/rdp-html5/internal/pkg/rdp/pdu/capabilities.go:600.2,601.16 2 0
github.com/kulaginds/rdp-html5/internal/pkg/rdp/pdu/capabilities.go:601.16,603.3 1 0
github.com/kulaginds/rdp-html5/internal/pkg/rdp/pdu/capabilities.go:605.2,605.29 1 0
github.com/kulaginds/rdp-html5/internal/pkg/rdp/pdu/capabilities.go:605.29,607.3 1 0
github.com/kulaginds/rdp-html5/internal/pkg/rdp/pdu/capabilities.go:609.2,610.16 2 0
github.com/kulaginds/rdp-html5/internal/pkg/rdp/pdu/capabilities.go:610.16,612.3 1 0
github.com/kulaginds/rdp-html5/internal/pkg/rdp/pdu/capabilities.go:614.2,614.12 1 0
github.com/kulaginds/rdp-html5/internal/pkg/rdp/pdu/capabilities.go:626.44,636.2 1 1
github.com/kulaginds/rdp-html5/internal/pkg/rdp/pdu/capabilities.go:638.49,650.2 9 3
github.com/kulaginds/rdp-html5/internal/pkg/rdp/pdu/capabilities.go:652.64,656.16 3 0
github.com/kulaginds/rdp-html5/internal/pkg/rdp/pdu/capabilities.go:656.16,658.3 1 0
github.com/kulaginds/rdp-html5/internal/pkg/rdp/pdu/capabilities.go:660.2,662.16 3 0
github.com/kulaginds/rdp-html5/internal/pkg/rdp/pdu/capabilities.go:662.16,664.3 1 0
github.com/kulaginds/rdp-html5/internal/pkg/rdp/pdu/capabilities.go:666.2,667.16 2 0
github.com/kulaginds/rdp-html5/internal/pkg/rdp/pdu/capabilities.go:667.16,669.3 1 0
github.com/kulaginds/rdp-html5/internal/pkg/rdp/pdu/capabilities.go:671.2,672.16 2 0
github.com/kulaginds/rdp-html5/internal/pkg/rdp/pdu/capabilities.go:672.16,674.3 1 0
github.com/kulaginds/rdp-html5/internal/pkg/rdp/pdu/capabilities.go:676.2,677.16 2 0
github.com/kulaginds/rdp-html5/internal/pkg/rdp/pdu/capabilities.go:677.16,679.3 1 0
github.com/kulaginds/rdp-html5/internal/pkg/rdp/pdu/capabilities.go:681.2,682.16 2 0
github.com/kulaginds/rdp-html5/internal/pkg/rdp/pdu/capabilities.go:682.16,684.3 1 0
github.com/kulaginds/rdp-html5/internal/pkg/rdp/pdu/capabilities.go:686.2,687.16 2 0
github.com/kulaginds/rdp-html5/internal/pkg/rdp/pdu/capabilities.go:687.16,689.3 1 0
github.com/kulaginds/rdp-html5/internal/pkg/rdp/pdu/capabilities.go:691.2,691.12 1 0
github.com/kulaginds/rdp-html5/internal/pkg/rdp/pdu/capabilities.go:711.44,716.2 1 1
github.com/kulaginds/rdp-html5/internal/pkg/rdp/pdu/capabilities.go:718.49,724.2 3 3
github.com/kulaginds/rdp-html5/internal/pkg/rdp/pdu/capabilities.go:726.64,728.2 1 0
github.com/kulaginds/rdp-html5/internal/pkg/rdp/pdu/capabilities.go:735.46,742.2 4 30
github.com/kulaginds/rdp-html5/internal/pkg/rdp/pdu/capabilities.go:744.61,748.16 3 0
github.com/kulaginds/rdp-html5/internal/pkg/rdp/pdu/capabilities.go:748.16,750.3 1 0
github.com/kulaginds/rdp-html5/internal/pkg/rdp/pdu/capabilities.go:752.2,753.16 2 0
github.com/kulaginds/rdp-html5/internal/pkg/rdp/pdu/capabilities.go:753.16,755.3 1 0
github.com/kulaginds/rdp-html5/internal/pkg/rdp/pdu/capabilities.go:757.2,757.12 1 0
github.com/kulaginds/rdp-html5/internal/pkg/rdp/pdu/capabilities.go:782.49,787.2 1 1
github.com/kulaginds/rdp-html5/internal/pkg/rdp/pdu/capabilities.go:789.54,792.30 2 3
github.com/kulaginds/rdp-html5/internal/pkg/rdp/pdu/capabilities.go:792.30,794.3 1 30
github.com/kulaginds/rdp-html5/internal/pkg/rdp/pdu/capabilities.go:796.2,800.20 4 3
github.com/kulaginds/rdp-html5/internal/pkg/rdp/pdu/capabilities.go:803.69,806.30 2 0
github.com/kulaginds/rdp-html5/internal/pkg/rdp/pdu/capabilities.go:806.30,808.17 2 0
github.com/kulaginds/rdp-html5/internal/pkg/rdp/pdu/capabilities.go:808.17,810.4 1 0
github.com/kulaginds/rdp-html5/internal/pkg/rdp/pdu/capabilities.go:813.2,814.16 2 0
github.com/kulaginds/rdp-html5/internal/pkg/rdp/pdu/capabilities.go:814.16,816.3 1 0
github.com/kulaginds/rdp-html5/internal/pkg/rdp/pdu/capabilities.go:818.2,819.16 2 0
github.com/kulaginds/rdp-html5/internal/pkg/rdp/pdu/capabilities.go:819.16,821.3 1 0
github.com/kulaginds/rdp-html5/internal/pkg/rdp/pdu/capabilities.go:823.2,825.16 3 0
github.com/kulaginds/rdp-html5/internal/pkg/rdp/pdu/capabilities.go:825.16,827.3 1 0
github.com/kulaginds/rdp-html5/internal/pkg/rdp/pdu/capabilities.go:829.2,829.12 1 0
github.com/kulaginds/rdp-html5/internal/pkg/rdp/pdu/capabilities.go:838.59,843.2 1 1
github.com/kulaginds/rdp-html5/internal/pkg/rdp/pdu/capabilities.go:845.64,853.2 5 3
github.com/kulaginds/rdp-html5/internal/pkg/rdp/pdu/capabilities.go:855.79,859.16 3 0
github.com/kulaginds/rdp-html5/internal/pkg/rdp/pdu/capabilities.go:859.16,861.3 1 0
github.com/kulaginds/rdp-html5/internal/pkg/rdp/pdu/capabilities.go:863.2,864.16 2 0
github.com/kulaginds/rdp-html5/internal/pkg/rdp/pdu/capabilities.go:864.16,866.3 1 0
github.com/kulaginds/rdp-html5/internal/pkg/rdp/pdu/capabilities.go:868.2,869.16 2 0
github.com/kulaginds/rdp-html5/internal/pkg/rdp/pdu/capabilities.go:869.16,871.3 1 0
github.com/kulaginds/rdp-html5/internal/pkg/rdp/pdu/capabilities.go:873.2,873.12 1 0
github.com/kulaginds/rdp-html5/internal/pkg/rdp/pdu/capabilities.go:881.53,886.2 1 1
github.com/kulaginds/rdp-html5/internal/pkg/rdp/pdu/capabilities.go:888.58,895.2 4 3
github.com/kulaginds/rdp-html5/internal/pkg/rdp/pdu/capabilities.go:897.73,901.16 3 0
github.com/kulaginds/rdp-html5/internal/pkg/rdp/pdu/capabilities.go:901.16,903.3 1 0
github.com/kulaginds/rdp-html5/internal/pkg/rdp/pdu/capabilities.go:905.2,906.16 2 0
github.com/kulaginds/rdp-html5/internal/pkg/rdp/pdu/capabilities.go:906.16,908.3 1 0
github.com/kulaginds/rdp-html5/internal/pkg/rdp/pdu/capabilities.go:910.2,910.12 1 0
github.com/kulaginds/rdp-html5/internal/pkg/rdp/pdu/capabilities.go:919.61,927.2 5 2
github.com/kulaginds/rdp-html5/internal/pkg/rdp/pdu/capabilities.go:929.76,933.16 3 0
github.com/kulaginds/rdp-html5/internal/pkg/rdp/pdu/capabilities.go:933.16,935.3 1 0
github.com/kulaginds/rdp-html5/internal/pkg/rdp/pdu/capabilities.go:937.2,938.16 2 0
github.com/kulaginds/rdp-html5/internal/pkg/rdp/pdu/capabilities.go:938.16,940.3 1 0
github.com/kulaginds/rdp-html5/internal/pkg/rdp/pdu/capabilities.go:942.2,943.16 2 0
github.com/kulaginds/rdp-html5/internal/pkg/rdp/pdu/capabilities.go:943.16,945.3 1 0
github.com/kulaginds/rdp-html5/internal/pkg/rdp/pdu/capabilities.go:947.2,947.12 1 0
github.com/kulaginds/rdp-html5/internal/pkg/rdp/pdu/capabilities.go:958.46,968.2 7 2
github.com/kulaginds/rdp-html5/internal/pkg/rdp/pdu/capabilities.go:970.61,974.16 3 0
github.com/kulaginds/rdp-html5/internal/pkg/rdp/pdu/capabilities.go:974.16,976.3 1 0
github.com/kulaginds/rdp-html5/internal/pkg/rdp/pdu/capabilities.go:978.2,979.16 2 0
github.com/kulaginds/rdp-html5/internal/pkg/rdp/pdu/capabilities.go:979.16,981.3 1 0
github.com/kulaginds/rdp-html5/internal/pkg/rdp/pdu/capabilities.go:983.2,984.16 2 0
github.com/kulaginds/rdp-html5/internal/pkg/rdp/pdu/capabilities.go:984.16,986.3 1 0
github.com/kulaginds/rdp-html5/internal/pkg/rdp/pdu/capabilities.go:988.2,989.16 2 0
github.com/kulaginds/rdp-html5/internal/pkg/rdp/pdu/capabilities.go:989.16,991.3 1 0
github.com/kulaginds/rdp-html5/internal/pkg/rdp/pdu/capabilities.go:993.2,994.16 2 0
github.com/kulaginds/rdp-html5/internal/pkg/rdp/pdu/capabilities.go:994.16,996.3 1 0
github.com/kulaginds/rdp-html5/internal/pkg/rdp/pdu/capabilities.go:998.2,998.12 1 0
github.com/kulaginds/rdp-html5/internal/pkg/rdp/pdu/capabilities.go:1008.48,1017.2 6 2
github.com/kulaginds/rdp-html5/internal/pkg/rdp/pdu/capabilities.go:1019.63,1023.16 3 0
github.com/kulaginds/rdp-html5/internal/pkg/rdp/pdu/capabilities.go:1023.16,1025.3 1 0
github.com/kulaginds/rdp-html5/internal/pkg/rdp/pdu/capabilities.go:1027.2,1028.16 2 0
github.com/kulaginds/rdp-html5/internal/pkg/rdp/pdu/capabilities.go:1028.16,1030.3 1 0
github.com/kulaginds/rdp-html5/internal/pkg/rdp/pdu/capabilities.go:1032.2,1033.16 2 0
github.com/kulaginds/rdp-html5/internal/pkg/rdp/pdu/capabilities.go:1033.16,1035.3 1 0
github.com/kulaginds/rdp-html5/internal/pkg/rdp/pdu/capabilities.go:1037.2,1038.16 2 0
github.com/kulaginds/rdp-html5/internal/pkg/rdp/pdu/capabilities.go:1038.16,1040.3 1 0
github.com/kulaginds/rdp-html5/internal/pkg/rdp/pdu/capabilities.go:1042.2,1042.12 1 0
github.com/kulaginds/rdp-html5/internal/pkg/rdp/pdu/capabilities.go:1051.54,1059.2 5 2
github.com/kulaginds/rdp-html5/internal/pkg/rdp/pdu/capabilities.go:1061.69,1065.16 3 0
github.com/kulaginds/rdp-html5/internal/pkg/rdp/pdu/capabilities.go:1065.16,1067.3 1 0
github.com/kulaginds/rdp-html5/internal/pkg/rdp/pdu/capabilities.go:1069.2,1070.16 2 0
github.com/kulaginds/rdp-html5/internal/pkg/rdp/pdu/capabilities.go:1070.16,1072.3 1 0
github.com/kulaginds/rdp-html5/internal/pkg/rdp/pdu/capabilities.go:1074.2,1075.16 2 0
github.com/kulaginds/rdp-html5/internal/pkg/rdp/pdu/capabilities.go:1075.16,1077.3 1 0
github.com/kulaginds/rdp-html5/internal/pkg/rdp/pdu/capabilities.go:1079.2,1079.12 1 0
github.com/kulaginds/rdp-html5/internal/pkg/rdp/pdu/capabilities.go:1091.55,1103.2 8 2
github.com/kulaginds/rdp-html5/internal/pkg/rdp/pdu/capabilities.go:1105.70,1109.16 3 0
github.com/kulaginds/rdp-html5/internal/pkg/rdp/pdu/capabilities.go:1109.16,1111.3 1 0
github.com/kulaginds/rdp-html5/internal/pkg/rdp/pdu/capabilities.go:1113.2,1114.16 2 0
github.com/kulaginds/rdp-html5/internal/pkg/rdp/pdu/capabilities.go:1114.16,1116.3 1 0
github.com/kulaginds/rdp-html5/internal/pkg/rdp/pdu/capabilities.go:1118.2,1119.16 2 0
github.com/kulaginds/rdp-html5/internal/pkg/rdp/pdu/capabilities.go:1119.16,1121.3 1 0
github.com/kulaginds/rdp-html5/internal/pkg/rdp/pdu/capabilities.go:1123.2,1124.16 2 0
github.com/kulaginds/rdp-html5/internal/pkg/rdp/pdu/capabilities.go:1124.16,1126.3 1 0
github.com/kulaginds/rdp-html5/internal/pkg/rdp/pdu/capabilities.go:1128.2,1129.16 2 0
github.com/kulaginds/rdp-html5/internal/pkg/rdp/pdu/capabilities.go:1129.16,1131.3 1 0
github.com/kulaginds/rdp-html5/internal/pkg/rdp/pdu/capabilities.go:1133.2,1134.16 2 0
github.com/kulaginds/rdp-html5/internal/pkg/rdp/pdu/capabilities.go:1134.16,1136.3 1 0
github.com/kulaginds/rdp-html5/internal/pkg/rdp/pdu/capabilities.go:1138.2,1138.12 1 0
github.com/kulaginds/rdp-html5/internal/pkg/rdp/pdu/capabilities.go:1145.44,1150.2 1 1
github.com/kulaginds/rdp-html5/internal/pkg/rdp/pdu/capabilities.go:1152.49,1159.2 4 3
github.com/kulaginds/rdp-html5/internal/pkg/rdp/pdu/capabilities.go:1161.64,1165.16 3 0
github.com/kulaginds/rdp-html5/internal/pkg/rdp/pdu/capabilities.go:1165.16,1167.3 1 0
github.com/kulaginds/rdp-html5/internal/pkg/rdp/pdu/capabilities.go:1169.2,1171.16 3 0
github.com/kulaginds/rdp-html5/internal/pkg/rdp/pdu/capabilities.go:1171.16,1173.3 1 0
github.com/kulaginds/rdp-html5/internal/pkg/rdp/pdu/capabilities.go:1175.2,1175.12 1 0
github.com/kulaginds/rdp-html5/internal/pkg/rdp/pdu/capabilities.go:1180.62,1185.2 1 0
github.com/kulaginds/rdp-html5/internal/pkg/rdp/pdu/capabilities.go:1187.81,1196.16 3 0
github.com/kulaginds/rdp-html5/internal/pkg/rdp/pdu/capabilities.go:1196.16,1198.3 1 0
github.com/kulaginds/rdp-html5/internal/pkg/rdp/pdu/capabilities.go:1200.2,1201.16 2 0
github.com/kulaginds/rdp-html5/internal/pkg/rdp/pdu/capabilities.go:1201.16,1203.3 1 0
github.com/kulaginds/rdp-html5/internal/pkg/rdp/pdu/capabilities.go:1205.2,1206.16 2 0
github.com/kulaginds/rdp-html5/internal/pkg/rdp/pdu/capabilities.go:1206.16,1208.3 1 0
github.com/kulaginds/rdp-html5/internal/pkg/rdp/pdu/capabilities.go:1210.2,1210.12 1 0
github.com/kulaginds/rdp-html5/internal/pkg/rdp/pdu/capabilities.go:1215.51,1224.2 6 2
github.com/kulaginds/rdp-html5/internal/pkg/rdp/pdu/capabilities.go:1226.66,1230.2 2 0
github.com/kulaginds/rdp-html5/internal/pkg/rdp/pdu/capabilities.go:1234.60,1243.2 6 2
github.com/kulaginds/rdp-html5/internal/pkg/rdp/pdu/capabilities.go:1245.75,1249.2 2 0
github.com/kulaginds/rdp-html5/internal/pkg/rdp/pdu/capabilities.go:1253.49,1260.2 4 2
github.com/kulaginds/rdp-html5/internal/pkg/rdp/pdu/capabilities.go:1262.64,1266.2 2 0
github.com/kulaginds/rdp-html5/internal/pkg/rdp/pdu/capabilities.go:1272.48,1279.2 4 2
github.com/kulaginds/rdp-html5/internal/pkg/rdp/pdu/capabilities.go:1281.63,1285.16 3 0
github.com/kulaginds/rdp-html5/internal/pkg/rdp/pdu/capabilities.go:1285.16,1287.3 1 0
github.com/kulaginds/rdp-html5/internal/pkg/rdp/pdu/capabilities.go:1289.2,1289.57 1 0
github.com/kulaginds/rdp-html5/internal/pkg/rdp/pdu/capabilities.go:1296.58,1301.2 1 1
github.com/kulaginds/rdp-html5/internal/pkg/rdp/pdu/capabilities.go:1303.63,1309.2 3 0
github.com/kulaginds/rdp-html5/internal/pkg/rdp/pdu/capabilities.go:1311.78,1313.2 1 0
github.com/kulaginds/rdp-html5/internal/pkg/rdp/pdu/capabilities.go:1319.71,1321.2 1 0
github.com/kulaginds/rdp-html5/internal/pkg/rdp/pdu/capabilities.go:1327.77,1329.2 1 0
github.com/kulaginds/rdp-html5/internal/pkg/rdp/pdu/capabilities.go:1335.74,1342.16 3 0
github.com/kulaginds/rdp-html5/internal/pkg/rdp/pdu/capabilities.go:1342.16,1344.3 1 0
github.com/kulaginds/rdp-html5/internal/pkg/rdp/pdu/capabilities.go:1346.2,1347.16 2 0
github.com/kulaginds/rdp-html5/internal/pkg/rdp/pdu/capabilities.go:1347.16,1349.3 1 0
github.com/kulaginds/rdp-html5/internal/pkg/rdp/pdu/capabilities.go:1351.2,1351.12 1 0
github.com/kulaginds/rdp-html5/internal/pkg/rdp/pdu/capabilities.go:1360.57,1364.16 3 0
github.com/kulaginds/rdp-html5/internal/pkg/rdp/pdu/capabilities.go:1364.16,1366.3 1 0
github.com/kulaginds/rdp-html5/internal/pkg/rdp/pdu/capabilities.go:1368.2,1369.16 2 0
github.com/kulaginds/rdp-html5/internal/pkg/rdp/pdu/capabilities.go:1369.16,1371.3 1 0
github.com/kulaginds/rdp-html5/internal/pkg/rdp/pdu/capabilities.go:1373.2,1376.16 3 0
github.com/kulaginds/rdp-html5/internal/pkg/rdp/pdu/capabilities.go:1376.16,1378.3 1 0
github.com/kulaginds/rdp-html5/internal/pkg/rdp/pdu/capabilities.go:1380.2,1383.16 3 0
github.com/kulaginds/rdp-html5/internal/pkg/rdp/pdu/capabilities.go:1383.16,1385.3 1 0
github.com/kulaginds/rdp-html5/internal/pkg/rdp/pdu/capabilities.go:1387.2,1387.12 1 0
github.com/kulaginds/rdp-html5/internal/pkg/rdp/pdu/capabilities.go:1394.71,1401.16 3 0
github.com/kulaginds/rdp-html5/internal/pkg/rdp/pdu/capabilities.go:1401.16,1403.3 1 0
github.com/kulaginds/rdp-html5/internal/pkg/rdp/pdu/capabilities.go:1405.2,1407.36 2 0
github.com/kulaginds/rdp-html5/internal/pkg/rdp/pdu/capabilities.go:1407.36,1409.17 2 0
github.com/kulaginds/rdp-html5/internal/pkg/rdp/pdu/capabilities.go:1409.17,1411.4 1 0
github.com/kulaginds/rdp-html5/internal/pkg/rdp/pdu/capabilities.go:1414.2,1414.12 1 0
github.com/kulaginds/rdp-html5/internal/pkg/rdp/pdu/capabilities.go:1421.43,1428.2 1 0
github.com/kulaginds/rdp-html5/internal/pkg/rdp/pdu/capabilities.go:1430.48,1436.2 3 0
github.com/kulaginds/rdp-html5/internal/pkg/rdp/pdu/capabilities.go:1444.49,1451.2 1 0
github.com/kulaginds/rdp-html5/internal/pkg/rdp/pdu/capabilities.go:1453.54,1461.2 5 0
github.com/kulaginds/rdp-html5/internal/pkg/rdp/pdu/capabilities_exchange.go:129.46,132.31 2 46
github.com/kulaginds/rdp-html5/internal/pkg/rdp/pdu/capabilities_exchange.go:133.32,134.46 1 3
github.com/kulaginds/rdp-html5/internal/pkg/rdp/pdu/capabilities_exchange.go:135.31,136.45 1 3
github.com/kulaginds/rdp-html5/internal/pkg/rdp/pdu/capabilities_exchange.go:137.30,138.44 1 3
github.com/kulaginds/rdp-html5/internal/pkg/rdp/pdu/capabilities_exchange.go:139.36,140.54 1 1
github.com/kulaginds/rdp-html5/internal/pkg/rdp/pdu/capabilities_exchange.go:141.40,142.54 1 2
github.com/kulaginds/rdp-html5/internal/pkg/rdp/pdu/capabilities_exchange.go:143.35,144.49 1 2
github.com/kulaginds/rdp-html5/internal/pkg/rdp/pdu/capabilities_exchange.go:145.35,146.55 1 2
github.com/kulaginds/rdp-html5/internal/pkg/rdp/pdu/capabilities_exchange.go:147.32,148.46 1 2
github.com/kulaginds/rdp-html5/internal/pkg/rdp/pdu/capabilities_exchange.go:149.32,150.46 1 2
github.com/kulaginds/rdp-html5/internal/pkg/rdp/pdu/capabilities_exchange.go:151.30,152.44 1 3
github.com/kulaginds/rdp-html5/internal/pkg/rdp/pdu/capabilities_exchange.go:153.30,154.44 1 3
github.com/kulaginds/rdp-html5/internal/pkg/rdp/pdu/capabilities_exchange.go:155.35,156.49 1 3
github.com/kulaginds/rdp-html5/internal/pkg/rdp/pdu/capabilities_exchange.go:157.45,158.59 1 3
github.com/kulaginds/rdp-html5/internal/pkg/rdp/pdu/capabilities_exchange.go:159.39,160.53 1 3
github.com/kulaginds/rdp-html5/internal/pkg/rdp/pdu/capabilities_exchange.go:161.30,162.44 1 3
github.com/kulaginds/rdp-html5/internal/pkg/rdp/pdu/capabilities_exchange.go:163.30,164.44 1 2
github.com/kulaginds/rdp-html5/internal/pkg/rdp/pdu/capabilities_exchange.go:165.29,166.43 1 2
github.com/kulaginds/rdp-html5/internal/pkg/rdp/pdu/capabilities_exchange.go:167.42,168.56 1 2
github.com/kulaginds/rdp-html5/internal/pkg/rdp/pdu/capabilities_exchange.go:169.36,170.50 1 2
github.com/kulaginds/rdp-html5/internal/pkg/rdp/pdu/capabilities_exchange.go:171.44,172.58 1 0
github.com/kulaginds/rdp-html5/internal/pkg/rdp/pdu/capabilities_exchange.go:173.29,174.43 1 0
github.com/kulaginds/rdp-html5/internal/pkg/rdp/pdu/capabilities_exchange.go:175.31,176.49 1 0
github.com/kulaginds/rdp-html5/internal/pkg/rdp/pdu/capabilities_exchange.go:177.41,178.55 1 0
github.com/kulaginds/rdp-html5/internal/pkg/rdp/pdu/capabilities_exchange.go:181.2,189.20 6 46
github.com/kulaginds/rdp-html5/internal/pkg/rdp/pdu/capabilities_exchange.go:192.66,199.16 3 17
github.com/kulaginds/rdp-html5/internal/pkg/rdp/pdu/capabilities_exchange.go:199.16,201.3 1 0
github.com/kulaginds/rdp-html5/internal/pkg/rdp/pdu/capabilities_exchange.go:203.2,204.16 2 17
github.com/kulaginds/rdp-html5/internal/pkg/rdp/pdu/capabilities_exchange.go:204.16,206.3 1 0
github.com/kulaginds/rdp-html5/internal/pkg/rdp/pdu/capabilities_exchange.go:208.2,209.42 2 17
github.com/kulaginds/rdp-html5/internal/pkg/rdp/pdu/capabilities_exchange.go:209.42,211.3 1 0
github.com/kulaginds/rdp-html5/internal/pkg/rdp/pdu/capabilities_exchange.go:213.2,213.12 1 17
github.com/kulaginds/rdp-html5/internal/pkg/rdp/pdu/capabilities_exchange.go:216.61,223.16 3 0
github.com/kulaginds/rdp-html5/internal/pkg/rdp/pdu/capabilities_exchange.go:223.16,225.3 1 0
github.com/kulaginds/rdp-html5/internal/pkg/rdp/pdu/capabilities_exchange.go:227.2,228.16 2 0
github.com/kulaginds/rdp-html5/internal/pkg/rdp/pdu/capabilities_exchange.go:228.16,230.3 1 0
github.com/kulaginds/rdp-html5/internal/pkg/rdp/pdu/capabilities_exchange.go:232.2,232.31 1 0
github.com/kulaginds/rdp-html5/internal/pkg/rdp/pdu/capabilities_exchange.go:233.32,236.52 2 0
github.com/kulaginds/rdp-html5/internal/pkg/rdp/pdu/capabilities_exchange.go:237.31,240.51 2 0
github.com/kulaginds/rdp-html5/internal/pkg/rdp/pdu/capabilities_exchange.go:241.30,244.50 2 0
github.com/kulaginds/rdp-html5/internal/pkg/rdp/pdu/capabilities_exchange.go:245.36,248.60 2 0
github.com/kulaginds/rdp-html5/internal/pkg/rdp/pdu/capabilities_exchange.go:249.40,252.60 2 0
github.com/kulaginds/rdp-html5/internal/pkg/rdp/pdu/capabilities_exchange.go:253.35,256.55 2 0
github.com/kulaginds/rdp-html5/internal/pkg/rdp/pdu/capabilities_exchange.go:257.32,262.52 2 0
github.com/kulaginds/rdp-html5/internal/pkg/rdp/pdu/capabilities_exchange.go:263.30,266.50 2 0
github.com/kulaginds/rdp-html5/internal/pkg/rdp/pdu/capabilities_exchange.go:267.30,270.50 2 0
[...]
github.com/kulaginds/rdp-html5/internal/pkg/rdp/pdu/input_events.go:209.64,216.2 1 0
github.com/kulaginds/rdp-html5/internal/pkg/rdp/pdu/input_events.go:218.50,224.2 3 0
github.com/kulaginds/rdp-html5/internal/pkg/rdp/pdu/licensing.go:17.65,21.20 3 0
github.com/kulaginds/rdp-html5/internal/pkg/rdp/pdu/licensing.go:21.20,23.3 1 0
github.com/kulaginds/rdp-html5/internal/pkg/rdp/pdu/licensing.go:25.2,27.49 2 0
github.com/kulaginds/rdp-html5/internal/pkg/rdp/pdu/licensing.go:27.49,29.3 1 0
github.com/kulaginds/rdp-html5/internal/pkg/rdp/pdu/licensing.go:31.2,31.12 1 0
github.com/kulaginds/rdp-html5/internal/pkg/rdp/pdu/licensing.go:40.67,45.2 3 0
github.com/kulaginds/rdp-html5/internal/pkg/rdp/pdu/licensing.go:53.63,59.2 4 0
github.com/kulaginds/rdp-html5/internal/pkg/rdp/pdu/licensing.go:66.66,68.16 2 0
github.com/kulaginds/rdp-html5/internal/pkg/rdp/pdu/licensing.go:68.16,70.3 1 0
github.com/kulaginds/rdp-html5/internal/pkg/rdp/pdu/licensing.go:72.2,72.28 1 0
github.com/kulaginds/rdp-html5/internal/pkg/rdp/pdu/licensing.go:72.28,74.3 1 0
github.com/kulaginds/rdp-html5/internal/pkg/rdp/pdu/licensing.go:76.2,77.16 2 0
github.com/kulaginds/rdp-html5/internal/pkg/rdp/pdu/licensing.go:77.16,79.3 1 0
github.com/kulaginds/rdp-html5/internal/pkg/rdp/pdu/licensing.go:81.2,82.16 2 0
github.com/kulaginds/rdp-html5/internal/pkg/rdp/pdu/licensing.go:82.16,84.3 1 0
github.com/kulaginds/rdp-html5/internal/pkg/rdp/pdu/licensing.go:86.2,86.12 1 0
github.com/kulaginds/rdp-html5/internal/pkg/rdp/pdu/secure_settings_exchange.go:23.41,36.2 10 0
github.com/kulaginds/rdp-html5/internal/pkg/rdp/pdu/secure_settings_exchange.go:48.50,64.2 9 0
github.com/kulaginds/rdp-html5/internal/pkg/rdp/pdu/secure_settings_exchange.go:80.49,93.2 10 2
github.com/kulaginds/rdp-html5/internal/pkg/rdp/pdu/secure_settings_exchange.go:106.47,119.23 11 2
github.com/kulaginds/rdp-html5/internal/pkg/rdp/pdu/secure_settings_exchange.go:119.23,122.3 2 2
github.com/kulaginds/rdp-html5/internal/pkg/rdp/pdu/secure_settings_exchange.go:124.2,124.25 1 2
github.com/kulaginds/rdp-html5/internal/pkg/rdp/pdu/secure_settings_exchange.go:124.25,127.3 2 2
github.com/kulaginds/rdp-html5/internal/pkg/rdp/pdu/secure_settings_exchange.go:129.2,129.25 1 2
github.com/kulaginds/rdp-html5/internal/pkg/rdp/pdu/secure_settings_exchange.go:129.25,132.3 2 2
github.com/kulaginds/rdp-html5/internal/pkg/rdp/pdu/secure_settings_exchange.go:134.2,134.31 1 2
github.com/kulaginds/rdp-html5/internal/pkg/rdp/pdu/secure_settings_exchange.go:134.31,137.3 2 0
github.com/kulaginds/rdp-html5/internal/pkg/rdp/pdu/secure_settings_exchange.go:139.2,139.27 1 2
github.com/kulaginds/rdp-html5/internal/pkg/rdp/pdu/secure_settings_exchange.go:139.27,142.3 2 0
github.com/kulaginds/rdp-html5/internal/pkg/rdp/pdu/secure_settings_exchange.go:144.2,162.20 15 2
github.com/kulaginds/rdp-html5/internal/pkg/rdp/pdu/secure_settings_exchange.go:238.67,252.2 1 2
github.com/kulaginds/rdp-html5/internal/pkg/rdp/pdu/secure_settings_exchange.go:257.67,260.25 2 2
github.com/kulaginds/rdp-html5/internal/pkg/rdp/pdu/secure_settings_exchange.go:260.25,265.3 1 1
github.com/kulaginds/rdp-html5/internal/pkg/rdp/pdu/secure_settings_exchange.go:268.2,271.3 1 1
github.com/kulaginds/rdp-html5/internal/pkg/handler/connect.go:31.54,35.43 1 10
github.com/kulaginds/rdp-html5/internal/pkg/handler/connect.go:35.43,37.4 1 1
github.com/kulaginds/rdp-html5/internal/pkg/handler/connect.go:39.2,44.16 3 10
github.com/kulaginds/rdp-html5/internal/pkg/handler/connect.go:44.16,48.3 2 9
github.com/kulaginds/rdp-html5/internal/pkg/handler/connect.go:50.2,50.15 1 1
github.com/kulaginds/rdp-html5/internal/pkg/handler/connect.go:50.15,51.39 1 1
github.com/kulaginds/rdp-html5/internal/pkg/handler/connect.go:51.39,53.4 1 0
github.com/kulaginds/rdp-html5/internal/pkg/handler/connect.go:56.2,60.16 4 1
github.com/kulaginds/rdp-html5/internal/pkg/handler/connect.go:60.16,64.3 2 0
github.com/kulaginds/rdp-html5/internal/pkg/handler/connect.go:66.2,67.16 2 1
github.com/kulaginds/rdp-html5/internal/pkg/handler/connect.go:67.16,71.3 2 0
github.com/kulaginds/rdp-html5/internal/pkg/handler/connect.go:73.2,78.16 5 1
github.com/kulaginds/rdp-html5/internal/pkg/handler/connect.go:78.16,82.3 2 1
github.com/kulaginds/rdp-html5/internal/pkg/handler/connect.go:83.2,87.16 3 0
github.com/kulaginds/rdp-html5/internal/pkg/handler/connect.go:87.16,91.17 3 0
github.com/kulaginds/rdp-html5/internal/pkg/handler/connect.go:91.17,94.4 2 0
github.com/kulaginds/rdp-html5/internal/pkg/handler/connect.go:97.2,109.43 5 0
github.com/kulaginds/rdp-html5/internal/pkg/handler/connect.go:109.43,113.3 2 0
github.com/kulaginds/rdp-html5/internal/pkg/handler/connect.go:115.2,118.33 3 0
github.com/kulaginds/rdp-html5/internal/pkg/handler/connect.go:121.103,122.15 1 0
github.com/kulaginds/rdp-html5/internal/pkg/handler/connect.go:122.15,125.3 2 0
github.com/kulaginds/rdp-html5/internal/pkg/handler/connect.go:127.2,127.6 1 0
github.com/kulaginds/rdp-html5/internal/pkg/handler/connect.go:127.6,128.10 1 0
github.com/kulaginds/rdp-html5/internal/pkg/handler/connect.go:129.21,130.10 1 0
github.com/kulaginds/rdp-html5/internal/pkg/handler/connect.go:131.11,131.11 0 0
github.com/kulaginds/rdp-html5/internal/pkg/handler/connect.go:134.3,135.17 2 0
github.com/kulaginds/rdp-html5/internal/pkg/handler/connect.go:135.17,136.74 1 0
github.com/kulaginds/rdp-html5/internal/pkg/handler/connect.go:136.74,138.5 1 0
github.com/kulaginds/rdp-html5/internal/pkg/handler/connect.go:140.4,142.10 2 0
github.com/kulaginds/rdp-html5/internal/pkg/handler/connect.go:145.3,145.53 1 0
github.com/kulaginds/rdp-html5/internal/pkg/handler/connect.go:145.53,149.4 2 0
github.com/kulaginds/rdp-html5/internal/pkg/handler/connect.go:153.76,154.15 1 1
github.com/kulaginds/rdp-html5/internal/pkg/handler/connect.go:154.15,156.3 1 1
github.com/kulaginds/rdp-html5/internal/pkg/handler/connect.go:158.2,163.6 2 1
github.com/kulaginds/rdp-html5/internal/pkg/handler/connect.go:163.6,164.10 1 1
github.com/kulaginds/rdp-html5/internal/pkg/handler/connect.go:165.21,166.10 1 1
github.com/kulaginds/rdp-html5/internal/pkg/handler/connect.go:167.11,167.11 0 0
github.com/kulaginds/rdp-html5/internal/pkg/handler/connect.go:170.3,171.10 2 0
github.com/kulaginds/rdp-html5/internal/pkg/handler/connect.go:172.19,172.19 0 0
github.com/kulaginds/rdp-html5/internal/pkg/handler/connect.go:173.44,176.10 2 0
github.com/kulaginds/rdp-html5/internal/pkg/handler/connect.go:178.11,181.10 2 0
github.com/kulaginds/rdp-html5/internal/pkg/handler/connect.go:184.3,184.82 1 0
github.com/kulaginds/rdp-html5/internal/pkg/handler/connect.go:184.82,185.37 1 0
github.com/kulaginds/rdp-html5/internal/pkg/handler/connect.go:185.37,189.5 2 0
github.com/kulaginds/rdp-html5/internal/pkg/handler/connect.go:191.4,193.10 2 0
github.com/kulaginds/rdp-html5/internal/pkg/handler/connect.go:198.42,199.18 1 7
github.com/kulaginds/rdp-html5/internal/pkg/handler/connect.go:199.18,201.3 1 0
github.com/kulaginds/rdp-html5/internal/pkg/handler/connect.go:203.2,207.19 4 7
github.com/kulaginds/rdp-html5/internal/pkg/handler/connect.go:207.19,209.3 1 3
github.com/kulaginds/rdp-html5/internal/pkg/handler/connect.go:212.2,212.94 1 4
github.com/kulaginds/rdp-html5/internal/pkg/handler/connect.go:212.94,214.3 1 1
github.com/kulaginds/rdp-html5/internal/pkg/handler/connect.go:216.2,216.52 1 3
github.com/kulaginds/rdp-html5/internal/pkg/handler/connect.go:216.52,218.22 2 5
github.com/kulaginds/rdp-html5/internal/pkg/handler/connect.go:218.22,219.12 1 0
github.com/kulaginds/rdp-html5/internal/pkg/handler/connect.go:223.3,223.53 1 5
github.com/kulaginds/rdp-html5/internal/pkg/handler/connect.go:223.53,225.4 1 2
github.com/kulaginds/rdp-html5/internal/pkg/handler/connect.go:227.3,227.120 1 3
github.com/kulaginds/rdp-html5/internal/pkg/handler/connect.go:227.120,229.4 1 0
github.com/kulaginds/rdp-html5/internal/pkg/handler/connect.go:232.2,232.14 1 1
github.com/kulaginds/rdp-html5/internal/pkg/rdp/mcs/attach_user.go:13.56,16.2 1 1
github.com/kulaginds/rdp-html5/internal/pkg/rdp/mcs/attach_user.go:23.71,27.16 3 1
github.com/kulaginds/rdp-html5/internal/pkg/rdp/mcs/attach_user.go:27.16,29.3 1 0
github.com/kulaginds/rdp-html5/internal/pkg/rdp/mcs/attach_user.go:31.2,32.16 2 1
github.com/kulaginds/rdp-html5/internal/pkg/rdp/mcs/attach_user.go:32.16,34.3 1 0
github.com/kulaginds/rdp-html5/internal/pkg/rdp/mcs/attach_user.go:36.2,36.12 1 1
github.com/kulaginds/rdp-html5/internal/pkg/rdp/mcs/attach_user.go:39.49,47.57 3 0
github.com/kulaginds/rdp-html5/internal/pkg/rdp/mcs/attach_user.go:47.57,49.3 1 0
github.com/kulaginds/rdp-html5/internal/pkg/rdp/mcs/attach_user.go:51.2,54.16 3 0
github.com/kulaginds/rdp-html5/internal/pkg/rdp/mcs/attach_user.go:54.16,56.3 1 0
github.com/kulaginds/rdp-html5/internal/pkg/rdp/mcs/attach_user.go:58.2,59.46 2 0
github.com/kulaginds/rdp-html5/internal/pkg/rdp/mcs/attach_user.go:59.46,61.3 1 0
github.com/kulaginds/rdp-html5/internal/pkg/rdp/mcs/attach_user.go:63.2,63.57 1 0
github.com/kulaginds/rdp-html5/internal/pkg/rdp/mcs/attach_user.go:63.57,65.3 1 0
github.com/kulaginds/rdp-html5/internal/pkg/rdp/mcs/attach_user.go:67.2,67.52 1 0
github.com/kulaginds/rdp-html5/internal/pkg/rdp/mcs/connect.go:30.43,33.25 2 1
github.com/kulaginds/rdp-html5/internal/pkg/rdp/mcs/connect.go:34.22,35.46 1 1
github.com/kulaginds/rdp-html5/internal/pkg/rdp/mcs/connect.go:38.2,43.20 4 1
github.com/kulaginds/rdp-html5/internal/pkg/rdp/mcs/connect.go:46.58,53.16 3 1
github.com/kulaginds/rdp-html5/internal/pkg/rdp/mcs/connect.go:53.16,55.3 1 0
github.com/kulaginds/rdp-html5/internal/pkg/rdp/mcs/connect.go:56.2,59.16 3 1
github.com/kulaginds/rdp-html5/internal/pkg/rdp/mcs/connect.go:59.16,61.3 1 0
github.com/kulaginds/rdp-html5/internal/pkg/rdp/mcs/connect.go:63.2,63.25 1 1
github.com/kulaginds/rdp-html5/internal/pkg/rdp/mcs/connect.go:64.23,67.53 2 1
github.com/kulaginds/rdp-html5/internal/pkg/rdp/mcs/connect.go:70.2,70.88 1 0
github.com/kulaginds/rdp-html5/internal/pkg/rdp/mcs/connect.go:83.72,122.2 2 1
github.com/kulaginds/rdp-html5/internal/pkg/rdp/mcs/connect.go:124.53,136.2 9 1
github.com/kulaginds/rdp-html5/internal/pkg/rdp/mcs/connect.go:145.69,149.16 3 1
github.com/kulaginds/rdp-html5/internal/pkg/rdp/mcs/connect.go:149.16,151.3 1 0
github.com/kulaginds/rdp-html5/internal/pkg/rdp/mcs/connect.go:153.2,154.16 2 1
github.com/kulaginds/rdp-html5/internal/pkg/rdp/mcs/connect.go:154.16,156.3 1 0
github.com/kulaginds/rdp-html5/internal/pkg/rdp/mcs/connect.go:158.2,159.16 2 1
github.com/kulaginds/rdp-html5/internal/pkg/rdp/mcs/connect.go:159.16,161.3 1 0
github.com/kulaginds/rdp-html5/internal/pkg/rdp/mcs/connect.go:163.2,163.19 1 1
github.com/kulaginds/rdp-html5/internal/pkg/rdp/mcs/connect.go:163.19,165.3 1 0
github.com/kulaginds/rdp-html5/internal/pkg/rdp/mcs/connect.go:167.2,168.16 2 1
github.com/kulaginds/rdp-html5/internal/pkg/rdp/mcs/connect.go:168.16,170.3 1 0
github.com/kulaginds/rdp-html5/internal/pkg/rdp/mcs/connect.go:172.2,173.16 2 1
github.com/kulaginds/rdp-html5/internal/pkg/rdp/mcs/connect.go:173.16,175.3 1 0
github.com/kulaginds/rdp-html5/internal/pkg/rdp/mcs/connect.go:177.2,178.16 2 1
github.com/kulaginds/rdp-html5/internal/pkg/rdp/mcs/connect.go:178.16,180.3 1 0
github.com/kulaginds/rdp-html5/internal/pkg/rdp/mcs/connect.go:182.2,182.19 1 1
github.com/kulaginds/rdp-html5/internal/pkg/rdp/mcs/connect.go:182.19,184.3 1 0
github.com/kulaginds/rdp-html5/internal/pkg/rdp/mcs/connect.go:186.2,187.16 2 1
github.com/kulaginds/rdp-html5/internal/pkg/rdp/mcs/connect.go:187.16,189.3 1 0
github.com/kulaginds/rdp-html5/internal/pkg/rdp/mcs/connect.go:191.2,191.39 1 1
github.com/kulaginds/rdp-html5/internal/pkg/rdp/mcs/connect.go:194.64,202.57 3 0
github.com/kulaginds/rdp-html5/internal/pkg/rdp/mcs/connect.go:202.57,204.3 1 0
github.com/kulaginds/rdp-html5/internal/pkg/rdp/mcs/connect.go:206.2,209.16 3 0
github.com/kulaginds/rdp-html5/internal/pkg/rdp/mcs/connect.go:209.16,211.3 1 0
github.com/kulaginds/rdp-html5/internal/pkg/rdp/mcs/connect.go:213.2,214.46 2 0
github.com/kulaginds/rdp-html5/internal/pkg/rdp/mcs/connect.go:214.46,216.3 1 0
github.com/kulaginds/rdp-html5/internal/pkg/rdp/mcs/connect.go:218.2,218.55 1 0
github.com/kulaginds/rdp-html5/internal/pkg/rdp/mcs/connect.go:218.55,220.3 1 0
github.com/kulaginds/rdp-html5/internal/pkg/rdp/mcs/connect.go:222.2,222.18 1 0
github.com/kulaginds/rdp-html5/internal/pkg/rdp/mcs/disconnect.go:9.65,15.2 1 1
github.com/kulaginds/rdp-html5/internal/pkg/rdp/mcs/disconnect.go:17.39,20.57 2 0
github.com/kulaginds/rdp-html5/internal/pkg/rdp/mcs/disconnect.go:20.57,22.3 1 0
github.com/kulaginds/rdp-html5/internal/pkg/rdp/mcs/disconnect.go:24.2,24.12 1 0
github.com/kulaginds/rdp-html5/internal/pkg/rdp/mcs/domain.go:72.42,79.25 4 5
github.com/kulaginds/rdp-html5/internal/pkg/rdp/mcs/domain.go:80.25,81.49 1 1
github.com/kulaginds/rdp-html5/internal/pkg/rdp/mcs/domain.go:82.26,83.50 1 1
github.com/kulaginds/rdp-html5/internal/pkg/rdp/mcs/domain.go:84.26,85.50 1 3
github.com/kulaginds/rdp-html5/internal/pkg/rdp/mcs/domain.go:86.23,87.47 1 0
github.com/kulaginds/rdp-html5/internal/pkg/rdp/mcs/domain.go:90.2,92.20 2 5
github.com/kulaginds/rdp-html5/internal/pkg/rdp/mcs/domain.go:95.57,102.16 3 4
github.com/kulaginds/rdp-html5/internal/pkg/rdp/mcs/domain.go:102.16,104.3 1 0
github.com/kulaginds/rdp-html5/internal/pkg/rdp/mcs/domain.go:105.2,107.25 2 4
github.com/kulaginds/rdp-html5/internal/pkg/rdp/mcs/domain.go:108.25,111.55 2 1
github.com/kulaginds/rdp-html5/internal/pkg/rdp/mcs/domain.go:112.26,115.56 2 3
github.com/kulaginds/rdp-html5/internal/pkg/rdp/mcs/domain.go:116.26,119.56 2 0
github.com/kulaginds/rdp-html5/internal/pkg/rdp/mcs/domain.go:120.23,123.53 2 0
github.com/kulaginds/rdp-html5/internal/pkg/rdp/mcs/domain.go:124.35,125.32 1 0
github.com/kulaginds/rdp-html5/internal/pkg/rdp/mcs/domain.go:128.2,128.87 1 0
github.com/kulaginds/rdp-html5/internal/pkg/rdp/mcs/erect_domain.go:13.57,20.2 4 1
github.com/kulaginds/rdp-html5/internal/pkg/rdp/mcs/erect_domain.go:22.40,30.57 3 0
github.com/kulaginds/rdp-html5/internal/pkg/rdp/mcs/erect_domain.go:30.57,32.3 1 0
github.com/kulaginds/rdp-html5/internal/pkg/rdp/mcs/erect_domain.go:34.2,34.12 1 0
github.com/kulaginds/rdp-html5/internal/pkg/rdp/mcs/join_channels.go:18.57,25.2 4 3
github.com/kulaginds/rdp-html5/internal/pkg/rdp/mcs/join_channels.go:34.72,38.16 3 3
github.com/kulaginds/rdp-html5/internal/pkg/rdp/mcs/join_channels.go:38.16,40.3 1 0
github.com/kulaginds/rdp-html5/internal/pkg/rdp/mcs/join_channels.go:42.2,43.16 2 3
github.com/kulaginds/rdp-html5/internal/pkg/rdp/mcs/join_channels.go:43.16,45.3 1 0
github.com/kulaginds/rdp-html5/internal/pkg/rdp/mcs/join_channels.go:47.2,48.16 2 3
github.com/kulaginds/rdp-html5/internal/pkg/rdp/mcs/join_channels.go:48.16,50.3 1 0
github.com/kulaginds/rdp-html5/internal/pkg/rdp/mcs/join_channels.go:53.2,54.9 2 3
github.com/kulaginds/rdp-html5/internal/pkg/rdp/mcs/join_channels.go:56.26,56.26 0 3
github.com/kulaginds/rdp-html5/internal/pkg/rdp/mcs/join_channels.go:57.10,58.13 1 0
github.com/kulaginds/rdp-html5/internal/pkg/rdp/mcs/join_channels.go:61.2,61.12 1 3
github.com/kulaginds/rdp-html5/internal/pkg/rdp/mcs/join_channels.go:64.86,65.28 1 0
github.com/kulaginds/rdp-html5/internal/pkg/rdp/mcs/join_channels.go:65.28,67.3 1 0
github.com/kulaginds/rdp-html5/internal/pkg/rdp/mcs/join_channels.go:69.2,69.51 1 0
github.com/kulaginds/rdp-html5/internal/pkg/rdp/mcs/join_channels.go:69.51,80.58 3 0
github.com/kulaginds/rdp-html5/internal/pkg/rdp/mcs/join_channels.go:80.58,82.4 1 0
github.com/kulaginds/rdp-html5/internal/pkg/rdp/mcs/join_channels.go:84.3,87.17 3 0
github.com/kulaginds/rdp-html5/internal/pkg/rdp/mcs/join_channels.go:87.17,89.4 1 0
github.com/kulaginds/rdp-html5/internal/pkg/rdp/mcs/join_channels.go:91.3,92.47 2 0
github.com/kulaginds/rdp-html5/internal/pkg/rdp/mcs/join_channels.go:92.47,94.4 1 0
github.com/kulaginds/rdp-html5/internal/pkg/rdp/mcs/join_channels.go:96.3,96.59 1 0
github.com/kulaginds/rdp-html5/internal/pkg/rdp/mcs/join_channels.go:96.59,102.4 1 0
github.com/kulaginds/rdp-html5/internal/pkg/rdp/mcs/join_channels.go:105.2,105.12 1 0
github.com/kulaginds/rdp-html5/internal/pkg/rdp/mcs/protocol.go:9.45,13.2 1 0
github.com/kulaginds/rdp-html5/internal/pkg/rdp/mcs/receive.go:14.70,18.16 3 0
github.com/kulaginds/rdp-html5/internal/pkg/rdp/mcs/receive.go:18.16,20.3 1 0
github.com/kulaginds/rdp-html5/internal/pkg/rdp/mcs/receive.go:22.2,23.16 2 0
github.com/kulaginds/rdp-html5/internal/pkg/rdp/mcs/receive.go:23.16,25.3 1 0
github.com/kulaginds/rdp-html5/internal/pkg/rdp/mcs/receive.go:27.2,28.16 2 0
github.com/kulaginds/rdp-html5/internal/pkg/rdp/mcs/receive.go:28.16,30.3 1 0
github.com/kulaginds/rdp-html5/internal/pkg/rdp/mcs/receive.go:32.2,33.16 2 0
github.com/kulaginds/rdp-html5/internal/pkg/rdp/mcs/receive.go:33.16,35.3 1 0
github.com/kulaginds/rdp-html5/internal/pkg/rdp/mcs/receive.go:37.2,37.12 1 0
github.com/kulaginds/rdp-html5/internal/pkg/rdp/mcs/receive.go:41.57,43.16 2 0
github.com/kulaginds/rdp-html5/internal/pkg/rdp/mcs/receive.go:43.16,45.3 1 0
github.com/kulaginds/rdp-html5/internal/pkg/rdp/mcs/receive.go:47.2,48.46 2 0
github.com/kulaginds/rdp-html5/internal/pkg/rdp/mcs/receive.go:48.46,50.3 1 0
github.com/kulaginds/rdp-html5/internal/pkg/rdp/mcs/receive.go:52.2,52.44 1 0
github.com/kulaginds/rdp-html5/internal/pkg/rdp/mcs/receive.go:52.44,54.54 1 0
github.com/kulaginds/rdp-html5/internal/pkg/rdp/mcs/receive.go:54.54,56.4 1 0
github.com/kulaginds/rdp-html5/internal/pkg/rdp/mcs/receive.go:57.3,57.45 1 0
github.com/kulaginds/rdp-html5/internal/pkg/rdp/mcs/receive.go:60.2,60.59 1 0
github.com/kulaginds/rdp-html5/internal/pkg/rdp/mcs/send.go:18.52,29.2 7 0
github.com/kulaginds/rdp-html5/internal/pkg/rdp/mcs/send.go:31.67,35.16 3 0
github.com/kulaginds/rdp-html5/internal/pkg/rdp/mcs/send.go:35.16,37.3 1 0
github.com/kulaginds/rdp-html5/internal/pkg/rdp/mcs/send.go:39.2,40.16 2 0
github.com/kulaginds/rdp-html5/internal/pkg/rdp/mcs/send.go:40.16,42.3 1 0
github.com/kulaginds/rdp-html5/internal/pkg/rdp/mcs/send.go:44.2,46.16 3 0
github.com/kulaginds/rdp-html5/internal/pkg/rdp/mcs/send.go:46.16,48.3 1 0
github.com/kulaginds/rdp-html5/internal/pkg/rdp/mcs/send.go:50.2,51.16 2 0
github.com/kulaginds/rdp-html5/internal/pkg/rdp/mcs/send.go:51.16,53.3 1 0
github.com/kulaginds/rdp-html5/internal/pkg/rdp/mcs/send.go:55.2,55.12 1 0
github.com/kulaginds/rdp-html5/internal/pkg/rdp/mcs/send.go:58.73,68.57 2 0
github.com/kulaginds/rdp-html5/internal/pkg/rdp/mcs/send.go:68.57,70.3 1 0
github.com/kulaginds/rdp-html5/internal/pkg/rdp/mcs/send.go:72.2,72.12 1 0
github.com/kulaginds/rdp-html5/internal/pkg/rdp/mcs/types.go:48.52,61.2 10 3
github.com/kulaginds/rdp-html5/internal/pkg/rdp/mcs/types.go:63.67,67.16 3 1
github.com/kulaginds/rdp-html5/internal/pkg/rdp/mcs/types.go:67.16,69.3 1 0
github.com/kulaginds/rdp-html5/internal/pkg/rdp/mcs/types.go:71.2,72.16 2 1
github.com/kulaginds/rdp-html5/internal/pkg/rdp/mcs/types.go:72.16,74.3 1 0
github.com/kulaginds/rdp-html5/internal/pkg/rdp/mcs/types.go:76.2,77.16 2 1
github.com/kulaginds/rdp-html5/internal/pkg/rdp/mcs/types.go:77.16,79.3 1 0
github.com/kulaginds/rdp-html5/internal/pkg/rdp/mcs/types.go:81.2,82.16 2 1
github.com/kulaginds/rdp-html5/internal/pkg/rdp/mcs/types.go:82.16,84.3 1 0
github.com/kulaginds/rdp-html5/internal/pkg/rdp/mcs/types.go:86.2,87.16 2 1
github.com/kulaginds/rdp-html5/internal/pkg/rdp/mcs/types.go:87.16,89.3 1 0
github.com/kulaginds/rdp-html5/internal/pkg/rdp/mcs/types.go:91.2,92.16 2 1
github.com/kulaginds/rdp-html5/internal/pkg/rdp/mcs/types.go:92.16,94.3 1 0
github.com/kulaginds/rdp-html5/internal/pkg/rdp/mcs/types.go:96.2,97.16 2 1
github.com/kulaginds/rdp-html5/internal/pkg/rdp/mcs/types.go:97.16,99.3 1 0
github.com/kulaginds/rdp-html5/internal/pkg/rdp/mcs/types.go:101.2,102.16 2 1
github.com/kulaginds/rdp-html5/internal/pkg/rdp/mcs/types.go:102.16,104.3 1 0
github.com/kulaginds/rdp-html5/internal/pkg/rdp/mcs/types.go:106.2,106.12 1 1
