mode: set
github.com/rcarmo/rdp-html5/internal/protocol/rdpeudp/rdpeudp.go:67.32,69.2 1 1
github.com/rcarmo/rdp-html5/internal/protocol/rdpeudp/rdpeudp.go:72.52,73.26 1 1
github.com/rcarmo/rdp-html5/internal/protocol/rdpeudp/rdpeudp.go:73.26,75.3 1 1
github.com/rcarmo/rdp-html5/internal/protocol/rdpeudp/rdpeudp.go:77.2,80.12 4 1
github.com/rcarmo/rdp-html5/internal/protocol/rdpeudp/rdpeudp.go:84.40,90.2 5 1
github.com/rcarmo/rdp-html5/internal/protocol/rdpeudp/rdpeudp.go:93.47,95.2 1 1
github.com/rcarmo/rdp-html5/internal/protocol/rdpeudp/rdpeudp.go:98.34,100.2 1 1
github.com/rcarmo/rdp-html5/internal/protocol/rdpeudp/rdpeudp.go:103.34,105.2 1 1
github.com/rcarmo/rdp-html5/internal/protocol/rdpeudp/rdpeudp.go:108.34,110.2 1 1
github.com/rcarmo/rdp-html5/internal/protocol/rdpeudp/rdpeudp.go:113.35,115.2 1 1
github.com/rcarmo/rdp-html5/internal/protocol/rdpeudp/rdpeudp.go:126.30,128.2 1 1
github.com/rcarmo/rdp-html5/internal/protocol/rdpeudp/rdpeudp.go:131.50,132.29 1 1
github.com/rcarmo/rdp-html5/internal/protocol/rdpeudp/rdpeudp.go:132.29,134.3 1 1
github.com/rcarmo/rdp-html5/internal/protocol/rdpeudp/rdpeudp.go:136.2,139.12 4 1
github.com/rcarmo/rdp-html5/internal/protocol/rdpeudp/rdpeudp.go:143.38,149.2 5 1
github.com/rcarmo/rdp-html5/internal/protocol/rdpeudp/rdpeudp.go:159.32,164.2 3 1
github.com/rcarmo/rdp-html5/internal/protocol/rdpeudp/rdpeudp.go:167.46,169.2 1 0
github.com/rcarmo/rdp-html5/internal/protocol/rdpeudp/rdpeudp.go:172.52,173.19 1 1
github.com/rcarmo/rdp-html5/internal/protocol/rdpeudp/rdpeudp.go:173.19,175.3 1 1
github.com/rcarmo/rdp-html5/internal/protocol/rdpeudp/rdpeudp.go:177.2,179.40 2 1
github.com/rcarmo/rdp-html5/internal/protocol/rdpeudp/rdpeudp.go:179.40,181.3 1 1
github.com/rcarmo/rdp-html5/internal/protocol/rdpeudp/rdpeudp.go:183.2,183.28 1 1
github.com/rcarmo/rdp-html5/internal/protocol/rdpeudp/rdpeudp.go:183.28,185.3 1 0
github.com/rcarmo/rdp-html5/internal/protocol/rdpeudp/rdpeudp.go:187.2,189.12 3 1
github.com/rcarmo/rdp-html5/internal/protocol/rdpeudp/rdpeudp.go:193.40,199.2 4 1
github.com/rcarmo/rdp-html5/internal/protocol/rdpeudp/rdpeudp.go:210.42,212.2 1 1
github.com/rcarmo/rdp-html5/internal/protocol/rdpeudp/rdpeudp.go:215.62,216.41 1 1
github.com/rcarmo/rdp-html5/internal/protocol/rdpeudp/rdpeudp.go:216.41,218.3 1 1
github.com/rcarmo/rdp-html5/internal/protocol/rdpeudp/rdpeudp.go:221.2,223.12 3 1
github.com/rcarmo/rdp-html5/internal/protocol/rdpeudp/rdpeudp.go:227.50,233.2 4 1
github.com/rcarmo/rdp-html5/internal/protocol/rdpeudp/rdpeudp.go:245.49,246.51 1 1
github.com/rcarmo/rdp-html5/internal/protocol/rdpeudp/rdpeudp.go:246.51,248.3 1 1
github.com/rcarmo/rdp-html5/internal/protocol/rdpeudp/rdpeudp.go:250.2,253.31 2 1
github.com/rcarmo/rdp-html5/internal/protocol/rdpeudp/rdpeudp.go:253.31,255.62 2 1
github.com/rcarmo/rdp-html5/internal/protocol/rdpeudp/rdpeudp.go:255.62,257.4 1 0
github.com/rcarmo/rdp-html5/internal/protocol/rdpeudp/rdpeudp.go:258.3,258.29 1 1
github.com/rcarmo/rdp-html5/internal/protocol/rdpeudp/rdpeudp.go:264.2,264.61 1 1
github.com/rcarmo/rdp-html5/internal/protocol/rdpeudp/rdpeudp.go:264.61,266.25 1 1
github.com/rcarmo/rdp-html5/internal/protocol/rdpeudp/rdpeudp.go:266.25,268.65 2 1
github.com/rcarmo/rdp-html5/internal/protocol/rdpeudp/rdpeudp.go:268.65,270.5 1 0
github.com/rcarmo/rdp-html5/internal/protocol/rdpeudp/rdpeudp.go:271.4,271.32 1 1
github.com/rcarmo/rdp-html5/internal/protocol/rdpeudp/rdpeudp.go:276.2,276.31 1 1
github.com/rcarmo/rdp-html5/internal/protocol/rdpeudp/rdpeudp.go:276.31,278.65 2 1
github.com/rcarmo/rdp-html5/internal/protocol/rdpeudp/rdpeudp.go:278.65,280.4 1 0
github.com/rcarmo/rdp-html5/internal/protocol/rdpeudp/rdpeudp.go:281.3,284.25 2 1
github.com/rcarmo/rdp-html5/internal/protocol/rdpeudp/rdpeudp.go:284.25,287.4 2 1
github.com/rcarmo/rdp-html5/internal/protocol/rdpeudp/rdpeudp.go:290.2,290.12 1 1
github.com/rcarmo/rdp-html5/internal/protocol/rdpeudp/rdpeudp.go:294.37,301.51 3 1
github.com/rcarmo/rdp-html5/internal/protocol/rdpeudp/rdpeudp.go:301.51,303.3 1 1
github.com/rcarmo/rdp-html5/internal/protocol/rdpeudp/rdpeudp.go:306.2,306.53 1 1
github.com/rcarmo/rdp-html5/internal/protocol/rdpeudp/rdpeudp.go:306.53,308.3 1 1
github.com/rcarmo/rdp-html5/internal/protocol/rdpeudp/rdpeudp.go:311.2,311.54 1 1
github.com/rcarmo/rdp-html5/internal/protocol/rdpeudp/rdpeudp.go:311.54,313.25 2 1
github.com/rcarmo/rdp-html5/internal/protocol/rdpeudp/rdpeudp.go:313.25,315.4 1 1
github.com/rcarmo/rdp-html5/internal/protocol/rdpeudp/rdpeudp.go:318.2,318.20 1 1
github.com/rcarmo/rdp-html5/internal/protocol/rdpeudp/rdpeudp.go:322.81,335.2 1 1
github.com/rcarmo/rdp-html5/internal/protocol/rdpeudp/rdpeudp.go:338.99,351.2 1 1
github.com/rcarmo/rdp-html5/internal/protocol/rdpeudp/rdpeudp.go:354.64,362.2 1 1
github.com/rcarmo/rdp-html5/internal/protocol/rdpeudp/rdpeudp.go:367.106,380.2 1 1
github.com/rcarmo/rdp-html5/internal/protocol/rdpeudp/rdpeudp.go:383.135,397.2 1 1
github.com/rcarmo/rdp-html5/internal/protocol/rdpeudp/rdpeudp.go:401.42,409.2 1 1
github.com/rcarmo/rdp-html5/internal/protocol/rdpeudp/rdpeudp.go:412.39,414.24 2 1
github.com/rcarmo/rdp-html5/internal/protocol/rdpeudp/rdpeudp.go:414.24,416.3 1 1
github.com/rcarmo/rdp-html5/internal/protocol/rdpeudp/rdpeudp.go:417.2,417.24 1 1
github.com/rcarmo/rdp-html5/internal/protocol/rdpeudp/rdpeudp.go:417.24,419.3 1 1
github.com/rcarmo/rdp-html5/internal/protocol/rdpeudp/rdpeudp.go:420.2,420.24 1 1
github.com/rcarmo/rdp-html5/internal/protocol/rdpeudp/rdpeudp.go:420.24,422.3 1 1
github.com/rcarmo/rdp-html5/internal/protocol/rdpeudp/rdpeudp.go:423.2,423.24 1 1
github.com/rcarmo/rdp-html5/internal/protocol/rdpeudp/rdpeudp.go:423.24,425.3 1 1
github.com/rcarmo/rdp-html5/internal/protocol/rdpeudp/rdpeudp.go:426.2,426.24 1 1
github.com/rcarmo/rdp-html5/internal/protocol/rdpeudp/rdpeudp.go:426.24,428.3 1 1
github.com/rcarmo/rdp-html5/internal/protocol/rdpeudp/rdpeudp.go:429.2,429.23 1 1
github.com/rcarmo/rdp-html5/internal/protocol/rdpeudp/rdpeudp.go:429.23,431.3 1 0
github.com/rcarmo/rdp-html5/internal/protocol/rdpeudp/rdpeudp.go:432.2,432.24 1 1
github.com/rcarmo/rdp-html5/internal/protocol/rdpeudp/rdpeudp.go:432.24,434.3 1 0
github.com/rcarmo/rdp-html5/internal/protocol/rdpeudp/rdpeudp.go:435.2,435.24 1 1
github.com/rcarmo/rdp-html5/internal/protocol/rdpeudp/rdpeudp.go:435.24,437.3 1 0
github.com/rcarmo/rdp-html5/internal/protocol/rdpeudp/rdpeudp.go:438.2,438.29 1 1
github.com/rcarmo/rdp-html5/internal/protocol/rdpeudp/rdpeudp.go:438.29,440.3 1 0
github.com/rcarmo/rdp-html5/internal/protocol/rdpeudp/rdpeudp.go:441.2,441.31 1 1
github.com/rcarmo/rdp-html5/internal/protocol/rdpeudp/rdpeudp.go:441.31,443.3 1 0
github.com/rcarmo/rdp-html5/internal/protocol/rdpeudp/rdpeudp.go:444.2,444.34 1 1
github.com/rcarmo/rdp-html5/internal/protocol/rdpeudp/rdpeudp.go:444.34,446.3 1 0
github.com/rcarmo/rdp-html5/internal/protocol/rdpeudp/rdpeudp.go:447.2,447.26 1 1
github.com/rcarmo/rdp-html5/internal/protocol/rdpeudp/rdpeudp.go:447.26,449.3 1 0
github.com/rcarmo/rdp-html5/internal/protocol/rdpeudp/rdpeudp.go:450.2,450.21 1 1
github.com/rcarmo/rdp-html5/internal/protocol/rdpeudp/rdpeudp.go:450.21,452.3 1 1
github.com/rcarmo/rdp-html5/internal/protocol/rdpeudp/rdpeudp.go:453.2,453.33 1 1
