mode: set
github.com/rcarmo/rdp-html5/internal/protocol/rdpemt/rdpemt.go:60.64,61.32 1 1
github.com/rcarmo/rdp-html5/internal/protocol/rdpemt/rdpemt.go:61.32,63.3 1 1
github.com/rcarmo/rdp-html5/internal/protocol/rdpemt/rdpemt.go:65.2,71.12 6 1
github.com/rcarmo/rdp-html5/internal/protocol/rdpemt/rdpemt.go:75.61,82.2 6 1
github.com/rcarmo/rdp-html5/internal/protocol/rdpemt/rdpemt.go:85.51,87.2 1 1
github.com/rcarmo/rdp-html5/internal/protocol/rdpemt/rdpemt.go:90.48,92.2 1 1
github.com/rcarmo/rdp-html5/internal/protocol/rdpemt/rdpemt.go:102.65,103.33 1 1
github.com/rcarmo/rdp-html5/internal/protocol/rdpemt/rdpemt.go:103.33,105.3 1 1
github.com/rcarmo/rdp-html5/internal/protocol/rdpemt/rdpemt.go:107.2,110.12 4 1
github.com/rcarmo/rdp-html5/internal/protocol/rdpemt/rdpemt.go:114.62,119.2 4 1
github.com/rcarmo/rdp-html5/internal/protocol/rdpemt/rdpemt.go:122.51,124.2 1 1
github.com/rcarmo/rdp-html5/internal/protocol/rdpemt/rdpemt.go:127.67,132.2 1 1
github.com/rcarmo/rdp-html5/internal/protocol/rdpemt/rdpemt.go:135.67,140.2 1 1
github.com/rcarmo/rdp-html5/internal/protocol/rdpemt/rdpemt.go:151.55,152.34 1 1
github.com/rcarmo/rdp-html5/internal/protocol/rdpemt/rdpemt.go:152.34,154.3 1 1
github.com/rcarmo/rdp-html5/internal/protocol/rdpemt/rdpemt.go:156.2,159.12 4 1
github.com/rcarmo/rdp-html5/internal/protocol/rdpemt/rdpemt.go:163.52,169.2 5 1
github.com/rcarmo/rdp-html5/internal/protocol/rdpemt/rdpemt.go:180.42,182.2 1 1
github.com/rcarmo/rdp-html5/internal/protocol/rdpemt/rdpemt.go:185.62,186.26 1 1
github.com/rcarmo/rdp-html5/internal/protocol/rdpemt/rdpemt.go:186.26,188.3 1 1
github.com/rcarmo/rdp-html5/internal/protocol/rdpemt/rdpemt.go:190.2,194.12 5 1
github.com/rcarmo/rdp-html5/internal/protocol/rdpemt/rdpemt.go:198.59,204.2 5 1
github.com/rcarmo/rdp-html5/internal/protocol/rdpemt/rdpemt.go:213.43,215.2 1 1
github.com/rcarmo/rdp-html5/internal/protocol/rdpemt/rdpemt.go:218.63,219.26 1 1
github.com/rcarmo/rdp-html5/internal/protocol/rdpemt/rdpemt.go:219.26,221.3 1 1
github.com/rcarmo/rdp-html5/internal/protocol/rdpemt/rdpemt.go:223.2,224.12 2 1
github.com/rcarmo/rdp-html5/internal/protocol/rdpemt/rdpemt.go:228.60,232.2 3 1
github.com/rcarmo/rdp-html5/internal/protocol/rdpemt/rdpemt.go:242.56,243.51 1 1
github.com/rcarmo/rdp-html5/internal/protocol/rdpemt/rdpemt.go:243.51,245.3 1 0
github.com/rcarmo/rdp-html5/internal/protocol/rdpemt/rdpemt.go:247.2,247.35 1 1
github.com/rcarmo/rdp-html5/internal/protocol/rdpemt/rdpemt.go:247.35,249.3 1 1
github.com/rcarmo/rdp-html5/internal/protocol/rdpemt/rdpemt.go:251.2,254.28 3 1
github.com/rcarmo/rdp-html5/internal/protocol/rdpemt/rdpemt.go:254.28,256.3 1 1
github.com/rcarmo/rdp-html5/internal/protocol/rdpemt/rdpemt.go:258.2,260.12 3 1
github.com/rcarmo/rdp-html5/internal/protocol/rdpemt/rdpemt.go:264.53,273.2 7 1
github.com/rcarmo/rdp-html5/internal/protocol/rdpemt/rdpemt.go:276.76,278.49 2 1
github.com/rcarmo/rdp-html5/internal/protocol/rdpemt/rdpemt.go:278.49,280.3 1 1
github.com/rcarmo/rdp-html5/internal/protocol/rdpemt/rdpemt.go:282.2,285.28 3 1
github.com/rcarmo/rdp-html5/internal/protocol/rdpemt/rdpemt.go:285.28,287.3 1 1
github.com/rcarmo/rdp-html5/internal/protocol/rdpemt/rdpemt.go:289.2,289.58 1 1
github.com/rcarmo/rdp-html5/internal/protocol/rdpemt/rdpemt.go:293.38,294.12 1 1
github.com/rcarmo/rdp-html5/internal/protocol/rdpemt/rdpemt.go:295.22,296.16 1 1
github.com/rcarmo/rdp-html5/internal/protocol/rdpemt/rdpemt.go:297.20,298.25 1 1
github.com/rcarmo/rdp-html5/internal/protocol/rdpemt/rdpemt.go:299.23,300.22 1 1
github.com/rcarmo/rdp-html5/internal/protocol/rdpemt/rdpemt.go:301.20,302.19 1 1
github.com/rcarmo/rdp-html5/internal/protocol/rdpemt/rdpemt.go:303.10,304.35 1 1
github.com/rcarmo/rdp-html5/internal/protocol/rdpemt/rdpemt.go:309.42,311.39 2 1
github.com/rcarmo/rdp-html5/internal/protocol/rdpemt/rdpemt.go:311.39,313.3 1 1
github.com/rcarmo/rdp-html5/internal/protocol/rdpemt/rdpemt.go:314.2,314.36 1 1
github.com/rcarmo/rdp-html5/internal/protocol/rdpemt/rdpemt.go:314.36,316.3 1 1
github.com/rcarmo/rdp-html5/internal/protocol/rdpemt/rdpemt.go:317.2,317.21 1 1
github.com/rcarmo/rdp-html5/internal/protocol/rdpemt/rdpemt.go:317.21,319.3 1 1
github.com/rcarmo/rdp-html5/internal/protocol/rdpemt/rdpemt.go:320.2,320.33 1 1
